[0.238s] Invoking command in '/home/tech/ros2/my_first_ws/src/my_package': PYTHONPATH=/home/tech/ros2/my_first_ws/build/my_package/prefix_override:/usr/lib/python3/dist-packages/colcon_core/task/python/colcon_distutils_commands:/home/tech/ros2/my_first_ws/install/my_package/lib/python3.10/site-packages:${PYTHONPATH} /usr/bin/python3 -W ignore:setup.py install is deprecated -W ignore:easy_install command is deprecated setup.py egg_info --egg-base ../../build/my_package build --build-base /home/tech/ros2/my_first_ws/build/my_package/build install --record /home/tech/ros2/my_first_ws/build/my_package/install.log --single-version-externally-managed install_data
[0.327s] running egg_info
[0.327s] writing ../../build/my_package/my_package.egg-info/PKG-INFO
[0.327s] writing dependency_links to ../../build/my_package/my_package.egg-info/dependency_links.txt
[0.327s] writing entry points to ../../build/my_package/my_package.egg-info/entry_points.txt
[0.327s] writing requirements to ../../build/my_package/my_package.egg-info/requires.txt
[0.327s] writing top-level names to ../../build/my_package/my_package.egg-info/top_level.txt
[0.328s] reading manifest file '../../build/my_package/my_package.egg-info/SOURCES.txt'
[0.328s] adding license file 'LICENSE'
[0.328s] writing manifest file '../../build/my_package/my_package.egg-info/SOURCES.txt'
[0.328s] running build
[0.328s] running build_py
[0.328s] copying my_package/my_action.py -> /home/tech/ros2/my_first_ws/build/my_package/build/lib/my_package
[0.328s] running install
[0.328s] running install_lib
[0.328s] copying /home/tech/ros2/my_first_ws/build/my_package/build/lib/my_package/my_action.py -> /home/tech/ros2/my_first_ws/install/my_package/lib/python3.10/site-packages/my_package
[0.329s] byte-compiling /home/tech/ros2/my_first_ws/install/my_package/lib/python3.10/site-packages/my_package/my_action.py to my_action.cpython-310.pyc
[0.329s] running install_data
[0.329s] running install_egg_info
[0.330s] removing '/home/tech/ros2/my_first_ws/install/my_package/lib/python3.10/site-packages/my_package-0.0.0-py3.10.egg-info' (and everything under it)
[0.330s] Copying ../../build/my_package/my_package.egg-info to /home/tech/ros2/my_first_ws/install/my_package/lib/python3.10/site-packages/my_package-0.0.0-py3.10.egg-info
[0.330s] running install_scripts
[0.339s] Installing cmd_pose script to /home/tech/ros2/my_first_ws/install/my_package/lib/my_package
[0.339s] Installing my_action script to /home/tech/ros2/my_first_ws/install/my_package/lib/my_package
[0.339s] Installing my_node script to /home/tech/ros2/my_first_ws/install/my_package/lib/my_package
[0.339s] Installing my_service script to /home/tech/ros2/my_first_ws/install/my_package/lib/my_package
[0.340s] Installing pub_node script to /home/tech/ros2/my_first_ws/install/my_package/lib/my_package
[0.340s] Installing sub_node script to /home/tech/ros2/my_first_ws/install/my_package/lib/my_package
[0.340s] Installing video_person_detection script to /home/tech/ros2/my_first_ws/install/my_package/lib/my_package
[0.340s] writing list of installed files to '/home/tech/ros2/my_first_ws/build/my_package/install.log'
[0.350s] Invoked command in '/home/tech/ros2/my_first_ws/src/my_package' returned '0': PYTHONPATH=/home/tech/ros2/my_first_ws/build/my_package/prefix_override:/usr/lib/python3/dist-packages/colcon_core/task/python/colcon_distutils_commands:/home/tech/ros2/my_first_ws/install/my_package/lib/python3.10/site-packages:${PYTHONPATH} /usr/bin/python3 -W ignore:setup.py install is deprecated -W ignore:easy_install command is deprecated setup.py egg_info --egg-base ../../build/my_package build --build-base /home/tech/ros2/my_first_ws/build/my_package/build install --record /home/tech/ros2/my_first_ws/build/my_package/install.log --single-version-externally-managed install_data
