[0.049s] DEBUG:colcon:Command line arguments: ['/usr/bin/colcon', 'build', '--packages-select', 'my_package']
[0.049s] DEBUG:colcon:Parsed command line arguments: Namespace(log_base=None, log_level=None, verb_name='build', build_base='build', install_base='install', merge_install=False, symlink_install=False, test_result_base=None, continue_on_error=False, executor='parallel', parallel_workers=24, event_handlers=None, ignore_user_meta=False, metas=['./colcon.meta'], base_paths=['.'], packages_ignore=None, packages_ignore_regex=None, paths=None, packages_up_to=None, packages_up_to_regex=None, packages_above=None, packages_above_and_dependencies=None, packages_above_depth=None, packages_select_by_dep=None, packages_skip_by_dep=None, packages_skip_up_to=None, packages_select_build_failed=False, packages_skip_build_finished=False, packages_select_test_failures=False, packages_skip_test_passed=False, packages_select=['my_package'], packages_skip=None, packages_select_regex=None, packages_skip_regex=None, packages_start=None, packages_end=None, cmake_args=None, cmake_target=None, cmake_target_skip_unavailable=False, cmake_clean_cache=False, cmake_clean_first=False, cmake_force_configure=False, ament_cmake_args=None, catkin_cmake_args=None, catkin_skip_building_tests=False, mixin_files=None, mixin=None, verb_parser=<colcon_mixin.mixin.mixin_argument.MixinArgumentDecorator object at 0x7bbc5c7efac0>, verb_extension=<colcon_core.verb.build.BuildVerb object at 0x7bbc5c9b4a30>, main=<bound method BuildVerb.main of <colcon_core.verb.build.BuildVerb object at 0x7bbc5c9b4a30>>, mixin_verb=('build',))
[0.101s] Level 1:colcon.colcon_core.package_discovery:discover_packages(colcon_meta) check parameters
[0.101s] Level 1:colcon.colcon_core.package_discovery:discover_packages(recursive) check parameters
[0.101s] Level 1:colcon.colcon_core.package_discovery:discover_packages(ignore) check parameters
[0.101s] Level 1:colcon.colcon_core.package_discovery:discover_packages(path) check parameters
[0.101s] Level 1:colcon.colcon_core.package_discovery:discover_packages(colcon_meta) discover
[0.101s] Level 1:colcon.colcon_core.package_discovery:discover_packages(recursive) discover
[0.101s] INFO:colcon.colcon_core.package_discovery:Crawling recursively for packages in '/home/tech/ros2/my_first_ws'
[0.101s] Level 1:colcon.colcon_core.package_identification:_identify(.) by extensions ['ignore', 'ignore_ament_install']
[0.101s] Level 1:colcon.colcon_core.package_identification:_identify(.) by extension 'ignore'
[0.102s] Level 1:colcon.colcon_core.package_identification:_identify(.) by extension 'ignore_ament_install'
[0.102s] Level 1:colcon.colcon_core.package_identification:_identify(.) by extensions ['colcon_pkg']
[0.102s] Level 1:colcon.colcon_core.package_identification:_identify(.) by extension 'colcon_pkg'
[0.102s] Level 1:colcon.colcon_core.package_identification:_identify(.) by extensions ['colcon_meta']
[0.102s] Level 1:colcon.colcon_core.package_identification:_identify(.) by extension 'colcon_meta'
[0.102s] Level 1:colcon.colcon_core.package_identification:_identify(.) by extensions ['ros']
[0.102s] Level 1:colcon.colcon_core.package_identification:_identify(.) by extension 'ros'
[0.106s] Level 1:colcon.colcon_core.package_identification:_identify(.) by extensions ['cmake', 'python']
[0.106s] Level 1:colcon.colcon_core.package_identification:_identify(.) by extension 'cmake'
[0.106s] Level 1:colcon.colcon_core.package_identification:_identify(.) by extension 'python'
[0.106s] Level 1:colcon.colcon_core.package_identification:_identify(.) by extensions ['python_setup_py']
[0.106s] Level 1:colcon.colcon_core.package_identification:_identify(.) by extension 'python_setup_py'
[0.107s] Level 1:colcon.colcon_core.package_identification:_identify(-) by extensions ['ignore', 'ignore_ament_install']
[0.107s] Level 1:colcon.colcon_core.package_identification:_identify(-) by extension 'ignore'
[0.107s] Level 1:colcon.colcon_core.package_identification:_identify(-) by extension 'ignore_ament_install'
[0.107s] Level 1:colcon.colcon_core.package_identification:_identify(-) by extensions ['colcon_pkg']
[0.107s] Level 1:colcon.colcon_core.package_identification:_identify(-) by extension 'colcon_pkg'
[0.107s] Level 1:colcon.colcon_core.package_identification:_identify(-) by extensions ['colcon_meta']
[0.107s] Level 1:colcon.colcon_core.package_identification:_identify(-) by extension 'colcon_meta'
[0.107s] Level 1:colcon.colcon_core.package_identification:_identify(-) by extensions ['ros']
[0.107s] Level 1:colcon.colcon_core.package_identification:_identify(-) by extension 'ros'
[0.107s] Level 1:colcon.colcon_core.package_identification:_identify(-) by extensions ['cmake', 'python']
[0.107s] Level 1:colcon.colcon_core.package_identification:_identify(-) by extension 'cmake'
[0.107s] Level 1:colcon.colcon_core.package_identification:_identify(-) by extension 'python'
[0.107s] Level 1:colcon.colcon_core.package_identification:_identify(-) by extensions ['python_setup_py']
[0.107s] Level 1:colcon.colcon_core.package_identification:_identify(-) by extension 'python_setup_py'
[0.107s] Level 1:colcon.colcon_core.package_identification:_identify(-/bin) by extensions ['ignore', 'ignore_ament_install']
[0.107s] Level 1:colcon.colcon_core.package_identification:_identify(-/bin) by extension 'ignore'
[0.107s] Level 1:colcon.colcon_core.package_identification:_identify(-/bin) by extension 'ignore_ament_install'
[0.107s] Level 1:colcon.colcon_core.package_identification:_identify(-/bin) by extensions ['colcon_pkg']
[0.107s] Level 1:colcon.colcon_core.package_identification:_identify(-/bin) by extension 'colcon_pkg'
[0.107s] Level 1:colcon.colcon_core.package_identification:_identify(-/bin) by extensions ['colcon_meta']
[0.107s] Level 1:colcon.colcon_core.package_identification:_identify(-/bin) by extension 'colcon_meta'
[0.107s] Level 1:colcon.colcon_core.package_identification:_identify(-/bin) by extensions ['ros']
[0.107s] Level 1:colcon.colcon_core.package_identification:_identify(-/bin) by extension 'ros'
[0.107s] Level 1:colcon.colcon_core.package_identification:_identify(-/bin) by extensions ['cmake', 'python']
[0.107s] Level 1:colcon.colcon_core.package_identification:_identify(-/bin) by extension 'cmake'
[0.107s] Level 1:colcon.colcon_core.package_identification:_identify(-/bin) by extension 'python'
[0.107s] Level 1:colcon.colcon_core.package_identification:_identify(-/bin) by extensions ['python_setup_py']
[0.107s] Level 1:colcon.colcon_core.package_identification:_identify(-/bin) by extension 'python_setup_py'
[0.107s] Level 1:colcon.colcon_core.package_identification:_identify(-/lib) by extensions ['ignore', 'ignore_ament_install']
[0.107s] Level 1:colcon.colcon_core.package_identification:_identify(-/lib) by extension 'ignore'
[0.107s] Level 1:colcon.colcon_core.package_identification:_identify(-/lib) by extension 'ignore_ament_install'
[0.107s] Level 1:colcon.colcon_core.package_identification:_identify(-/lib) by extensions ['colcon_pkg']
[0.107s] Level 1:colcon.colcon_core.package_identification:_identify(-/lib) by extension 'colcon_pkg'
[0.107s] Level 1:colcon.colcon_core.package_identification:_identify(-/lib) by extensions ['colcon_meta']
[0.107s] Level 1:colcon.colcon_core.package_identification:_identify(-/lib) by extension 'colcon_meta'
[0.107s] Level 1:colcon.colcon_core.package_identification:_identify(-/lib) by extensions ['ros']
[0.107s] Level 1:colcon.colcon_core.package_identification:_identify(-/lib) by extension 'ros'
[0.107s] Level 1:colcon.colcon_core.package_identification:_identify(-/lib) by extensions ['cmake', 'python']
[0.107s] Level 1:colcon.colcon_core.package_identification:_identify(-/lib) by extension 'cmake'
[0.107s] Level 1:colcon.colcon_core.package_identification:_identify(-/lib) by extension 'python'
[0.107s] Level 1:colcon.colcon_core.package_identification:_identify(-/lib) by extensions ['python_setup_py']
[0.107s] Level 1:colcon.colcon_core.package_identification:_identify(-/lib) by extension 'python_setup_py'
[0.107s] Level 1:colcon.colcon_core.package_identification:_identify(-/lib/python3.13) by extensions ['ignore', 'ignore_ament_install']
[0.107s] Level 1:colcon.colcon_core.package_identification:_identify(-/lib/python3.13) by extension 'ignore'
[0.107s] Level 1:colcon.colcon_core.package_identification:_identify(-/lib/python3.13) by extension 'ignore_ament_install'
[0.107s] Level 1:colcon.colcon_core.package_identification:_identify(-/lib/python3.13) by extensions ['colcon_pkg']
[0.107s] Level 1:colcon.colcon_core.package_identification:_identify(-/lib/python3.13) by extension 'colcon_pkg'
[0.107s] Level 1:colcon.colcon_core.package_identification:_identify(-/lib/python3.13) by extensions ['colcon_meta']
[0.107s] Level 1:colcon.colcon_core.package_identification:_identify(-/lib/python3.13) by extension 'colcon_meta'
[0.107s] Level 1:colcon.colcon_core.package_identification:_identify(-/lib/python3.13) by extensions ['ros']
[0.107s] Level 1:colcon.colcon_core.package_identification:_identify(-/lib/python3.13) by extension 'ros'
[0.107s] Level 1:colcon.colcon_core.package_identification:_identify(-/lib/python3.13) by extensions ['cmake', 'python']
[0.107s] Level 1:colcon.colcon_core.package_identification:_identify(-/lib/python3.13) by extension 'cmake'
[0.107s] Level 1:colcon.colcon_core.package_identification:_identify(-/lib/python3.13) by extension 'python'
[0.107s] Level 1:colcon.colcon_core.package_identification:_identify(-/lib/python3.13) by extensions ['python_setup_py']
[0.107s] Level 1:colcon.colcon_core.package_identification:_identify(-/lib/python3.13) by extension 'python_setup_py'
[0.107s] Level 1:colcon.colcon_core.package_identification:_identify(-/lib/python3.13/site-packages) by extensions ['ignore', 'ignore_ament_install']
[0.107s] Level 1:colcon.colcon_core.package_identification:_identify(-/lib/python3.13/site-packages) by extension 'ignore'
[0.107s] Level 1:colcon.colcon_core.package_identification:_identify(-/lib/python3.13/site-packages) by extension 'ignore_ament_install'
[0.108s] Level 1:colcon.colcon_core.package_identification:_identify(-/lib/python3.13/site-packages) by extensions ['colcon_pkg']
[0.108s] Level 1:colcon.colcon_core.package_identification:_identify(-/lib/python3.13/site-packages) by extension 'colcon_pkg'
[0.108s] Level 1:colcon.colcon_core.package_identification:_identify(-/lib/python3.13/site-packages) by extensions ['colcon_meta']
[0.108s] Level 1:colcon.colcon_core.package_identification:_identify(-/lib/python3.13/site-packages) by extension 'colcon_meta'
[0.108s] Level 1:colcon.colcon_core.package_identification:_identify(-/lib/python3.13/site-packages) by extensions ['ros']
[0.108s] Level 1:colcon.colcon_core.package_identification:_identify(-/lib/python3.13/site-packages) by extension 'ros'
[0.108s] Level 1:colcon.colcon_core.package_identification:_identify(-/lib/python3.13/site-packages) by extensions ['cmake', 'python']
[0.108s] Level 1:colcon.colcon_core.package_identification:_identify(-/lib/python3.13/site-packages) by extension 'cmake'
[0.108s] Level 1:colcon.colcon_core.package_identification:_identify(-/lib/python3.13/site-packages) by extension 'python'
[0.108s] Level 1:colcon.colcon_core.package_identification:_identify(-/lib/python3.13/site-packages) by extensions ['python_setup_py']
[0.108s] Level 1:colcon.colcon_core.package_identification:_identify(-/lib/python3.13/site-packages) by extension 'python_setup_py'
[0.108s] Level 1:colcon.colcon_core.package_identification:_identify(build) by extensions ['ignore', 'ignore_ament_install']
[0.108s] Level 1:colcon.colcon_core.package_identification:_identify(build) by extension 'ignore'
[0.108s] Level 1:colcon.colcon_core.package_identification:_identify(build) ignored
[0.108s] Level 1:colcon.colcon_core.package_identification:_identify(install) by extensions ['ignore', 'ignore_ament_install']
[0.108s] Level 1:colcon.colcon_core.package_identification:_identify(install) by extension 'ignore'
[0.108s] Level 1:colcon.colcon_core.package_identification:_identify(install) ignored
[0.108s] Level 1:colcon.colcon_core.package_identification:_identify(log) by extensions ['ignore', 'ignore_ament_install']
[0.108s] Level 1:colcon.colcon_core.package_identification:_identify(log) by extension 'ignore'
[0.108s] Level 1:colcon.colcon_core.package_identification:_identify(log) ignored
[0.108s] Level 1:colcon.colcon_core.package_identification:_identify(src) by extensions ['ignore', 'ignore_ament_install']
[0.108s] Level 1:colcon.colcon_core.package_identification:_identify(src) by extension 'ignore'
[0.108s] Level 1:colcon.colcon_core.package_identification:_identify(src) by extension 'ignore_ament_install'
[0.108s] Level 1:colcon.colcon_core.package_identification:_identify(src) by extensions ['colcon_pkg']
[0.108s] Level 1:colcon.colcon_core.package_identification:_identify(src) by extension 'colcon_pkg'
[0.108s] Level 1:colcon.colcon_core.package_identification:_identify(src) by extensions ['colcon_meta']
[0.108s] Level 1:colcon.colcon_core.package_identification:_identify(src) by extension 'colcon_meta'
[0.108s] Level 1:colcon.colcon_core.package_identification:_identify(src) by extensions ['ros']
[0.108s] Level 1:colcon.colcon_core.package_identification:_identify(src) by extension 'ros'
[0.108s] Level 1:colcon.colcon_core.package_identification:_identify(src) by extensions ['cmake', 'python']
[0.108s] Level 1:colcon.colcon_core.package_identification:_identify(src) by extension 'cmake'
[0.108s] Level 1:colcon.colcon_core.package_identification:_identify(src) by extension 'python'
[0.108s] Level 1:colcon.colcon_core.package_identification:_identify(src) by extensions ['python_setup_py']
[0.108s] Level 1:colcon.colcon_core.package_identification:_identify(src) by extension 'python_setup_py'
[0.108s] Level 1:colcon.colcon_core.package_identification:_identify(src/camera_3d_pkg) by extensions ['ignore', 'ignore_ament_install']
[0.108s] Level 1:colcon.colcon_core.package_identification:_identify(src/camera_3d_pkg) by extension 'ignore'
[0.108s] Level 1:colcon.colcon_core.package_identification:_identify(src/camera_3d_pkg) by extension 'ignore_ament_install'
[0.108s] Level 1:colcon.colcon_core.package_identification:_identify(src/camera_3d_pkg) by extensions ['colcon_pkg']
[0.108s] Level 1:colcon.colcon_core.package_identification:_identify(src/camera_3d_pkg) by extension 'colcon_pkg'
[0.108s] Level 1:colcon.colcon_core.package_identification:_identify(src/camera_3d_pkg) by extensions ['colcon_meta']
[0.108s] Level 1:colcon.colcon_core.package_identification:_identify(src/camera_3d_pkg) by extension 'colcon_meta'
[0.108s] Level 1:colcon.colcon_core.package_identification:_identify(src/camera_3d_pkg) by extensions ['ros']
[0.108s] Level 1:colcon.colcon_core.package_identification:_identify(src/camera_3d_pkg) by extension 'ros'
[0.109s] DEBUG:colcon.colcon_core.package_identification:Package 'src/camera_3d_pkg' with type 'ros.catkin' and name 'camera_3d_pkg'
[0.110s] Level 1:colcon.colcon_core.package_identification:_identify(src/camera_3d_pkg1) by extensions ['ignore', 'ignore_ament_install']
[0.110s] Level 1:colcon.colcon_core.package_identification:_identify(src/camera_3d_pkg1) by extension 'ignore'
[0.110s] Level 1:colcon.colcon_core.package_identification:_identify(src/camera_3d_pkg1) by extension 'ignore_ament_install'
[0.110s] Level 1:colcon.colcon_core.package_identification:_identify(src/camera_3d_pkg1) by extensions ['colcon_pkg']
[0.110s] Level 1:colcon.colcon_core.package_identification:_identify(src/camera_3d_pkg1) by extension 'colcon_pkg'
[0.110s] Level 1:colcon.colcon_core.package_identification:_identify(src/camera_3d_pkg1) by extensions ['colcon_meta']
[0.110s] Level 1:colcon.colcon_core.package_identification:_identify(src/camera_3d_pkg1) by extension 'colcon_meta'
[0.110s] Level 1:colcon.colcon_core.package_identification:_identify(src/camera_3d_pkg1) by extensions ['ros']
[0.110s] Level 1:colcon.colcon_core.package_identification:_identify(src/camera_3d_pkg1) by extension 'ros'
[0.110s] DEBUG:colcon.colcon_core.package_identification:Package 'src/camera_3d_pkg1' with type 'ros.ament_cmake' and name 'camera_3d_pkg1'
[0.110s] Level 1:colcon.colcon_core.package_identification:_identify(src/datasets) by extensions ['ignore', 'ignore_ament_install']
[0.110s] Level 1:colcon.colcon_core.package_identification:_identify(src/datasets) by extension 'ignore'
[0.110s] Level 1:colcon.colcon_core.package_identification:_identify(src/datasets) by extension 'ignore_ament_install'
[0.110s] Level 1:colcon.colcon_core.package_identification:_identify(src/datasets) by extensions ['colcon_pkg']
[0.110s] Level 1:colcon.colcon_core.package_identification:_identify(src/datasets) by extension 'colcon_pkg'
[0.110s] Level 1:colcon.colcon_core.package_identification:_identify(src/datasets) by extensions ['colcon_meta']
[0.110s] Level 1:colcon.colcon_core.package_identification:_identify(src/datasets) by extension 'colcon_meta'
[0.110s] Level 1:colcon.colcon_core.package_identification:_identify(src/datasets) by extensions ['ros']
[0.110s] Level 1:colcon.colcon_core.package_identification:_identify(src/datasets) by extension 'ros'
[0.110s] Level 1:colcon.colcon_core.package_identification:_identify(src/datasets) by extensions ['cmake', 'python']
[0.110s] Level 1:colcon.colcon_core.package_identification:_identify(src/datasets) by extension 'cmake'
[0.110s] Level 1:colcon.colcon_core.package_identification:_identify(src/datasets) by extension 'python'
[0.110s] Level 1:colcon.colcon_core.package_identification:_identify(src/datasets) by extensions ['python_setup_py']
[0.110s] Level 1:colcon.colcon_core.package_identification:_identify(src/datasets) by extension 'python_setup_py'
[0.110s] Level 1:colcon.colcon_core.package_identification:_identify(src/datasets/coco) by extensions ['ignore', 'ignore_ament_install']
[0.110s] Level 1:colcon.colcon_core.package_identification:_identify(src/datasets/coco) by extension 'ignore'
[0.110s] Level 1:colcon.colcon_core.package_identification:_identify(src/datasets/coco) by extension 'ignore_ament_install'
[0.110s] Level 1:colcon.colcon_core.package_identification:_identify(src/datasets/coco) by extensions ['colcon_pkg']
[0.110s] Level 1:colcon.colcon_core.package_identification:_identify(src/datasets/coco) by extension 'colcon_pkg'
[0.110s] Level 1:colcon.colcon_core.package_identification:_identify(src/datasets/coco) by extensions ['colcon_meta']
[0.110s] Level 1:colcon.colcon_core.package_identification:_identify(src/datasets/coco) by extension 'colcon_meta'
[0.110s] Level 1:colcon.colcon_core.package_identification:_identify(src/datasets/coco) by extensions ['ros']
[0.110s] Level 1:colcon.colcon_core.package_identification:_identify(src/datasets/coco) by extension 'ros'
[0.110s] Level 1:colcon.colcon_core.package_identification:_identify(src/datasets/coco) by extensions ['cmake', 'python']
[0.110s] Level 1:colcon.colcon_core.package_identification:_identify(src/datasets/coco) by extension 'cmake'
[0.110s] Level 1:colcon.colcon_core.package_identification:_identify(src/datasets/coco) by extension 'python'
[0.110s] Level 1:colcon.colcon_core.package_identification:_identify(src/datasets/coco) by extensions ['python_setup_py']
[0.110s] Level 1:colcon.colcon_core.package_identification:_identify(src/datasets/coco) by extension 'python_setup_py'
[0.110s] Level 1:colcon.colcon_core.package_identification:_identify(src/datasets/coco/annotations) by extensions ['ignore', 'ignore_ament_install']
[0.110s] Level 1:colcon.colcon_core.package_identification:_identify(src/datasets/coco/annotations) by extension 'ignore'
[0.110s] Level 1:colcon.colcon_core.package_identification:_identify(src/datasets/coco/annotations) by extension 'ignore_ament_install'
[0.110s] Level 1:colcon.colcon_core.package_identification:_identify(src/datasets/coco/annotations) by extensions ['colcon_pkg']
[0.110s] Level 1:colcon.colcon_core.package_identification:_identify(src/datasets/coco/annotations) by extension 'colcon_pkg'
[0.110s] Level 1:colcon.colcon_core.package_identification:_identify(src/datasets/coco/annotations) by extensions ['colcon_meta']
[0.110s] Level 1:colcon.colcon_core.package_identification:_identify(src/datasets/coco/annotations) by extension 'colcon_meta'
[0.110s] Level 1:colcon.colcon_core.package_identification:_identify(src/datasets/coco/annotations) by extensions ['ros']
[0.110s] Level 1:colcon.colcon_core.package_identification:_identify(src/datasets/coco/annotations) by extension 'ros'
[0.111s] Level 1:colcon.colcon_core.package_identification:_identify(src/datasets/coco/annotations) by extensions ['cmake', 'python']
[0.111s] Level 1:colcon.colcon_core.package_identification:_identify(src/datasets/coco/annotations) by extension 'cmake'
[0.111s] Level 1:colcon.colcon_core.package_identification:_identify(src/datasets/coco/annotations) by extension 'python'
[0.111s] Level 1:colcon.colcon_core.package_identification:_identify(src/datasets/coco/annotations) by extensions ['python_setup_py']
[0.111s] Level 1:colcon.colcon_core.package_identification:_identify(src/datasets/coco/annotations) by extension 'python_setup_py'
[0.111s] Level 1:colcon.colcon_core.package_identification:_identify(src/datasets/coco/images) by extensions ['ignore', 'ignore_ament_install']
[0.111s] Level 1:colcon.colcon_core.package_identification:_identify(src/datasets/coco/images) by extension 'ignore'
[0.111s] Level 1:colcon.colcon_core.package_identification:_identify(src/datasets/coco/images) by extension 'ignore_ament_install'
[0.111s] Level 1:colcon.colcon_core.package_identification:_identify(src/datasets/coco/images) by extensions ['colcon_pkg']
[0.111s] Level 1:colcon.colcon_core.package_identification:_identify(src/datasets/coco/images) by extension 'colcon_pkg'
[0.111s] Level 1:colcon.colcon_core.package_identification:_identify(src/datasets/coco/images) by extensions ['colcon_meta']
[0.111s] Level 1:colcon.colcon_core.package_identification:_identify(src/datasets/coco/images) by extension 'colcon_meta'
[0.111s] Level 1:colcon.colcon_core.package_identification:_identify(src/datasets/coco/images) by extensions ['ros']
[0.111s] Level 1:colcon.colcon_core.package_identification:_identify(src/datasets/coco/images) by extension 'ros'
[0.111s] Level 1:colcon.colcon_core.package_identification:_identify(src/datasets/coco/images) by extensions ['cmake', 'python']
[0.111s] Level 1:colcon.colcon_core.package_identification:_identify(src/datasets/coco/images) by extension 'cmake'
[0.111s] Level 1:colcon.colcon_core.package_identification:_identify(src/datasets/coco/images) by extension 'python'
[0.111s] Level 1:colcon.colcon_core.package_identification:_identify(src/datasets/coco/images) by extensions ['python_setup_py']
[0.111s] Level 1:colcon.colcon_core.package_identification:_identify(src/datasets/coco/images) by extension 'python_setup_py'
[0.120s] Level 1:colcon.colcon_core.package_identification:_identify(src/datasets/coco/images/test2017) by extensions ['ignore', 'ignore_ament_install']
[0.120s] Level 1:colcon.colcon_core.package_identification:_identify(src/datasets/coco/images/test2017) by extension 'ignore'
[0.120s] Level 1:colcon.colcon_core.package_identification:_identify(src/datasets/coco/images/test2017) by extension 'ignore_ament_install'
[0.120s] Level 1:colcon.colcon_core.package_identification:_identify(src/datasets/coco/images/test2017) by extensions ['colcon_pkg']
[0.120s] Level 1:colcon.colcon_core.package_identification:_identify(src/datasets/coco/images/test2017) by extension 'colcon_pkg'
[0.120s] Level 1:colcon.colcon_core.package_identification:_identify(src/datasets/coco/images/test2017) by extensions ['colcon_meta']
[0.120s] Level 1:colcon.colcon_core.package_identification:_identify(src/datasets/coco/images/test2017) by extension 'colcon_meta'
[0.120s] Level 1:colcon.colcon_core.package_identification:_identify(src/datasets/coco/images/test2017) by extensions ['ros']
[0.120s] Level 1:colcon.colcon_core.package_identification:_identify(src/datasets/coco/images/test2017) by extension 'ros'
[0.120s] Level 1:colcon.colcon_core.package_identification:_identify(src/datasets/coco/images/test2017) by extensions ['cmake', 'python']
[0.120s] Level 1:colcon.colcon_core.package_identification:_identify(src/datasets/coco/images/test2017) by extension 'cmake'
[0.120s] Level 1:colcon.colcon_core.package_identification:_identify(src/datasets/coco/images/test2017) by extension 'python'
[0.120s] Level 1:colcon.colcon_core.package_identification:_identify(src/datasets/coco/images/test2017) by extensions ['python_setup_py']
[0.120s] Level 1:colcon.colcon_core.package_identification:_identify(src/datasets/coco/images/test2017) by extension 'python_setup_py'
[0.120s] Level 1:colcon.colcon_core.package_identification:_identify(src/datasets/coco/images/train2017) by extensions ['ignore', 'ignore_ament_install']
[0.120s] Level 1:colcon.colcon_core.package_identification:_identify(src/datasets/coco/images/train2017) by extension 'ignore'
[0.120s] Level 1:colcon.colcon_core.package_identification:_identify(src/datasets/coco/images/train2017) by extension 'ignore_ament_install'
[0.120s] Level 1:colcon.colcon_core.package_identification:_identify(src/datasets/coco/images/train2017) by extensions ['colcon_pkg']
[0.120s] Level 1:colcon.colcon_core.package_identification:_identify(src/datasets/coco/images/train2017) by extension 'colcon_pkg'
[0.121s] Level 1:colcon.colcon_core.package_identification:_identify(src/datasets/coco/images/train2017) by extensions ['colcon_meta']
[0.121s] Level 1:colcon.colcon_core.package_identification:_identify(src/datasets/coco/images/train2017) by extension 'colcon_meta'
[0.121s] Level 1:colcon.colcon_core.package_identification:_identify(src/datasets/coco/images/train2017) by extensions ['ros']
[0.121s] Level 1:colcon.colcon_core.package_identification:_identify(src/datasets/coco/images/train2017) by extension 'ros'
[0.121s] Level 1:colcon.colcon_core.package_identification:_identify(src/datasets/coco/images/train2017) by extensions ['cmake', 'python']
[0.121s] Level 1:colcon.colcon_core.package_identification:_identify(src/datasets/coco/images/train2017) by extension 'cmake'
[0.121s] Level 1:colcon.colcon_core.package_identification:_identify(src/datasets/coco/images/train2017) by extension 'python'
[0.121s] Level 1:colcon.colcon_core.package_identification:_identify(src/datasets/coco/images/train2017) by extensions ['python_setup_py']
[0.121s] Level 1:colcon.colcon_core.package_identification:_identify(src/datasets/coco/images/train2017) by extension 'python_setup_py'
[0.122s] Level 1:colcon.colcon_core.package_identification:_identify(src/datasets/coco/images/val2017) by extensions ['ignore', 'ignore_ament_install']
[0.122s] Level 1:colcon.colcon_core.package_identification:_identify(src/datasets/coco/images/val2017) by extension 'ignore'
[0.122s] Level 1:colcon.colcon_core.package_identification:_identify(src/datasets/coco/images/val2017) by extension 'ignore_ament_install'
[0.122s] Level 1:colcon.colcon_core.package_identification:_identify(src/datasets/coco/images/val2017) by extensions ['colcon_pkg']
[0.122s] Level 1:colcon.colcon_core.package_identification:_identify(src/datasets/coco/images/val2017) by extension 'colcon_pkg'
[0.122s] Level 1:colcon.colcon_core.package_identification:_identify(src/datasets/coco/images/val2017) by extensions ['colcon_meta']
[0.122s] Level 1:colcon.colcon_core.package_identification:_identify(src/datasets/coco/images/val2017) by extension 'colcon_meta'
[0.122s] Level 1:colcon.colcon_core.package_identification:_identify(src/datasets/coco/images/val2017) by extensions ['ros']
[0.122s] Level 1:colcon.colcon_core.package_identification:_identify(src/datasets/coco/images/val2017) by extension 'ros'
[0.122s] Level 1:colcon.colcon_core.package_identification:_identify(src/datasets/coco/images/val2017) by extensions ['cmake', 'python']
[0.122s] Level 1:colcon.colcon_core.package_identification:_identify(src/datasets/coco/images/val2017) by extension 'cmake'
[0.122s] Level 1:colcon.colcon_core.package_identification:_identify(src/datasets/coco/images/val2017) by extension 'python'
[0.122s] Level 1:colcon.colcon_core.package_identification:_identify(src/datasets/coco/images/val2017) by extensions ['python_setup_py']
[0.122s] Level 1:colcon.colcon_core.package_identification:_identify(src/datasets/coco/images/val2017) by extension 'python_setup_py'
[0.122s] Level 1:colcon.colcon_core.package_identification:_identify(src/datasets/coco/labels) by extensions ['ignore', 'ignore_ament_install']
[0.122s] Level 1:colcon.colcon_core.package_identification:_identify(src/datasets/coco/labels) by extension 'ignore'
[0.122s] Level 1:colcon.colcon_core.package_identification:_identify(src/datasets/coco/labels) by extension 'ignore_ament_install'
[0.122s] Level 1:colcon.colcon_core.package_identification:_identify(src/datasets/coco/labels) by extensions ['colcon_pkg']
[0.122s] Level 1:colcon.colcon_core.package_identification:_identify(src/datasets/coco/labels) by extension 'colcon_pkg'
[0.122s] Level 1:colcon.colcon_core.package_identification:_identify(src/datasets/coco/labels) by extensions ['colcon_meta']
[0.122s] Level 1:colcon.colcon_core.package_identification:_identify(src/datasets/coco/labels) by extension 'colcon_meta'
[0.122s] Level 1:colcon.colcon_core.package_identification:_identify(src/datasets/coco/labels) by extensions ['ros']
[0.122s] Level 1:colcon.colcon_core.package_identification:_identify(src/datasets/coco/labels) by extension 'ros'
[0.122s] Level 1:colcon.colcon_core.package_identification:_identify(src/datasets/coco/labels) by extensions ['cmake', 'python']
[0.122s] Level 1:colcon.colcon_core.package_identification:_identify(src/datasets/coco/labels) by extension 'cmake'
[0.122s] Level 1:colcon.colcon_core.package_identification:_identify(src/datasets/coco/labels) by extension 'python'
[0.122s] Level 1:colcon.colcon_core.package_identification:_identify(src/datasets/coco/labels) by extensions ['python_setup_py']
[0.122s] Level 1:colcon.colcon_core.package_identification:_identify(src/datasets/coco/labels) by extension 'python_setup_py'
[0.149s] Level 1:colcon.colcon_core.package_identification:_identify(src/datasets/coco/labels/train2017) by extensions ['ignore', 'ignore_ament_install']
[0.149s] Level 1:colcon.colcon_core.package_identification:_identify(src/datasets/coco/labels/train2017) by extension 'ignore'
[0.149s] Level 1:colcon.colcon_core.package_identification:_identify(src/datasets/coco/labels/train2017) by extension 'ignore_ament_install'
[0.149s] Level 1:colcon.colcon_core.package_identification:_identify(src/datasets/coco/labels/train2017) by extensions ['colcon_pkg']
[0.149s] Level 1:colcon.colcon_core.package_identification:_identify(src/datasets/coco/labels/train2017) by extension 'colcon_pkg'
[0.149s] Level 1:colcon.colcon_core.package_identification:_identify(src/datasets/coco/labels/train2017) by extensions ['colcon_meta']
[0.149s] Level 1:colcon.colcon_core.package_identification:_identify(src/datasets/coco/labels/train2017) by extension 'colcon_meta'
[0.149s] Level 1:colcon.colcon_core.package_identification:_identify(src/datasets/coco/labels/train2017) by extensions ['ros']
[0.149s] Level 1:colcon.colcon_core.package_identification:_identify(src/datasets/coco/labels/train2017) by extension 'ros'
[0.149s] Level 1:colcon.colcon_core.package_identification:_identify(src/datasets/coco/labels/train2017) by extensions ['cmake', 'python']
[0.149s] Level 1:colcon.colcon_core.package_identification:_identify(src/datasets/coco/labels/train2017) by extension 'cmake'
[0.149s] Level 1:colcon.colcon_core.package_identification:_identify(src/datasets/coco/labels/train2017) by extension 'python'
[0.149s] Level 1:colcon.colcon_core.package_identification:_identify(src/datasets/coco/labels/train2017) by extensions ['python_setup_py']
[0.149s] Level 1:colcon.colcon_core.package_identification:_identify(src/datasets/coco/labels/train2017) by extension 'python_setup_py'
[0.151s] Level 1:colcon.colcon_core.package_identification:_identify(src/datasets/coco/labels/val2017) by extensions ['ignore', 'ignore_ament_install']
[0.151s] Level 1:colcon.colcon_core.package_identification:_identify(src/datasets/coco/labels/val2017) by extension 'ignore'
[0.151s] Level 1:colcon.colcon_core.package_identification:_identify(src/datasets/coco/labels/val2017) by extension 'ignore_ament_install'
[0.151s] Level 1:colcon.colcon_core.package_identification:_identify(src/datasets/coco/labels/val2017) by extensions ['colcon_pkg']
[0.151s] Level 1:colcon.colcon_core.package_identification:_identify(src/datasets/coco/labels/val2017) by extension 'colcon_pkg'
[0.151s] Level 1:colcon.colcon_core.package_identification:_identify(src/datasets/coco/labels/val2017) by extensions ['colcon_meta']
[0.151s] Level 1:colcon.colcon_core.package_identification:_identify(src/datasets/coco/labels/val2017) by extension 'colcon_meta'
[0.151s] Level 1:colcon.colcon_core.package_identification:_identify(src/datasets/coco/labels/val2017) by extensions ['ros']
[0.151s] Level 1:colcon.colcon_core.package_identification:_identify(src/datasets/coco/labels/val2017) by extension 'ros'
[0.151s] Level 1:colcon.colcon_core.package_identification:_identify(src/datasets/coco/labels/val2017) by extensions ['cmake', 'python']
[0.151s] Level 1:colcon.colcon_core.package_identification:_identify(src/datasets/coco/labels/val2017) by extension 'cmake'
[0.151s] Level 1:colcon.colcon_core.package_identification:_identify(src/datasets/coco/labels/val2017) by extension 'python'
[0.151s] Level 1:colcon.colcon_core.package_identification:_identify(src/datasets/coco/labels/val2017) by extensions ['python_setup_py']
[0.151s] Level 1:colcon.colcon_core.package_identification:_identify(src/datasets/coco/labels/val2017) by extension 'python_setup_py'
[0.151s] Level 1:colcon.colcon_core.package_identification:_identify(src/datasets/coco128) by extensions ['ignore', 'ignore_ament_install']
[0.151s] Level 1:colcon.colcon_core.package_identification:_identify(src/datasets/coco128) by extension 'ignore'
[0.151s] Level 1:colcon.colcon_core.package_identification:_identify(src/datasets/coco128) by extension 'ignore_ament_install'
[0.151s] Level 1:colcon.colcon_core.package_identification:_identify(src/datasets/coco128) by extensions ['colcon_pkg']
[0.151s] Level 1:colcon.colcon_core.package_identification:_identify(src/datasets/coco128) by extension 'colcon_pkg'
[0.151s] Level 1:colcon.colcon_core.package_identification:_identify(src/datasets/coco128) by extensions ['colcon_meta']
[0.151s] Level 1:colcon.colcon_core.package_identification:_identify(src/datasets/coco128) by extension 'colcon_meta'
[0.151s] Level 1:colcon.colcon_core.package_identification:_identify(src/datasets/coco128) by extensions ['ros']
[0.151s] Level 1:colcon.colcon_core.package_identification:_identify(src/datasets/coco128) by extension 'ros'
[0.151s] Level 1:colcon.colcon_core.package_identification:_identify(src/datasets/coco128) by extensions ['cmake', 'python']
[0.151s] Level 1:colcon.colcon_core.package_identification:_identify(src/datasets/coco128) by extension 'cmake'
[0.151s] Level 1:colcon.colcon_core.package_identification:_identify(src/datasets/coco128) by extension 'python'
[0.151s] Level 1:colcon.colcon_core.package_identification:_identify(src/datasets/coco128) by extensions ['python_setup_py']
[0.151s] Level 1:colcon.colcon_core.package_identification:_identify(src/datasets/coco128) by extension 'python_setup_py'
[0.151s] Level 1:colcon.colcon_core.package_identification:_identify(src/datasets/coco128/images) by extensions ['ignore', 'ignore_ament_install']
[0.151s] Level 1:colcon.colcon_core.package_identification:_identify(src/datasets/coco128/images) by extension 'ignore'
[0.151s] Level 1:colcon.colcon_core.package_identification:_identify(src/datasets/coco128/images) by extension 'ignore_ament_install'
[0.151s] Level 1:colcon.colcon_core.package_identification:_identify(src/datasets/coco128/images) by extensions ['colcon_pkg']
[0.151s] Level 1:colcon.colcon_core.package_identification:_identify(src/datasets/coco128/images) by extension 'colcon_pkg'
[0.151s] Level 1:colcon.colcon_core.package_identification:_identify(src/datasets/coco128/images) by extensions ['colcon_meta']
[0.151s] Level 1:colcon.colcon_core.package_identification:_identify(src/datasets/coco128/images) by extension 'colcon_meta'
[0.151s] Level 1:colcon.colcon_core.package_identification:_identify(src/datasets/coco128/images) by extensions ['ros']
[0.151s] Level 1:colcon.colcon_core.package_identification:_identify(src/datasets/coco128/images) by extension 'ros'
[0.151s] Level 1:colcon.colcon_core.package_identification:_identify(src/datasets/coco128/images) by extensions ['cmake', 'python']
[0.151s] Level 1:colcon.colcon_core.package_identification:_identify(src/datasets/coco128/images) by extension 'cmake'
[0.151s] Level 1:colcon.colcon_core.package_identification:_identify(src/datasets/coco128/images) by extension 'python'
[0.151s] Level 1:colcon.colcon_core.package_identification:_identify(src/datasets/coco128/images) by extensions ['python_setup_py']
[0.151s] Level 1:colcon.colcon_core.package_identification:_identify(src/datasets/coco128/images) by extension 'python_setup_py'
[0.151s] Level 1:colcon.colcon_core.package_identification:_identify(src/datasets/coco128/images/train2017) by extensions ['ignore', 'ignore_ament_install']
[0.151s] Level 1:colcon.colcon_core.package_identification:_identify(src/datasets/coco128/images/train2017) by extension 'ignore'
[0.151s] Level 1:colcon.colcon_core.package_identification:_identify(src/datasets/coco128/images/train2017) by extension 'ignore_ament_install'
[0.151s] Level 1:colcon.colcon_core.package_identification:_identify(src/datasets/coco128/images/train2017) by extensions ['colcon_pkg']
[0.152s] Level 1:colcon.colcon_core.package_identification:_identify(src/datasets/coco128/images/train2017) by extension 'colcon_pkg'
[0.152s] Level 1:colcon.colcon_core.package_identification:_identify(src/datasets/coco128/images/train2017) by extensions ['colcon_meta']
[0.152s] Level 1:colcon.colcon_core.package_identification:_identify(src/datasets/coco128/images/train2017) by extension 'colcon_meta'
[0.152s] Level 1:colcon.colcon_core.package_identification:_identify(src/datasets/coco128/images/train2017) by extensions ['ros']
[0.152s] Level 1:colcon.colcon_core.package_identification:_identify(src/datasets/coco128/images/train2017) by extension 'ros'
[0.152s] Level 1:colcon.colcon_core.package_identification:_identify(src/datasets/coco128/images/train2017) by extensions ['cmake', 'python']
[0.152s] Level 1:colcon.colcon_core.package_identification:_identify(src/datasets/coco128/images/train2017) by extension 'cmake'
[0.152s] Level 1:colcon.colcon_core.package_identification:_identify(src/datasets/coco128/images/train2017) by extension 'python'
[0.152s] Level 1:colcon.colcon_core.package_identification:_identify(src/datasets/coco128/images/train2017) by extensions ['python_setup_py']
[0.152s] Level 1:colcon.colcon_core.package_identification:_identify(src/datasets/coco128/images/train2017) by extension 'python_setup_py'
[0.152s] Level 1:colcon.colcon_core.package_identification:_identify(src/datasets/coco128/labels) by extensions ['ignore', 'ignore_ament_install']
[0.152s] Level 1:colcon.colcon_core.package_identification:_identify(src/datasets/coco128/labels) by extension 'ignore'
[0.152s] Level 1:colcon.colcon_core.package_identification:_identify(src/datasets/coco128/labels) by extension 'ignore_ament_install'
[0.152s] Level 1:colcon.colcon_core.package_identification:_identify(src/datasets/coco128/labels) by extensions ['colcon_pkg']
[0.152s] Level 1:colcon.colcon_core.package_identification:_identify(src/datasets/coco128/labels) by extension 'colcon_pkg'
[0.152s] Level 1:colcon.colcon_core.package_identification:_identify(src/datasets/coco128/labels) by extensions ['colcon_meta']
[0.152s] Level 1:colcon.colcon_core.package_identification:_identify(src/datasets/coco128/labels) by extension 'colcon_meta'
[0.152s] Level 1:colcon.colcon_core.package_identification:_identify(src/datasets/coco128/labels) by extensions ['ros']
[0.152s] Level 1:colcon.colcon_core.package_identification:_identify(src/datasets/coco128/labels) by extension 'ros'
[0.152s] Level 1:colcon.colcon_core.package_identification:_identify(src/datasets/coco128/labels) by extensions ['cmake', 'python']
[0.152s] Level 1:colcon.colcon_core.package_identification:_identify(src/datasets/coco128/labels) by extension 'cmake'
[0.152s] Level 1:colcon.colcon_core.package_identification:_identify(src/datasets/coco128/labels) by extension 'python'
[0.152s] Level 1:colcon.colcon_core.package_identification:_identify(src/datasets/coco128/labels) by extensions ['python_setup_py']
[0.152s] Level 1:colcon.colcon_core.package_identification:_identify(src/datasets/coco128/labels) by extension 'python_setup_py'
[0.152s] Level 1:colcon.colcon_core.package_identification:_identify(src/datasets/coco128/labels/train2017) by extensions ['ignore', 'ignore_ament_install']
[0.152s] Level 1:colcon.colcon_core.package_identification:_identify(src/datasets/coco128/labels/train2017) by extension 'ignore'
[0.152s] Level 1:colcon.colcon_core.package_identification:_identify(src/datasets/coco128/labels/train2017) by extension 'ignore_ament_install'
[0.152s] Level 1:colcon.colcon_core.package_identification:_identify(src/datasets/coco128/labels/train2017) by extensions ['colcon_pkg']
[0.152s] Level 1:colcon.colcon_core.package_identification:_identify(src/datasets/coco128/labels/train2017) by extension 'colcon_pkg'
[0.152s] Level 1:colcon.colcon_core.package_identification:_identify(src/datasets/coco128/labels/train2017) by extensions ['colcon_meta']
[0.152s] Level 1:colcon.colcon_core.package_identification:_identify(src/datasets/coco128/labels/train2017) by extension 'colcon_meta'
[0.152s] Level 1:colcon.colcon_core.package_identification:_identify(src/datasets/coco128/labels/train2017) by extensions ['ros']
[0.152s] Level 1:colcon.colcon_core.package_identification:_identify(src/datasets/coco128/labels/train2017) by extension 'ros'
[0.152s] Level 1:colcon.colcon_core.package_identification:_identify(src/datasets/coco128/labels/train2017) by extensions ['cmake', 'python']
[0.152s] Level 1:colcon.colcon_core.package_identification:_identify(src/datasets/coco128/labels/train2017) by extension 'cmake'
[0.152s] Level 1:colcon.colcon_core.package_identification:_identify(src/datasets/coco128/labels/train2017) by extension 'python'
[0.152s] Level 1:colcon.colcon_core.package_identification:_identify(src/datasets/coco128/labels/train2017) by extensions ['python_setup_py']
[0.152s] Level 1:colcon.colcon_core.package_identification:_identify(src/datasets/coco128/labels/train2017) by extension 'python_setup_py'
[0.152s] Level 1:colcon.colcon_core.package_identification:_identify(src/my_opencv_pkg) by extensions ['ignore', 'ignore_ament_install']
[0.152s] Level 1:colcon.colcon_core.package_identification:_identify(src/my_opencv_pkg) by extension 'ignore'
[0.152s] Level 1:colcon.colcon_core.package_identification:_identify(src/my_opencv_pkg) by extension 'ignore_ament_install'
[0.152s] Level 1:colcon.colcon_core.package_identification:_identify(src/my_opencv_pkg) by extensions ['colcon_pkg']
[0.152s] Level 1:colcon.colcon_core.package_identification:_identify(src/my_opencv_pkg) by extension 'colcon_pkg'
[0.152s] Level 1:colcon.colcon_core.package_identification:_identify(src/my_opencv_pkg) by extensions ['colcon_meta']
[0.152s] Level 1:colcon.colcon_core.package_identification:_identify(src/my_opencv_pkg) by extension 'colcon_meta'
[0.152s] Level 1:colcon.colcon_core.package_identification:_identify(src/my_opencv_pkg) by extensions ['ros']
[0.152s] Level 1:colcon.colcon_core.package_identification:_identify(src/my_opencv_pkg) by extension 'ros'
[0.152s] DEBUG:colcon.colcon_core.package_identification:Package 'src/my_opencv_pkg' with type 'ros.ament_python' and name 'my_opencv_pkg'
[0.152s] Level 1:colcon.colcon_core.package_identification:_identify(src/my_package) by extensions ['ignore', 'ignore_ament_install']
[0.153s] Level 1:colcon.colcon_core.package_identification:_identify(src/my_package) by extension 'ignore'
[0.153s] Level 1:colcon.colcon_core.package_identification:_identify(src/my_package) by extension 'ignore_ament_install'
[0.153s] Level 1:colcon.colcon_core.package_identification:_identify(src/my_package) by extensions ['colcon_pkg']
[0.153s] Level 1:colcon.colcon_core.package_identification:_identify(src/my_package) by extension 'colcon_pkg'
[0.153s] Level 1:colcon.colcon_core.package_identification:_identify(src/my_package) by extensions ['colcon_meta']
[0.153s] Level 1:colcon.colcon_core.package_identification:_identify(src/my_package) by extension 'colcon_meta'
[0.153s] Level 1:colcon.colcon_core.package_identification:_identify(src/my_package) by extensions ['ros']
[0.153s] Level 1:colcon.colcon_core.package_identification:_identify(src/my_package) by extension 'ros'
[0.153s] DEBUG:colcon.colcon_core.package_identification:Package 'src/my_package' with type 'ros.ament_python' and name 'my_package'
[0.153s] Level 1:colcon.colcon_core.package_identification:_identify(src/my_package_msgs) by extensions ['ignore', 'ignore_ament_install']
[0.153s] Level 1:colcon.colcon_core.package_identification:_identify(src/my_package_msgs) by extension 'ignore'
[0.153s] Level 1:colcon.colcon_core.package_identification:_identify(src/my_package_msgs) by extension 'ignore_ament_install'
[0.153s] Level 1:colcon.colcon_core.package_identification:_identify(src/my_package_msgs) by extensions ['colcon_pkg']
[0.153s] Level 1:colcon.colcon_core.package_identification:_identify(src/my_package_msgs) by extension 'colcon_pkg'
[0.153s] Level 1:colcon.colcon_core.package_identification:_identify(src/my_package_msgs) by extensions ['colcon_meta']
[0.153s] Level 1:colcon.colcon_core.package_identification:_identify(src/my_package_msgs) by extension 'colcon_meta'
[0.153s] Level 1:colcon.colcon_core.package_identification:_identify(src/my_package_msgs) by extensions ['ros']
[0.153s] Level 1:colcon.colcon_core.package_identification:_identify(src/my_package_msgs) by extension 'ros'
[0.153s] DEBUG:colcon.colcon_core.package_identification:Package 'src/my_package_msgs' with type 'ros.ament_cmake' and name 'my_package_msgs'
[0.153s] Level 1:colcon.colcon_core.package_identification:_identify(src/my_so_arm_gazebo) by extensions ['ignore', 'ignore_ament_install']
[0.153s] Level 1:colcon.colcon_core.package_identification:_identify(src/my_so_arm_gazebo) by extension 'ignore'
[0.153s] Level 1:colcon.colcon_core.package_identification:_identify(src/my_so_arm_gazebo) by extension 'ignore_ament_install'
[0.153s] Level 1:colcon.colcon_core.package_identification:_identify(src/my_so_arm_gazebo) by extensions ['colcon_pkg']
[0.153s] Level 1:colcon.colcon_core.package_identification:_identify(src/my_so_arm_gazebo) by extension 'colcon_pkg'
[0.153s] Level 1:colcon.colcon_core.package_identification:_identify(src/my_so_arm_gazebo) by extensions ['colcon_meta']
[0.153s] Level 1:colcon.colcon_core.package_identification:_identify(src/my_so_arm_gazebo) by extension 'colcon_meta'
[0.153s] Level 1:colcon.colcon_core.package_identification:_identify(src/my_so_arm_gazebo) by extensions ['ros']
[0.153s] Level 1:colcon.colcon_core.package_identification:_identify(src/my_so_arm_gazebo) by extension 'ros'
[0.153s] DEBUG:colcon.colcon_core.package_identification:Package 'src/my_so_arm_gazebo' with type 'ros.ament_cmake' and name 'my_so_arm_gazebo'
[0.154s] Level 1:colcon.colcon_core.package_identification:_identify(src/robot_arm_control) by extensions ['ignore', 'ignore_ament_install']
[0.154s] Level 1:colcon.colcon_core.package_identification:_identify(src/robot_arm_control) by extension 'ignore'
[0.154s] Level 1:colcon.colcon_core.package_identification:_identify(src/robot_arm_control) by extension 'ignore_ament_install'
[0.154s] Level 1:colcon.colcon_core.package_identification:_identify(src/robot_arm_control) by extensions ['colcon_pkg']
[0.154s] Level 1:colcon.colcon_core.package_identification:_identify(src/robot_arm_control) by extension 'colcon_pkg'
[0.154s] Level 1:colcon.colcon_core.package_identification:_identify(src/robot_arm_control) by extensions ['colcon_meta']
[0.154s] Level 1:colcon.colcon_core.package_identification:_identify(src/robot_arm_control) by extension 'colcon_meta'
[0.154s] Level 1:colcon.colcon_core.package_identification:_identify(src/robot_arm_control) by extensions ['ros']
[0.154s] Level 1:colcon.colcon_core.package_identification:_identify(src/robot_arm_control) by extension 'ros'
[0.154s] DEBUG:colcon.colcon_core.package_identification:Package 'src/robot_arm_control' with type 'ros.ament_cmake' and name 'robot_arm_control'
[0.154s] Level 1:colcon.colcon_core.package_identification:_identify(src/robot_moveit_control) by extensions ['ignore', 'ignore_ament_install']
[0.154s] Level 1:colcon.colcon_core.package_identification:_identify(src/robot_moveit_control) by extension 'ignore'
[0.154s] Level 1:colcon.colcon_core.package_identification:_identify(src/robot_moveit_control) by extension 'ignore_ament_install'
[0.154s] Level 1:colcon.colcon_core.package_identification:_identify(src/robot_moveit_control) by extensions ['colcon_pkg']
[0.154s] Level 1:colcon.colcon_core.package_identification:_identify(src/robot_moveit_control) by extension 'colcon_pkg'
[0.154s] Level 1:colcon.colcon_core.package_identification:_identify(src/robot_moveit_control) by extensions ['colcon_meta']
[0.154s] Level 1:colcon.colcon_core.package_identification:_identify(src/robot_moveit_control) by extension 'colcon_meta'
[0.154s] Level 1:colcon.colcon_core.package_identification:_identify(src/robot_moveit_control) by extensions ['ros']
[0.154s] Level 1:colcon.colcon_core.package_identification:_identify(src/robot_moveit_control) by extension 'ros'
[0.154s] Level 1:colcon.colcon_core.package_identification:_identify(src/robot_moveit_control) by extensions ['cmake', 'python']
[0.154s] Level 1:colcon.colcon_core.package_identification:_identify(src/robot_moveit_control) by extension 'cmake'
[0.154s] Level 1:colcon.colcon_core.package_identification:_identify(src/robot_moveit_control) by extension 'python'
[0.154s] Level 1:colcon.colcon_core.package_identification:_identify(src/robot_moveit_control) by extensions ['python_setup_py']
[0.154s] Level 1:colcon.colcon_core.package_identification:_identify(src/robot_moveit_control) by extension 'python_setup_py'
[0.154s] Level 1:colcon.colcon_core.package_identification:_identify(src/so_arm101_pkg) by extensions ['ignore', 'ignore_ament_install']
[0.154s] Level 1:colcon.colcon_core.package_identification:_identify(src/so_arm101_pkg) by extension 'ignore'
[0.154s] Level 1:colcon.colcon_core.package_identification:_identify(src/so_arm101_pkg) by extension 'ignore_ament_install'
[0.154s] Level 1:colcon.colcon_core.package_identification:_identify(src/so_arm101_pkg) by extensions ['colcon_pkg']
[0.154s] Level 1:colcon.colcon_core.package_identification:_identify(src/so_arm101_pkg) by extension 'colcon_pkg'
[0.154s] Level 1:colcon.colcon_core.package_identification:_identify(src/so_arm101_pkg) by extensions ['colcon_meta']
[0.154s] Level 1:colcon.colcon_core.package_identification:_identify(src/so_arm101_pkg) by extension 'colcon_meta'
[0.154s] Level 1:colcon.colcon_core.package_identification:_identify(src/so_arm101_pkg) by extensions ['ros']
[0.154s] Level 1:colcon.colcon_core.package_identification:_identify(src/so_arm101_pkg) by extension 'ros'
[0.155s] DEBUG:colcon.colcon_core.package_identification:Package 'src/so_arm101_pkg' with type 'ros.ament_python' and name 'so_arm101_pkg'
[0.155s] Level 1:colcon.colcon_core.package_identification:_identify(src/yolo_ros) by extensions ['ignore', 'ignore_ament_install']
[0.155s] Level 1:colcon.colcon_core.package_identification:_identify(src/yolo_ros) by extension 'ignore'
[0.155s] Level 1:colcon.colcon_core.package_identification:_identify(src/yolo_ros) by extension 'ignore_ament_install'
[0.155s] Level 1:colcon.colcon_core.package_identification:_identify(src/yolo_ros) by extensions ['colcon_pkg']
[0.155s] Level 1:colcon.colcon_core.package_identification:_identify(src/yolo_ros) by extension 'colcon_pkg'
[0.155s] Level 1:colcon.colcon_core.package_identification:_identify(src/yolo_ros) by extensions ['colcon_meta']
[0.155s] Level 1:colcon.colcon_core.package_identification:_identify(src/yolo_ros) by extension 'colcon_meta'
[0.155s] Level 1:colcon.colcon_core.package_identification:_identify(src/yolo_ros) by extensions ['ros']
[0.155s] Level 1:colcon.colcon_core.package_identification:_identify(src/yolo_ros) by extension 'ros'
[0.155s] Level 1:colcon.colcon_core.package_identification:_identify(src/yolo_ros) by extensions ['cmake', 'python']
[0.155s] Level 1:colcon.colcon_core.package_identification:_identify(src/yolo_ros) by extension 'cmake'
[0.155s] Level 1:colcon.colcon_core.package_identification:_identify(src/yolo_ros) by extension 'python'
[0.155s] Level 1:colcon.colcon_core.package_identification:_identify(src/yolo_ros) by extensions ['python_setup_py']
[0.155s] Level 1:colcon.colcon_core.package_identification:_identify(src/yolo_ros) by extension 'python_setup_py'
[0.155s] Level 1:colcon.colcon_core.package_identification:_identify(src/yolo_ros/docs) by extensions ['ignore', 'ignore_ament_install']
[0.155s] Level 1:colcon.colcon_core.package_identification:_identify(src/yolo_ros/docs) by extension 'ignore'
[0.155s] Level 1:colcon.colcon_core.package_identification:_identify(src/yolo_ros/docs) by extension 'ignore_ament_install'
[0.155s] Level 1:colcon.colcon_core.package_identification:_identify(src/yolo_ros/docs) by extensions ['colcon_pkg']
[0.155s] Level 1:colcon.colcon_core.package_identification:_identify(src/yolo_ros/docs) by extension 'colcon_pkg'
[0.155s] Level 1:colcon.colcon_core.package_identification:_identify(src/yolo_ros/docs) by extensions ['colcon_meta']
[0.155s] Level 1:colcon.colcon_core.package_identification:_identify(src/yolo_ros/docs) by extension 'colcon_meta'
[0.155s] Level 1:colcon.colcon_core.package_identification:_identify(src/yolo_ros/docs) by extensions ['ros']
[0.155s] Level 1:colcon.colcon_core.package_identification:_identify(src/yolo_ros/docs) by extension 'ros'
[0.155s] Level 1:colcon.colcon_core.package_identification:_identify(src/yolo_ros/docs) by extensions ['cmake', 'python']
[0.155s] Level 1:colcon.colcon_core.package_identification:_identify(src/yolo_ros/docs) by extension 'cmake'
[0.155s] Level 1:colcon.colcon_core.package_identification:_identify(src/yolo_ros/docs) by extension 'python'
[0.155s] Level 1:colcon.colcon_core.package_identification:_identify(src/yolo_ros/docs) by extensions ['python_setup_py']
[0.155s] Level 1:colcon.colcon_core.package_identification:_identify(src/yolo_ros/docs) by extension 'python_setup_py'
[0.155s] Level 1:colcon.colcon_core.package_identification:_identify(src/yolo_ros/yolo_bringup) by extensions ['ignore', 'ignore_ament_install']
[0.155s] Level 1:colcon.colcon_core.package_identification:_identify(src/yolo_ros/yolo_bringup) by extension 'ignore'
[0.155s] Level 1:colcon.colcon_core.package_identification:_identify(src/yolo_ros/yolo_bringup) by extension 'ignore_ament_install'
[0.155s] Level 1:colcon.colcon_core.package_identification:_identify(src/yolo_ros/yolo_bringup) by extensions ['colcon_pkg']
[0.155s] Level 1:colcon.colcon_core.package_identification:_identify(src/yolo_ros/yolo_bringup) by extension 'colcon_pkg'
[0.155s] Level 1:colcon.colcon_core.package_identification:_identify(src/yolo_ros/yolo_bringup) by extensions ['colcon_meta']
[0.155s] Level 1:colcon.colcon_core.package_identification:_identify(src/yolo_ros/yolo_bringup) by extension 'colcon_meta'
[0.155s] Level 1:colcon.colcon_core.package_identification:_identify(src/yolo_ros/yolo_bringup) by extensions ['ros']
[0.155s] Level 1:colcon.colcon_core.package_identification:_identify(src/yolo_ros/yolo_bringup) by extension 'ros'
[0.155s] DEBUG:colcon.colcon_core.package_identification:Package 'src/yolo_ros/yolo_bringup' with type 'ros.ament_cmake' and name 'yolo_bringup'
[0.155s] Level 1:colcon.colcon_core.package_identification:_identify(src/yolo_ros/yolo_msgs) by extensions ['ignore', 'ignore_ament_install']
[0.155s] Level 1:colcon.colcon_core.package_identification:_identify(src/yolo_ros/yolo_msgs) by extension 'ignore'
[0.155s] Level 1:colcon.colcon_core.package_identification:_identify(src/yolo_ros/yolo_msgs) by extension 'ignore_ament_install'
[0.155s] Level 1:colcon.colcon_core.package_identification:_identify(src/yolo_ros/yolo_msgs) by extensions ['colcon_pkg']
[0.155s] Level 1:colcon.colcon_core.package_identification:_identify(src/yolo_ros/yolo_msgs) by extension 'colcon_pkg'
[0.155s] Level 1:colcon.colcon_core.package_identification:_identify(src/yolo_ros/yolo_msgs) by extensions ['colcon_meta']
[0.155s] Level 1:colcon.colcon_core.package_identification:_identify(src/yolo_ros/yolo_msgs) by extension 'colcon_meta'
[0.156s] Level 1:colcon.colcon_core.package_identification:_identify(src/yolo_ros/yolo_msgs) by extensions ['ros']
[0.156s] Level 1:colcon.colcon_core.package_identification:_identify(src/yolo_ros/yolo_msgs) by extension 'ros'
[0.156s] DEBUG:colcon.colcon_core.package_identification:Package 'src/yolo_ros/yolo_msgs' with type 'ros.ament_cmake' and name 'yolo_msgs'
[0.156s] Level 1:colcon.colcon_core.package_identification:_identify(src/yolo_ros/yolo_ros) by extensions ['ignore', 'ignore_ament_install']
[0.156s] Level 1:colcon.colcon_core.package_identification:_identify(src/yolo_ros/yolo_ros) by extension 'ignore'
[0.156s] Level 1:colcon.colcon_core.package_identification:_identify(src/yolo_ros/yolo_ros) by extension 'ignore_ament_install'
[0.156s] Level 1:colcon.colcon_core.package_identification:_identify(src/yolo_ros/yolo_ros) by extensions ['colcon_pkg']
[0.156s] Level 1:colcon.colcon_core.package_identification:_identify(src/yolo_ros/yolo_ros) by extension 'colcon_pkg'
[0.156s] Level 1:colcon.colcon_core.package_identification:_identify(src/yolo_ros/yolo_ros) by extensions ['colcon_meta']
[0.156s] Level 1:colcon.colcon_core.package_identification:_identify(src/yolo_ros/yolo_ros) by extension 'colcon_meta'
[0.156s] Level 1:colcon.colcon_core.package_identification:_identify(src/yolo_ros/yolo_ros) by extensions ['ros']
[0.156s] Level 1:colcon.colcon_core.package_identification:_identify(src/yolo_ros/yolo_ros) by extension 'ros'
[0.156s] DEBUG:colcon.colcon_core.package_identification:Package 'src/yolo_ros/yolo_ros' with type 'ros.ament_python' and name 'yolo_ros'
[0.156s] Level 1:colcon.colcon_core.package_discovery:discover_packages(recursive) using defaults
[0.156s] Level 1:colcon.colcon_core.package_discovery:discover_packages(ignore) discover
[0.156s] Level 1:colcon.colcon_core.package_discovery:discover_packages(ignore) using defaults
[0.156s] Level 1:colcon.colcon_core.package_discovery:discover_packages(path) discover
[0.156s] Level 1:colcon.colcon_core.package_discovery:discover_packages(path) using defaults
[0.165s] INFO:colcon.colcon_core.package_selection:Skipping not selected package 'camera_3d_pkg' in 'src/camera_3d_pkg'
[0.165s] INFO:colcon.colcon_core.package_selection:Skipping not selected package 'camera_3d_pkg1' in 'src/camera_3d_pkg1'
[0.165s] INFO:colcon.colcon_core.package_selection:Skipping not selected package 'my_opencv_pkg' in 'src/my_opencv_pkg'
[0.165s] INFO:colcon.colcon_core.package_selection:Skipping not selected package 'my_package_msgs' in 'src/my_package_msgs'
[0.165s] INFO:colcon.colcon_core.package_selection:Skipping not selected package 'my_so_arm_gazebo' in 'src/my_so_arm_gazebo'
[0.165s] INFO:colcon.colcon_core.package_selection:Skipping not selected package 'robot_arm_control' in 'src/robot_arm_control'
[0.165s] INFO:colcon.colcon_core.package_selection:Skipping not selected package 'so_arm101_pkg' in 'src/so_arm101_pkg'
[0.165s] INFO:colcon.colcon_core.package_selection:Skipping not selected package 'yolo_msgs' in 'src/yolo_ros/yolo_msgs'
[0.165s] INFO:colcon.colcon_core.package_selection:Skipping not selected package 'yolo_ros' in 'src/yolo_ros/yolo_ros'
[0.165s] INFO:colcon.colcon_core.package_selection:Skipping not selected package 'yolo_bringup' in 'src/yolo_ros/yolo_bringup'
[0.165s] Level 5:colcon.colcon_core.verb:set package 'my_package' build argument 'cmake_args' from command line to 'None'
[0.165s] Level 5:colcon.colcon_core.verb:set package 'my_package' build argument 'cmake_target' from command line to 'None'
[0.165s] Level 5:colcon.colcon_core.verb:set package 'my_package' build argument 'cmake_target_skip_unavailable' from command line to 'False'
[0.165s] Level 5:colcon.colcon_core.verb:set package 'my_package' build argument 'cmake_clean_cache' from command line to 'False'
[0.165s] Level 5:colcon.colcon_core.verb:set package 'my_package' build argument 'cmake_clean_first' from command line to 'False'
[0.165s] Level 5:colcon.colcon_core.verb:set package 'my_package' build argument 'cmake_force_configure' from command line to 'False'
[0.165s] Level 5:colcon.colcon_core.verb:set package 'my_package' build argument 'ament_cmake_args' from command line to 'None'
[0.165s] Level 5:colcon.colcon_core.verb:set package 'my_package' build argument 'catkin_cmake_args' from command line to 'None'
[0.165s] Level 5:colcon.colcon_core.verb:set package 'my_package' build argument 'catkin_skip_building_tests' from command line to 'False'
[0.165s] DEBUG:colcon.colcon_core.verb:Building package 'my_package' with the following arguments: {'ament_cmake_args': None, 'build_base': '/home/tech/ros2/my_first_ws/build/my_package', 'catkin_cmake_args': None, 'catkin_skip_building_tests': False, 'cmake_args': None, 'cmake_clean_cache': False, 'cmake_clean_first': False, 'cmake_force_configure': False, 'cmake_target': None, 'cmake_target_skip_unavailable': False, 'install_base': '/home/tech/ros2/my_first_ws/install/my_package', 'merge_install': False, 'path': '/home/tech/ros2/my_first_ws/src/my_package', 'symlink_install': False, 'test_result_base': None}
[0.165s] INFO:colcon.colcon_core.executor:Executing jobs using 'parallel' executor
[0.166s] DEBUG:colcon.colcon_parallel_executor.executor.parallel:run_until_complete
[0.166s] INFO:colcon.colcon_ros.task.ament_python.build:Building ROS package in '/home/tech/ros2/my_first_ws/src/my_package' with build type 'ament_python'
[0.166s] Level 1:colcon.colcon_core.shell:create_environment_hook('my_package', 'ament_prefix_path')
[0.169s] INFO:colcon.colcon_core.plugin_system:Skipping extension 'colcon_core.shell.bat': Not used on non-Windows systems
[0.169s] INFO:colcon.colcon_core.shell:Creating environment hook '/home/tech/ros2/my_first_ws/install/my_package/share/my_package/hook/ament_prefix_path.ps1'
[0.170s] INFO:colcon.colcon_core.shell:Creating environment descriptor '/home/tech/ros2/my_first_ws/install/my_package/share/my_package/hook/ament_prefix_path.dsv'
[0.170s] INFO:colcon.colcon_core.shell:Creating environment hook '/home/tech/ros2/my_first_ws/install/my_package/share/my_package/hook/ament_prefix_path.sh'
[0.171s] INFO:colcon.colcon_core.shell:Skip shell extension 'powershell' for command environment: Not usable outside of PowerShell
[0.171s] DEBUG:colcon.colcon_core.shell:Skip shell extension 'dsv' for command environment
[0.277s] INFO:colcon.colcon_core.task.python.build:Building Python package in '/home/tech/ros2/my_first_ws/src/my_package'
[0.277s] INFO:colcon.colcon_core.shell:Skip shell extension 'powershell' for command environment: Not usable outside of PowerShell
[0.277s] DEBUG:colcon.colcon_core.shell:Skip shell extension 'dsv' for command environment
[0.416s] DEBUG:colcon.colcon_core.event_handler.log_command:Invoking command in '/home/tech/ros2/my_first_ws/src/my_package': PYTHONPATH=/home/tech/ros2/my_first_ws/build/my_package/prefix_override:/usr/lib/python3/dist-packages/colcon_core/task/python/colcon_distutils_commands:/home/tech/ros2/my_first_ws/install/my_package/lib/python3.10/site-packages:${PYTHONPATH} /usr/bin/python3 -W ignore:setup.py install is deprecated -W ignore:easy_install command is deprecated setup.py egg_info --egg-base ../../build/my_package build --build-base /home/tech/ros2/my_first_ws/build/my_package/build install --record /home/tech/ros2/my_first_ws/build/my_package/install.log --single-version-externally-managed install_data
[0.528s] DEBUG:colcon.colcon_core.event_handler.log_command:Invoked command in '/home/tech/ros2/my_first_ws/src/my_package' returned '0': PYTHONPATH=/home/tech/ros2/my_first_ws/build/my_package/prefix_override:/usr/lib/python3/dist-packages/colcon_core/task/python/colcon_distutils_commands:/home/tech/ros2/my_first_ws/install/my_package/lib/python3.10/site-packages:${PYTHONPATH} /usr/bin/python3 -W ignore:setup.py install is deprecated -W ignore:easy_install command is deprecated setup.py egg_info --egg-base ../../build/my_package build --build-base /home/tech/ros2/my_first_ws/build/my_package/build install --record /home/tech/ros2/my_first_ws/build/my_package/install.log --single-version-externally-managed install_data
[0.531s] Level 1:colcon.colcon_core.environment:checking '/home/tech/ros2/my_first_ws/install/my_package' for CMake module files
[0.539s] Level 1:colcon.colcon_core.environment:checking '/home/tech/ros2/my_first_ws/install/my_package' for CMake config files
[0.539s] Level 1:colcon.colcon_core.environment:checking '/home/tech/ros2/my_first_ws/install/my_package/lib'
[0.539s] Level 1:colcon.colcon_core.environment:checking '/home/tech/ros2/my_first_ws/install/my_package/bin'
[0.539s] Level 1:colcon.colcon_core.environment:checking '/home/tech/ros2/my_first_ws/install/my_package/lib/pkgconfig/my_package.pc'
[0.539s] Level 1:colcon.colcon_core.environment:checking '/home/tech/ros2/my_first_ws/install/my_package/lib/python3.10/site-packages'
[0.539s] Level 1:colcon.colcon_core.shell:create_environment_hook('my_package', 'pythonpath')
[0.540s] INFO:colcon.colcon_core.shell:Creating environment hook '/home/tech/ros2/my_first_ws/install/my_package/share/my_package/hook/pythonpath.ps1'
[0.540s] INFO:colcon.colcon_core.shell:Creating environment descriptor '/home/tech/ros2/my_first_ws/install/my_package/share/my_package/hook/pythonpath.dsv'
[0.540s] INFO:colcon.colcon_core.shell:Creating environment hook '/home/tech/ros2/my_first_ws/install/my_package/share/my_package/hook/pythonpath.sh'
[0.540s] Level 1:colcon.colcon_core.environment:checking '/home/tech/ros2/my_first_ws/install/my_package/bin'
[0.540s] Level 1:colcon.colcon_core.environment:create_environment_scripts_only(my_package)
[0.541s] INFO:colcon.colcon_core.shell:Creating package script '/home/tech/ros2/my_first_ws/install/my_package/share/my_package/package.ps1'
[0.541s] INFO:colcon.colcon_core.shell:Creating package descriptor '/home/tech/ros2/my_first_ws/install/my_package/share/my_package/package.dsv'
[0.541s] INFO:colcon.colcon_core.shell:Creating package script '/home/tech/ros2/my_first_ws/install/my_package/share/my_package/package.sh'
[0.542s] INFO:colcon.colcon_core.shell:Creating package script '/home/tech/ros2/my_first_ws/install/my_package/share/my_package/package.bash'
[0.542s] INFO:colcon.colcon_core.shell:Creating package script '/home/tech/ros2/my_first_ws/install/my_package/share/my_package/package.zsh'
[0.542s] Level 1:colcon.colcon_core.environment:create_file_with_runtime_dependencies(/home/tech/ros2/my_first_ws/install/my_package/share/colcon-core/packages/my_package)
[0.542s] DEBUG:colcon.colcon_parallel_executor.executor.parallel:closing loop
[0.542s] DEBUG:colcon.colcon_parallel_executor.executor.parallel:loop closed
[0.542s] DEBUG:colcon.colcon_parallel_executor.executor.parallel:run_until_complete finished with '0'
[0.542s] DEBUG:colcon.colcon_core.event_reactor:joining thread
[0.548s] INFO:colcon.colcon_core.plugin_system:Skipping extension 'colcon_notification.desktop_notification.notify_send': Could not find 'notify-send'
[0.548s] INFO:colcon.colcon_core.plugin_system:Skipping extension 'colcon_notification.desktop_notification.terminal_notifier': Not used on non-Darwin systems
[0.548s] INFO:colcon.colcon_core.plugin_system:Skipping extension 'colcon_notification.desktop_notification.win32': Not used on non-Windows systems
[0.548s] INFO:colcon.colcon_notification.desktop_notification:Sending desktop notification using 'notify2'
[0.551s] DEBUG:colcon.colcon_notification.desktop_notification.notify2:Failed to initialize notify2: org.freedesktop.DBus.Error.Spawn.ExecFailed: /usr/bin/dbus-launch terminated abnormally without any error message
[0.552s] DEBUG:colcon.colcon_core.event_reactor:joined thread
[0.552s] INFO:colcon.colcon_core.shell:Creating prefix script '/home/tech/ros2/my_first_ws/install/local_setup.ps1'
[0.553s] INFO:colcon.colcon_core.shell:Creating prefix util module '/home/tech/ros2/my_first_ws/install/_local_setup_util_ps1.py'
[0.553s] INFO:colcon.colcon_core.shell:Creating prefix chain script '/home/tech/ros2/my_first_ws/install/setup.ps1'
[0.554s] INFO:colcon.colcon_core.shell:Creating prefix script '/home/tech/ros2/my_first_ws/install/local_setup.sh'
[0.554s] INFO:colcon.colcon_core.shell:Creating prefix util module '/home/tech/ros2/my_first_ws/install/_local_setup_util_sh.py'
[0.554s] INFO:colcon.colcon_core.shell:Creating prefix chain script '/home/tech/ros2/my_first_ws/install/setup.sh'
[0.555s] INFO:colcon.colcon_core.shell:Creating prefix script '/home/tech/ros2/my_first_ws/install/local_setup.bash'
[0.555s] INFO:colcon.colcon_core.shell:Creating prefix chain script '/home/tech/ros2/my_first_ws/install/setup.bash'
[0.556s] INFO:colcon.colcon_core.shell:Creating prefix script '/home/tech/ros2/my_first_ws/install/local_setup.zsh'
[0.556s] INFO:colcon.colcon_core.shell:Creating prefix chain script '/home/tech/ros2/my_first_ws/install/setup.zsh'
