running egg_info
creating ../../build/my_package/my_package.egg-info
writing ../../build/my_package/my_package.egg-info/PKG-INFO
writing dependency_links to ../../build/my_package/my_package.egg-info/dependency_links.txt
writing entry points to ../../build/my_package/my_package.egg-info/entry_points.txt
writing requirements to ../../build/my_package/my_package.egg-info/requires.txt
writing top-level names to ../../build/my_package/my_package.egg-info/top_level.txt
writing manifest file '../../build/my_package/my_package.egg-info/SOURCES.txt'
reading manifest file '../../build/my_package/my_package.egg-info/SOURCES.txt'
adding license file 'LICENSE'
writing manifest file '../../build/my_package/my_package.egg-info/SOURCES.txt'
running build
running build_py
creating /home/tech/ros2_ws/build/my_package/build
creating /home/tech/ros2_ws/build/my_package/build/lib
creating /home/tech/ros2_ws/build/my_package/build/lib/my_package
copying my_package/my_node.py -> /home/tech/ros2_ws/build/my_package/build/lib/my_package
copying my_package/sub_node.py -> /home/tech/ros2_ws/build/my_package/build/lib/my_package
copying my_package/video_person_detection_node.py -> /home/tech/ros2_ws/build/my_package/build/lib/my_package
copying my_package/pub_node.py -> /home/tech/ros2_ws/build/my_package/build/lib/my_package
copying my_package/examples.py -> /home/tech/ros2_ws/build/my_package/build/lib/my_package
copying my_package/__init__.py -> /home/tech/ros2_ws/build/my_package/build/lib/my_package
copying my_package/cmd_pose.py -> /home/tech/ros2_ws/build/my_package/build/lib/my_package
running install
running install_lib
creating /home/tech/ros2_ws/install/my_package/lib/python3.10/site-packages/my_package
copying /home/tech/ros2_ws/build/my_package/build/lib/my_package/my_node.py -> /home/tech/ros2_ws/install/my_package/lib/python3.10/site-packages/my_package
copying /home/tech/ros2_ws/build/my_package/build/lib/my_package/sub_node.py -> /home/tech/ros2_ws/install/my_package/lib/python3.10/site-packages/my_package
copying /home/tech/ros2_ws/build/my_package/build/lib/my_package/video_person_detection_node.py -> /home/tech/ros2_ws/install/my_package/lib/python3.10/site-packages/my_package
copying /home/tech/ros2_ws/build/my_package/build/lib/my_package/pub_node.py -> /home/tech/ros2_ws/install/my_package/lib/python3.10/site-packages/my_package
copying /home/tech/ros2_ws/build/my_package/build/lib/my_package/examples.py -> /home/tech/ros2_ws/install/my_package/lib/python3.10/site-packages/my_package
copying /home/tech/ros2_ws/build/my_package/build/lib/my_package/__init__.py -> /home/tech/ros2_ws/install/my_package/lib/python3.10/site-packages/my_package
copying /home/tech/ros2_ws/build/my_package/build/lib/my_package/cmd_pose.py -> /home/tech/ros2_ws/install/my_package/lib/python3.10/site-packages/my_package
byte-compiling /home/tech/ros2_ws/install/my_package/lib/python3.10/site-packages/my_package/my_node.py to my_node.cpython-310.pyc
byte-compiling /home/tech/ros2_ws/install/my_package/lib/python3.10/site-packages/my_package/sub_node.py to sub_node.cpython-310.pyc
byte-compiling /home/tech/ros2_ws/install/my_package/lib/python3.10/site-packages/my_package/video_person_detection_node.py to video_person_detection_node.cpython-310.pyc
byte-compiling /home/tech/ros2_ws/install/my_package/lib/python3.10/site-packages/my_package/pub_node.py to pub_node.cpython-310.pyc
byte-compiling /home/tech/ros2_ws/install/my_package/lib/python3.10/site-packages/my_package/examples.py to examples.cpython-310.pyc
byte-compiling /home/tech/ros2_ws/install/my_package/lib/python3.10/site-packages/my_package/__init__.py to __init__.cpython-310.pyc
byte-compiling /home/tech/ros2_ws/install/my_package/lib/python3.10/site-packages/my_package/cmd_pose.py to cmd_pose.cpython-310.pyc
running install_data
creating /home/tech/ros2_ws/install/my_package/share/ament_index
creating /home/tech/ros2_ws/install/my_package/share/ament_index/resource_index
creating /home/tech/ros2_ws/install/my_package/share/ament_index/resource_index/packages
copying resource/my_package -> /home/tech/ros2_ws/install/my_package/share/ament_index/resource_index/packages
copying package.xml -> /home/tech/ros2_ws/install/my_package/share/my_package
creating /home/tech/ros2_ws/install/my_package/share/my_package/launch
copying launch/my_package.launch.py -> /home/tech/ros2_ws/install/my_package/share/my_package/launch
running install_egg_info
Copying ../../build/my_package/my_package.egg-info to /home/tech/ros2_ws/install/my_package/lib/python3.10/site-packages/my_package-0.0.0-py3.10.egg-info
running install_scripts
Installing cmd_pose script to /home/tech/ros2_ws/install/my_package/lib/my_package
Installing my_node script to /home/tech/ros2_ws/install/my_package/lib/my_package
Installing pub_node script to /home/tech/ros2_ws/install/my_package/lib/my_package
Installing sub_node script to /home/tech/ros2_ws/install/my_package/lib/my_package
Installing video_person_detection script to /home/tech/ros2_ws/install/my_package/lib/my_package
writing list of installed files to '/home/tech/ros2_ws/build/my_package/install.log'
