[0.240s] Invoking command in '/home/tech/ros2_ws/src/my_package': PYTHONPATH=/home/tech/ros2_ws/build/my_package/prefix_override:/usr/lib/python3/dist-packages/colcon_core/task/python/colcon_distutils_commands:/home/tech/ros2_ws/install/my_package/lib/python3.10/site-packages:${PYTHONPATH} /usr/bin/python3 -W ignore:setup.py install is deprecated -W ignore:easy_install command is deprecated setup.py egg_info --egg-base ../../build/my_package build --build-base /home/tech/ros2_ws/build/my_package/build install --record /home/tech/ros2_ws/build/my_package/install.log --single-version-externally-managed install_data
[0.330s] running egg_info
[0.330s] creating ../../build/my_package/my_package.egg-info
[0.330s] writing ../../build/my_package/my_package.egg-info/PKG-INFO
[0.331s] writing dependency_links to ../../build/my_package/my_package.egg-info/dependency_links.txt
[0.331s] writing entry points to ../../build/my_package/my_package.egg-info/entry_points.txt
[0.331s] writing requirements to ../../build/my_package/my_package.egg-info/requires.txt
[0.331s] writing top-level names to ../../build/my_package/my_package.egg-info/top_level.txt
[0.331s] writing manifest file '../../build/my_package/my_package.egg-info/SOURCES.txt'
[0.331s] reading manifest file '../../build/my_package/my_package.egg-info/SOURCES.txt'
[0.331s] adding license file 'LICENSE'
[0.331s] writing manifest file '../../build/my_package/my_package.egg-info/SOURCES.txt'
[0.331s] running build
[0.332s] running build_py
[0.332s] creating /home/tech/ros2_ws/build/my_package/build
[0.332s] creating /home/tech/ros2_ws/build/my_package/build/lib
[0.332s] creating /home/tech/ros2_ws/build/my_package/build/lib/my_package
[0.332s] copying my_package/my_node.py -> /home/tech/ros2_ws/build/my_package/build/lib/my_package
[0.332s] copying my_package/sub_node.py -> /home/tech/ros2_ws/build/my_package/build/lib/my_package
[0.332s] copying my_package/video_person_detection_node.py -> /home/tech/ros2_ws/build/my_package/build/lib/my_package
[0.332s] copying my_package/pub_node.py -> /home/tech/ros2_ws/build/my_package/build/lib/my_package
[0.332s] copying my_package/examples.py -> /home/tech/ros2_ws/build/my_package/build/lib/my_package
[0.332s] copying my_package/__init__.py -> /home/tech/ros2_ws/build/my_package/build/lib/my_package
[0.332s] copying my_package/cmd_pose.py -> /home/tech/ros2_ws/build/my_package/build/lib/my_package
[0.332s] running install
[0.332s] running install_lib
[0.332s] creating /home/tech/ros2_ws/install/my_package/lib/python3.10/site-packages/my_package
[0.332s] copying /home/tech/ros2_ws/build/my_package/build/lib/my_package/my_node.py -> /home/tech/ros2_ws/install/my_package/lib/python3.10/site-packages/my_package
[0.333s] copying /home/tech/ros2_ws/build/my_package/build/lib/my_package/sub_node.py -> /home/tech/ros2_ws/install/my_package/lib/python3.10/site-packages/my_package
[0.333s] copying /home/tech/ros2_ws/build/my_package/build/lib/my_package/video_person_detection_node.py -> /home/tech/ros2_ws/install/my_package/lib/python3.10/site-packages/my_package
[0.333s] copying /home/tech/ros2_ws/build/my_package/build/lib/my_package/pub_node.py -> /home/tech/ros2_ws/install/my_package/lib/python3.10/site-packages/my_package
[0.333s] copying /home/tech/ros2_ws/build/my_package/build/lib/my_package/examples.py -> /home/tech/ros2_ws/install/my_package/lib/python3.10/site-packages/my_package
[0.333s] copying /home/tech/ros2_ws/build/my_package/build/lib/my_package/__init__.py -> /home/tech/ros2_ws/install/my_package/lib/python3.10/site-packages/my_package
[0.333s] copying /home/tech/ros2_ws/build/my_package/build/lib/my_package/cmd_pose.py -> /home/tech/ros2_ws/install/my_package/lib/python3.10/site-packages/my_package
[0.333s] byte-compiling /home/tech/ros2_ws/install/my_package/lib/python3.10/site-packages/my_package/my_node.py to my_node.cpython-310.pyc
[0.333s] byte-compiling /home/tech/ros2_ws/install/my_package/lib/python3.10/site-packages/my_package/sub_node.py to sub_node.cpython-310.pyc
[0.333s] byte-compiling /home/tech/ros2_ws/install/my_package/lib/python3.10/site-packages/my_package/video_person_detection_node.py to video_person_detection_node.cpython-310.pyc
[0.334s] byte-compiling /home/tech/ros2_ws/install/my_package/lib/python3.10/site-packages/my_package/pub_node.py to pub_node.cpython-310.pyc
[0.334s] byte-compiling /home/tech/ros2_ws/install/my_package/lib/python3.10/site-packages/my_package/examples.py to examples.cpython-310.pyc
[0.334s] byte-compiling /home/tech/ros2_ws/install/my_package/lib/python3.10/site-packages/my_package/__init__.py to __init__.cpython-310.pyc
[0.334s] byte-compiling /home/tech/ros2_ws/install/my_package/lib/python3.10/site-packages/my_package/cmd_pose.py to cmd_pose.cpython-310.pyc
[0.334s] running install_data
[0.334s] creating /home/tech/ros2_ws/install/my_package/share/ament_index
[0.334s] creating /home/tech/ros2_ws/install/my_package/share/ament_index/resource_index
[0.334s] creating /home/tech/ros2_ws/install/my_package/share/ament_index/resource_index/packages
[0.334s] copying resource/my_package -> /home/tech/ros2_ws/install/my_package/share/ament_index/resource_index/packages
[0.335s] copying package.xml -> /home/tech/ros2_ws/install/my_package/share/my_package
[0.335s] creating /home/tech/ros2_ws/install/my_package/share/my_package/launch
[0.335s] copying launch/my_package.launch.py -> /home/tech/ros2_ws/install/my_package/share/my_package/launch
[0.335s] running install_egg_info
[0.335s] Copying ../../build/my_package/my_package.egg-info to /home/tech/ros2_ws/install/my_package/lib/python3.10/site-packages/my_package-0.0.0-py3.10.egg-info
[0.335s] running install_scripts
[0.344s] Installing cmd_pose script to /home/tech/ros2_ws/install/my_package/lib/my_package
[0.344s] Installing my_node script to /home/tech/ros2_ws/install/my_package/lib/my_package
[0.344s] Installing pub_node script to /home/tech/ros2_ws/install/my_package/lib/my_package
[0.344s] Installing sub_node script to /home/tech/ros2_ws/install/my_package/lib/my_package
[0.344s] Installing video_person_detection script to /home/tech/ros2_ws/install/my_package/lib/my_package
[0.345s] writing list of installed files to '/home/tech/ros2_ws/build/my_package/install.log'
[0.354s] Invoked command in '/home/tech/ros2_ws/src/my_package' returned '0': PYTHONPATH=/home/tech/ros2_ws/build/my_package/prefix_override:/usr/lib/python3/dist-packages/colcon_core/task/python/colcon_distutils_commands:/home/tech/ros2_ws/install/my_package/lib/python3.10/site-packages:${PYTHONPATH} /usr/bin/python3 -W ignore:setup.py install is deprecated -W ignore:easy_install command is deprecated setup.py egg_info --egg-base ../../build/my_package build --build-base /home/tech/ros2_ws/build/my_package/build install --record /home/tech/ros2_ws/build/my_package/install.log --single-version-externally-managed install_data
