-- The C compiler identification is GNU 11.4.0
-- The CXX compiler identification is GNU 11.4.0
-- Detecting C compiler ABI info
-- Detecting C compiler ABI info - done
-- Check for working C compiler: /usr/bin/cc - skipped
-- Detecting C compile features
-- Detecting C compile features - done
-- Detecting CXX compiler ABI info
-- Detecting CXX compiler ABI info - done
-- Check for working CXX compiler: /usr/bin/c++ - skipped
-- Detecting CXX compile features
-- Detecting CXX compile features - done
-- Found ament_cmake: 1.3.12 (/opt/ros/humble/share/ament_cmake/cmake)
-- Found Python3: /usr/bin/python3 (found version "3.10.12") found components: Interpreter 
-- Found rosidl_default_generators: 1.2.0 (/opt/ros/humble/share/rosidl_default_generators/cmake)
-- Using all available rosidl_typesupport_c: rosidl_typesupport_fastrtps_c;rosidl_typesupport_introspection_c
-- Found rosidl_adapter: 3.1.8 (/opt/ros/humble/share/rosidl_adapter/cmake)
-- Using all available rosidl_typesupport_cpp: rosidl_typesupport_fastrtps_cpp;rosidl_typesupport_introspection_cpp
-- Found ament_cmake_ros: 0.10.0 (/opt/ros/humble/share/ament_cmake_ros/cmake)
-- Using all available rosidl_typesupport_c: rosidl_typesupport_fastrtps_c;rosidl_typesupport_introspection_c
-- Using all available rosidl_typesupport_cpp: rosidl_typesupport_fastrtps_cpp;rosidl_typesupport_introspection_cpp
-- Found PythonInterp: /usr/bin/python3 (found suitable version "3.10.12", minimum required is "3.6") 
-- Found python_cmake_module: 0.10.0 (/opt/ros/humble/share/python_cmake_module/cmake)
-- Found PythonLibs: /usr/lib/x86_64-linux-gnu/libpython3.10.so (found suitable version "3.10.12", minimum required is "3.5") 
-- Using PYTHON_EXECUTABLE: /usr/bin/python3
-- Using PYTHON_INCLUDE_DIRS: /usr/include/python3.10
-- Using PYTHON_LIBRARIES: /usr/lib/x86_64-linux-gnu/libpython3.10.so
-- Found PythonExtra: .so  
-- Found ament_lint_auto: 0.12.14 (/opt/ros/humble/share/ament_lint_auto/cmake)
-- Added test 'lint_cmake' to check CMake code style
-- Added test 'xmllint' to check XML markup files
-- Configuring done
-- Generating done
-- Build files have been written to: /root/ros2/build/my_package_msg
[  3%] [34m[1mGenerating C code for ROS interfaces[0m
[  6%] [34m[1mGenerating C++ code for ROS interfaces[0m
[  6%] Built target ament_cmake_python_copy_my_package_msg
running egg_info
creating my_package_msg.egg-info
writing my_package_msg.egg-info/PKG-INFO
writing dependency_links to my_package_msg.egg-info/dependency_links.txt
writing top-level names to my_package_msg.egg-info/top_level.txt
writing manifest file 'my_package_msg.egg-info/SOURCES.txt'
reading manifest file 'my_package_msg.egg-info/SOURCES.txt'
writing manifest file 'my_package_msg.egg-info/SOURCES.txt'
[  6%] Built target ament_cmake_python_build_my_package_msg_egg
[  6%] Built target my_package_msg__cpp
[  9%] [34m[1mGenerating C++ type support dispatch for ROS interfaces[0m
[ 12%] [34m[1mGenerating C++ introspection for ROS interfaces[0m
[ 16%] [34m[1mGenerating C++ type support for eProsima Fast-RTPS[0m
[ 19%] [32mBuilding C object CMakeFiles/my_package_msg__rosidl_generator_c.dir/rosidl_generator_c/my_package_msg/msg/detail/cmd_and_pose_vel__functions.c.o[0m
[ 22%] [32m[1mLinking C shared library libmy_package_msg__rosidl_generator_c.so[0m
[ 22%] Built target my_package_msg__rosidl_generator_c
[ 25%] [34m[1mGenerating C introspection for ROS interfaces[0m
[ 29%] [34m[1mGenerating C type support for eProsima Fast-RTPS[0m
[ 32%] [34m[1mGenerating C type support dispatch for ROS interfaces[0m
[ 35%] [32mBuilding CXX object CMakeFiles/my_package_msg__rosidl_typesupport_cpp.dir/rosidl_typesupport_cpp/my_package_msg/msg/cmd_and_pose_vel__type_support.cpp.o[0m
[ 38%] [32mBuilding CXX object CMakeFiles/my_package_msg__rosidl_typesupport_fastrtps_cpp.dir/rosidl_typesupport_fastrtps_cpp/my_package_msg/msg/detail/dds_fastrtps/cmd_and_pose_vel__type_support.cpp.o[0m
[ 41%] [32mBuilding CXX object CMakeFiles/my_package_msg__rosidl_typesupport_introspection_cpp.dir/rosidl_typesupport_introspection_cpp/my_package_msg/msg/detail/cmd_and_pose_vel__type_support.cpp.o[0m
[ 45%] [32mBuilding CXX object CMakeFiles/my_package_msg__rosidl_typesupport_c.dir/rosidl_typesupport_c/my_package_msg/msg/cmd_and_pose_vel__type_support.cpp.o[0m
[ 48%] [32mBuilding C object CMakeFiles/my_package_msg__rosidl_typesupport_introspection_c.dir/rosidl_typesupport_introspection_c/my_package_msg/msg/detail/cmd_and_pose_vel__type_support.c.o[0m
[ 51%] [32mBuilding CXX object CMakeFiles/my_package_msg__rosidl_typesupport_fastrtps_c.dir/rosidl_typesupport_fastrtps_c/my_package_msg/msg/detail/cmd_and_pose_vel__type_support_c.cpp.o[0m
[ 54%] [32m[1mLinking CXX shared library libmy_package_msg__rosidl_typesupport_c.so[0m
[ 58%] [32m[1mLinking C shared library libmy_package_msg__rosidl_typesupport_introspection_c.so[0m
[ 58%] Built target my_package_msg__rosidl_typesupport_c
[ 58%] Built target my_package_msg__rosidl_typesupport_introspection_c
[ 61%] [32m[1mLinking CXX shared library libmy_package_msg__rosidl_typesupport_cpp.so[0m
[ 64%] [32m[1mLinking CXX shared library libmy_package_msg__rosidl_typesupport_introspection_cpp.so[0m
[ 67%] [32m[1mLinking CXX shared library libmy_package_msg__rosidl_typesupport_fastrtps_cpp.so[0m
[ 67%] Built target my_package_msg__rosidl_typesupport_cpp
[ 67%] Built target my_package_msg__rosidl_typesupport_introspection_cpp
[ 67%] Built target my_package_msg__rosidl_typesupport_fastrtps_cpp
[ 70%] [32m[1mLinking CXX shared library libmy_package_msg__rosidl_typesupport_fastrtps_c.so[0m
[ 70%] Built target my_package_msg__rosidl_typesupport_fastrtps_c
[ 70%] Built target my_package_msg
[ 74%] [34m[1mGenerating Python code for ROS interfaces[0m
[ 74%] Built target my_package_msg__py
[ 77%] [32mBuilding C object CMakeFiles/my_package_msg__rosidl_generator_py.dir/rosidl_generator_py/my_package_msg/msg/_cmd_and_pose_vel_s.c.o[0m
[ 80%] [32m[1mLinking C shared library rosidl_generator_py/my_package_msg/libmy_package_msg__rosidl_generator_py.so[0m
[ 80%] Built target my_package_msg__rosidl_generator_py
[ 83%] [32mBuilding C object CMakeFiles/my_package_msg__rosidl_typesupport_introspection_c__pyext.dir/rosidl_generator_py/my_package_msg/_my_package_msg_s.ep.rosidl_typesupport_introspection_c.c.o[0m
[ 87%] [32mBuilding C object CMakeFiles/my_package_msg__rosidl_typesupport_fastrtps_c__pyext.dir/rosidl_generator_py/my_package_msg/_my_package_msg_s.ep.rosidl_typesupport_fastrtps_c.c.o[0m
[ 90%] [32mBuilding C object CMakeFiles/my_package_msg__rosidl_typesupport_c__pyext.dir/rosidl_generator_py/my_package_msg/_my_package_msg_s.ep.rosidl_typesupport_c.c.o[0m
[ 93%] [32m[1mLinking C shared library rosidl_generator_py/my_package_msg/my_package_msg_s__rosidl_typesupport_introspection_c.cpython-310-x86_64-linux-gnu.so[0m
[ 96%] [32m[1mLinking C shared library rosidl_generator_py/my_package_msg/my_package_msg_s__rosidl_typesupport_fastrtps_c.cpython-310-x86_64-linux-gnu.so[0m
[100%] [32m[1mLinking C shared library rosidl_generator_py/my_package_msg/my_package_msg_s__rosidl_typesupport_c.cpython-310-x86_64-linux-gnu.so[0m
[100%] Built target my_package_msg__rosidl_typesupport_introspection_c__pyext
[100%] Built target my_package_msg__rosidl_typesupport_fastrtps_c__pyext
[100%] Built target my_package_msg__rosidl_typesupport_c__pyext
-- Install configuration: ""
-- Installing: /root/ros2/install/my_package_msg/share/ament_index/resource_index/rosidl_interfaces/my_package_msg
-- Installing: /root/ros2/install/my_package_msg/include/my_package_msg/my_package_msg
-- Installing: /root/ros2/install/my_package_msg/include/my_package_msg/my_package_msg/msg
-- Installing: /root/ros2/install/my_package_msg/include/my_package_msg/my_package_msg/msg/rosidl_generator_c__visibility_control.h
-- Installing: /root/ros2/install/my_package_msg/include/my_package_msg/my_package_msg/msg/detail
-- Installing: /root/ros2/install/my_package_msg/include/my_package_msg/my_package_msg/msg/detail/cmd_and_pose_vel__functions.c
-- Installing: /root/ros2/install/my_package_msg/include/my_package_msg/my_package_msg/msg/detail/cmd_and_pose_vel__struct.h
-- Installing: /root/ros2/install/my_package_msg/include/my_package_msg/my_package_msg/msg/detail/cmd_and_pose_vel__type_support.h
-- Installing: /root/ros2/install/my_package_msg/include/my_package_msg/my_package_msg/msg/detail/cmd_and_pose_vel__functions.h
-- Installing: /root/ros2/install/my_package_msg/include/my_package_msg/my_package_msg/msg/cmd_and_pose_vel.h
-- Installing: /root/ros2/install/my_package_msg/share/my_package_msg/environment/library_path.sh
-- Installing: /root/ros2/install/my_package_msg/share/my_package_msg/environment/library_path.dsv
-- Installing: /root/ros2/install/my_package_msg/lib/libmy_package_msg__rosidl_generator_c.so
-- Set runtime path of "/root/ros2/install/my_package_msg/lib/libmy_package_msg__rosidl_generator_c.so" to ""
-- Up-to-date: /root/ros2/install/my_package_msg/include/my_package_msg/my_package_msg
-- Up-to-date: /root/ros2/install/my_package_msg/include/my_package_msg/my_package_msg/msg
-- Up-to-date: /root/ros2/install/my_package_msg/include/my_package_msg/my_package_msg/msg/detail
-- Installing: /root/ros2/install/my_package_msg/include/my_package_msg/my_package_msg/msg/detail/cmd_and_pose_vel__rosidl_typesupport_fastrtps_c.h
-- Installing: /root/ros2/install/my_package_msg/include/my_package_msg/my_package_msg/msg/rosidl_typesupport_fastrtps_c__visibility_control.h
-- Installing: /root/ros2/install/my_package_msg/lib/libmy_package_msg__rosidl_typesupport_fastrtps_c.so
-- Set runtime path of "/root/ros2/install/my_package_msg/lib/libmy_package_msg__rosidl_typesupport_fastrtps_c.so" to ""
-- Up-to-date: /root/ros2/install/my_package_msg/include/my_package_msg/my_package_msg
-- Up-to-date: /root/ros2/install/my_package_msg/include/my_package_msg/my_package_msg/msg
-- Up-to-date: /root/ros2/install/my_package_msg/include/my_package_msg/my_package_msg/msg/detail
-- Installing: /root/ros2/install/my_package_msg/include/my_package_msg/my_package_msg/msg/detail/cmd_and_pose_vel__rosidl_typesupport_introspection_c.h
-- Installing: /root/ros2/install/my_package_msg/include/my_package_msg/my_package_msg/msg/detail/cmd_and_pose_vel__type_support.c
-- Installing: /root/ros2/install/my_package_msg/include/my_package_msg/my_package_msg/msg/rosidl_typesupport_introspection_c__visibility_control.h
-- Installing: /root/ros2/install/my_package_msg/lib/libmy_package_msg__rosidl_typesupport_introspection_c.so
-- Set runtime path of "/root/ros2/install/my_package_msg/lib/libmy_package_msg__rosidl_typesupport_introspection_c.so" to ""
-- Installing: /root/ros2/install/my_package_msg/lib/libmy_package_msg__rosidl_typesupport_c.so
-- Set runtime path of "/root/ros2/install/my_package_msg/lib/libmy_package_msg__rosidl_typesupport_c.so" to ""
-- Up-to-date: /root/ros2/install/my_package_msg/include/my_package_msg/my_package_msg
-- Up-to-date: /root/ros2/install/my_package_msg/include/my_package_msg/my_package_msg/msg
-- Up-to-date: /root/ros2/install/my_package_msg/include/my_package_msg/my_package_msg/msg/detail
-- Installing: /root/ros2/install/my_package_msg/include/my_package_msg/my_package_msg/msg/detail/cmd_and_pose_vel__traits.hpp
-- Installing: /root/ros2/install/my_package_msg/include/my_package_msg/my_package_msg/msg/detail/cmd_and_pose_vel__type_support.hpp
-- Installing: /root/ros2/install/my_package_msg/include/my_package_msg/my_package_msg/msg/detail/cmd_and_pose_vel__struct.hpp
-- Installing: /root/ros2/install/my_package_msg/include/my_package_msg/my_package_msg/msg/detail/cmd_and_pose_vel__builder.hpp
-- Installing: /root/ros2/install/my_package_msg/include/my_package_msg/my_package_msg/msg/rosidl_generator_cpp__visibility_control.hpp
-- Installing: /root/ros2/install/my_package_msg/include/my_package_msg/my_package_msg/msg/cmd_and_pose_vel.hpp
-- Up-to-date: /root/ros2/install/my_package_msg/include/my_package_msg/my_package_msg
-- Up-to-date: /root/ros2/install/my_package_msg/include/my_package_msg/my_package_msg/msg
-- Up-to-date: /root/ros2/install/my_package_msg/include/my_package_msg/my_package_msg/msg/detail
-- Installing: /root/ros2/install/my_package_msg/include/my_package_msg/my_package_msg/msg/detail/cmd_and_pose_vel__rosidl_typesupport_fastrtps_cpp.hpp
-- Installing: /root/ros2/install/my_package_msg/include/my_package_msg/my_package_msg/msg/detail/dds_fastrtps
-- Installing: /root/ros2/install/my_package_msg/include/my_package_msg/my_package_msg/msg/rosidl_typesupport_fastrtps_cpp__visibility_control.h
-- Installing: /root/ros2/install/my_package_msg/lib/libmy_package_msg__rosidl_typesupport_fastrtps_cpp.so
-- Set runtime path of "/root/ros2/install/my_package_msg/lib/libmy_package_msg__rosidl_typesupport_fastrtps_cpp.so" to ""
-- Up-to-date: /root/ros2/install/my_package_msg/include/my_package_msg/my_package_msg
-- Up-to-date: /root/ros2/install/my_package_msg/include/my_package_msg/my_package_msg/msg
-- Up-to-date: /root/ros2/install/my_package_msg/include/my_package_msg/my_package_msg/msg/detail
-- Installing: /root/ros2/install/my_package_msg/include/my_package_msg/my_package_msg/msg/detail/cmd_and_pose_vel__type_support.cpp
-- Installing: /root/ros2/install/my_package_msg/include/my_package_msg/my_package_msg/msg/detail/cmd_and_pose_vel__rosidl_typesupport_introspection_cpp.hpp
-- Installing: /root/ros2/install/my_package_msg/lib/libmy_package_msg__rosidl_typesupport_introspection_cpp.so
-- Set runtime path of "/root/ros2/install/my_package_msg/lib/libmy_package_msg__rosidl_typesupport_introspection_cpp.so" to ""
-- Installing: /root/ros2/install/my_package_msg/lib/libmy_package_msg__rosidl_typesupport_cpp.so
-- Set runtime path of "/root/ros2/install/my_package_msg/lib/libmy_package_msg__rosidl_typesupport_cpp.so" to ""
-- Installing: /root/ros2/install/my_package_msg/share/my_package_msg/environment/pythonpath.sh
-- Installing: /root/ros2/install/my_package_msg/share/my_package_msg/environment/pythonpath.dsv
-- Installing: /root/ros2/install/my_package_msg/local/lib/python3.10/dist-packages/my_package_msg-0.0.0-py3.10.egg-info
-- Installing: /root/ros2/install/my_package_msg/local/lib/python3.10/dist-packages/my_package_msg-0.0.0-py3.10.egg-info/dependency_links.txt
-- Installing: /root/ros2/install/my_package_msg/local/lib/python3.10/dist-packages/my_package_msg-0.0.0-py3.10.egg-info/SOURCES.txt
-- Installing: /root/ros2/install/my_package_msg/local/lib/python3.10/dist-packages/my_package_msg-0.0.0-py3.10.egg-info/PKG-INFO
-- Installing: /root/ros2/install/my_package_msg/local/lib/python3.10/dist-packages/my_package_msg-0.0.0-py3.10.egg-info/top_level.txt
-- Installing: /root/ros2/install/my_package_msg/local/lib/python3.10/dist-packages/my_package_msg
-- Installing: /root/ros2/install/my_package_msg/local/lib/python3.10/dist-packages/my_package_msg/msg
-- Installing: /root/ros2/install/my_package_msg/local/lib/python3.10/dist-packages/my_package_msg/msg/_cmd_and_pose_vel.py
-- Installing: /root/ros2/install/my_package_msg/local/lib/python3.10/dist-packages/my_package_msg/msg/__init__.py
-- Installing: /root/ros2/install/my_package_msg/local/lib/python3.10/dist-packages/my_package_msg/msg/_cmd_and_pose_vel_s.c
-- Installing: /root/ros2/install/my_package_msg/local/lib/python3.10/dist-packages/my_package_msg/_my_package_msg_s.ep.rosidl_typesupport_fastrtps_c.c
-- Installing: /root/ros2/install/my_package_msg/local/lib/python3.10/dist-packages/my_package_msg/libmy_package_msg__rosidl_generator_py.so
-- Installing: /root/ros2/install/my_package_msg/local/lib/python3.10/dist-packages/my_package_msg/_my_package_msg_s.ep.rosidl_typesupport_c.c
-- Installing: /root/ros2/install/my_package_msg/local/lib/python3.10/dist-packages/my_package_msg/__init__.py
-- Installing: /root/ros2/install/my_package_msg/local/lib/python3.10/dist-packages/my_package_msg/my_package_msg_s__rosidl_typesupport_c.cpython-310-x86_64-linux-gnu.so
-- Installing: /root/ros2/install/my_package_msg/local/lib/python3.10/dist-packages/my_package_msg/my_package_msg_s__rosidl_typesupport_introspection_c.cpython-310-x86_64-linux-gnu.so
-- Installing: /root/ros2/install/my_package_msg/local/lib/python3.10/dist-packages/my_package_msg/my_package_msg_s__rosidl_typesupport_fastrtps_c.cpython-310-x86_64-linux-gnu.so
-- Installing: /root/ros2/install/my_package_msg/local/lib/python3.10/dist-packages/my_package_msg/_my_package_msg_s.ep.rosidl_typesupport_introspection_c.c
Listing '/root/ros2/install/my_package_msg/local/lib/python3.10/dist-packages/my_package_msg'...
Compiling '/root/ros2/install/my_package_msg/local/lib/python3.10/dist-packages/my_package_msg/__init__.py'...
Listing '/root/ros2/install/my_package_msg/local/lib/python3.10/dist-packages/my_package_msg/msg'...
Compiling '/root/ros2/install/my_package_msg/local/lib/python3.10/dist-packages/my_package_msg/msg/__init__.py'...
Compiling '/root/ros2/install/my_package_msg/local/lib/python3.10/dist-packages/my_package_msg/msg/_cmd_and_pose_vel.py'...
-- Installing: /root/ros2/install/my_package_msg/local/lib/python3.10/dist-packages/my_package_msg/my_package_msg_s__rosidl_typesupport_fastrtps_c.cpython-310-x86_64-linux-gnu.so
-- Set runtime path of "/root/ros2/install/my_package_msg/local/lib/python3.10/dist-packages/my_package_msg/my_package_msg_s__rosidl_typesupport_fastrtps_c.cpython-310-x86_64-linux-gnu.so" to ""
-- Installing: /root/ros2/install/my_package_msg/local/lib/python3.10/dist-packages/my_package_msg/my_package_msg_s__rosidl_typesupport_introspection_c.cpython-310-x86_64-linux-gnu.so
-- Set runtime path of "/root/ros2/install/my_package_msg/local/lib/python3.10/dist-packages/my_package_msg/my_package_msg_s__rosidl_typesupport_introspection_c.cpython-310-x86_64-linux-gnu.so" to ""
-- Installing: /root/ros2/install/my_package_msg/local/lib/python3.10/dist-packages/my_package_msg/my_package_msg_s__rosidl_typesupport_c.cpython-310-x86_64-linux-gnu.so
-- Set runtime path of "/root/ros2/install/my_package_msg/local/lib/python3.10/dist-packages/my_package_msg/my_package_msg_s__rosidl_typesupport_c.cpython-310-x86_64-linux-gnu.so" to ""
-- Installing: /root/ros2/install/my_package_msg/lib/libmy_package_msg__rosidl_generator_py.so
-- Set runtime path of "/root/ros2/install/my_package_msg/lib/libmy_package_msg__rosidl_generator_py.so" to ""
-- Installing: /root/ros2/install/my_package_msg/share/my_package_msg/msg/CmdAndPoseVel.idl
-- Installing: /root/ros2/install/my_package_msg/share/my_package_msg/msg/CmdAndPoseVel.msg
-- Installing: /root/ros2/install/my_package_msg/share/ament_index/resource_index/package_run_dependencies/my_package_msg
-- Installing: /root/ros2/install/my_package_msg/share/ament_index/resource_index/parent_prefix_path/my_package_msg
-- Installing: /root/ros2/install/my_package_msg/share/my_package_msg/environment/ament_prefix_path.sh
-- Installing: /root/ros2/install/my_package_msg/share/my_package_msg/environment/ament_prefix_path.dsv
-- Installing: /root/ros2/install/my_package_msg/share/my_package_msg/environment/path.sh
-- Installing: /root/ros2/install/my_package_msg/share/my_package_msg/environment/path.dsv
-- Installing: /root/ros2/install/my_package_msg/share/my_package_msg/local_setup.bash
-- Installing: /root/ros2/install/my_package_msg/share/my_package_msg/local_setup.sh
-- Installing: /root/ros2/install/my_package_msg/share/my_package_msg/local_setup.zsh
-- Installing: /root/ros2/install/my_package_msg/share/my_package_msg/local_setup.dsv
-- Installing: /root/ros2/install/my_package_msg/share/my_package_msg/package.dsv
-- Installing: /root/ros2/install/my_package_msg/share/ament_index/resource_index/packages/my_package_msg
-- Installing: /root/ros2/install/my_package_msg/share/my_package_msg/cmake/export_my_package_msg__rosidl_generator_cExport.cmake
-- Installing: /root/ros2/install/my_package_msg/share/my_package_msg/cmake/export_my_package_msg__rosidl_generator_cExport-noconfig.cmake
-- Installing: /root/ros2/install/my_package_msg/share/my_package_msg/cmake/export_my_package_msg__rosidl_typesupport_fastrtps_cExport.cmake
-- Installing: /root/ros2/install/my_package_msg/share/my_package_msg/cmake/export_my_package_msg__rosidl_typesupport_fastrtps_cExport-noconfig.cmake
-- Installing: /root/ros2/install/my_package_msg/share/my_package_msg/cmake/my_package_msg__rosidl_typesupport_introspection_cExport.cmake
-- Installing: /root/ros2/install/my_package_msg/share/my_package_msg/cmake/my_package_msg__rosidl_typesupport_introspection_cExport-noconfig.cmake
-- Installing: /root/ros2/install/my_package_msg/share/my_package_msg/cmake/my_package_msg__rosidl_typesupport_cExport.cmake
-- Installing: /root/ros2/install/my_package_msg/share/my_package_msg/cmake/my_package_msg__rosidl_typesupport_cExport-noconfig.cmake
-- Installing: /root/ros2/install/my_package_msg/share/my_package_msg/cmake/export_my_package_msg__rosidl_generator_cppExport.cmake
-- Installing: /root/ros2/install/my_package_msg/share/my_package_msg/cmake/export_my_package_msg__rosidl_typesupport_fastrtps_cppExport.cmake
-- Installing: /root/ros2/install/my_package_msg/share/my_package_msg/cmake/export_my_package_msg__rosidl_typesupport_fastrtps_cppExport-noconfig.cmake
-- Installing: /root/ros2/install/my_package_msg/share/my_package_msg/cmake/my_package_msg__rosidl_typesupport_introspection_cppExport.cmake
-- Installing: /root/ros2/install/my_package_msg/share/my_package_msg/cmake/my_package_msg__rosidl_typesupport_introspection_cppExport-noconfig.cmake
-- Installing: /root/ros2/install/my_package_msg/share/my_package_msg/cmake/my_package_msg__rosidl_typesupport_cppExport.cmake
-- Installing: /root/ros2/install/my_package_msg/share/my_package_msg/cmake/my_package_msg__rosidl_typesupport_cppExport-noconfig.cmake
-- Installing: /root/ros2/install/my_package_msg/share/my_package_msg/cmake/export_my_package_msg__rosidl_generator_pyExport.cmake
-- Installing: /root/ros2/install/my_package_msg/share/my_package_msg/cmake/export_my_package_msg__rosidl_generator_pyExport-noconfig.cmake
-- Installing: /root/ros2/install/my_package_msg/share/my_package_msg/cmake/rosidl_cmake-extras.cmake
-- Installing: /root/ros2/install/my_package_msg/share/my_package_msg/cmake/ament_cmake_export_include_directories-extras.cmake
-- Installing: /root/ros2/install/my_package_msg/share/my_package_msg/cmake/ament_cmake_export_libraries-extras.cmake
-- Installing: /root/ros2/install/my_package_msg/share/my_package_msg/cmake/ament_cmake_export_targets-extras.cmake
-- Installing: /root/ros2/install/my_package_msg/share/my_package_msg/cmake/rosidl_cmake_export_typesupport_targets-extras.cmake
-- Installing: /root/ros2/install/my_package_msg/share/my_package_msg/cmake/ament_cmake_export_dependencies-extras.cmake
-- Installing: /root/ros2/install/my_package_msg/share/my_package_msg/cmake/rosidl_cmake_export_typesupport_libraries-extras.cmake
-- Installing: /root/ros2/install/my_package_msg/share/my_package_msg/cmake/my_package_msgConfig.cmake
-- Installing: /root/ros2/install/my_package_msg/share/my_package_msg/cmake/my_package_msgConfig-version.cmake
-- Installing: /root/ros2/install/my_package_msg/share/my_package_msg/package.xml
