[0.011s] Invoking command in '/root/ros2/build/my_package_msg': CMAKE_PREFIX_PATH=/opt/ros/humble /usr/bin/cmake /root/ros2/src/my_package_msg -DCMAKE_INSTALL_PREFIX=/root/ros2/install/my_package_msg
[0.054s] -- The C compiler identification is GNU 11.4.0
[0.087s] -- The CXX compiler identification is GNU 11.4.0
[0.090s] -- Detecting C compiler ABI info
[0.134s] -- Detecting C compiler ABI info - done
[0.139s] -- Check for working C compiler: /usr/bin/cc - skipped
[0.140s] -- Detecting C compile features
[0.140s] -- Detecting C compile features - done
[0.141s] -- Detecting CXX compiler ABI info
[0.190s] -- Detecting CXX compiler ABI info - done
[0.196s] -- Check for working CXX compiler: /usr/bin/c++ - skipped
[0.196s] -- Detecting CXX compile features
[0.196s] -- Detecting CXX compile features - done
[0.197s] -- Found ament_cmake: 1.3.12 (/opt/ros/humble/share/ament_cmake/cmake)
[0.284s] -- Found Python3: /usr/bin/python3 (found version "3.10.12") found components: Interpreter 
[0.337s] -- Found rosidl_default_generators: 1.2.0 (/opt/ros/humble/share/rosidl_default_generators/cmake)
[0.339s] -- Using all available rosidl_typesupport_c: rosidl_typesupport_fastrtps_c;rosidl_typesupport_introspection_c
[0.343s] -- Found rosidl_adapter: 3.1.8 (/opt/ros/humble/share/rosidl_adapter/cmake)
[0.365s] -- Using all available rosidl_typesupport_cpp: rosidl_typesupport_fastrtps_cpp;rosidl_typesupport_introspection_cpp
[0.539s] -- Found ament_cmake_ros: 0.10.0 (/opt/ros/humble/share/ament_cmake_ros/cmake)
[0.660s] -- Using all available rosidl_typesupport_c: rosidl_typesupport_fastrtps_c;rosidl_typesupport_introspection_c
[0.808s] -- Using all available rosidl_typesupport_cpp: rosidl_typesupport_fastrtps_cpp;rosidl_typesupport_introspection_cpp
[0.825s] -- Found PythonInterp: /usr/bin/python3 (found suitable version "3.10.12", minimum required is "3.6") 
[0.828s] -- Found python_cmake_module: 0.10.0 (/opt/ros/humble/share/python_cmake_module/cmake)
[0.845s] -- Found PythonLibs: /usr/lib/x86_64-linux-gnu/libpython3.10.so (found suitable version "3.10.12", minimum required is "3.5") 
[0.845s] -- Using PYTHON_EXECUTABLE: /usr/bin/python3
[0.845s] -- Using PYTHON_INCLUDE_DIRS: /usr/include/python3.10
[0.846s] -- Using PYTHON_LIBRARIES: /usr/lib/x86_64-linux-gnu/libpython3.10.so
[0.856s] -- Found PythonExtra: .so  
[0.875s] -- Found ament_lint_auto: 0.12.14 (/opt/ros/humble/share/ament_lint_auto/cmake)
[0.894s] -- Added test 'lint_cmake' to check CMake code style
[0.895s] -- Added test 'xmllint' to check XML markup files
[0.896s] -- Configuring done
[0.909s] -- Generating done
[0.913s] -- Build files have been written to: /root/ros2/build/my_package_msg
[0.918s] Invoked command in '/root/ros2/build/my_package_msg' returned '0': CMAKE_PREFIX_PATH=/opt/ros/humble /usr/bin/cmake /root/ros2/src/my_package_msg -DCMAKE_INSTALL_PREFIX=/root/ros2/install/my_package_msg
[0.918s] Invoking command in '/root/ros2/build/my_package_msg': CMAKE_PREFIX_PATH=/opt/ros/humble /usr/bin/cmake --build /root/ros2/build/my_package_msg -- -j24 -l24
[0.947s] [  3%] [34m[1mGenerating C code for ROS interfaces[0m
[0.954s] [  6%] [34m[1mGenerating C++ code for ROS interfaces[0m
[0.960s] [  6%] Built target ament_cmake_python_copy_my_package_msg
[1.085s] running egg_info
[1.085s] creating my_package_msg.egg-info
[1.085s] writing my_package_msg.egg-info/PKG-INFO
[1.085s] writing dependency_links to my_package_msg.egg-info/dependency_links.txt
[1.085s] writing top-level names to my_package_msg.egg-info/top_level.txt
[1.085s] writing manifest file 'my_package_msg.egg-info/SOURCES.txt'
[1.086s] reading manifest file 'my_package_msg.egg-info/SOURCES.txt'
[1.086s] writing manifest file 'my_package_msg.egg-info/SOURCES.txt'
[1.104s] [  6%] Built target ament_cmake_python_build_my_package_msg_egg
[1.111s] [  6%] Built target my_package_msg__cpp
[1.117s] [  9%] [34m[1mGenerating C++ type support dispatch for ROS interfaces[0m
[1.121s] [ 12%] [34m[1mGenerating C++ introspection for ROS interfaces[0m
[1.121s] [ 16%] [34m[1mGenerating C++ type support for eProsima Fast-RTPS[0m
[1.126s] [ 19%] [32mBuilding C object CMakeFiles/my_package_msg__rosidl_generator_c.dir/rosidl_generator_c/my_package_msg/msg/detail/cmd_and_pose_vel__functions.c.o[0m
[1.175s] [ 22%] [32m[1mLinking C shared library libmy_package_msg__rosidl_generator_c.so[0m
[1.202s] [ 22%] Built target my_package_msg__rosidl_generator_c
[1.209s] [ 25%] [34m[1mGenerating C introspection for ROS interfaces[0m
[1.209s] [ 29%] [34m[1mGenerating C type support for eProsima Fast-RTPS[0m
[1.213s] [ 32%] [34m[1mGenerating C type support dispatch for ROS interfaces[0m
[1.262s] [ 35%] [32mBuilding CXX object CMakeFiles/my_package_msg__rosidl_typesupport_cpp.dir/rosidl_typesupport_cpp/my_package_msg/msg/cmd_and_pose_vel__type_support.cpp.o[0m
[1.275s] [ 38%] [32mBuilding CXX object CMakeFiles/my_package_msg__rosidl_typesupport_fastrtps_cpp.dir/rosidl_typesupport_fastrtps_cpp/my_package_msg/msg/detail/dds_fastrtps/cmd_and_pose_vel__type_support.cpp.o[0m
[1.283s] [ 41%] [32mBuilding CXX object CMakeFiles/my_package_msg__rosidl_typesupport_introspection_cpp.dir/rosidl_typesupport_introspection_cpp/my_package_msg/msg/detail/cmd_and_pose_vel__type_support.cpp.o[0m
[1.361s] [ 45%] [32mBuilding CXX object CMakeFiles/my_package_msg__rosidl_typesupport_c.dir/rosidl_typesupport_c/my_package_msg/msg/cmd_and_pose_vel__type_support.cpp.o[0m
[1.376s] [ 48%] [32mBuilding C object CMakeFiles/my_package_msg__rosidl_typesupport_introspection_c.dir/rosidl_typesupport_introspection_c/my_package_msg/msg/detail/cmd_and_pose_vel__type_support.c.o[0m
[1.376s] [ 51%] [32mBuilding CXX object CMakeFiles/my_package_msg__rosidl_typesupport_fastrtps_c.dir/rosidl_typesupport_fastrtps_c/my_package_msg/msg/detail/cmd_and_pose_vel__type_support_c.cpp.o[0m
[1.391s] [ 54%] [32m[1mLinking CXX shared library libmy_package_msg__rosidl_typesupport_c.so[0m
[1.398s] [ 58%] [32m[1mLinking C shared library libmy_package_msg__rosidl_typesupport_introspection_c.so[0m
[1.422s] [ 58%] Built target my_package_msg__rosidl_typesupport_c
[1.425s] [ 58%] Built target my_package_msg__rosidl_typesupport_introspection_c
[1.459s] [ 61%] [32m[1mLinking CXX shared library libmy_package_msg__rosidl_typesupport_cpp.so[0m
[1.495s] [ 64%] [32m[1mLinking CXX shared library libmy_package_msg__rosidl_typesupport_introspection_cpp.so[0m
[1.497s] [ 67%] [32m[1mLinking CXX shared library libmy_package_msg__rosidl_typesupport_fastrtps_cpp.so[0m
[1.500s] [ 67%] Built target my_package_msg__rosidl_typesupport_cpp
[1.525s] [ 67%] Built target my_package_msg__rosidl_typesupport_introspection_cpp
[1.552s] [ 67%] Built target my_package_msg__rosidl_typesupport_fastrtps_cpp
[1.558s] [ 70%] [32m[1mLinking CXX shared library libmy_package_msg__rosidl_typesupport_fastrtps_c.so[0m
[1.603s] [ 70%] Built target my_package_msg__rosidl_typesupport_fastrtps_c
[1.616s] [ 70%] Built target my_package_msg
[1.631s] [ 74%] [34m[1mGenerating Python code for ROS interfaces[0m
[1.761s] [ 74%] Built target my_package_msg__py
[1.772s] [ 77%] [32mBuilding C object CMakeFiles/my_package_msg__rosidl_generator_py.dir/rosidl_generator_py/my_package_msg/msg/_cmd_and_pose_vel_s.c.o[0m
[1.847s] [ 80%] [32m[1mLinking C shared library rosidl_generator_py/my_package_msg/libmy_package_msg__rosidl_generator_py.so[0m
[1.873s] [ 80%] Built target my_package_msg__rosidl_generator_py
[1.883s] [ 83%] [32mBuilding C object CMakeFiles/my_package_msg__rosidl_typesupport_introspection_c__pyext.dir/rosidl_generator_py/my_package_msg/_my_package_msg_s.ep.rosidl_typesupport_introspection_c.c.o[0m
[1.887s] [ 87%] [32mBuilding C object CMakeFiles/my_package_msg__rosidl_typesupport_fastrtps_c__pyext.dir/rosidl_generator_py/my_package_msg/_my_package_msg_s.ep.rosidl_typesupport_fastrtps_c.c.o[0m
[1.888s] [ 90%] [32mBuilding C object CMakeFiles/my_package_msg__rosidl_typesupport_c__pyext.dir/rosidl_generator_py/my_package_msg/_my_package_msg_s.ep.rosidl_typesupport_c.c.o[0m
[1.939s] [ 93%] [32m[1mLinking C shared library rosidl_generator_py/my_package_msg/my_package_msg_s__rosidl_typesupport_introspection_c.cpython-310-x86_64-linux-gnu.so[0m
[1.940s] [ 96%] [32m[1mLinking C shared library rosidl_generator_py/my_package_msg/my_package_msg_s__rosidl_typesupport_fastrtps_c.cpython-310-x86_64-linux-gnu.so[0m
[1.940s] [100%] [32m[1mLinking C shared library rosidl_generator_py/my_package_msg/my_package_msg_s__rosidl_typesupport_c.cpython-310-x86_64-linux-gnu.so[0m
[1.962s] [100%] Built target my_package_msg__rosidl_typesupport_introspection_c__pyext
[1.964s] [100%] Built target my_package_msg__rosidl_typesupport_fastrtps_c__pyext
[1.966s] [100%] Built target my_package_msg__rosidl_typesupport_c__pyext
[1.974s] Invoked command in '/root/ros2/build/my_package_msg' returned '0': CMAKE_PREFIX_PATH=/opt/ros/humble /usr/bin/cmake --build /root/ros2/build/my_package_msg -- -j24 -l24
[1.982s] Invoking command in '/root/ros2/build/my_package_msg': CMAKE_PREFIX_PATH=/opt/ros/humble /usr/bin/cmake --install /root/ros2/build/my_package_msg
[1.987s] -- Install configuration: ""
[1.987s] -- Installing: /root/ros2/install/my_package_msg/share/ament_index/resource_index/rosidl_interfaces/my_package_msg
[1.987s] -- Installing: /root/ros2/install/my_package_msg/include/my_package_msg/my_package_msg
[1.987s] -- Installing: /root/ros2/install/my_package_msg/include/my_package_msg/my_package_msg/msg
[1.987s] -- Installing: /root/ros2/install/my_package_msg/include/my_package_msg/my_package_msg/msg/rosidl_generator_c__visibility_control.h
[1.987s] -- Installing: /root/ros2/install/my_package_msg/include/my_package_msg/my_package_msg/msg/detail
[1.987s] -- Installing: /root/ros2/install/my_package_msg/include/my_package_msg/my_package_msg/msg/detail/cmd_and_pose_vel__functions.c
[1.987s] -- Installing: /root/ros2/install/my_package_msg/include/my_package_msg/my_package_msg/msg/detail/cmd_and_pose_vel__struct.h
[1.987s] -- Installing: /root/ros2/install/my_package_msg/include/my_package_msg/my_package_msg/msg/detail/cmd_and_pose_vel__type_support.h
[1.987s] -- Installing: /root/ros2/install/my_package_msg/include/my_package_msg/my_package_msg/msg/detail/cmd_and_pose_vel__functions.h
[1.987s] -- Installing: /root/ros2/install/my_package_msg/include/my_package_msg/my_package_msg/msg/cmd_and_pose_vel.h
[1.987s] -- Installing: /root/ros2/install/my_package_msg/share/my_package_msg/environment/library_path.sh
[1.988s] -- Installing: /root/ros2/install/my_package_msg/share/my_package_msg/environment/library_path.dsv
[1.988s] -- Installing: /root/ros2/install/my_package_msg/lib/libmy_package_msg__rosidl_generator_c.so
[1.988s] -- Set runtime path of "/root/ros2/install/my_package_msg/lib/libmy_package_msg__rosidl_generator_c.so" to ""
[1.988s] -- Up-to-date: /root/ros2/install/my_package_msg/include/my_package_msg/my_package_msg
[1.988s] -- Up-to-date: /root/ros2/install/my_package_msg/include/my_package_msg/my_package_msg/msg
[1.988s] -- Up-to-date: /root/ros2/install/my_package_msg/include/my_package_msg/my_package_msg/msg/detail
[1.988s] -- Installing: /root/ros2/install/my_package_msg/include/my_package_msg/my_package_msg/msg/detail/cmd_and_pose_vel__rosidl_typesupport_fastrtps_c.h
[1.989s] -- Installing: /root/ros2/install/my_package_msg/include/my_package_msg/my_package_msg/msg/rosidl_typesupport_fastrtps_c__visibility_control.h
[1.989s] -- Installing: /root/ros2/install/my_package_msg/lib/libmy_package_msg__rosidl_typesupport_fastrtps_c.so
[1.989s] -- Set runtime path of "/root/ros2/install/my_package_msg/lib/libmy_package_msg__rosidl_typesupport_fastrtps_c.so" to ""
[1.989s] -- Up-to-date: /root/ros2/install/my_package_msg/include/my_package_msg/my_package_msg
[1.989s] -- Up-to-date: /root/ros2/install/my_package_msg/include/my_package_msg/my_package_msg/msg
[1.989s] -- Up-to-date: /root/ros2/install/my_package_msg/include/my_package_msg/my_package_msg/msg/detail
[1.989s] -- Installing: /root/ros2/install/my_package_msg/include/my_package_msg/my_package_msg/msg/detail/cmd_and_pose_vel__rosidl_typesupport_introspection_c.h
[1.989s] -- Installing: /root/ros2/install/my_package_msg/include/my_package_msg/my_package_msg/msg/detail/cmd_and_pose_vel__type_support.c
[1.989s] -- Installing: /root/ros2/install/my_package_msg/include/my_package_msg/my_package_msg/msg/rosidl_typesupport_introspection_c__visibility_control.h
[1.989s] -- Installing: /root/ros2/install/my_package_msg/lib/libmy_package_msg__rosidl_typesupport_introspection_c.so
[1.989s] -- Set runtime path of "/root/ros2/install/my_package_msg/lib/libmy_package_msg__rosidl_typesupport_introspection_c.so" to ""
[1.989s] -- Installing: /root/ros2/install/my_package_msg/lib/libmy_package_msg__rosidl_typesupport_c.so
[1.989s] -- Set runtime path of "/root/ros2/install/my_package_msg/lib/libmy_package_msg__rosidl_typesupport_c.so" to ""
[1.990s] -- Up-to-date: /root/ros2/install/my_package_msg/include/my_package_msg/my_package_msg
[1.990s] -- Up-to-date: /root/ros2/install/my_package_msg/include/my_package_msg/my_package_msg/msg
[1.990s] -- Up-to-date: /root/ros2/install/my_package_msg/include/my_package_msg/my_package_msg/msg/detail
[1.990s] -- Installing: /root/ros2/install/my_package_msg/include/my_package_msg/my_package_msg/msg/detail/cmd_and_pose_vel__traits.hpp
[1.990s] -- Installing: /root/ros2/install/my_package_msg/include/my_package_msg/my_package_msg/msg/detail/cmd_and_pose_vel__type_support.hpp
[1.990s] -- Installing: /root/ros2/install/my_package_msg/include/my_package_msg/my_package_msg/msg/detail/cmd_and_pose_vel__struct.hpp
[1.990s] -- Installing: /root/ros2/install/my_package_msg/include/my_package_msg/my_package_msg/msg/detail/cmd_and_pose_vel__builder.hpp
[1.990s] -- Installing: /root/ros2/install/my_package_msg/include/my_package_msg/my_package_msg/msg/rosidl_generator_cpp__visibility_control.hpp
[1.990s] -- Installing: /root/ros2/install/my_package_msg/include/my_package_msg/my_package_msg/msg/cmd_and_pose_vel.hpp
[1.990s] -- Up-to-date: /root/ros2/install/my_package_msg/include/my_package_msg/my_package_msg
[1.990s] -- Up-to-date: /root/ros2/install/my_package_msg/include/my_package_msg/my_package_msg/msg
[1.990s] -- Up-to-date: /root/ros2/install/my_package_msg/include/my_package_msg/my_package_msg/msg/detail
[1.990s] -- Installing: /root/ros2/install/my_package_msg/include/my_package_msg/my_package_msg/msg/detail/cmd_and_pose_vel__rosidl_typesupport_fastrtps_cpp.hpp
[1.990s] -- Installing: /root/ros2/install/my_package_msg/include/my_package_msg/my_package_msg/msg/detail/dds_fastrtps
[1.990s] -- Installing: /root/ros2/install/my_package_msg/include/my_package_msg/my_package_msg/msg/rosidl_typesupport_fastrtps_cpp__visibility_control.h
[1.990s] -- Installing: /root/ros2/install/my_package_msg/lib/libmy_package_msg__rosidl_typesupport_fastrtps_cpp.so
[1.990s] -- Set runtime path of "/root/ros2/install/my_package_msg/lib/libmy_package_msg__rosidl_typesupport_fastrtps_cpp.so" to ""
[1.991s] -- Up-to-date: /root/ros2/install/my_package_msg/include/my_package_msg/my_package_msg
[1.991s] -- Up-to-date: /root/ros2/install/my_package_msg/include/my_package_msg/my_package_msg/msg
[1.991s] -- Up-to-date: /root/ros2/install/my_package_msg/include/my_package_msg/my_package_msg/msg/detail
[1.991s] -- Installing: /root/ros2/install/my_package_msg/include/my_package_msg/my_package_msg/msg/detail/cmd_and_pose_vel__type_support.cpp
[1.991s] -- Installing: /root/ros2/install/my_package_msg/include/my_package_msg/my_package_msg/msg/detail/cmd_and_pose_vel__rosidl_typesupport_introspection_cpp.hpp
[1.991s] -- Installing: /root/ros2/install/my_package_msg/lib/libmy_package_msg__rosidl_typesupport_introspection_cpp.so
[1.991s] -- Set runtime path of "/root/ros2/install/my_package_msg/lib/libmy_package_msg__rosidl_typesupport_introspection_cpp.so" to ""
[1.991s] -- Installing: /root/ros2/install/my_package_msg/lib/libmy_package_msg__rosidl_typesupport_cpp.so
[1.991s] -- Set runtime path of "/root/ros2/install/my_package_msg/lib/libmy_package_msg__rosidl_typesupport_cpp.so" to ""
[1.991s] -- Installing: /root/ros2/install/my_package_msg/share/my_package_msg/environment/pythonpath.sh
[1.991s] -- Installing: /root/ros2/install/my_package_msg/share/my_package_msg/environment/pythonpath.dsv
[1.991s] -- Installing: /root/ros2/install/my_package_msg/local/lib/python3.10/dist-packages/my_package_msg-0.0.0-py3.10.egg-info
[1.991s] -- Installing: /root/ros2/install/my_package_msg/local/lib/python3.10/dist-packages/my_package_msg-0.0.0-py3.10.egg-info/dependency_links.txt
[1.991s] -- Installing: /root/ros2/install/my_package_msg/local/lib/python3.10/dist-packages/my_package_msg-0.0.0-py3.10.egg-info/SOURCES.txt
[1.991s] -- Installing: /root/ros2/install/my_package_msg/local/lib/python3.10/dist-packages/my_package_msg-0.0.0-py3.10.egg-info/PKG-INFO
[1.991s] -- Installing: /root/ros2/install/my_package_msg/local/lib/python3.10/dist-packages/my_package_msg-0.0.0-py3.10.egg-info/top_level.txt
[1.991s] -- Installing: /root/ros2/install/my_package_msg/local/lib/python3.10/dist-packages/my_package_msg
[1.992s] -- Installing: /root/ros2/install/my_package_msg/local/lib/python3.10/dist-packages/my_package_msg/msg
[1.992s] -- Installing: /root/ros2/install/my_package_msg/local/lib/python3.10/dist-packages/my_package_msg/msg/_cmd_and_pose_vel.py
[1.992s] -- Installing: /root/ros2/install/my_package_msg/local/lib/python3.10/dist-packages/my_package_msg/msg/__init__.py
[1.992s] -- Installing: /root/ros2/install/my_package_msg/local/lib/python3.10/dist-packages/my_package_msg/msg/_cmd_and_pose_vel_s.c
[1.992s] -- Installing: /root/ros2/install/my_package_msg/local/lib/python3.10/dist-packages/my_package_msg/_my_package_msg_s.ep.rosidl_typesupport_fastrtps_c.c
[1.992s] -- Installing: /root/ros2/install/my_package_msg/local/lib/python3.10/dist-packages/my_package_msg/libmy_package_msg__rosidl_generator_py.so
[1.992s] -- Installing: /root/ros2/install/my_package_msg/local/lib/python3.10/dist-packages/my_package_msg/_my_package_msg_s.ep.rosidl_typesupport_c.c
[1.992s] -- Installing: /root/ros2/install/my_package_msg/local/lib/python3.10/dist-packages/my_package_msg/__init__.py
[1.992s] -- Installing: /root/ros2/install/my_package_msg/local/lib/python3.10/dist-packages/my_package_msg/my_package_msg_s__rosidl_typesupport_c.cpython-310-x86_64-linux-gnu.so
[1.992s] -- Installing: /root/ros2/install/my_package_msg/local/lib/python3.10/dist-packages/my_package_msg/my_package_msg_s__rosidl_typesupport_introspection_c.cpython-310-x86_64-linux-gnu.so
[1.992s] -- Installing: /root/ros2/install/my_package_msg/local/lib/python3.10/dist-packages/my_package_msg/my_package_msg_s__rosidl_typesupport_fastrtps_c.cpython-310-x86_64-linux-gnu.so
[1.992s] -- Installing: /root/ros2/install/my_package_msg/local/lib/python3.10/dist-packages/my_package_msg/_my_package_msg_s.ep.rosidl_typesupport_introspection_c.c
[2.009s] Listing '/root/ros2/install/my_package_msg/local/lib/python3.10/dist-packages/my_package_msg'...
[2.009s] Compiling '/root/ros2/install/my_package_msg/local/lib/python3.10/dist-packages/my_package_msg/__init__.py'...
[2.009s] Listing '/root/ros2/install/my_package_msg/local/lib/python3.10/dist-packages/my_package_msg/msg'...
[2.009s] Compiling '/root/ros2/install/my_package_msg/local/lib/python3.10/dist-packages/my_package_msg/msg/__init__.py'...
[2.009s] Compiling '/root/ros2/install/my_package_msg/local/lib/python3.10/dist-packages/my_package_msg/msg/_cmd_and_pose_vel.py'...
[2.012s] -- Installing: /root/ros2/install/my_package_msg/local/lib/python3.10/dist-packages/my_package_msg/my_package_msg_s__rosidl_typesupport_fastrtps_c.cpython-310-x86_64-linux-gnu.so
[2.012s] -- Set runtime path of "/root/ros2/install/my_package_msg/local/lib/python3.10/dist-packages/my_package_msg/my_package_msg_s__rosidl_typesupport_fastrtps_c.cpython-310-x86_64-linux-gnu.so" to ""
[2.012s] -- Installing: /root/ros2/install/my_package_msg/local/lib/python3.10/dist-packages/my_package_msg/my_package_msg_s__rosidl_typesupport_introspection_c.cpython-310-x86_64-linux-gnu.so
[2.012s] -- Set runtime path of "/root/ros2/install/my_package_msg/local/lib/python3.10/dist-packages/my_package_msg/my_package_msg_s__rosidl_typesupport_introspection_c.cpython-310-x86_64-linux-gnu.so" to ""
[2.013s] -- Installing: /root/ros2/install/my_package_msg/local/lib/python3.10/dist-packages/my_package_msg/my_package_msg_s__rosidl_typesupport_c.cpython-310-x86_64-linux-gnu.so
[2.013s] -- Set runtime path of "/root/ros2/install/my_package_msg/local/lib/python3.10/dist-packages/my_package_msg/my_package_msg_s__rosidl_typesupport_c.cpython-310-x86_64-linux-gnu.so" to ""
[2.013s] -- Installing: /root/ros2/install/my_package_msg/lib/libmy_package_msg__rosidl_generator_py.so
[2.013s] -- Set runtime path of "/root/ros2/install/my_package_msg/lib/libmy_package_msg__rosidl_generator_py.so" to ""
[2.013s] -- Installing: /root/ros2/install/my_package_msg/share/my_package_msg/msg/CmdAndPoseVel.idl
[2.013s] -- Installing: /root/ros2/install/my_package_msg/share/my_package_msg/msg/CmdAndPoseVel.msg
[2.013s] -- Installing: /root/ros2/install/my_package_msg/share/ament_index/resource_index/package_run_dependencies/my_package_msg
[2.013s] -- Installing: /root/ros2/install/my_package_msg/share/ament_index/resource_index/parent_prefix_path/my_package_msg
[2.014s] -- Installing: /root/ros2/install/my_package_msg/share/my_package_msg/environment/ament_prefix_path.sh
[2.014s] -- Installing: /root/ros2/install/my_package_msg/share/my_package_msg/environment/ament_prefix_path.dsv
[2.014s] -- Installing: /root/ros2/install/my_package_msg/share/my_package_msg/environment/path.sh
[2.014s] -- Installing: /root/ros2/install/my_package_msg/share/my_package_msg/environment/path.dsv
[2.014s] -- Installing: /root/ros2/install/my_package_msg/share/my_package_msg/local_setup.bash
[2.014s] -- Installing: /root/ros2/install/my_package_msg/share/my_package_msg/local_setup.sh
[2.014s] -- Installing: /root/ros2/install/my_package_msg/share/my_package_msg/local_setup.zsh
[2.014s] -- Installing: /root/ros2/install/my_package_msg/share/my_package_msg/local_setup.dsv
[2.014s] -- Installing: /root/ros2/install/my_package_msg/share/my_package_msg/package.dsv
[2.014s] -- Installing: /root/ros2/install/my_package_msg/share/ament_index/resource_index/packages/my_package_msg
[2.015s] -- Installing: /root/ros2/install/my_package_msg/share/my_package_msg/cmake/export_my_package_msg__rosidl_generator_cExport.cmake
[2.015s] -- Installing: /root/ros2/install/my_package_msg/share/my_package_msg/cmake/export_my_package_msg__rosidl_generator_cExport-noconfig.cmake
[2.015s] -- Installing: /root/ros2/install/my_package_msg/share/my_package_msg/cmake/export_my_package_msg__rosidl_typesupport_fastrtps_cExport.cmake
[2.015s] -- Installing: /root/ros2/install/my_package_msg/share/my_package_msg/cmake/export_my_package_msg__rosidl_typesupport_fastrtps_cExport-noconfig.cmake
[2.015s] -- Installing: /root/ros2/install/my_package_msg/share/my_package_msg/cmake/my_package_msg__rosidl_typesupport_introspection_cExport.cmake
[2.015s] -- Installing: /root/ros2/install/my_package_msg/share/my_package_msg/cmake/my_package_msg__rosidl_typesupport_introspection_cExport-noconfig.cmake
[2.015s] -- Installing: /root/ros2/install/my_package_msg/share/my_package_msg/cmake/my_package_msg__rosidl_typesupport_cExport.cmake
[2.015s] -- Installing: /root/ros2/install/my_package_msg/share/my_package_msg/cmake/my_package_msg__rosidl_typesupport_cExport-noconfig.cmake
[2.015s] -- Installing: /root/ros2/install/my_package_msg/share/my_package_msg/cmake/export_my_package_msg__rosidl_generator_cppExport.cmake
[2.016s] -- Installing: /root/ros2/install/my_package_msg/share/my_package_msg/cmake/export_my_package_msg__rosidl_typesupport_fastrtps_cppExport.cmake
[2.016s] -- Installing: /root/ros2/install/my_package_msg/share/my_package_msg/cmake/export_my_package_msg__rosidl_typesupport_fastrtps_cppExport-noconfig.cmake
[2.016s] -- Installing: /root/ros2/install/my_package_msg/share/my_package_msg/cmake/my_package_msg__rosidl_typesupport_introspection_cppExport.cmake
[2.016s] -- Installing: /root/ros2/install/my_package_msg/share/my_package_msg/cmake/my_package_msg__rosidl_typesupport_introspection_cppExport-noconfig.cmake
[2.016s] -- Installing: /root/ros2/install/my_package_msg/share/my_package_msg/cmake/my_package_msg__rosidl_typesupport_cppExport.cmake
[2.016s] -- Installing: /root/ros2/install/my_package_msg/share/my_package_msg/cmake/my_package_msg__rosidl_typesupport_cppExport-noconfig.cmake
[2.016s] -- Installing: /root/ros2/install/my_package_msg/share/my_package_msg/cmake/export_my_package_msg__rosidl_generator_pyExport.cmake
[2.016s] -- Installing: /root/ros2/install/my_package_msg/share/my_package_msg/cmake/export_my_package_msg__rosidl_generator_pyExport-noconfig.cmake
[2.017s] -- Installing: /root/ros2/install/my_package_msg/share/my_package_msg/cmake/rosidl_cmake-extras.cmake
[2.017s] -- Installing: /root/ros2/install/my_package_msg/share/my_package_msg/cmake/ament_cmake_export_include_directories-extras.cmake
[2.017s] -- Installing: /root/ros2/install/my_package_msg/share/my_package_msg/cmake/ament_cmake_export_libraries-extras.cmake
[2.017s] -- Installing: /root/ros2/install/my_package_msg/share/my_package_msg/cmake/ament_cmake_export_targets-extras.cmake
[2.017s] -- Installing: /root/ros2/install/my_package_msg/share/my_package_msg/cmake/rosidl_cmake_export_typesupport_targets-extras.cmake
[2.017s] -- Installing: /root/ros2/install/my_package_msg/share/my_package_msg/cmake/ament_cmake_export_dependencies-extras.cmake
[2.017s] -- Installing: /root/ros2/install/my_package_msg/share/my_package_msg/cmake/rosidl_cmake_export_typesupport_libraries-extras.cmake
[2.017s] -- Installing: /root/ros2/install/my_package_msg/share/my_package_msg/cmake/my_package_msgConfig.cmake
[2.017s] -- Installing: /root/ros2/install/my_package_msg/share/my_package_msg/cmake/my_package_msgConfig-version.cmake
[2.018s] -- Installing: /root/ros2/install/my_package_msg/share/my_package_msg/package.xml
[2.019s] Invoked command in '/root/ros2/build/my_package_msg' returned '0': CMAKE_PREFIX_PATH=/opt/ros/humble /usr/bin/cmake --install /root/ros2/build/my_package_msg
