[0.017s] Invoking command in '/home/tech/ros2/my_first_ws/build/yolo_msgs': CMAKE_PREFIX_PATH=${CMAKE_PREFIX_PATH}:/home/tech/ros2/my_first_ws/install/my_package:/opt/ros/humble /usr/bin/cmake /home/tech/ros2/my_first_ws/src/yolo_ros/yolo_msgs -DCMAKE_INSTALL_PREFIX=/home/tech/ros2/my_first_ws/install/yolo_msgs
[0.118s] -- The C compiler identification is GNU 11.4.0
[0.180s] -- The CXX compiler identification is GNU 11.4.0
[0.188s] -- Detecting C compiler ABI info
[0.239s] -- Detecting C compiler ABI info - done
[0.245s] -- Check for working C compiler: /usr/bin/cc - skipped
[0.245s] -- Detecting C compile features
[0.246s] -- Detecting C compile features - done
[0.249s] -- Detecting CXX compiler ABI info
[0.300s] -- Detecting CXX compiler ABI info - done
[0.308s] -- Check for working CXX compiler: /usr/bin/c++ - skipped
[0.308s] -- Detecting CXX compile features
[0.308s] -- Detecting CXX compile features - done
[0.313s] -- Found ament_cmake: 1.3.12 (/opt/ros/humble/share/ament_cmake/cmake)
[0.414s] -- Found Python3: /usr/bin/python3 (found version "3.10.12") found components: Interpreter 
[0.485s] -- Found rosidl_default_generators: 1.2.0 (/opt/ros/humble/share/rosidl_default_generators/cmake)
[0.489s] -- Using all available rosidl_typesupport_c: rosidl_typesupport_fastrtps_c;rosidl_typesupport_introspection_c
[0.494s] -- Found rosidl_adapter: 3.1.8 (/opt/ros/humble/share/rosidl_adapter/cmake)
[0.527s] -- Using all available rosidl_typesupport_cpp: rosidl_typesupport_fastrtps_cpp;rosidl_typesupport_introspection_cpp
[0.552s] -- Found std_msgs: 4.9.0 (/opt/ros/humble/share/std_msgs/cmake)
[0.572s] -- Found geometry_msgs: 4.9.0 (/opt/ros/humble/share/geometry_msgs/cmake)
[0.807s] -- Found ament_cmake_ros: 0.10.0 (/opt/ros/humble/share/ament_cmake_ros/cmake)
[0.967s] -- Using all available rosidl_typesupport_c: rosidl_typesupport_fastrtps_c;rosidl_typesupport_introspection_c
[1.173s] -- Using all available rosidl_typesupport_cpp: rosidl_typesupport_fastrtps_cpp;rosidl_typesupport_introspection_cpp
[1.188s] -- Found PythonInterp: /usr/bin/python3 (found suitable version "3.10.12", minimum required is "3.6") 
[1.191s] -- Found python_cmake_module: 0.10.0 (/opt/ros/humble/share/python_cmake_module/cmake)
[1.209s] -- Found PythonLibs: /usr/lib/x86_64-linux-gnu/libpython3.10.so (found suitable version "3.10.12", minimum required is "3.5") 
[1.209s] -- Using PYTHON_EXECUTABLE: /usr/bin/python3
[1.209s] -- Using PYTHON_INCLUDE_DIRS: /usr/include/python3.10
[1.209s] -- Using PYTHON_LIBRARIES: /usr/lib/x86_64-linux-gnu/libpython3.10.so
[1.220s] -- Found PythonExtra: .so  
[1.260s] -- Configuring done
[1.286s] -- Generating done
[1.292s] -- Build files have been written to: /home/tech/ros2/my_first_ws/build/yolo_msgs
[1.298s] Invoked command in '/home/tech/ros2/my_first_ws/build/yolo_msgs' returned '0': CMAKE_PREFIX_PATH=${CMAKE_PREFIX_PATH}:/home/tech/ros2/my_first_ws/install/my_package:/opt/ros/humble /usr/bin/cmake /home/tech/ros2/my_first_ws/src/yolo_ros/yolo_msgs -DCMAKE_INSTALL_PREFIX=/home/tech/ros2/my_first_ws/install/yolo_msgs
[1.299s] Invoking command in '/home/tech/ros2/my_first_ws/build/yolo_msgs': CMAKE_PREFIX_PATH=${CMAKE_PREFIX_PATH}:/home/tech/ros2/my_first_ws/install/my_package:/opt/ros/humble /usr/bin/cmake --build /home/tech/ros2/my_first_ws/build/yolo_msgs -- -j24 -l24
[1.328s] [  1%] [34m[1mGenerating C code for ROS interfaces[0m
[1.336s] [  1%] [34m[1mGenerating C++ code for ROS interfaces[0m
[1.341s] [  1%] Built target ament_cmake_python_copy_yolo_msgs
[1.446s] running egg_info
[1.446s] creating yolo_msgs.egg-info
[1.447s] writing yolo_msgs.egg-info/PKG-INFO
[1.447s] writing dependency_links to yolo_msgs.egg-info/dependency_links.txt
[1.447s] writing top-level names to yolo_msgs.egg-info/top_level.txt
[1.447s] writing manifest file 'yolo_msgs.egg-info/SOURCES.txt'
[1.448s] reading manifest file 'yolo_msgs.egg-info/SOURCES.txt'
[1.448s] writing manifest file 'yolo_msgs.egg-info/SOURCES.txt'
[1.463s] [  1%] Built target ament_cmake_python_build_yolo_msgs_egg
[1.770s] [  1%] Built target yolo_msgs__cpp
[1.776s] [  2%] [34m[1mGenerating C++ type support dispatch for ROS interfaces[0m
[1.776s] [  3%] [34m[1mGenerating C++ type support for eProsima Fast-RTPS[0m
[1.776s] [  3%] [34m[1mGenerating C++ introspection for ROS interfaces[0m
[1.781s] [  4%] [32mBuilding C object CMakeFiles/yolo_msgs__rosidl_generator_c.dir/rosidl_generator_c/yolo_msgs/msg/detail/point2_d__functions.c.o[0m
[1.781s] [  4%] [32mBuilding C object CMakeFiles/yolo_msgs__rosidl_generator_c.dir/rosidl_generator_c/yolo_msgs/msg/detail/vector2__functions.c.o[0m
[1.781s] [  5%] [32mBuilding C object CMakeFiles/yolo_msgs__rosidl_generator_c.dir/rosidl_generator_c/yolo_msgs/msg/detail/pose2_d__functions.c.o[0m
[1.782s] [  6%] [32mBuilding C object CMakeFiles/yolo_msgs__rosidl_generator_c.dir/rosidl_generator_c/yolo_msgs/msg/detail/bounding_box2_d__functions.c.o[0m
[1.782s] [  7%] [32mBuilding C object CMakeFiles/yolo_msgs__rosidl_generator_c.dir/rosidl_generator_c/yolo_msgs/msg/detail/key_point3_d_array__functions.c.o[0m
[1.782s] [  8%] [32mBuilding C object CMakeFiles/yolo_msgs__rosidl_generator_c.dir/rosidl_generator_c/yolo_msgs/msg/detail/bounding_box3_d__functions.c.o[0m
[1.782s] [  9%] [32mBuilding C object CMakeFiles/yolo_msgs__rosidl_generator_c.dir/rosidl_generator_c/yolo_msgs/msg/detail/mask__functions.c.o[0m
[1.782s] [  9%] [32mBuilding C object CMakeFiles/yolo_msgs__rosidl_generator_c.dir/rosidl_generator_c/yolo_msgs/msg/detail/key_point2_d__functions.c.o[0m
[1.782s] [ 10%] [32mBuilding C object CMakeFiles/yolo_msgs__rosidl_generator_c.dir/rosidl_generator_c/yolo_msgs/msg/detail/detection__functions.c.o[0m
[1.782s] [ 11%] [32mBuilding C object CMakeFiles/yolo_msgs__rosidl_generator_c.dir/rosidl_generator_c/yolo_msgs/msg/detail/key_point2_d_array__functions.c.o[0m
[1.782s] [ 11%] [32mBuilding C object CMakeFiles/yolo_msgs__rosidl_generator_c.dir/rosidl_generator_c/yolo_msgs/msg/detail/detection_array__functions.c.o[0m
[1.782s] [ 12%] [32mBuilding C object CMakeFiles/yolo_msgs__rosidl_generator_c.dir/rosidl_generator_c/yolo_msgs/msg/detail/key_point3_d__functions.c.o[0m
[1.783s] [ 13%] [32mBuilding C object CMakeFiles/yolo_msgs__rosidl_generator_c.dir/rosidl_generator_c/yolo_msgs/srv/detail/set_classes__functions.c.o[0m
[1.821s] [ 14%] [32m[1mLinking C shared library libyolo_msgs__rosidl_generator_c.so[0m
[1.845s] [ 14%] Built target yolo_msgs__rosidl_generator_c
[1.851s] [ 16%] [34m[1mGenerating C type support for eProsima Fast-RTPS[0m
[1.851s] [ 16%] [34m[1mGenerating C type support dispatch for ROS interfaces[0m
[1.853s] [ 17%] [34m[1mGenerating C introspection for ROS interfaces[0m
[2.070s] [ 19%] [32mBuilding CXX object CMakeFiles/yolo_msgs__rosidl_typesupport_cpp.dir/rosidl_typesupport_cpp/yolo_msgs/msg/vector2__type_support.cpp.o[0m
[2.070s] [ 19%] [32mBuilding CXX object CMakeFiles/yolo_msgs__rosidl_typesupport_cpp.dir/rosidl_typesupport_cpp/yolo_msgs/msg/point2_d__type_support.cpp.o[0m
[2.070s] [ 19%] [32mBuilding CXX object CMakeFiles/yolo_msgs__rosidl_typesupport_cpp.dir/rosidl_typesupport_cpp/yolo_msgs/msg/pose2_d__type_support.cpp.o[0m
[2.072s] [ 20%] [32mBuilding CXX object CMakeFiles/yolo_msgs__rosidl_typesupport_cpp.dir/rosidl_typesupport_cpp/yolo_msgs/msg/bounding_box3_d__type_support.cpp.o[0m
[2.072s] [ 21%] [32mBuilding CXX object CMakeFiles/yolo_msgs__rosidl_typesupport_cpp.dir/rosidl_typesupport_cpp/yolo_msgs/msg/bounding_box2_d__type_support.cpp.o[0m
[2.073s] [ 21%] [32mBuilding CXX object CMakeFiles/yolo_msgs__rosidl_typesupport_cpp.dir/rosidl_typesupport_cpp/yolo_msgs/msg/key_point2_d_array__type_support.cpp.o[0m
[2.073s] [ 22%] [32mBuilding CXX object CMakeFiles/yolo_msgs__rosidl_typesupport_cpp.dir/rosidl_typesupport_cpp/yolo_msgs/msg/key_point3_d__type_support.cpp.o[0m
[2.073s] [ 23%] [32mBuilding CXX object CMakeFiles/yolo_msgs__rosidl_typesupport_cpp.dir/rosidl_typesupport_cpp/yolo_msgs/msg/mask__type_support.cpp.o[0m
[2.073s] [ 24%] [32mBuilding CXX object CMakeFiles/yolo_msgs__rosidl_typesupport_cpp.dir/rosidl_typesupport_cpp/yolo_msgs/msg/key_point2_d__type_support.cpp.o[0m
[2.073s] [ 25%] [32mBuilding CXX object CMakeFiles/yolo_msgs__rosidl_typesupport_cpp.dir/rosidl_typesupport_cpp/yolo_msgs/msg/key_point3_d_array__type_support.cpp.o[0m
[2.074s] [ 27%] [32mBuilding CXX object CMakeFiles/yolo_msgs__rosidl_typesupport_cpp.dir/rosidl_typesupport_cpp/yolo_msgs/msg/detection_array__type_support.cpp.o[0m
[2.074s] [ 27%] [32mBuilding CXX object CMakeFiles/yolo_msgs__rosidl_typesupport_cpp.dir/rosidl_typesupport_cpp/yolo_msgs/msg/detection__type_support.cpp.o[0m
[2.077s] [ 27%] [32mBuilding CXX object CMakeFiles/yolo_msgs__rosidl_typesupport_cpp.dir/rosidl_typesupport_cpp/yolo_msgs/srv/set_classes__type_support.cpp.o[0m
[2.137s] [ 30%] [32mBuilding CXX object CMakeFiles/yolo_msgs__rosidl_typesupport_introspection_cpp.dir/rosidl_typesupport_introspection_cpp/yolo_msgs/msg/detail/point2_d__type_support.cpp.o[0m
[2.137s] [ 30%] [32mBuilding CXX object CMakeFiles/yolo_msgs__rosidl_typesupport_introspection_cpp.dir/rosidl_typesupport_introspection_cpp/yolo_msgs/msg/detail/bounding_box3_d__type_support.cpp.o[0m
[2.137s] [ 30%] [32mBuilding CXX object CMakeFiles/yolo_msgs__rosidl_typesupport_introspection_cpp.dir/rosidl_typesupport_introspection_cpp/yolo_msgs/msg/detail/pose2_d__type_support.cpp.o[0m
[2.137s] [ 30%] [32mBuilding CXX object CMakeFiles/yolo_msgs__rosidl_typesupport_introspection_cpp.dir/rosidl_typesupport_introspection_cpp/yolo_msgs/msg/detail/vector2__type_support.cpp.o[0m
[2.137s] [ 31%] [32mBuilding CXX object CMakeFiles/yolo_msgs__rosidl_typesupport_introspection_cpp.dir/rosidl_typesupport_introspection_cpp/yolo_msgs/msg/detail/bounding_box2_d__type_support.cpp.o[0m
[2.137s] [ 32%] [32mBuilding CXX object CMakeFiles/yolo_msgs__rosidl_typesupport_introspection_cpp.dir/rosidl_typesupport_introspection_cpp/yolo_msgs/msg/detail/mask__type_support.cpp.o[0m
[2.142s] [ 33%] [32mBuilding CXX object CMakeFiles/yolo_msgs__rosidl_typesupport_introspection_cpp.dir/rosidl_typesupport_introspection_cpp/yolo_msgs/msg/detail/key_point2_d__type_support.cpp.o[0m
[2.217s] [ 33%] [32mBuilding CXX object CMakeFiles/yolo_msgs__rosidl_typesupport_c.dir/rosidl_typesupport_c/yolo_msgs/msg/point2_d__type_support.cpp.o[0m
[2.232s] [ 34%] [32mBuilding CXX object CMakeFiles/yolo_msgs__rosidl_typesupport_introspection_cpp.dir/rosidl_typesupport_introspection_cpp/yolo_msgs/msg/detail/key_point2_d_array__type_support.cpp.o[0m
[2.234s] [ 35%] [32mBuilding CXX object CMakeFiles/yolo_msgs__rosidl_typesupport_c.dir/rosidl_typesupport_c/yolo_msgs/msg/vector2__type_support.cpp.o[0m
[2.247s] [ 36%] [32mBuilding CXX object CMakeFiles/yolo_msgs__rosidl_typesupport_introspection_cpp.dir/rosidl_typesupport_introspection_cpp/yolo_msgs/msg/detail/key_point3_d__type_support.cpp.o[0m
[2.249s] [ 36%] [32mBuilding CXX object CMakeFiles/yolo_msgs__rosidl_typesupport_introspection_cpp.dir/rosidl_typesupport_introspection_cpp/yolo_msgs/msg/detail/key_point3_d_array__type_support.cpp.o[0m
[2.249s] [ 37%] [32mBuilding CXX object CMakeFiles/yolo_msgs__rosidl_typesupport_introspection_cpp.dir/rosidl_typesupport_introspection_cpp/yolo_msgs/msg/detail/detection__type_support.cpp.o[0m
[2.252s] [ 38%] [32mBuilding CXX object CMakeFiles/yolo_msgs__rosidl_typesupport_c.dir/rosidl_typesupport_c/yolo_msgs/msg/pose2_d__type_support.cpp.o[0m
[2.253s] [ 40%] [32mBuilding CXX object CMakeFiles/yolo_msgs__rosidl_typesupport_introspection_cpp.dir/rosidl_typesupport_introspection_cpp/yolo_msgs/msg/detail/detection_array__type_support.cpp.o[0m
[2.253s] [ 40%] [32mBuilding CXX object CMakeFiles/yolo_msgs__rosidl_typesupport_c.dir/rosidl_typesupport_c/yolo_msgs/msg/bounding_box2_d__type_support.cpp.o[0m
[2.256s] [ 41%] [32mBuilding CXX object CMakeFiles/yolo_msgs__rosidl_typesupport_introspection_cpp.dir/rosidl_typesupport_introspection_cpp/yolo_msgs/srv/detail/set_classes__type_support.cpp.o[0m
[2.256s] [ 42%] [32mBuilding CXX object CMakeFiles/yolo_msgs__rosidl_typesupport_c.dir/rosidl_typesupport_c/yolo_msgs/msg/bounding_box3_d__type_support.cpp.o[0m
[2.256s] [ 43%] [32m[1mLinking CXX shared library libyolo_msgs__rosidl_typesupport_cpp.so[0m
[2.256s] [ 43%] [32mBuilding CXX object CMakeFiles/yolo_msgs__rosidl_typesupport_c.dir/rosidl_typesupport_c/yolo_msgs/msg/mask__type_support.cpp.o[0m
[2.257s] [ 44%] [32mBuilding CXX object CMakeFiles/yolo_msgs__rosidl_typesupport_c.dir/rosidl_typesupport_c/yolo_msgs/msg/key_point2_d__type_support.cpp.o[0m
[2.258s] [ 45%] [32mBuilding CXX object CMakeFiles/yolo_msgs__rosidl_typesupport_c.dir/rosidl_typesupport_c/yolo_msgs/msg/key_point2_d_array__type_support.cpp.o[0m
[2.260s] [ 46%] [32mBuilding CXX object CMakeFiles/yolo_msgs__rosidl_typesupport_fastrtps_cpp.dir/rosidl_typesupport_fastrtps_cpp/yolo_msgs/msg/detail/dds_fastrtps/point2_d__type_support.cpp.o[0m
[2.263s] [ 47%] [32mBuilding CXX object CMakeFiles/yolo_msgs__rosidl_typesupport_c.dir/rosidl_typesupport_c/yolo_msgs/msg/key_point3_d__type_support.cpp.o[0m
[2.271s] [ 48%] [32mBuilding CXX object CMakeFiles/yolo_msgs__rosidl_typesupport_c.dir/rosidl_typesupport_c/yolo_msgs/msg/key_point3_d_array__type_support.cpp.o[0m
[2.272s] [ 49%] [32mBuilding CXX object CMakeFiles/yolo_msgs__rosidl_typesupport_fastrtps_cpp.dir/rosidl_typesupport_fastrtps_cpp/yolo_msgs/msg/detail/dds_fastrtps/vector2__type_support.cpp.o[0m
[2.273s] [ 49%] [32mBuilding CXX object CMakeFiles/yolo_msgs__rosidl_typesupport_c.dir/rosidl_typesupport_c/yolo_msgs/msg/detection__type_support.cpp.o[0m
[2.275s] [ 50%] [32mBuilding CXX object CMakeFiles/yolo_msgs__rosidl_typesupport_fastrtps_cpp.dir/rosidl_typesupport_fastrtps_cpp/yolo_msgs/msg/detail/dds_fastrtps/pose2_d__type_support.cpp.o[0m
[2.275s] [ 51%] [32mBuilding CXX object CMakeFiles/yolo_msgs__rosidl_typesupport_c.dir/rosidl_typesupport_c/yolo_msgs/msg/detection_array__type_support.cpp.o[0m
[2.284s] [ 51%] Built target yolo_msgs__rosidl_typesupport_cpp
[2.285s] [ 51%] [32mBuilding CXX object CMakeFiles/yolo_msgs__rosidl_typesupport_fastrtps_cpp.dir/rosidl_typesupport_fastrtps_cpp/yolo_msgs/msg/detail/dds_fastrtps/bounding_box2_d__type_support.cpp.o[0m
[2.286s] [ 52%] [32mBuilding CXX object CMakeFiles/yolo_msgs__rosidl_typesupport_c.dir/rosidl_typesupport_c/yolo_msgs/srv/set_classes__type_support.cpp.o[0m
[2.297s] [ 53%] [32mBuilding CXX object CMakeFiles/yolo_msgs__rosidl_typesupport_fastrtps_cpp.dir/rosidl_typesupport_fastrtps_cpp/yolo_msgs/msg/detail/dds_fastrtps/bounding_box3_d__type_support.cpp.o[0m
[2.297s] [ 54%] [32mBuilding CXX object CMakeFiles/yolo_msgs__rosidl_typesupport_fastrtps_cpp.dir/rosidl_typesupport_fastrtps_cpp/yolo_msgs/msg/detail/dds_fastrtps/mask__type_support.cpp.o[0m
[2.300s] [ 55%] [32mBuilding CXX object CMakeFiles/yolo_msgs__rosidl_typesupport_fastrtps_cpp.dir/rosidl_typesupport_fastrtps_cpp/yolo_msgs/msg/detail/dds_fastrtps/key_point2_d_array__type_support.cpp.o[0m
[2.300s] [ 56%] [32mBuilding CXX object CMakeFiles/yolo_msgs__rosidl_typesupport_fastrtps_cpp.dir/rosidl_typesupport_fastrtps_cpp/yolo_msgs/msg/detail/dds_fastrtps/key_point2_d__type_support.cpp.o[0m
[2.303s] [ 57%] [32mBuilding C object CMakeFiles/yolo_msgs__rosidl_typesupport_introspection_c.dir/rosidl_typesupport_introspection_c/yolo_msgs/msg/detail/point2_d__type_support.c.o[0m
[2.307s] [ 59%] [32mBuilding CXX object CMakeFiles/yolo_msgs__rosidl_typesupport_fastrtps_c.dir/rosidl_typesupport_fastrtps_c/yolo_msgs/msg/detail/point2_d__type_support_c.cpp.o[0m
[2.307s] [ 59%] [32m[1mLinking CXX shared library libyolo_msgs__rosidl_typesupport_c.so[0m
[2.324s] [ 60%] [32mBuilding CXX object CMakeFiles/yolo_msgs__rosidl_typesupport_fastrtps_c.dir/rosidl_typesupport_fastrtps_c/yolo_msgs/msg/detail/vector2__type_support_c.cpp.o[0m
[2.324s] [ 60%] [32mBuilding C object CMakeFiles/yolo_msgs__rosidl_typesupport_introspection_c.dir/rosidl_typesupport_introspection_c/yolo_msgs/msg/detail/vector2__type_support.c.o[0m
[2.325s] [ 60%] [32mBuilding CXX object CMakeFiles/yolo_msgs__rosidl_typesupport_fastrtps_cpp.dir/rosidl_typesupport_fastrtps_cpp/yolo_msgs/msg/detail/dds_fastrtps/key_point3_d__type_support.cpp.o[0m
[2.336s] [ 60%] [32mBuilding C object CMakeFiles/yolo_msgs__rosidl_typesupport_introspection_c.dir/rosidl_typesupport_introspection_c/yolo_msgs/msg/detail/pose2_d__type_support.c.o[0m
[2.337s] [ 61%] [32mBuilding CXX object CMakeFiles/yolo_msgs__rosidl_typesupport_fastrtps_c.dir/rosidl_typesupport_fastrtps_c/yolo_msgs/msg/detail/pose2_d__type_support_c.cpp.o[0m
[2.337s] [ 61%] Built target yolo_msgs__rosidl_typesupport_c
[2.339s] [ 62%] [32mBuilding CXX object CMakeFiles/yolo_msgs__rosidl_typesupport_fastrtps_c.dir/rosidl_typesupport_fastrtps_c/yolo_msgs/msg/detail/bounding_box2_d__type_support_c.cpp.o[0m
[2.339s] [ 63%] [32mBuilding CXX object CMakeFiles/yolo_msgs__rosidl_typesupport_fastrtps_cpp.dir/rosidl_typesupport_fastrtps_cpp/yolo_msgs/msg/detail/dds_fastrtps/key_point3_d_array__type_support.cpp.o[0m
[2.345s] [ 65%] [32mBuilding C object CMakeFiles/yolo_msgs__rosidl_typesupport_introspection_c.dir/rosidl_typesupport_introspection_c/yolo_msgs/msg/detail/bounding_box2_d__type_support.c.o[0m
[2.345s] [ 65%] [32mBuilding C object CMakeFiles/yolo_msgs__rosidl_typesupport_introspection_c.dir/rosidl_typesupport_introspection_c/yolo_msgs/msg/detail/bounding_box3_d__type_support.c.o[0m
[2.358s] [ 66%] [32mBuilding CXX object CMakeFiles/yolo_msgs__rosidl_typesupport_fastrtps_cpp.dir/rosidl_typesupport_fastrtps_cpp/yolo_msgs/msg/detail/dds_fastrtps/detection__type_support.cpp.o[0m
[2.362s] [ 67%] [32mBuilding CXX object CMakeFiles/yolo_msgs__rosidl_typesupport_fastrtps_cpp.dir/rosidl_typesupport_fastrtps_cpp/yolo_msgs/msg/detail/dds_fastrtps/detection_array__type_support.cpp.o[0m
[2.368s] [ 69%] [32mBuilding CXX object CMakeFiles/yolo_msgs__rosidl_typesupport_fastrtps_c.dir/rosidl_typesupport_fastrtps_c/yolo_msgs/msg/detail/bounding_box3_d__type_support_c.cpp.o[0m
[2.368s] [ 69%] [32mBuilding C object CMakeFiles/yolo_msgs__rosidl_typesupport_introspection_c.dir/rosidl_typesupport_introspection_c/yolo_msgs/msg/detail/mask__type_support.c.o[0m
[2.393s] [ 70%] [32mBuilding C object CMakeFiles/yolo_msgs__rosidl_typesupport_introspection_c.dir/rosidl_typesupport_introspection_c/yolo_msgs/msg/detail/key_point2_d__type_support.c.o[0m
[2.417s] [ 70%] [32mBuilding C object CMakeFiles/yolo_msgs__rosidl_typesupport_introspection_c.dir/rosidl_typesupport_introspection_c/yolo_msgs/msg/detail/key_point2_d_array__type_support.c.o[0m
[2.426s] [ 71%] [32mBuilding CXX object CMakeFiles/yolo_msgs__rosidl_typesupport_fastrtps_c.dir/rosidl_typesupport_fastrtps_c/yolo_msgs/msg/detail/mask__type_support_c.cpp.o[0m
[2.437s] [ 72%] [32mBuilding C object CMakeFiles/yolo_msgs__rosidl_typesupport_introspection_c.dir/rosidl_typesupport_introspection_c/yolo_msgs/msg/detail/key_point3_d__type_support.c.o[0m
[2.452s] [ 73%] [32mBuilding C object CMakeFiles/yolo_msgs__rosidl_typesupport_introspection_c.dir/rosidl_typesupport_introspection_c/yolo_msgs/msg/detail/key_point3_d_array__type_support.c.o[0m
[2.458s] [ 74%] [32mBuilding CXX object CMakeFiles/yolo_msgs__rosidl_typesupport_fastrtps_cpp.dir/rosidl_typesupport_fastrtps_cpp/yolo_msgs/srv/detail/dds_fastrtps/set_classes__type_support.cpp.o[0m
[2.467s] [ 74%] [32mBuilding CXX object CMakeFiles/yolo_msgs__rosidl_typesupport_fastrtps_c.dir/rosidl_typesupport_fastrtps_c/yolo_msgs/msg/detail/key_point2_d__type_support_c.cpp.o[0m
[2.468s] [ 75%] [32mBuilding CXX object CMakeFiles/yolo_msgs__rosidl_typesupport_fastrtps_c.dir/rosidl_typesupport_fastrtps_c/yolo_msgs/msg/detail/key_point2_d_array__type_support_c.cpp.o[0m
[2.469s] [ 76%] [32mBuilding CXX object CMakeFiles/yolo_msgs__rosidl_typesupport_fastrtps_c.dir/rosidl_typesupport_fastrtps_c/yolo_msgs/msg/detail/key_point3_d__type_support_c.cpp.o[0m
[2.471s] [ 77%] [32mBuilding CXX object CMakeFiles/yolo_msgs__rosidl_typesupport_fastrtps_c.dir/rosidl_typesupport_fastrtps_c/yolo_msgs/msg/detail/key_point3_d_array__type_support_c.cpp.o[0m
[2.474s] [ 78%] [32mBuilding C object CMakeFiles/yolo_msgs__rosidl_typesupport_introspection_c.dir/rosidl_typesupport_introspection_c/yolo_msgs/msg/detail/detection__type_support.c.o[0m
[2.500s] [ 79%] [32mBuilding C object CMakeFiles/yolo_msgs__rosidl_typesupport_introspection_c.dir/rosidl_typesupport_introspection_c/yolo_msgs/msg/detail/detection_array__type_support.c.o[0m
[2.505s] [ 80%] [32mBuilding CXX object CMakeFiles/yolo_msgs__rosidl_typesupport_fastrtps_c.dir/rosidl_typesupport_fastrtps_c/yolo_msgs/msg/detail/detection__type_support_c.cpp.o[0m
[2.506s] [ 80%] [32mBuilding CXX object CMakeFiles/yolo_msgs__rosidl_typesupport_fastrtps_c.dir/rosidl_typesupport_fastrtps_c/yolo_msgs/msg/detail/detection_array__type_support_c.cpp.o[0m
[2.510s] [ 80%] [32mBuilding C object CMakeFiles/yolo_msgs__rosidl_typesupport_introspection_c.dir/rosidl_typesupport_introspection_c/yolo_msgs/srv/detail/set_classes__type_support.c.o[0m
[2.510s] [ 81%] [32mBuilding CXX object CMakeFiles/yolo_msgs__rosidl_typesupport_fastrtps_c.dir/rosidl_typesupport_fastrtps_c/yolo_msgs/srv/detail/set_classes__type_support_c.cpp.o[0m
[2.538s] [ 82%] [32m[1mLinking C shared library libyolo_msgs__rosidl_typesupport_introspection_c.so[0m
[2.557s] [ 83%] [32m[1mLinking CXX shared library libyolo_msgs__rosidl_typesupport_introspection_cpp.so[0m
[2.563s] [ 83%] Built target yolo_msgs__rosidl_typesupport_introspection_c
[2.614s] [ 83%] Built target yolo_msgs__rosidl_typesupport_introspection_cpp
[2.679s] [ 84%] [32m[1mLinking CXX shared library libyolo_msgs__rosidl_typesupport_fastrtps_c.so[0m
[2.689s] [ 84%] [32m[1mLinking CXX shared library libyolo_msgs__rosidl_typesupport_fastrtps_cpp.so[0m
[2.740s] [ 84%] Built target yolo_msgs__rosidl_typesupport_fastrtps_c
[2.741s] [ 84%] Built target yolo_msgs__rosidl_typesupport_fastrtps_cpp
[2.754s] [ 84%] Built target yolo_msgs
[2.766s] [ 85%] [34m[1mGenerating Python code for ROS interfaces[0m
[3.463s] [ 85%] Built target yolo_msgs__py
[3.475s] [ 85%] [32mBuilding C object CMakeFiles/yolo_msgs__rosidl_generator_py.dir/rosidl_generator_py/yolo_msgs/msg/_vector2_s.c.o[0m
[3.476s] [ 87%] [32mBuilding C object CMakeFiles/yolo_msgs__rosidl_generator_py.dir/rosidl_generator_py/yolo_msgs/msg/_point2_d_s.c.o[0m
[3.476s] [ 86%] [32mBuilding C object CMakeFiles/yolo_msgs__rosidl_generator_py.dir/rosidl_generator_py/yolo_msgs/msg/_pose2_d_s.c.o[0m
[3.478s] [ 88%] [32mBuilding C object CMakeFiles/yolo_msgs__rosidl_generator_py.dir/rosidl_generator_py/yolo_msgs/msg/_bounding_box2_d_s.c.o[0m
[3.478s] [ 89%] [32mBuilding C object CMakeFiles/yolo_msgs__rosidl_generator_py.dir/rosidl_generator_py/yolo_msgs/msg/_mask_s.c.o[0m
[3.478s] [ 90%] [32mBuilding C object CMakeFiles/yolo_msgs__rosidl_generator_py.dir/rosidl_generator_py/yolo_msgs/msg/_bounding_box3_d_s.c.o[0m
[3.478s] [ 90%] [32mBuilding C object CMakeFiles/yolo_msgs__rosidl_generator_py.dir/rosidl_generator_py/yolo_msgs/msg/_key_point2_d_s.c.o[0m
[3.479s] [ 91%] [32mBuilding C object CMakeFiles/yolo_msgs__rosidl_generator_py.dir/rosidl_generator_py/yolo_msgs/msg/_key_point3_d_s.c.o[0m
[3.480s] [ 92%] [32mBuilding C object CMakeFiles/yolo_msgs__rosidl_generator_py.dir/rosidl_generator_py/yolo_msgs/msg/_detection_s.c.o[0m
[3.480s] [ 92%] [32mBuilding C object CMakeFiles/yolo_msgs__rosidl_generator_py.dir/rosidl_generator_py/yolo_msgs/msg/_detection_array_s.c.o[0m
[3.480s] [ 93%] [32mBuilding C object CMakeFiles/yolo_msgs__rosidl_generator_py.dir/rosidl_generator_py/yolo_msgs/srv/_set_classes_s.c.o[0m
[3.480s] [ 94%] [32mBuilding C object CMakeFiles/yolo_msgs__rosidl_generator_py.dir/rosidl_generator_py/yolo_msgs/msg/_key_point2_d_array_s.c.o[0m
[3.481s] [ 95%] [32mBuilding C object CMakeFiles/yolo_msgs__rosidl_generator_py.dir/rosidl_generator_py/yolo_msgs/msg/_key_point3_d_array_s.c.o[0m
[3.546s] [ 96%] [32m[1mLinking C shared library rosidl_generator_py/yolo_msgs/libyolo_msgs__rosidl_generator_py.so[0m
[3.573s] [ 96%] Built target yolo_msgs__rosidl_generator_py
[3.583s] [ 97%] [32mBuilding C object CMakeFiles/yolo_msgs__rosidl_typesupport_fastrtps_c__pyext.dir/rosidl_generator_py/yolo_msgs/_yolo_msgs_s.ep.rosidl_typesupport_fastrtps_c.c.o[0m
[3.588s] [ 98%] [32mBuilding C object CMakeFiles/yolo_msgs__rosidl_typesupport_introspection_c__pyext.dir/rosidl_generator_py/yolo_msgs/_yolo_msgs_s.ep.rosidl_typesupport_introspection_c.c.o[0m
[3.588s] [ 99%] [32mBuilding C object CMakeFiles/yolo_msgs__rosidl_typesupport_c__pyext.dir/rosidl_generator_py/yolo_msgs/_yolo_msgs_s.ep.rosidl_typesupport_c.c.o[0m
[3.657s] [ 99%] [32m[1mLinking C shared library rosidl_generator_py/yolo_msgs/yolo_msgs_s__rosidl_typesupport_fastrtps_c.cpython-310-x86_64-linux-gnu.so[0m
[3.659s] [ 99%] [32m[1mLinking C shared library rosidl_generator_py/yolo_msgs/yolo_msgs_s__rosidl_typesupport_c.cpython-310-x86_64-linux-gnu.so[0m
[3.662s] [100%] [32m[1mLinking C shared library rosidl_generator_py/yolo_msgs/yolo_msgs_s__rosidl_typesupport_introspection_c.cpython-310-x86_64-linux-gnu.so[0m
[3.683s] [100%] Built target yolo_msgs__rosidl_typesupport_fastrtps_c__pyext
[3.683s] [100%] Built target yolo_msgs__rosidl_typesupport_c__pyext
[3.687s] [100%] Built target yolo_msgs__rosidl_typesupport_introspection_c__pyext
[3.695s] Invoked command in '/home/tech/ros2/my_first_ws/build/yolo_msgs' returned '0': CMAKE_PREFIX_PATH=${CMAKE_PREFIX_PATH}:/home/tech/ros2/my_first_ws/install/my_package:/opt/ros/humble /usr/bin/cmake --build /home/tech/ros2/my_first_ws/build/yolo_msgs -- -j24 -l24
[3.702s] Invoking command in '/home/tech/ros2/my_first_ws/build/yolo_msgs': CMAKE_PREFIX_PATH=${CMAKE_PREFIX_PATH}:/home/tech/ros2/my_first_ws/install/my_package:/opt/ros/humble /usr/bin/cmake --install /home/tech/ros2/my_first_ws/build/yolo_msgs
[3.705s] -- Install configuration: ""
[3.705s] -- Installing: /home/tech/ros2/my_first_ws/install/yolo_msgs/share/ament_index/resource_index/rosidl_interfaces/yolo_msgs
[3.705s] -- Installing: /home/tech/ros2/my_first_ws/install/yolo_msgs/include/yolo_msgs/yolo_msgs
[3.705s] -- Installing: /home/tech/ros2/my_first_ws/install/yolo_msgs/include/yolo_msgs/yolo_msgs/srv
[3.705s] -- Installing: /home/tech/ros2/my_first_ws/install/yolo_msgs/include/yolo_msgs/yolo_msgs/srv/set_classes.h
[3.705s] -- Installing: /home/tech/ros2/my_first_ws/install/yolo_msgs/include/yolo_msgs/yolo_msgs/srv/detail
[3.705s] -- Installing: /home/tech/ros2/my_first_ws/install/yolo_msgs/include/yolo_msgs/yolo_msgs/srv/detail/set_classes__functions.c
[3.705s] -- Installing: /home/tech/ros2/my_first_ws/install/yolo_msgs/include/yolo_msgs/yolo_msgs/srv/detail/set_classes__functions.h
[3.705s] -- Installing: /home/tech/ros2/my_first_ws/install/yolo_msgs/include/yolo_msgs/yolo_msgs/srv/detail/set_classes__struct.h
[3.705s] -- Installing: /home/tech/ros2/my_first_ws/install/yolo_msgs/include/yolo_msgs/yolo_msgs/srv/detail/set_classes__type_support.h
[3.706s] -- Installing: /home/tech/ros2/my_first_ws/install/yolo_msgs/include/yolo_msgs/yolo_msgs/msg
[3.706s] -- Installing: /home/tech/ros2/my_first_ws/install/yolo_msgs/include/yolo_msgs/yolo_msgs/msg/key_point2_d.h
[3.706s] -- Installing: /home/tech/ros2/my_first_ws/install/yolo_msgs/include/yolo_msgs/yolo_msgs/msg/rosidl_generator_c__visibility_control.h
[3.706s] -- Installing: /home/tech/ros2/my_first_ws/install/yolo_msgs/include/yolo_msgs/yolo_msgs/msg/key_point3_d_array.h
[3.706s] -- Installing: /home/tech/ros2/my_first_ws/install/yolo_msgs/include/yolo_msgs/yolo_msgs/msg/point2_d.h
[3.706s] -- Installing: /home/tech/ros2/my_first_ws/install/yolo_msgs/include/yolo_msgs/yolo_msgs/msg/detection_array.h
[3.706s] -- Installing: /home/tech/ros2/my_first_ws/install/yolo_msgs/include/yolo_msgs/yolo_msgs/msg/bounding_box2_d.h
[3.706s] -- Installing: /home/tech/ros2/my_first_ws/install/yolo_msgs/include/yolo_msgs/yolo_msgs/msg/mask.h
[3.706s] -- Installing: /home/tech/ros2/my_first_ws/install/yolo_msgs/include/yolo_msgs/yolo_msgs/msg/pose2_d.h
[3.706s] -- Installing: /home/tech/ros2/my_first_ws/install/yolo_msgs/include/yolo_msgs/yolo_msgs/msg/key_point3_d.h
[3.706s] -- Installing: /home/tech/ros2/my_first_ws/install/yolo_msgs/include/yolo_msgs/yolo_msgs/msg/vector2.h
[3.706s] -- Installing: /home/tech/ros2/my_first_ws/install/yolo_msgs/include/yolo_msgs/yolo_msgs/msg/detail
[3.706s] -- Installing: /home/tech/ros2/my_first_ws/install/yolo_msgs/include/yolo_msgs/yolo_msgs/msg/detail/key_point3_d__type_support.h
[3.706s] -- Installing: /home/tech/ros2/my_first_ws/install/yolo_msgs/include/yolo_msgs/yolo_msgs/msg/detail/key_point2_d__functions.c
[3.706s] -- Installing: /home/tech/ros2/my_first_ws/install/yolo_msgs/include/yolo_msgs/yolo_msgs/msg/detail/mask__struct.h
[3.706s] -- Installing: /home/tech/ros2/my_first_ws/install/yolo_msgs/include/yolo_msgs/yolo_msgs/msg/detail/detection__type_support.h
[3.706s] -- Installing: /home/tech/ros2/my_first_ws/install/yolo_msgs/include/yolo_msgs/yolo_msgs/msg/detail/key_point2_d_array__type_support.h
[3.706s] -- Installing: /home/tech/ros2/my_first_ws/install/yolo_msgs/include/yolo_msgs/yolo_msgs/msg/detail/key_point2_d__struct.h
[3.706s] -- Installing: /home/tech/ros2/my_first_ws/install/yolo_msgs/include/yolo_msgs/yolo_msgs/msg/detail/bounding_box2_d__struct.h
[3.706s] -- Installing: /home/tech/ros2/my_first_ws/install/yolo_msgs/include/yolo_msgs/yolo_msgs/msg/detail/detection__struct.h
[3.707s] -- Installing: /home/tech/ros2/my_first_ws/install/yolo_msgs/include/yolo_msgs/yolo_msgs/msg/detail/key_point3_d_array__functions.c
[3.707s] -- Installing: /home/tech/ros2/my_first_ws/install/yolo_msgs/include/yolo_msgs/yolo_msgs/msg/detail/detection_array__struct.h
[3.707s] -- Installing: /home/tech/ros2/my_first_ws/install/yolo_msgs/include/yolo_msgs/yolo_msgs/msg/detail/key_point2_d_array__functions.h
[3.707s] -- Installing: /home/tech/ros2/my_first_ws/install/yolo_msgs/include/yolo_msgs/yolo_msgs/msg/detail/pose2_d__functions.c
[3.707s] -- Installing: /home/tech/ros2/my_first_ws/install/yolo_msgs/include/yolo_msgs/yolo_msgs/msg/detail/detection__functions.h
[3.707s] -- Installing: /home/tech/ros2/my_first_ws/install/yolo_msgs/include/yolo_msgs/yolo_msgs/msg/detail/mask__functions.h
[3.707s] -- Installing: /home/tech/ros2/my_first_ws/install/yolo_msgs/include/yolo_msgs/yolo_msgs/msg/detail/key_point3_d_array__functions.h
[3.707s] -- Installing: /home/tech/ros2/my_first_ws/install/yolo_msgs/include/yolo_msgs/yolo_msgs/msg/detail/mask__type_support.h
[3.707s] -- Installing: /home/tech/ros2/my_first_ws/install/yolo_msgs/include/yolo_msgs/yolo_msgs/msg/detail/key_point3_d__functions.h
[3.707s] -- Installing: /home/tech/ros2/my_first_ws/install/yolo_msgs/include/yolo_msgs/yolo_msgs/msg/detail/detection__functions.c
[3.707s] -- Installing: /home/tech/ros2/my_first_ws/install/yolo_msgs/include/yolo_msgs/yolo_msgs/msg/detail/pose2_d__type_support.h
[3.707s] -- Installing: /home/tech/ros2/my_first_ws/install/yolo_msgs/include/yolo_msgs/yolo_msgs/msg/detail/bounding_box3_d__functions.c
[3.707s] -- Installing: /home/tech/ros2/my_first_ws/install/yolo_msgs/include/yolo_msgs/yolo_msgs/msg/detail/detection_array__functions.c
[3.707s] -- Installing: /home/tech/ros2/my_first_ws/install/yolo_msgs/include/yolo_msgs/yolo_msgs/msg/detail/point2_d__struct.h
[3.707s] -- Installing: /home/tech/ros2/my_first_ws/install/yolo_msgs/include/yolo_msgs/yolo_msgs/msg/detail/bounding_box2_d__type_support.h
[3.707s] -- Installing: /home/tech/ros2/my_first_ws/install/yolo_msgs/include/yolo_msgs/yolo_msgs/msg/detail/key_point2_d_array__functions.c
[3.707s] -- Installing: /home/tech/ros2/my_first_ws/install/yolo_msgs/include/yolo_msgs/yolo_msgs/msg/detail/mask__functions.c
[3.708s] -- Installing: /home/tech/ros2/my_first_ws/install/yolo_msgs/include/yolo_msgs/yolo_msgs/msg/detail/key_point3_d_array__struct.h
[3.708s] -- Installing: /home/tech/ros2/my_first_ws/install/yolo_msgs/include/yolo_msgs/yolo_msgs/msg/detail/detection_array__type_support.h
[3.708s] -- Installing: /home/tech/ros2/my_first_ws/install/yolo_msgs/include/yolo_msgs/yolo_msgs/msg/detail/point2_d__functions.c
[3.708s] -- Installing: /home/tech/ros2/my_first_ws/install/yolo_msgs/include/yolo_msgs/yolo_msgs/msg/detail/pose2_d__struct.h
[3.708s] -- Installing: /home/tech/ros2/my_first_ws/install/yolo_msgs/include/yolo_msgs/yolo_msgs/msg/detail/vector2__functions.h
[3.708s] -- Installing: /home/tech/ros2/my_first_ws/install/yolo_msgs/include/yolo_msgs/yolo_msgs/msg/detail/point2_d__functions.h
[3.708s] -- Installing: /home/tech/ros2/my_first_ws/install/yolo_msgs/include/yolo_msgs/yolo_msgs/msg/detail/key_point3_d__struct.h
[3.708s] -- Installing: /home/tech/ros2/my_first_ws/install/yolo_msgs/include/yolo_msgs/yolo_msgs/msg/detail/detection_array__functions.h
[3.708s] -- Installing: /home/tech/ros2/my_first_ws/install/yolo_msgs/include/yolo_msgs/yolo_msgs/msg/detail/bounding_box3_d__struct.h
[3.708s] -- Installing: /home/tech/ros2/my_first_ws/install/yolo_msgs/include/yolo_msgs/yolo_msgs/msg/detail/vector2__type_support.h
[3.708s] -- Installing: /home/tech/ros2/my_first_ws/install/yolo_msgs/include/yolo_msgs/yolo_msgs/msg/detail/key_point2_d__type_support.h
[3.708s] -- Installing: /home/tech/ros2/my_first_ws/install/yolo_msgs/include/yolo_msgs/yolo_msgs/msg/detail/bounding_box2_d__functions.c
[3.708s] -- Installing: /home/tech/ros2/my_first_ws/install/yolo_msgs/include/yolo_msgs/yolo_msgs/msg/detail/point2_d__type_support.h
[3.708s] -- Installing: /home/tech/ros2/my_first_ws/install/yolo_msgs/include/yolo_msgs/yolo_msgs/msg/detail/vector2__functions.c
[3.708s] -- Installing: /home/tech/ros2/my_first_ws/install/yolo_msgs/include/yolo_msgs/yolo_msgs/msg/detail/key_point2_d_array__struct.h
[3.708s] -- Installing: /home/tech/ros2/my_first_ws/install/yolo_msgs/include/yolo_msgs/yolo_msgs/msg/detail/bounding_box3_d__type_support.h
[3.708s] -- Installing: /home/tech/ros2/my_first_ws/install/yolo_msgs/include/yolo_msgs/yolo_msgs/msg/detail/key_point3_d_array__type_support.h
[3.708s] -- Installing: /home/tech/ros2/my_first_ws/install/yolo_msgs/include/yolo_msgs/yolo_msgs/msg/detail/key_point2_d__functions.h
[3.708s] -- Installing: /home/tech/ros2/my_first_ws/install/yolo_msgs/include/yolo_msgs/yolo_msgs/msg/detail/bounding_box3_d__functions.h
[3.708s] -- Installing: /home/tech/ros2/my_first_ws/install/yolo_msgs/include/yolo_msgs/yolo_msgs/msg/detail/bounding_box2_d__functions.h
[3.708s] -- Installing: /home/tech/ros2/my_first_ws/install/yolo_msgs/include/yolo_msgs/yolo_msgs/msg/detail/pose2_d__functions.h
[3.709s] -- Installing: /home/tech/ros2/my_first_ws/install/yolo_msgs/include/yolo_msgs/yolo_msgs/msg/detail/key_point3_d__functions.c
[3.709s] -- Installing: /home/tech/ros2/my_first_ws/install/yolo_msgs/include/yolo_msgs/yolo_msgs/msg/detail/vector2__struct.h
[3.709s] -- Installing: /home/tech/ros2/my_first_ws/install/yolo_msgs/include/yolo_msgs/yolo_msgs/msg/detection.h
[3.709s] -- Installing: /home/tech/ros2/my_first_ws/install/yolo_msgs/include/yolo_msgs/yolo_msgs/msg/bounding_box3_d.h
[3.709s] -- Installing: /home/tech/ros2/my_first_ws/install/yolo_msgs/include/yolo_msgs/yolo_msgs/msg/key_point2_d_array.h
[3.709s] -- Installing: /home/tech/ros2/my_first_ws/install/yolo_msgs/share/yolo_msgs/environment/library_path.sh
[3.709s] -- Installing: /home/tech/ros2/my_first_ws/install/yolo_msgs/share/yolo_msgs/environment/library_path.dsv
[3.709s] -- Installing: /home/tech/ros2/my_first_ws/install/yolo_msgs/lib/libyolo_msgs__rosidl_generator_c.so
[3.709s] -- Set runtime path of "/home/tech/ros2/my_first_ws/install/yolo_msgs/lib/libyolo_msgs__rosidl_generator_c.so" to ""
[3.709s] -- Up-to-date: /home/tech/ros2/my_first_ws/install/yolo_msgs/include/yolo_msgs/yolo_msgs
[3.709s] -- Up-to-date: /home/tech/ros2/my_first_ws/install/yolo_msgs/include/yolo_msgs/yolo_msgs/srv
[3.709s] -- Up-to-date: /home/tech/ros2/my_first_ws/install/yolo_msgs/include/yolo_msgs/yolo_msgs/srv/detail
[3.709s] -- Installing: /home/tech/ros2/my_first_ws/install/yolo_msgs/include/yolo_msgs/yolo_msgs/srv/detail/set_classes__rosidl_typesupport_fastrtps_c.h
[3.709s] -- Up-to-date: /home/tech/ros2/my_first_ws/install/yolo_msgs/include/yolo_msgs/yolo_msgs/msg
[3.709s] -- Up-to-date: /home/tech/ros2/my_first_ws/install/yolo_msgs/include/yolo_msgs/yolo_msgs/msg/detail
[3.709s] -- Installing: /home/tech/ros2/my_first_ws/install/yolo_msgs/include/yolo_msgs/yolo_msgs/msg/detail/pose2_d__rosidl_typesupport_fastrtps_c.h
[3.709s] -- Installing: /home/tech/ros2/my_first_ws/install/yolo_msgs/include/yolo_msgs/yolo_msgs/msg/detail/detection_array__rosidl_typesupport_fastrtps_c.h
[3.709s] -- Installing: /home/tech/ros2/my_first_ws/install/yolo_msgs/include/yolo_msgs/yolo_msgs/msg/detail/bounding_box3_d__rosidl_typesupport_fastrtps_c.h
[3.709s] -- Installing: /home/tech/ros2/my_first_ws/install/yolo_msgs/include/yolo_msgs/yolo_msgs/msg/detail/key_point2_d__rosidl_typesupport_fastrtps_c.h
[3.709s] -- Installing: /home/tech/ros2/my_first_ws/install/yolo_msgs/include/yolo_msgs/yolo_msgs/msg/detail/key_point3_d_array__rosidl_typesupport_fastrtps_c.h
[3.710s] -- Installing: /home/tech/ros2/my_first_ws/install/yolo_msgs/include/yolo_msgs/yolo_msgs/msg/detail/bounding_box2_d__rosidl_typesupport_fastrtps_c.h
[3.710s] -- Installing: /home/tech/ros2/my_first_ws/install/yolo_msgs/include/yolo_msgs/yolo_msgs/msg/detail/key_point2_d_array__rosidl_typesupport_fastrtps_c.h
[3.710s] -- Installing: /home/tech/ros2/my_first_ws/install/yolo_msgs/include/yolo_msgs/yolo_msgs/msg/detail/key_point3_d__rosidl_typesupport_fastrtps_c.h
[3.710s] -- Installing: /home/tech/ros2/my_first_ws/install/yolo_msgs/include/yolo_msgs/yolo_msgs/msg/detail/vector2__rosidl_typesupport_fastrtps_c.h
[3.710s] -- Installing: /home/tech/ros2/my_first_ws/install/yolo_msgs/include/yolo_msgs/yolo_msgs/msg/detail/point2_d__rosidl_typesupport_fastrtps_c.h
[3.710s] -- Installing: /home/tech/ros2/my_first_ws/install/yolo_msgs/include/yolo_msgs/yolo_msgs/msg/detail/detection__rosidl_typesupport_fastrtps_c.h
[3.710s] -- Installing: /home/tech/ros2/my_first_ws/install/yolo_msgs/include/yolo_msgs/yolo_msgs/msg/detail/mask__rosidl_typesupport_fastrtps_c.h
[3.710s] -- Installing: /home/tech/ros2/my_first_ws/install/yolo_msgs/include/yolo_msgs/yolo_msgs/msg/rosidl_typesupport_fastrtps_c__visibility_control.h
[3.710s] -- Installing: /home/tech/ros2/my_first_ws/install/yolo_msgs/lib/libyolo_msgs__rosidl_typesupport_fastrtps_c.so
[3.710s] -- Set runtime path of "/home/tech/ros2/my_first_ws/install/yolo_msgs/lib/libyolo_msgs__rosidl_typesupport_fastrtps_c.so" to ""
[3.710s] -- Up-to-date: /home/tech/ros2/my_first_ws/install/yolo_msgs/include/yolo_msgs/yolo_msgs
[3.710s] -- Up-to-date: /home/tech/ros2/my_first_ws/install/yolo_msgs/include/yolo_msgs/yolo_msgs/srv
[3.710s] -- Up-to-date: /home/tech/ros2/my_first_ws/install/yolo_msgs/include/yolo_msgs/yolo_msgs/srv/detail
[3.710s] -- Installing: /home/tech/ros2/my_first_ws/install/yolo_msgs/include/yolo_msgs/yolo_msgs/srv/detail/set_classes__rosidl_typesupport_introspection_c.h
[3.710s] -- Installing: /home/tech/ros2/my_first_ws/install/yolo_msgs/include/yolo_msgs/yolo_msgs/srv/detail/set_classes__type_support.c
[3.710s] -- Up-to-date: /home/tech/ros2/my_first_ws/install/yolo_msgs/include/yolo_msgs/yolo_msgs/msg
[3.710s] -- Up-to-date: /home/tech/ros2/my_first_ws/install/yolo_msgs/include/yolo_msgs/yolo_msgs/msg/detail
[3.710s] -- Installing: /home/tech/ros2/my_first_ws/install/yolo_msgs/include/yolo_msgs/yolo_msgs/msg/detail/key_point3_d_array__type_support.c
[3.710s] -- Installing: /home/tech/ros2/my_first_ws/install/yolo_msgs/include/yolo_msgs/yolo_msgs/msg/detail/detection_array__type_support.c
[3.710s] -- Installing: /home/tech/ros2/my_first_ws/install/yolo_msgs/include/yolo_msgs/yolo_msgs/msg/detail/pose2_d__rosidl_typesupport_introspection_c.h
[3.710s] -- Installing: /home/tech/ros2/my_first_ws/install/yolo_msgs/include/yolo_msgs/yolo_msgs/msg/detail/key_point2_d_array__rosidl_typesupport_introspection_c.h
[3.711s] -- Installing: /home/tech/ros2/my_first_ws/install/yolo_msgs/include/yolo_msgs/yolo_msgs/msg/detail/detection__rosidl_typesupport_introspection_c.h
[3.711s] -- Installing: /home/tech/ros2/my_first_ws/install/yolo_msgs/include/yolo_msgs/yolo_msgs/msg/detail/key_point3_d__type_support.c
[3.711s] -- Installing: /home/tech/ros2/my_first_ws/install/yolo_msgs/include/yolo_msgs/yolo_msgs/msg/detail/bounding_box3_d__type_support.c
[3.711s] -- Installing: /home/tech/ros2/my_first_ws/install/yolo_msgs/include/yolo_msgs/yolo_msgs/msg/detail/key_point3_d__rosidl_typesupport_introspection_c.h
[3.711s] -- Installing: /home/tech/ros2/my_first_ws/install/yolo_msgs/include/yolo_msgs/yolo_msgs/msg/detail/key_point2_d__type_support.c
[3.711s] -- Installing: /home/tech/ros2/my_first_ws/install/yolo_msgs/include/yolo_msgs/yolo_msgs/msg/detail/point2_d__rosidl_typesupport_introspection_c.h
[3.711s] -- Installing: /home/tech/ros2/my_first_ws/install/yolo_msgs/include/yolo_msgs/yolo_msgs/msg/detail/point2_d__type_support.c
[3.711s] -- Installing: /home/tech/ros2/my_first_ws/install/yolo_msgs/include/yolo_msgs/yolo_msgs/msg/detail/key_point2_d_array__type_support.c
[3.711s] -- Installing: /home/tech/ros2/my_first_ws/install/yolo_msgs/include/yolo_msgs/yolo_msgs/msg/detail/mask__rosidl_typesupport_introspection_c.h
[3.711s] -- Installing: /home/tech/ros2/my_first_ws/install/yolo_msgs/include/yolo_msgs/yolo_msgs/msg/detail/detection__type_support.c
[3.711s] -- Installing: /home/tech/ros2/my_first_ws/install/yolo_msgs/include/yolo_msgs/yolo_msgs/msg/detail/key_point2_d__rosidl_typesupport_introspection_c.h
[3.711s] -- Installing: /home/tech/ros2/my_first_ws/install/yolo_msgs/include/yolo_msgs/yolo_msgs/msg/detail/detection_array__rosidl_typesupport_introspection_c.h
[3.711s] -- Installing: /home/tech/ros2/my_first_ws/install/yolo_msgs/include/yolo_msgs/yolo_msgs/msg/detail/pose2_d__type_support.c
[3.711s] -- Installing: /home/tech/ros2/my_first_ws/install/yolo_msgs/include/yolo_msgs/yolo_msgs/msg/detail/bounding_box2_d__type_support.c
[3.711s] -- Installing: /home/tech/ros2/my_first_ws/install/yolo_msgs/include/yolo_msgs/yolo_msgs/msg/detail/vector2__rosidl_typesupport_introspection_c.h
[3.711s] -- Installing: /home/tech/ros2/my_first_ws/install/yolo_msgs/include/yolo_msgs/yolo_msgs/msg/detail/key_point3_d_array__rosidl_typesupport_introspection_c.h
[3.711s] -- Installing: /home/tech/ros2/my_first_ws/install/yolo_msgs/include/yolo_msgs/yolo_msgs/msg/detail/mask__type_support.c
[3.711s] -- Installing: /home/tech/ros2/my_first_ws/install/yolo_msgs/include/yolo_msgs/yolo_msgs/msg/detail/vector2__type_support.c
[3.711s] -- Installing: /home/tech/ros2/my_first_ws/install/yolo_msgs/include/yolo_msgs/yolo_msgs/msg/detail/bounding_box2_d__rosidl_typesupport_introspection_c.h
[3.711s] -- Installing: /home/tech/ros2/my_first_ws/install/yolo_msgs/include/yolo_msgs/yolo_msgs/msg/detail/bounding_box3_d__rosidl_typesupport_introspection_c.h
[3.712s] -- Installing: /home/tech/ros2/my_first_ws/install/yolo_msgs/include/yolo_msgs/yolo_msgs/msg/rosidl_typesupport_introspection_c__visibility_control.h
[3.712s] -- Installing: /home/tech/ros2/my_first_ws/install/yolo_msgs/lib/libyolo_msgs__rosidl_typesupport_introspection_c.so
[3.712s] -- Set runtime path of "/home/tech/ros2/my_first_ws/install/yolo_msgs/lib/libyolo_msgs__rosidl_typesupport_introspection_c.so" to ""
[3.712s] -- Installing: /home/tech/ros2/my_first_ws/install/yolo_msgs/lib/libyolo_msgs__rosidl_typesupport_c.so
[3.712s] -- Set runtime path of "/home/tech/ros2/my_first_ws/install/yolo_msgs/lib/libyolo_msgs__rosidl_typesupport_c.so" to ""
[3.712s] -- Up-to-date: /home/tech/ros2/my_first_ws/install/yolo_msgs/include/yolo_msgs/yolo_msgs
[3.712s] -- Up-to-date: /home/tech/ros2/my_first_ws/install/yolo_msgs/include/yolo_msgs/yolo_msgs/srv
[3.712s] -- Installing: /home/tech/ros2/my_first_ws/install/yolo_msgs/include/yolo_msgs/yolo_msgs/srv/set_classes.hpp
[3.712s] -- Up-to-date: /home/tech/ros2/my_first_ws/install/yolo_msgs/include/yolo_msgs/yolo_msgs/srv/detail
[3.712s] -- Installing: /home/tech/ros2/my_first_ws/install/yolo_msgs/include/yolo_msgs/yolo_msgs/srv/detail/set_classes__traits.hpp
[3.712s] -- Installing: /home/tech/ros2/my_first_ws/install/yolo_msgs/include/yolo_msgs/yolo_msgs/srv/detail/set_classes__builder.hpp
[3.712s] -- Installing: /home/tech/ros2/my_first_ws/install/yolo_msgs/include/yolo_msgs/yolo_msgs/srv/detail/set_classes__type_support.hpp
[3.712s] -- Installing: /home/tech/ros2/my_first_ws/install/yolo_msgs/include/yolo_msgs/yolo_msgs/srv/detail/set_classes__struct.hpp
[3.712s] -- Up-to-date: /home/tech/ros2/my_first_ws/install/yolo_msgs/include/yolo_msgs/yolo_msgs/msg
[3.712s] -- Installing: /home/tech/ros2/my_first_ws/install/yolo_msgs/include/yolo_msgs/yolo_msgs/msg/key_point2_d_array.hpp
[3.712s] -- Installing: /home/tech/ros2/my_first_ws/install/yolo_msgs/include/yolo_msgs/yolo_msgs/msg/key_point3_d.hpp
[3.712s] -- Installing: /home/tech/ros2/my_first_ws/install/yolo_msgs/include/yolo_msgs/yolo_msgs/msg/bounding_box2_d.hpp
[3.712s] -- Installing: /home/tech/ros2/my_first_ws/install/yolo_msgs/include/yolo_msgs/yolo_msgs/msg/detection.hpp
[3.712s] -- Installing: /home/tech/ros2/my_first_ws/install/yolo_msgs/include/yolo_msgs/yolo_msgs/msg/bounding_box3_d.hpp
[3.712s] -- Installing: /home/tech/ros2/my_first_ws/install/yolo_msgs/include/yolo_msgs/yolo_msgs/msg/key_point3_d_array.hpp
[3.713s] -- Installing: /home/tech/ros2/my_first_ws/install/yolo_msgs/include/yolo_msgs/yolo_msgs/msg/pose2_d.hpp
[3.713s] -- Up-to-date: /home/tech/ros2/my_first_ws/install/yolo_msgs/include/yolo_msgs/yolo_msgs/msg/detail
[3.713s] -- Installing: /home/tech/ros2/my_first_ws/install/yolo_msgs/include/yolo_msgs/yolo_msgs/msg/detail/detection_array__traits.hpp
[3.713s] -- Installing: /home/tech/ros2/my_first_ws/install/yolo_msgs/include/yolo_msgs/yolo_msgs/msg/detail/vector2__builder.hpp
[3.713s] -- Installing: /home/tech/ros2/my_first_ws/install/yolo_msgs/include/yolo_msgs/yolo_msgs/msg/detail/key_point2_d__type_support.hpp
[3.713s] -- Installing: /home/tech/ros2/my_first_ws/install/yolo_msgs/include/yolo_msgs/yolo_msgs/msg/detail/detection_array__type_support.hpp
[3.713s] -- Installing: /home/tech/ros2/my_first_ws/install/yolo_msgs/include/yolo_msgs/yolo_msgs/msg/detail/pose2_d__builder.hpp
[3.713s] -- Installing: /home/tech/ros2/my_first_ws/install/yolo_msgs/include/yolo_msgs/yolo_msgs/msg/detail/key_point3_d_array__builder.hpp
[3.713s] -- Installing: /home/tech/ros2/my_first_ws/install/yolo_msgs/include/yolo_msgs/yolo_msgs/msg/detail/point2_d__type_support.hpp
[3.713s] -- Installing: /home/tech/ros2/my_first_ws/install/yolo_msgs/include/yolo_msgs/yolo_msgs/msg/detail/key_point2_d_array__struct.hpp
[3.713s] -- Installing: /home/tech/ros2/my_first_ws/install/yolo_msgs/include/yolo_msgs/yolo_msgs/msg/detail/key_point3_d_array__type_support.hpp
[3.713s] -- Installing: /home/tech/ros2/my_first_ws/install/yolo_msgs/include/yolo_msgs/yolo_msgs/msg/detail/bounding_box2_d__type_support.hpp
[3.713s] -- Installing: /home/tech/ros2/my_first_ws/install/yolo_msgs/include/yolo_msgs/yolo_msgs/msg/detail/pose2_d__struct.hpp
[3.713s] -- Installing: /home/tech/ros2/my_first_ws/install/yolo_msgs/include/yolo_msgs/yolo_msgs/msg/detail/key_point3_d__traits.hpp
[3.713s] -- Installing: /home/tech/ros2/my_first_ws/install/yolo_msgs/include/yolo_msgs/yolo_msgs/msg/detail/key_point2_d__struct.hpp
[3.713s] -- Installing: /home/tech/ros2/my_first_ws/install/yolo_msgs/include/yolo_msgs/yolo_msgs/msg/detail/detection_array__builder.hpp
[3.713s] -- Installing: /home/tech/ros2/my_first_ws/install/yolo_msgs/include/yolo_msgs/yolo_msgs/msg/detail/pose2_d__traits.hpp
[3.713s] -- Installing: /home/tech/ros2/my_first_ws/install/yolo_msgs/include/yolo_msgs/yolo_msgs/msg/detail/point2_d__builder.hpp
[3.713s] -- Installing: /home/tech/ros2/my_first_ws/install/yolo_msgs/include/yolo_msgs/yolo_msgs/msg/detail/mask__traits.hpp
[3.713s] -- Installing: /home/tech/ros2/my_first_ws/install/yolo_msgs/include/yolo_msgs/yolo_msgs/msg/detail/bounding_box3_d__type_support.hpp
[3.714s] -- Installing: /home/tech/ros2/my_first_ws/install/yolo_msgs/include/yolo_msgs/yolo_msgs/msg/detail/detection__struct.hpp
[3.714s] -- Installing: /home/tech/ros2/my_first_ws/install/yolo_msgs/include/yolo_msgs/yolo_msgs/msg/detail/key_point2_d_array__traits.hpp
[3.714s] -- Installing: /home/tech/ros2/my_first_ws/install/yolo_msgs/include/yolo_msgs/yolo_msgs/msg/detail/key_point2_d_array__type_support.hpp
[3.714s] -- Installing: /home/tech/ros2/my_first_ws/install/yolo_msgs/include/yolo_msgs/yolo_msgs/msg/detail/bounding_box2_d__traits.hpp
[3.714s] -- Installing: /home/tech/ros2/my_first_ws/install/yolo_msgs/include/yolo_msgs/yolo_msgs/msg/detail/key_point2_d_array__builder.hpp
[3.714s] -- Installing: /home/tech/ros2/my_first_ws/install/yolo_msgs/include/yolo_msgs/yolo_msgs/msg/detail/key_point3_d__struct.hpp
[3.714s] -- Installing: /home/tech/ros2/my_first_ws/install/yolo_msgs/include/yolo_msgs/yolo_msgs/msg/detail/point2_d__struct.hpp
[3.714s] -- Installing: /home/tech/ros2/my_first_ws/install/yolo_msgs/include/yolo_msgs/yolo_msgs/msg/detail/bounding_box2_d__builder.hpp
[3.714s] -- Installing: /home/tech/ros2/my_first_ws/install/yolo_msgs/include/yolo_msgs/yolo_msgs/msg/detail/key_point2_d__traits.hpp
[3.714s] -- Installing: /home/tech/ros2/my_first_ws/install/yolo_msgs/include/yolo_msgs/yolo_msgs/msg/detail/key_point3_d__type_support.hpp
[3.714s] -- Installing: /home/tech/ros2/my_first_ws/install/yolo_msgs/include/yolo_msgs/yolo_msgs/msg/detail/bounding_box3_d__builder.hpp
[3.714s] -- Installing: /home/tech/ros2/my_first_ws/install/yolo_msgs/include/yolo_msgs/yolo_msgs/msg/detail/key_point3_d__builder.hpp
[3.714s] -- Installing: /home/tech/ros2/my_first_ws/install/yolo_msgs/include/yolo_msgs/yolo_msgs/msg/detail/detection__traits.hpp
[3.714s] -- Installing: /home/tech/ros2/my_first_ws/install/yolo_msgs/include/yolo_msgs/yolo_msgs/msg/detail/detection__builder.hpp
[3.714s] -- Installing: /home/tech/ros2/my_first_ws/install/yolo_msgs/include/yolo_msgs/yolo_msgs/msg/detail/bounding_box3_d__traits.hpp
[3.714s] -- Installing: /home/tech/ros2/my_first_ws/install/yolo_msgs/include/yolo_msgs/yolo_msgs/msg/detail/bounding_box3_d__struct.hpp
[3.714s] -- Installing: /home/tech/ros2/my_first_ws/install/yolo_msgs/include/yolo_msgs/yolo_msgs/msg/detail/key_point2_d__builder.hpp
[3.714s] -- Installing: /home/tech/ros2/my_first_ws/install/yolo_msgs/include/yolo_msgs/yolo_msgs/msg/detail/vector2__traits.hpp
[3.714s] -- Installing: /home/tech/ros2/my_first_ws/install/yolo_msgs/include/yolo_msgs/yolo_msgs/msg/detail/vector2__type_support.hpp
[3.714s] -- Installing: /home/tech/ros2/my_first_ws/install/yolo_msgs/include/yolo_msgs/yolo_msgs/msg/detail/bounding_box2_d__struct.hpp
[3.714s] -- Installing: /home/tech/ros2/my_first_ws/install/yolo_msgs/include/yolo_msgs/yolo_msgs/msg/detail/key_point3_d_array__traits.hpp
[3.715s] -- Installing: /home/tech/ros2/my_first_ws/install/yolo_msgs/include/yolo_msgs/yolo_msgs/msg/detail/point2_d__traits.hpp
[3.715s] -- Installing: /home/tech/ros2/my_first_ws/install/yolo_msgs/include/yolo_msgs/yolo_msgs/msg/detail/pose2_d__type_support.hpp
[3.715s] -- Installing: /home/tech/ros2/my_first_ws/install/yolo_msgs/include/yolo_msgs/yolo_msgs/msg/detail/mask__type_support.hpp
[3.715s] -- Installing: /home/tech/ros2/my_first_ws/install/yolo_msgs/include/yolo_msgs/yolo_msgs/msg/detail/detection_array__struct.hpp
[3.715s] -- Installing: /home/tech/ros2/my_first_ws/install/yolo_msgs/include/yolo_msgs/yolo_msgs/msg/detail/mask__struct.hpp
[3.715s] -- Installing: /home/tech/ros2/my_first_ws/install/yolo_msgs/include/yolo_msgs/yolo_msgs/msg/detail/mask__builder.hpp
[3.715s] -- Installing: /home/tech/ros2/my_first_ws/install/yolo_msgs/include/yolo_msgs/yolo_msgs/msg/detail/vector2__struct.hpp
[3.715s] -- Installing: /home/tech/ros2/my_first_ws/install/yolo_msgs/include/yolo_msgs/yolo_msgs/msg/detail/detection__type_support.hpp
[3.715s] -- Installing: /home/tech/ros2/my_first_ws/install/yolo_msgs/include/yolo_msgs/yolo_msgs/msg/detail/key_point3_d_array__struct.hpp
[3.715s] -- Installing: /home/tech/ros2/my_first_ws/install/yolo_msgs/include/yolo_msgs/yolo_msgs/msg/detection_array.hpp
[3.715s] -- Installing: /home/tech/ros2/my_first_ws/install/yolo_msgs/include/yolo_msgs/yolo_msgs/msg/mask.hpp
[3.715s] -- Installing: /home/tech/ros2/my_first_ws/install/yolo_msgs/include/yolo_msgs/yolo_msgs/msg/vector2.hpp
[3.715s] -- Installing: /home/tech/ros2/my_first_ws/install/yolo_msgs/include/yolo_msgs/yolo_msgs/msg/point2_d.hpp
[3.715s] -- Installing: /home/tech/ros2/my_first_ws/install/yolo_msgs/include/yolo_msgs/yolo_msgs/msg/rosidl_generator_cpp__visibility_control.hpp
[3.715s] -- Installing: /home/tech/ros2/my_first_ws/install/yolo_msgs/include/yolo_msgs/yolo_msgs/msg/key_point2_d.hpp
[3.715s] -- Up-to-date: /home/tech/ros2/my_first_ws/install/yolo_msgs/include/yolo_msgs/yolo_msgs
[3.715s] -- Up-to-date: /home/tech/ros2/my_first_ws/install/yolo_msgs/include/yolo_msgs/yolo_msgs/srv
[3.715s] -- Up-to-date: /home/tech/ros2/my_first_ws/install/yolo_msgs/include/yolo_msgs/yolo_msgs/srv/detail
[3.715s] -- Installing: /home/tech/ros2/my_first_ws/install/yolo_msgs/include/yolo_msgs/yolo_msgs/srv/detail/set_classes__rosidl_typesupport_fastrtps_cpp.hpp
[3.715s] -- Installing: /home/tech/ros2/my_first_ws/install/yolo_msgs/include/yolo_msgs/yolo_msgs/srv/detail/dds_fastrtps
[3.715s] -- Up-to-date: /home/tech/ros2/my_first_ws/install/yolo_msgs/include/yolo_msgs/yolo_msgs/msg
[3.715s] -- Up-to-date: /home/tech/ros2/my_first_ws/install/yolo_msgs/include/yolo_msgs/yolo_msgs/msg/detail
[3.716s] -- Installing: /home/tech/ros2/my_first_ws/install/yolo_msgs/include/yolo_msgs/yolo_msgs/msg/detail/key_point3_d__rosidl_typesupport_fastrtps_cpp.hpp
[3.716s] -- Installing: /home/tech/ros2/my_first_ws/install/yolo_msgs/include/yolo_msgs/yolo_msgs/msg/detail/key_point2_d_array__rosidl_typesupport_fastrtps_cpp.hpp
[3.716s] -- Installing: /home/tech/ros2/my_first_ws/install/yolo_msgs/include/yolo_msgs/yolo_msgs/msg/detail/bounding_box3_d__rosidl_typesupport_fastrtps_cpp.hpp
[3.716s] -- Installing: /home/tech/ros2/my_first_ws/install/yolo_msgs/include/yolo_msgs/yolo_msgs/msg/detail/mask__rosidl_typesupport_fastrtps_cpp.hpp
[3.716s] -- Installing: /home/tech/ros2/my_first_ws/install/yolo_msgs/include/yolo_msgs/yolo_msgs/msg/detail/bounding_box2_d__rosidl_typesupport_fastrtps_cpp.hpp
[3.716s] -- Installing: /home/tech/ros2/my_first_ws/install/yolo_msgs/include/yolo_msgs/yolo_msgs/msg/detail/detection__rosidl_typesupport_fastrtps_cpp.hpp
[3.716s] -- Installing: /home/tech/ros2/my_first_ws/install/yolo_msgs/include/yolo_msgs/yolo_msgs/msg/detail/detection_array__rosidl_typesupport_fastrtps_cpp.hpp
[3.716s] -- Installing: /home/tech/ros2/my_first_ws/install/yolo_msgs/include/yolo_msgs/yolo_msgs/msg/detail/dds_fastrtps
[3.716s] -- Installing: /home/tech/ros2/my_first_ws/install/yolo_msgs/include/yolo_msgs/yolo_msgs/msg/detail/key_point3_d_array__rosidl_typesupport_fastrtps_cpp.hpp
[3.716s] -- Installing: /home/tech/ros2/my_first_ws/install/yolo_msgs/include/yolo_msgs/yolo_msgs/msg/detail/key_point2_d__rosidl_typesupport_fastrtps_cpp.hpp
[3.716s] -- Installing: /home/tech/ros2/my_first_ws/install/yolo_msgs/include/yolo_msgs/yolo_msgs/msg/detail/point2_d__rosidl_typesupport_fastrtps_cpp.hpp
[3.716s] -- Installing: /home/tech/ros2/my_first_ws/install/yolo_msgs/include/yolo_msgs/yolo_msgs/msg/detail/pose2_d__rosidl_typesupport_fastrtps_cpp.hpp
[3.716s] -- Installing: /home/tech/ros2/my_first_ws/install/yolo_msgs/include/yolo_msgs/yolo_msgs/msg/detail/vector2__rosidl_typesupport_fastrtps_cpp.hpp
[3.716s] -- Installing: /home/tech/ros2/my_first_ws/install/yolo_msgs/include/yolo_msgs/yolo_msgs/msg/rosidl_typesupport_fastrtps_cpp__visibility_control.h
[3.716s] -- Installing: /home/tech/ros2/my_first_ws/install/yolo_msgs/lib/libyolo_msgs__rosidl_typesupport_fastrtps_cpp.so
[3.716s] -- Set runtime path of "/home/tech/ros2/my_first_ws/install/yolo_msgs/lib/libyolo_msgs__rosidl_typesupport_fastrtps_cpp.so" to ""
[3.716s] -- Up-to-date: /home/tech/ros2/my_first_ws/install/yolo_msgs/include/yolo_msgs/yolo_msgs
[3.716s] -- Up-to-date: /home/tech/ros2/my_first_ws/install/yolo_msgs/include/yolo_msgs/yolo_msgs/srv
[3.716s] -- Up-to-date: /home/tech/ros2/my_first_ws/install/yolo_msgs/include/yolo_msgs/yolo_msgs/srv/detail
[3.716s] -- Installing: /home/tech/ros2/my_first_ws/install/yolo_msgs/include/yolo_msgs/yolo_msgs/srv/detail/set_classes__rosidl_typesupport_introspection_cpp.hpp
[3.716s] -- Installing: /home/tech/ros2/my_first_ws/install/yolo_msgs/include/yolo_msgs/yolo_msgs/srv/detail/set_classes__type_support.cpp
[3.716s] -- Up-to-date: /home/tech/ros2/my_first_ws/install/yolo_msgs/include/yolo_msgs/yolo_msgs/msg
[3.716s] -- Up-to-date: /home/tech/ros2/my_first_ws/install/yolo_msgs/include/yolo_msgs/yolo_msgs/msg/detail
[3.716s] -- Installing: /home/tech/ros2/my_first_ws/install/yolo_msgs/include/yolo_msgs/yolo_msgs/msg/detail/key_point3_d__type_support.cpp
[3.716s] -- Installing: /home/tech/ros2/my_first_ws/install/yolo_msgs/include/yolo_msgs/yolo_msgs/msg/detail/pose2_d__type_support.cpp
[3.716s] -- Installing: /home/tech/ros2/my_first_ws/install/yolo_msgs/include/yolo_msgs/yolo_msgs/msg/detail/key_point2_d_array__rosidl_typesupport_introspection_cpp.hpp
[3.716s] -- Installing: /home/tech/ros2/my_first_ws/install/yolo_msgs/include/yolo_msgs/yolo_msgs/msg/detail/detection_array__type_support.cpp
[3.716s] -- Installing: /home/tech/ros2/my_first_ws/install/yolo_msgs/include/yolo_msgs/yolo_msgs/msg/detail/key_point3_d_array__type_support.cpp
[3.716s] -- Installing: /home/tech/ros2/my_first_ws/install/yolo_msgs/include/yolo_msgs/yolo_msgs/msg/detail/pose2_d__rosidl_typesupport_introspection_cpp.hpp
[3.716s] -- Installing: /home/tech/ros2/my_first_ws/install/yolo_msgs/include/yolo_msgs/yolo_msgs/msg/detail/detection__type_support.cpp
[3.716s] -- Installing: /home/tech/ros2/my_first_ws/install/yolo_msgs/include/yolo_msgs/yolo_msgs/msg/detail/bounding_box3_d__rosidl_typesupport_introspection_cpp.hpp
[3.716s] -- Installing: /home/tech/ros2/my_first_ws/install/yolo_msgs/include/yolo_msgs/yolo_msgs/msg/detail/bounding_box2_d__rosidl_typesupport_introspection_cpp.hpp
[3.716s] -- Installing: /home/tech/ros2/my_first_ws/install/yolo_msgs/include/yolo_msgs/yolo_msgs/msg/detail/vector2__rosidl_typesupport_introspection_cpp.hpp
[3.716s] -- Installing: /home/tech/ros2/my_first_ws/install/yolo_msgs/include/yolo_msgs/yolo_msgs/msg/detail/point2_d__type_support.cpp
[3.716s] -- Installing: /home/tech/ros2/my_first_ws/install/yolo_msgs/include/yolo_msgs/yolo_msgs/msg/detail/bounding_box3_d__type_support.cpp
[3.716s] -- Installing: /home/tech/ros2/my_first_ws/install/yolo_msgs/include/yolo_msgs/yolo_msgs/msg/detail/mask__type_support.cpp
[3.716s] -- Installing: /home/tech/ros2/my_first_ws/install/yolo_msgs/include/yolo_msgs/yolo_msgs/msg/detail/mask__rosidl_typesupport_introspection_cpp.hpp
[3.716s] -- Installing: /home/tech/ros2/my_first_ws/install/yolo_msgs/include/yolo_msgs/yolo_msgs/msg/detail/key_point2_d_array__type_support.cpp
[3.716s] -- Installing: /home/tech/ros2/my_first_ws/install/yolo_msgs/include/yolo_msgs/yolo_msgs/msg/detail/key_point3_d__rosidl_typesupport_introspection_cpp.hpp
[3.716s] -- Installing: /home/tech/ros2/my_first_ws/install/yolo_msgs/include/yolo_msgs/yolo_msgs/msg/detail/detection_array__rosidl_typesupport_introspection_cpp.hpp
[3.716s] -- Installing: /home/tech/ros2/my_first_ws/install/yolo_msgs/include/yolo_msgs/yolo_msgs/msg/detail/detection__rosidl_typesupport_introspection_cpp.hpp
[3.716s] -- Installing: /home/tech/ros2/my_first_ws/install/yolo_msgs/include/yolo_msgs/yolo_msgs/msg/detail/key_point2_d__rosidl_typesupport_introspection_cpp.hpp
[3.716s] -- Installing: /home/tech/ros2/my_first_ws/install/yolo_msgs/include/yolo_msgs/yolo_msgs/msg/detail/key_point3_d_array__rosidl_typesupport_introspection_cpp.hpp
[3.716s] -- Installing: /home/tech/ros2/my_first_ws/install/yolo_msgs/include/yolo_msgs/yolo_msgs/msg/detail/bounding_box2_d__type_support.cpp
[3.716s] -- Installing: /home/tech/ros2/my_first_ws/install/yolo_msgs/include/yolo_msgs/yolo_msgs/msg/detail/point2_d__rosidl_typesupport_introspection_cpp.hpp
[3.716s] -- Installing: /home/tech/ros2/my_first_ws/install/yolo_msgs/include/yolo_msgs/yolo_msgs/msg/detail/key_point2_d__type_support.cpp
[3.716s] -- Installing: /home/tech/ros2/my_first_ws/install/yolo_msgs/include/yolo_msgs/yolo_msgs/msg/detail/vector2__type_support.cpp
[3.716s] -- Installing: /home/tech/ros2/my_first_ws/install/yolo_msgs/lib/libyolo_msgs__rosidl_typesupport_introspection_cpp.so
[3.716s] -- Set runtime path of "/home/tech/ros2/my_first_ws/install/yolo_msgs/lib/libyolo_msgs__rosidl_typesupport_introspection_cpp.so" to ""
[3.717s] -- Installing: /home/tech/ros2/my_first_ws/install/yolo_msgs/lib/libyolo_msgs__rosidl_typesupport_cpp.so
[3.717s] -- Set runtime path of "/home/tech/ros2/my_first_ws/install/yolo_msgs/lib/libyolo_msgs__rosidl_typesupport_cpp.so" to ""
[3.717s] -- Installing: /home/tech/ros2/my_first_ws/install/yolo_msgs/share/yolo_msgs/environment/pythonpath.sh
[3.717s] -- Installing: /home/tech/ros2/my_first_ws/install/yolo_msgs/share/yolo_msgs/environment/pythonpath.dsv
[3.717s] -- Installing: /home/tech/ros2/my_first_ws/install/yolo_msgs/local/lib/python3.10/dist-packages/yolo_msgs-4.4.1-py3.10.egg-info
[3.717s] -- Installing: /home/tech/ros2/my_first_ws/install/yolo_msgs/local/lib/python3.10/dist-packages/yolo_msgs-4.4.1-py3.10.egg-info/dependency_links.txt
[3.717s] -- Installing: /home/tech/ros2/my_first_ws/install/yolo_msgs/local/lib/python3.10/dist-packages/yolo_msgs-4.4.1-py3.10.egg-info/SOURCES.txt
[3.717s] -- Installing: /home/tech/ros2/my_first_ws/install/yolo_msgs/local/lib/python3.10/dist-packages/yolo_msgs-4.4.1-py3.10.egg-info/PKG-INFO
[3.717s] -- Installing: /home/tech/ros2/my_first_ws/install/yolo_msgs/local/lib/python3.10/dist-packages/yolo_msgs-4.4.1-py3.10.egg-info/top_level.txt
[3.717s] -- Installing: /home/tech/ros2/my_first_ws/install/yolo_msgs/local/lib/python3.10/dist-packages/yolo_msgs
[3.717s] -- Installing: /home/tech/ros2/my_first_ws/install/yolo_msgs/local/lib/python3.10/dist-packages/yolo_msgs/yolo_msgs_s__rosidl_typesupport_fastrtps_c.cpython-310-x86_64-linux-gnu.so
[3.717s] -- Installing: /home/tech/ros2/my_first_ws/install/yolo_msgs/local/lib/python3.10/dist-packages/yolo_msgs/_yolo_msgs_s.ep.rosidl_typesupport_fastrtps_c.c
[3.717s] -- Installing: /home/tech/ros2/my_first_ws/install/yolo_msgs/local/lib/python3.10/dist-packages/yolo_msgs/srv
[3.717s] -- Installing: /home/tech/ros2/my_first_ws/install/yolo_msgs/local/lib/python3.10/dist-packages/yolo_msgs/srv/_set_classes.py
[3.717s] -- Installing: /home/tech/ros2/my_first_ws/install/yolo_msgs/local/lib/python3.10/dist-packages/yolo_msgs/srv/_set_classes_s.c
[3.717s] -- Installing: /home/tech/ros2/my_first_ws/install/yolo_msgs/local/lib/python3.10/dist-packages/yolo_msgs/srv/__init__.py
[3.717s] -- Installing: /home/tech/ros2/my_first_ws/install/yolo_msgs/local/lib/python3.10/dist-packages/yolo_msgs/msg
[3.717s] -- Installing: /home/tech/ros2/my_first_ws/install/yolo_msgs/local/lib/python3.10/dist-packages/yolo_msgs/msg/_detection_array.py
[3.718s] -- Installing: /home/tech/ros2/my_first_ws/install/yolo_msgs/local/lib/python3.10/dist-packages/yolo_msgs/msg/_pose2_d.py
[3.718s] -- Installing: /home/tech/ros2/my_first_ws/install/yolo_msgs/local/lib/python3.10/dist-packages/yolo_msgs/msg/_key_point3_d.py
[3.718s] -- Installing: /home/tech/ros2/my_first_ws/install/yolo_msgs/local/lib/python3.10/dist-packages/yolo_msgs/msg/_key_point2_d_array_s.c
[3.718s] -- Installing: /home/tech/ros2/my_first_ws/install/yolo_msgs/local/lib/python3.10/dist-packages/yolo_msgs/msg/_detection.py
[3.718s] -- Installing: /home/tech/ros2/my_first_ws/install/yolo_msgs/local/lib/python3.10/dist-packages/yolo_msgs/msg/_detection_s.c
[3.718s] -- Installing: /home/tech/ros2/my_first_ws/install/yolo_msgs/local/lib/python3.10/dist-packages/yolo_msgs/msg/_pose2_d_s.c
[3.718s] -- Installing: /home/tech/ros2/my_first_ws/install/yolo_msgs/local/lib/python3.10/dist-packages/yolo_msgs/msg/_key_point3_d_array.py
[3.718s] -- Installing: /home/tech/ros2/my_first_ws/install/yolo_msgs/local/lib/python3.10/dist-packages/yolo_msgs/msg/_key_point3_d_array_s.c
[3.718s] -- Installing: /home/tech/ros2/my_first_ws/install/yolo_msgs/local/lib/python3.10/dist-packages/yolo_msgs/msg/_key_point2_d.py
[3.718s] -- Installing: /home/tech/ros2/my_first_ws/install/yolo_msgs/local/lib/python3.10/dist-packages/yolo_msgs/msg/_detection_array_s.c
[3.718s] -- Installing: /home/tech/ros2/my_first_ws/install/yolo_msgs/local/lib/python3.10/dist-packages/yolo_msgs/msg/_bounding_box3_d_s.c
[3.718s] -- Installing: /home/tech/ros2/my_first_ws/install/yolo_msgs/local/lib/python3.10/dist-packages/yolo_msgs/msg/_vector2.py
[3.718s] -- Installing: /home/tech/ros2/my_first_ws/install/yolo_msgs/local/lib/python3.10/dist-packages/yolo_msgs/msg/_point2_d_s.c
[3.718s] -- Installing: /home/tech/ros2/my_first_ws/install/yolo_msgs/local/lib/python3.10/dist-packages/yolo_msgs/msg/_point2_d.py
[3.718s] -- Installing: /home/tech/ros2/my_first_ws/install/yolo_msgs/local/lib/python3.10/dist-packages/yolo_msgs/msg/_key_point2_d_s.c
[3.718s] -- Installing: /home/tech/ros2/my_first_ws/install/yolo_msgs/local/lib/python3.10/dist-packages/yolo_msgs/msg/_bounding_box3_d.py
[3.718s] -- Installing: /home/tech/ros2/my_first_ws/install/yolo_msgs/local/lib/python3.10/dist-packages/yolo_msgs/msg/__init__.py
[3.718s] -- Installing: /home/tech/ros2/my_first_ws/install/yolo_msgs/local/lib/python3.10/dist-packages/yolo_msgs/msg/_bounding_box2_d.py
[3.718s] -- Installing: /home/tech/ros2/my_first_ws/install/yolo_msgs/local/lib/python3.10/dist-packages/yolo_msgs/msg/_bounding_box2_d_s.c
[3.718s] -- Installing: /home/tech/ros2/my_first_ws/install/yolo_msgs/local/lib/python3.10/dist-packages/yolo_msgs/msg/_vector2_s.c
[3.718s] -- Installing: /home/tech/ros2/my_first_ws/install/yolo_msgs/local/lib/python3.10/dist-packages/yolo_msgs/msg/_mask_s.c
[3.718s] -- Installing: /home/tech/ros2/my_first_ws/install/yolo_msgs/local/lib/python3.10/dist-packages/yolo_msgs/msg/_key_point3_d_s.c
[3.718s] -- Installing: /home/tech/ros2/my_first_ws/install/yolo_msgs/local/lib/python3.10/dist-packages/yolo_msgs/msg/_mask.py
[3.719s] -- Installing: /home/tech/ros2/my_first_ws/install/yolo_msgs/local/lib/python3.10/dist-packages/yolo_msgs/msg/_key_point2_d_array.py
[3.719s] -- Installing: /home/tech/ros2/my_first_ws/install/yolo_msgs/local/lib/python3.10/dist-packages/yolo_msgs/libyolo_msgs__rosidl_generator_py.so
[3.719s] -- Installing: /home/tech/ros2/my_first_ws/install/yolo_msgs/local/lib/python3.10/dist-packages/yolo_msgs/yolo_msgs_s__rosidl_typesupport_introspection_c.cpython-310-x86_64-linux-gnu.so
[3.719s] -- Installing: /home/tech/ros2/my_first_ws/install/yolo_msgs/local/lib/python3.10/dist-packages/yolo_msgs/__init__.py
[3.719s] -- Installing: /home/tech/ros2/my_first_ws/install/yolo_msgs/local/lib/python3.10/dist-packages/yolo_msgs/_yolo_msgs_s.ep.rosidl_typesupport_c.c
[3.719s] -- Installing: /home/tech/ros2/my_first_ws/install/yolo_msgs/local/lib/python3.10/dist-packages/yolo_msgs/_yolo_msgs_s.ep.rosidl_typesupport_introspection_c.c
[3.719s] -- Installing: /home/tech/ros2/my_first_ws/install/yolo_msgs/local/lib/python3.10/dist-packages/yolo_msgs/yolo_msgs_s__rosidl_typesupport_c.cpython-310-x86_64-linux-gnu.so
[3.747s] Listing '/home/tech/ros2/my_first_ws/install/yolo_msgs/local/lib/python3.10/dist-packages/yolo_msgs'...
[3.747s] Compiling '/home/tech/ros2/my_first_ws/install/yolo_msgs/local/lib/python3.10/dist-packages/yolo_msgs/__init__.py'...
[3.747s] Listing '/home/tech/ros2/my_first_ws/install/yolo_msgs/local/lib/python3.10/dist-packages/yolo_msgs/msg'...
[3.748s] Compiling '/home/tech/ros2/my_first_ws/install/yolo_msgs/local/lib/python3.10/dist-packages/yolo_msgs/msg/__init__.py'...
[3.748s] Compiling '/home/tech/ros2/my_first_ws/install/yolo_msgs/local/lib/python3.10/dist-packages/yolo_msgs/msg/_bounding_box2_d.py'...
[3.748s] Compiling '/home/tech/ros2/my_first_ws/install/yolo_msgs/local/lib/python3.10/dist-packages/yolo_msgs/msg/_bounding_box3_d.py'...
[3.748s] Compiling '/home/tech/ros2/my_first_ws/install/yolo_msgs/local/lib/python3.10/dist-packages/yolo_msgs/msg/_detection.py'...
[3.748s] Compiling '/home/tech/ros2/my_first_ws/install/yolo_msgs/local/lib/python3.10/dist-packages/yolo_msgs/msg/_detection_array.py'...
[3.748s] Compiling '/home/tech/ros2/my_first_ws/install/yolo_msgs/local/lib/python3.10/dist-packages/yolo_msgs/msg/_key_point2_d.py'...
[3.748s] Compiling '/home/tech/ros2/my_first_ws/install/yolo_msgs/local/lib/python3.10/dist-packages/yolo_msgs/msg/_key_point2_d_array.py'...
[3.748s] Compiling '/home/tech/ros2/my_first_ws/install/yolo_msgs/local/lib/python3.10/dist-packages/yolo_msgs/msg/_key_point3_d.py'...
[3.748s] Compiling '/home/tech/ros2/my_first_ws/install/yolo_msgs/local/lib/python3.10/dist-packages/yolo_msgs/msg/_key_point3_d_array.py'...
[3.748s] Compiling '/home/tech/ros2/my_first_ws/install/yolo_msgs/local/lib/python3.10/dist-packages/yolo_msgs/msg/_mask.py'...
[3.748s] Compiling '/home/tech/ros2/my_first_ws/install/yolo_msgs/local/lib/python3.10/dist-packages/yolo_msgs/msg/_point2_d.py'...
[3.748s] Compiling '/home/tech/ros2/my_first_ws/install/yolo_msgs/local/lib/python3.10/dist-packages/yolo_msgs/msg/_pose2_d.py'...
[3.748s] Compiling '/home/tech/ros2/my_first_ws/install/yolo_msgs/local/lib/python3.10/dist-packages/yolo_msgs/msg/_vector2.py'...
[3.748s] Listing '/home/tech/ros2/my_first_ws/install/yolo_msgs/local/lib/python3.10/dist-packages/yolo_msgs/srv'...
[3.748s] Compiling '/home/tech/ros2/my_first_ws/install/yolo_msgs/local/lib/python3.10/dist-packages/yolo_msgs/srv/__init__.py'...
[3.748s] Compiling '/home/tech/ros2/my_first_ws/install/yolo_msgs/local/lib/python3.10/dist-packages/yolo_msgs/srv/_set_classes.py'...
[3.750s] -- Installing: /home/tech/ros2/my_first_ws/install/yolo_msgs/local/lib/python3.10/dist-packages/yolo_msgs/yolo_msgs_s__rosidl_typesupport_fastrtps_c.cpython-310-x86_64-linux-gnu.so
[3.751s] -- Set runtime path of "/home/tech/ros2/my_first_ws/install/yolo_msgs/local/lib/python3.10/dist-packages/yolo_msgs/yolo_msgs_s__rosidl_typesupport_fastrtps_c.cpython-310-x86_64-linux-gnu.so" to ""
[3.751s] -- Installing: /home/tech/ros2/my_first_ws/install/yolo_msgs/local/lib/python3.10/dist-packages/yolo_msgs/yolo_msgs_s__rosidl_typesupport_introspection_c.cpython-310-x86_64-linux-gnu.so
[3.751s] -- Set runtime path of "/home/tech/ros2/my_first_ws/install/yolo_msgs/local/lib/python3.10/dist-packages/yolo_msgs/yolo_msgs_s__rosidl_typesupport_introspection_c.cpython-310-x86_64-linux-gnu.so" to ""
[3.751s] -- Installing: /home/tech/ros2/my_first_ws/install/yolo_msgs/local/lib/python3.10/dist-packages/yolo_msgs/yolo_msgs_s__rosidl_typesupport_c.cpython-310-x86_64-linux-gnu.so
[3.752s] -- Set runtime path of "/home/tech/ros2/my_first_ws/install/yolo_msgs/local/lib/python3.10/dist-packages/yolo_msgs/yolo_msgs_s__rosidl_typesupport_c.cpython-310-x86_64-linux-gnu.so" to ""
[3.752s] -- Installing: /home/tech/ros2/my_first_ws/install/yolo_msgs/lib/libyolo_msgs__rosidl_generator_py.so
[3.752s] -- Set runtime path of "/home/tech/ros2/my_first_ws/install/yolo_msgs/lib/libyolo_msgs__rosidl_generator_py.so" to ""
[3.752s] -- Installing: /home/tech/ros2/my_first_ws/install/yolo_msgs/share/yolo_msgs/msg/Point2D.idl
[3.752s] -- Installing: /home/tech/ros2/my_first_ws/install/yolo_msgs/share/yolo_msgs/msg/Vector2.idl
[3.752s] -- Installing: /home/tech/ros2/my_first_ws/install/yolo_msgs/share/yolo_msgs/msg/Pose2D.idl
[3.752s] -- Installing: /home/tech/ros2/my_first_ws/install/yolo_msgs/share/yolo_msgs/msg/BoundingBox2D.idl
[3.752s] -- Installing: /home/tech/ros2/my_first_ws/install/yolo_msgs/share/yolo_msgs/msg/BoundingBox3D.idl
[3.752s] -- Installing: /home/tech/ros2/my_first_ws/install/yolo_msgs/share/yolo_msgs/msg/Mask.idl
[3.752s] -- Installing: /home/tech/ros2/my_first_ws/install/yolo_msgs/share/yolo_msgs/msg/KeyPoint2D.idl
[3.752s] -- Installing: /home/tech/ros2/my_first_ws/install/yolo_msgs/share/yolo_msgs/msg/KeyPoint2DArray.idl
[3.752s] -- Installing: /home/tech/ros2/my_first_ws/install/yolo_msgs/share/yolo_msgs/msg/KeyPoint3D.idl
[3.752s] -- Installing: /home/tech/ros2/my_first_ws/install/yolo_msgs/share/yolo_msgs/msg/KeyPoint3DArray.idl
[3.752s] -- Installing: /home/tech/ros2/my_first_ws/install/yolo_msgs/share/yolo_msgs/msg/Detection.idl
[3.753s] -- Installing: /home/tech/ros2/my_first_ws/install/yolo_msgs/share/yolo_msgs/msg/DetectionArray.idl
[3.753s] -- Installing: /home/tech/ros2/my_first_ws/install/yolo_msgs/share/yolo_msgs/srv/SetClasses.idl
[3.753s] -- Installing: /home/tech/ros2/my_first_ws/install/yolo_msgs/share/yolo_msgs/msg/Point2D.msg
[3.753s] -- Installing: /home/tech/ros2/my_first_ws/install/yolo_msgs/share/yolo_msgs/msg/Vector2.msg
[3.753s] -- Installing: /home/tech/ros2/my_first_ws/install/yolo_msgs/share/yolo_msgs/msg/Pose2D.msg
[3.753s] -- Installing: /home/tech/ros2/my_first_ws/install/yolo_msgs/share/yolo_msgs/msg/BoundingBox2D.msg
[3.753s] -- Installing: /home/tech/ros2/my_first_ws/install/yolo_msgs/share/yolo_msgs/msg/BoundingBox3D.msg
[3.753s] -- Installing: /home/tech/ros2/my_first_ws/install/yolo_msgs/share/yolo_msgs/msg/Mask.msg
[3.753s] -- Installing: /home/tech/ros2/my_first_ws/install/yolo_msgs/share/yolo_msgs/msg/KeyPoint2D.msg
[3.753s] -- Installing: /home/tech/ros2/my_first_ws/install/yolo_msgs/share/yolo_msgs/msg/KeyPoint2DArray.msg
[3.754s] -- Installing: /home/tech/ros2/my_first_ws/install/yolo_msgs/share/yolo_msgs/msg/KeyPoint3D.msg
[3.754s] -- Installing: /home/tech/ros2/my_first_ws/install/yolo_msgs/share/yolo_msgs/msg/KeyPoint3DArray.msg
[3.754s] -- Installing: /home/tech/ros2/my_first_ws/install/yolo_msgs/share/yolo_msgs/msg/Detection.msg
[3.754s] -- Installing: /home/tech/ros2/my_first_ws/install/yolo_msgs/share/yolo_msgs/msg/DetectionArray.msg
[3.754s] -- Installing: /home/tech/ros2/my_first_ws/install/yolo_msgs/share/yolo_msgs/srv/SetClasses.srv
[3.754s] -- Installing: /home/tech/ros2/my_first_ws/install/yolo_msgs/share/yolo_msgs/srv/SetClasses_Request.msg
[3.754s] -- Installing: /home/tech/ros2/my_first_ws/install/yolo_msgs/share/yolo_msgs/srv/SetClasses_Response.msg
[3.754s] -- Installing: /home/tech/ros2/my_first_ws/install/yolo_msgs/share/ament_index/resource_index/package_run_dependencies/yolo_msgs
[3.754s] -- Installing: /home/tech/ros2/my_first_ws/install/yolo_msgs/share/ament_index/resource_index/parent_prefix_path/yolo_msgs
[3.754s] -- Installing: /home/tech/ros2/my_first_ws/install/yolo_msgs/share/yolo_msgs/environment/ament_prefix_path.sh
[3.754s] -- Installing: /home/tech/ros2/my_first_ws/install/yolo_msgs/share/yolo_msgs/environment/ament_prefix_path.dsv
[3.754s] -- Installing: /home/tech/ros2/my_first_ws/install/yolo_msgs/share/yolo_msgs/environment/path.sh
[3.754s] -- Installing: /home/tech/ros2/my_first_ws/install/yolo_msgs/share/yolo_msgs/environment/path.dsv
[3.754s] -- Installing: /home/tech/ros2/my_first_ws/install/yolo_msgs/share/yolo_msgs/local_setup.bash
[3.755s] -- Installing: /home/tech/ros2/my_first_ws/install/yolo_msgs/share/yolo_msgs/local_setup.sh
[3.755s] -- Installing: /home/tech/ros2/my_first_ws/install/yolo_msgs/share/yolo_msgs/local_setup.zsh
[3.755s] -- Installing: /home/tech/ros2/my_first_ws/install/yolo_msgs/share/yolo_msgs/local_setup.dsv
[3.755s] -- Installing: /home/tech/ros2/my_first_ws/install/yolo_msgs/share/yolo_msgs/package.dsv
[3.755s] -- Installing: /home/tech/ros2/my_first_ws/install/yolo_msgs/share/ament_index/resource_index/packages/yolo_msgs
[3.755s] -- Installing: /home/tech/ros2/my_first_ws/install/yolo_msgs/share/yolo_msgs/cmake/export_yolo_msgs__rosidl_generator_cExport.cmake
[3.755s] -- Installing: /home/tech/ros2/my_first_ws/install/yolo_msgs/share/yolo_msgs/cmake/export_yolo_msgs__rosidl_generator_cExport-noconfig.cmake
[3.755s] -- Installing: /home/tech/ros2/my_first_ws/install/yolo_msgs/share/yolo_msgs/cmake/export_yolo_msgs__rosidl_typesupport_fastrtps_cExport.cmake
[3.755s] -- Installing: /home/tech/ros2/my_first_ws/install/yolo_msgs/share/yolo_msgs/cmake/export_yolo_msgs__rosidl_typesupport_fastrtps_cExport-noconfig.cmake
[3.755s] -- Installing: /home/tech/ros2/my_first_ws/install/yolo_msgs/share/yolo_msgs/cmake/yolo_msgs__rosidl_typesupport_introspection_cExport.cmake
[3.755s] -- Installing: /home/tech/ros2/my_first_ws/install/yolo_msgs/share/yolo_msgs/cmake/yolo_msgs__rosidl_typesupport_introspection_cExport-noconfig.cmake
[3.755s] -- Installing: /home/tech/ros2/my_first_ws/install/yolo_msgs/share/yolo_msgs/cmake/yolo_msgs__rosidl_typesupport_cExport.cmake
[3.755s] -- Installing: /home/tech/ros2/my_first_ws/install/yolo_msgs/share/yolo_msgs/cmake/yolo_msgs__rosidl_typesupport_cExport-noconfig.cmake
[3.755s] -- Installing: /home/tech/ros2/my_first_ws/install/yolo_msgs/share/yolo_msgs/cmake/export_yolo_msgs__rosidl_generator_cppExport.cmake
[3.756s] -- Installing: /home/tech/ros2/my_first_ws/install/yolo_msgs/share/yolo_msgs/cmake/export_yolo_msgs__rosidl_typesupport_fastrtps_cppExport.cmake
[3.756s] -- Installing: /home/tech/ros2/my_first_ws/install/yolo_msgs/share/yolo_msgs/cmake/export_yolo_msgs__rosidl_typesupport_fastrtps_cppExport-noconfig.cmake
[3.756s] -- Installing: /home/tech/ros2/my_first_ws/install/yolo_msgs/share/yolo_msgs/cmake/yolo_msgs__rosidl_typesupport_introspection_cppExport.cmake
[3.756s] -- Installing: /home/tech/ros2/my_first_ws/install/yolo_msgs/share/yolo_msgs/cmake/yolo_msgs__rosidl_typesupport_introspection_cppExport-noconfig.cmake
[3.756s] -- Installing: /home/tech/ros2/my_first_ws/install/yolo_msgs/share/yolo_msgs/cmake/yolo_msgs__rosidl_typesupport_cppExport.cmake
[3.756s] -- Installing: /home/tech/ros2/my_first_ws/install/yolo_msgs/share/yolo_msgs/cmake/yolo_msgs__rosidl_typesupport_cppExport-noconfig.cmake
[3.756s] -- Installing: /home/tech/ros2/my_first_ws/install/yolo_msgs/share/yolo_msgs/cmake/export_yolo_msgs__rosidl_generator_pyExport.cmake
[3.756s] -- Installing: /home/tech/ros2/my_first_ws/install/yolo_msgs/share/yolo_msgs/cmake/export_yolo_msgs__rosidl_generator_pyExport-noconfig.cmake
[3.756s] -- Installing: /home/tech/ros2/my_first_ws/install/yolo_msgs/share/yolo_msgs/cmake/rosidl_cmake-extras.cmake
[3.756s] -- Installing: /home/tech/ros2/my_first_ws/install/yolo_msgs/share/yolo_msgs/cmake/ament_cmake_export_dependencies-extras.cmake
[3.756s] -- Installing: /home/tech/ros2/my_first_ws/install/yolo_msgs/share/yolo_msgs/cmake/ament_cmake_export_include_directories-extras.cmake
[3.756s] -- Installing: /home/tech/ros2/my_first_ws/install/yolo_msgs/share/yolo_msgs/cmake/ament_cmake_export_libraries-extras.cmake
[3.756s] -- Installing: /home/tech/ros2/my_first_ws/install/yolo_msgs/share/yolo_msgs/cmake/ament_cmake_export_targets-extras.cmake
[3.756s] -- Installing: /home/tech/ros2/my_first_ws/install/yolo_msgs/share/yolo_msgs/cmake/rosidl_cmake_export_typesupport_targets-extras.cmake
[3.756s] -- Installing: /home/tech/ros2/my_first_ws/install/yolo_msgs/share/yolo_msgs/cmake/rosidl_cmake_export_typesupport_libraries-extras.cmake
[3.756s] -- Installing: /home/tech/ros2/my_first_ws/install/yolo_msgs/share/yolo_msgs/cmake/yolo_msgsConfig.cmake
[3.757s] -- Installing: /home/tech/ros2/my_first_ws/install/yolo_msgs/share/yolo_msgs/cmake/yolo_msgsConfig-version.cmake
[3.757s] -- Installing: /home/tech/ros2/my_first_ws/install/yolo_msgs/share/yolo_msgs/package.xml
[3.759s] Invoked command in '/home/tech/ros2/my_first_ws/build/yolo_msgs' returned '0': CMAKE_PREFIX_PATH=${CMAKE_PREFIX_PATH}:/home/tech/ros2/my_first_ws/install/my_package:/opt/ros/humble /usr/bin/cmake --install /home/tech/ros2/my_first_ws/build/yolo_msgs
