[0.240s] Invoking command in '/home/tech/ros2_ws/src/my_package': PYTHONPATH=/home/tech/ros2_ws/build/my_package/prefix_override:/usr/lib/python3/dist-packages/colcon_core/task/python/colcon_distutils_commands:/home/tech/ros2_ws/install/my_package/lib/python3.10/site-packages:${PYTHONPATH} /usr/bin/python3 -W ignore:setup.py install is deprecated -W ignore:easy_install command is deprecated setup.py egg_info --egg-base ../../build/my_package build --build-base /home/tech/ros2_ws/build/my_package/build install --record /home/tech/ros2_ws/build/my_package/install.log --single-version-externally-managed install_data
[0.332s] running egg_info
[0.333s] writing ../../build/my_package/my_package.egg-info/PKG-INFO
[0.333s] writing dependency_links to ../../build/my_package/my_package.egg-info/dependency_links.txt
[0.333s] writing entry points to ../../build/my_package/my_package.egg-info/entry_points.txt
[0.333s] writing requirements to ../../build/my_package/my_package.egg-info/requires.txt
[0.333s] writing top-level names to ../../build/my_package/my_package.egg-info/top_level.txt
[0.334s] reading manifest file '../../build/my_package/my_package.egg-info/SOURCES.txt'
[0.334s] adding license file 'LICENSE'
[0.334s] writing manifest file '../../build/my_package/my_package.egg-info/SOURCES.txt'
[0.334s] running build
[0.334s] running build_py
[0.334s] copying my_package/cmd_pose.py -> /home/tech/ros2_ws/build/my_package/build/lib/my_package
[0.334s] running install
[0.334s] running install_lib
[0.334s] copying /home/tech/ros2_ws/build/my_package/build/lib/my_package/cmd_pose.py -> /home/tech/ros2_ws/install/my_package/lib/python3.10/site-packages/my_package
[0.334s] byte-compiling /home/tech/ros2_ws/install/my_package/lib/python3.10/site-packages/my_package/cmd_pose.py to cmd_pose.cpython-310.pyc
[0.335s] running install_data
[0.335s] running install_egg_info
[0.336s] removing '/home/tech/ros2_ws/install/my_package/lib/python3.10/site-packages/my_package-0.0.0-py3.10.egg-info' (and everything under it)
[0.336s] Copying ../../build/my_package/my_package.egg-info to /home/tech/ros2_ws/install/my_package/lib/python3.10/site-packages/my_package-0.0.0-py3.10.egg-info
[0.336s] running install_scripts
[0.345s] Installing cmd_pose script to /home/tech/ros2_ws/install/my_package/lib/my_package
[0.345s] Installing my_node script to /home/tech/ros2_ws/install/my_package/lib/my_package
[0.345s] Installing pub_node script to /home/tech/ros2_ws/install/my_package/lib/my_package
[0.345s] Installing sub_node script to /home/tech/ros2_ws/install/my_package/lib/my_package
[0.345s] Installing video_person_detection script to /home/tech/ros2_ws/install/my_package/lib/my_package
[0.345s] writing list of installed files to '/home/tech/ros2_ws/build/my_package/install.log'
[0.355s] Invoked command in '/home/tech/ros2_ws/src/my_package' returned '0': PYTHONPATH=/home/tech/ros2_ws/build/my_package/prefix_override:/usr/lib/python3/dist-packages/colcon_core/task/python/colcon_distutils_commands:/home/tech/ros2_ws/install/my_package/lib/python3.10/site-packages:${PYTHONPATH} /usr/bin/python3 -W ignore:setup.py install is deprecated -W ignore:easy_install command is deprecated setup.py egg_info --egg-base ../../build/my_package build --build-base /home/tech/ros2_ws/build/my_package/build install --record /home/tech/ros2_ws/build/my_package/install.log --single-version-externally-managed install_data
