[0.011s] Invoking command in '/home/tech/ros2/my_first_ws/build/my_package_msgs': CMAKE_PREFIX_PATH=${CMAKE_PREFIX_PATH}:/home/tech/ros2/my_first_ws/install/my_package:/opt/ros/humble /usr/bin/cmake --build /home/tech/ros2/my_first_ws/build/my_package_msgs -- -j24 -l24
[0.034s] -- Found ament_cmake: 1.3.12 (/opt/ros/humble/share/ament_cmake/cmake)
[0.126s] -- Found rosidl_default_generators: 1.2.0 (/opt/ros/humble/share/rosidl_default_generators/cmake)
[0.128s] -- Using all available rosidl_typesupport_c: rosidl_typesupport_fastrtps_c;rosidl_typesupport_introspection_c
[0.130s] -- Found rosidl_adapter: 3.1.8 (/opt/ros/humble/share/rosidl_adapter/cmake)
[0.153s] -- Using all available rosidl_typesupport_cpp: rosidl_typesupport_fastrtps_cpp;rosidl_typesupport_introspection_cpp
[0.369s] -- Found ament_cmake_ros: 0.10.0 (/opt/ros/humble/share/ament_cmake_ros/cmake)
[0.490s] -- Using all available rosidl_typesupport_c: rosidl_typesupport_fastrtps_c;rosidl_typesupport_introspection_c
[0.641s] -- Using all available rosidl_typesupport_cpp: rosidl_typesupport_fastrtps_cpp;rosidl_typesupport_introspection_cpp
[0.660s] -- Found python_cmake_module: 0.10.0 (/opt/ros/humble/share/python_cmake_module/cmake)
[0.679s] -- Using PYTHON_EXECUTABLE: /usr/bin/python3
[0.679s] -- Using PYTHON_INCLUDE_DIRS: /usr/include/python3.10
[0.679s] -- Using PYTHON_LIBRARIES: /usr/lib/x86_64-linux-gnu/libpython3.10.so
[0.689s] -- Found ament_lint_auto: 0.12.14 (/opt/ros/humble/share/ament_lint_auto/cmake)
[0.699s] -- Added test 'lint_cmake' to check CMake code style
[0.699s] -- Added test 'xmllint' to check XML markup files
[0.701s] -- Configuring done
[0.721s] -- Generating done
[0.727s] -- Build files have been written to: /home/tech/ros2/my_first_ws/build/my_package_msgs
[0.746s] [  2%] [34m[1mGenerating C code for ROS interfaces[0m
[0.754s] [  4%] [34m[1mGenerating C++ code for ROS interfaces[0m
[0.757s] [  4%] Built target ament_cmake_python_copy_my_package_msgs
[0.860s] running egg_info
[0.861s] writing my_package_msgs.egg-info/PKG-INFO
[0.861s] writing dependency_links to my_package_msgs.egg-info/dependency_links.txt
[0.861s] writing top-level names to my_package_msgs.egg-info/top_level.txt
[0.862s] reading manifest file 'my_package_msgs.egg-info/SOURCES.txt'
[0.862s] writing manifest file 'my_package_msgs.egg-info/SOURCES.txt'
[0.882s] [  4%] Built target ament_cmake_python_build_my_package_msgs_egg
[1.002s] [35m[1mConsolidate compiler generated dependencies of target my_package_msgs__rosidl_generator_c[0m
[1.013s] [  6%] [32mBuilding C object CMakeFiles/my_package_msgs__rosidl_generator_c.dir/rosidl_generator_c/my_package_msgs/msg/detail/cmd_and_pose_vel__functions.c.o[0m
[1.013s] [  8%] [32mBuilding C object CMakeFiles/my_package_msgs__rosidl_generator_c.dir/rosidl_generator_c/my_package_msgs/srv/detail/multi_spawn__functions.c.o[0m
[1.014s] [  8%] Built target my_package_msgs__cpp
[1.014s] [ 10%] [32mBuilding C object CMakeFiles/my_package_msgs__rosidl_generator_c.dir/rosidl_generator_c/my_package_msgs/action/detail/dist_turtle__functions.c.o[0m
[1.021s] [ 12%] [34m[1mGenerating C++ type support dispatch for ROS interfaces[0m
[1.023s] [ 14%] [34m[1mGenerating C++ type support for eProsima Fast-RTPS[0m
[1.025s] [ 17%] [34m[1mGenerating C++ introspection for ROS interfaces[0m
[1.128s] [ 19%] [32m[1mLinking C shared library libmy_package_msgs__rosidl_generator_c.so[0m
[1.170s] [ 19%] Built target my_package_msgs__rosidl_generator_c
[1.177s] [ 21%] [34m[1mGenerating C type support for eProsima Fast-RTPS[0m
[1.179s] [ 23%] [34m[1mGenerating C type support dispatch for ROS interfaces[0m
[1.180s] [ 25%] [34m[1mGenerating C introspection for ROS interfaces[0m
[1.244s] [35m[1mConsolidate compiler generated dependencies of target my_package_msgs__rosidl_typesupport_cpp[0m
[1.255s] [ 27%] [32mBuilding CXX object CMakeFiles/my_package_msgs__rosidl_typesupport_cpp.dir/rosidl_typesupport_cpp/my_package_msgs/msg/cmd_and_pose_vel__type_support.cpp.o[0m
[1.256s] [ 29%] [32mBuilding CXX object CMakeFiles/my_package_msgs__rosidl_typesupport_cpp.dir/rosidl_typesupport_cpp/my_package_msgs/srv/multi_spawn__type_support.cpp.o[0m
[1.256s] [35m[1mConsolidate compiler generated dependencies of target my_package_msgs__rosidl_typesupport_introspection_cpp[0m
[1.259s] [ 31%] [32mBuilding CXX object CMakeFiles/my_package_msgs__rosidl_typesupport_cpp.dir/rosidl_typesupport_cpp/my_package_msgs/action/dist_turtle__type_support.cpp.o[0m
[1.269s] [ 34%] [32mBuilding CXX object CMakeFiles/my_package_msgs__rosidl_typesupport_introspection_cpp.dir/rosidl_typesupport_introspection_cpp/my_package_msgs/msg/detail/cmd_and_pose_vel__type_support.cpp.o[0m
[1.272s] [ 36%] [32mBuilding CXX object CMakeFiles/my_package_msgs__rosidl_typesupport_introspection_cpp.dir/rosidl_typesupport_introspection_cpp/my_package_msgs/srv/detail/multi_spawn__type_support.cpp.o[0m
[1.273s] [ 38%] [32mBuilding CXX object CMakeFiles/my_package_msgs__rosidl_typesupport_introspection_cpp.dir/rosidl_typesupport_introspection_cpp/my_package_msgs/action/detail/dist_turtle__type_support.cpp.o[0m
[1.289s] [35m[1mConsolidate compiler generated dependencies of target my_package_msgs__rosidl_typesupport_fastrtps_cpp[0m
[1.301s] [ 40%] [32mBuilding CXX object CMakeFiles/my_package_msgs__rosidl_typesupport_fastrtps_cpp.dir/rosidl_typesupport_fastrtps_cpp/my_package_msgs/msg/detail/dds_fastrtps/cmd_and_pose_vel__type_support.cpp.o[0m
[1.302s] [ 42%] [32mBuilding CXX object CMakeFiles/my_package_msgs__rosidl_typesupport_fastrtps_cpp.dir/rosidl_typesupport_fastrtps_cpp/my_package_msgs/srv/detail/dds_fastrtps/multi_spawn__type_support.cpp.o[0m
[1.302s] [ 44%] [32mBuilding CXX object CMakeFiles/my_package_msgs__rosidl_typesupport_fastrtps_cpp.dir/rosidl_typesupport_fastrtps_cpp/my_package_msgs/action/detail/dds_fastrtps/dist_turtle__type_support.cpp.o[0m
[1.401s] [35m[1mConsolidate compiler generated dependencies of target my_package_msgs__rosidl_typesupport_c[0m
[1.414s] [ 46%] [32mBuilding CXX object CMakeFiles/my_package_msgs__rosidl_typesupport_c.dir/rosidl_typesupport_c/my_package_msgs/msg/cmd_and_pose_vel__type_support.cpp.o[0m
[1.415s] [ 48%] [32mBuilding CXX object CMakeFiles/my_package_msgs__rosidl_typesupport_c.dir/rosidl_typesupport_c/my_package_msgs/srv/multi_spawn__type_support.cpp.o[0m
[1.416s] [ 51%] [32mBuilding CXX object CMakeFiles/my_package_msgs__rosidl_typesupport_c.dir/rosidl_typesupport_c/my_package_msgs/action/dist_turtle__type_support.cpp.o[0m
[1.468s] [ 53%] [32m[1mLinking CXX shared library libmy_package_msgs__rosidl_typesupport_c.so[0m
[1.474s] [35m[1mConsolidate compiler generated dependencies of target my_package_msgs__rosidl_typesupport_introspection_c[0m
[1.489s] [35m[1mConsolidate compiler generated dependencies of target my_package_msgs__rosidl_typesupport_fastrtps_c[0m
[1.489s] [ 57%] [32mBuilding C object CMakeFiles/my_package_msgs__rosidl_typesupport_introspection_c.dir/rosidl_typesupport_introspection_c/my_package_msgs/msg/detail/cmd_and_pose_vel__type_support.c.o[0m
[1.489s] [ 57%] [32mBuilding C object CMakeFiles/my_package_msgs__rosidl_typesupport_introspection_c.dir/rosidl_typesupport_introspection_c/my_package_msgs/srv/detail/multi_spawn__type_support.c.o[0m
[1.490s] [ 59%] [32mBuilding C object CMakeFiles/my_package_msgs__rosidl_typesupport_introspection_c.dir/rosidl_typesupport_introspection_c/my_package_msgs/action/detail/dist_turtle__type_support.c.o[0m
[1.500s] [ 61%] [32mBuilding CXX object CMakeFiles/my_package_msgs__rosidl_typesupport_fastrtps_c.dir/rosidl_typesupport_fastrtps_c/my_package_msgs/msg/detail/cmd_and_pose_vel__type_support_c.cpp.o[0m
[1.501s] [ 63%] [32mBuilding CXX object CMakeFiles/my_package_msgs__rosidl_typesupport_fastrtps_c.dir/rosidl_typesupport_fastrtps_c/my_package_msgs/action/detail/dist_turtle__type_support_c.cpp.o[0m
[1.501s] [ 65%] [32mBuilding CXX object CMakeFiles/my_package_msgs__rosidl_typesupport_fastrtps_c.dir/rosidl_typesupport_fastrtps_c/my_package_msgs/srv/detail/multi_spawn__type_support_c.cpp.o[0m
[1.509s] [ 65%] Built target my_package_msgs__rosidl_typesupport_c
[1.537s] [ 68%] [32m[1mLinking C shared library libmy_package_msgs__rosidl_typesupport_introspection_c.so[0m
[1.570s] [ 68%] Built target my_package_msgs__rosidl_typesupport_introspection_c
[1.624s] [ 70%] [32m[1mLinking CXX shared library libmy_package_msgs__rosidl_typesupport_cpp.so[0m
[1.658s] [ 70%] Built target my_package_msgs__rosidl_typesupport_cpp
[1.684s] [ 72%] [32m[1mLinking CXX shared library libmy_package_msgs__rosidl_typesupport_introspection_cpp.so[0m
[1.687s] [ 74%] [32m[1mLinking CXX shared library libmy_package_msgs__rosidl_typesupport_fastrtps_cpp.so[0m
[1.745s] [ 74%] Built target my_package_msgs__rosidl_typesupport_fastrtps_cpp
[1.752s] [ 74%] Built target my_package_msgs__rosidl_typesupport_introspection_cpp
[1.754s] [ 76%] [32m[1mLinking CXX shared library libmy_package_msgs__rosidl_typesupport_fastrtps_c.so[0m
[1.802s] [ 76%] Built target my_package_msgs__rosidl_typesupport_fastrtps_c
[1.819s] [ 76%] Built target my_package_msgs
[1.830s] [ 78%] [34m[1mGenerating Python code for ROS interfaces[0m
[2.222s] [ 78%] Built target my_package_msgs__py
[2.229s] [35m[1mConsolidate compiler generated dependencies of target my_package_msgs__rosidl_generator_py[0m
[2.239s] [ 80%] [32mBuilding C object CMakeFiles/my_package_msgs__rosidl_generator_py.dir/rosidl_generator_py/my_package_msgs/msg/_cmd_and_pose_vel_s.c.o[0m
[2.239s] [ 82%] [32mBuilding C object CMakeFiles/my_package_msgs__rosidl_generator_py.dir/rosidl_generator_py/my_package_msgs/srv/_multi_spawn_s.c.o[0m
[2.240s] [ 85%] [32mBuilding C object CMakeFiles/my_package_msgs__rosidl_generator_py.dir/rosidl_generator_py/my_package_msgs/action/_dist_turtle_s.c.o[0m
[2.338s] [ 87%] [32m[1mLinking C shared library rosidl_generator_py/my_package_msgs/libmy_package_msgs__rosidl_generator_py.so[0m
[2.366s] [ 87%] Built target my_package_msgs__rosidl_generator_py
[2.373s] [35m[1mConsolidate compiler generated dependencies of target my_package_msgs__rosidl_typesupport_fastrtps_c__pyext[0m
[2.373s] [35m[1mConsolidate compiler generated dependencies of target my_package_msgs__rosidl_typesupport_introspection_c__pyext[0m
[2.374s] [35m[1mConsolidate compiler generated dependencies of target my_package_msgs__rosidl_typesupport_c__pyext[0m
[2.379s] [ 89%] [32mBuilding C object CMakeFiles/my_package_msgs__rosidl_typesupport_fastrtps_c__pyext.dir/rosidl_generator_py/my_package_msgs/_my_package_msgs_s.ep.rosidl_typesupport_fastrtps_c.c.o[0m
[2.381s] [ 91%] [32mBuilding C object CMakeFiles/my_package_msgs__rosidl_typesupport_c__pyext.dir/rosidl_generator_py/my_package_msgs/_my_package_msgs_s.ep.rosidl_typesupport_c.c.o[0m
[2.384s] [ 93%] [32mBuilding C object CMakeFiles/my_package_msgs__rosidl_typesupport_introspection_c__pyext.dir/rosidl_generator_py/my_package_msgs/_my_package_msgs_s.ep.rosidl_typesupport_introspection_c.c.o[0m
[2.461s] [ 97%] [32m[1mLinking C shared library rosidl_generator_py/my_package_msgs/my_package_msgs_s__rosidl_typesupport_fastrtps_c.cpython-310-x86_64-linux-gnu.so[0m
[2.461s] [ 97%] [32m[1mLinking C shared library rosidl_generator_py/my_package_msgs/my_package_msgs_s__rosidl_typesupport_introspection_c.cpython-310-x86_64-linux-gnu.so[0m
[2.464s] [100%] [32m[1mLinking C shared library rosidl_generator_py/my_package_msgs/my_package_msgs_s__rosidl_typesupport_c.cpython-310-x86_64-linux-gnu.so[0m
[2.489s] [100%] Built target my_package_msgs__rosidl_typesupport_introspection_c__pyext
[2.489s] [100%] Built target my_package_msgs__rosidl_typesupport_fastrtps_c__pyext
[2.491s] [100%] Built target my_package_msgs__rosidl_typesupport_c__pyext
[2.500s] Invoked command in '/home/tech/ros2/my_first_ws/build/my_package_msgs' returned '0': CMAKE_PREFIX_PATH=${CMAKE_PREFIX_PATH}:/home/tech/ros2/my_first_ws/install/my_package:/opt/ros/humble /usr/bin/cmake --build /home/tech/ros2/my_first_ws/build/my_package_msgs -- -j24 -l24
[2.510s] Invoking command in '/home/tech/ros2/my_first_ws/build/my_package_msgs': CMAKE_PREFIX_PATH=${CMAKE_PREFIX_PATH}:/home/tech/ros2/my_first_ws/install/my_package:/opt/ros/humble /usr/bin/cmake --install /home/tech/ros2/my_first_ws/build/my_package_msgs
[2.517s] -- Install configuration: ""
[2.517s] -- Installing: /home/tech/ros2/my_first_ws/install/my_package_msgs/share/ament_index/resource_index/rosidl_interfaces/my_package_msgs
[2.517s] -- Up-to-date: /home/tech/ros2/my_first_ws/install/my_package_msgs/include/my_package_msgs/my_package_msgs
[2.517s] -- Installing: /home/tech/ros2/my_first_ws/install/my_package_msgs/include/my_package_msgs/my_package_msgs/action
[2.518s] -- Installing: /home/tech/ros2/my_first_ws/install/my_package_msgs/include/my_package_msgs/my_package_msgs/action/dist_turtle.h
[2.518s] -- Installing: /home/tech/ros2/my_first_ws/install/my_package_msgs/include/my_package_msgs/my_package_msgs/action/detail
[2.518s] -- Installing: /home/tech/ros2/my_first_ws/install/my_package_msgs/include/my_package_msgs/my_package_msgs/action/detail/dist_turtle__functions.h
[2.518s] -- Installing: /home/tech/ros2/my_first_ws/install/my_package_msgs/include/my_package_msgs/my_package_msgs/action/detail/dist_turtle__functions.c
[2.518s] -- Installing: /home/tech/ros2/my_first_ws/install/my_package_msgs/include/my_package_msgs/my_package_msgs/action/detail/dist_turtle__type_support.h
[2.518s] -- Installing: /home/tech/ros2/my_first_ws/install/my_package_msgs/include/my_package_msgs/my_package_msgs/action/detail/dist_turtle__struct.h
[2.518s] -- Up-to-date: /home/tech/ros2/my_first_ws/install/my_package_msgs/include/my_package_msgs/my_package_msgs/srv
[2.518s] -- Installing: /home/tech/ros2/my_first_ws/install/my_package_msgs/include/my_package_msgs/my_package_msgs/srv/multi_spawn.h
[2.518s] -- Up-to-date: /home/tech/ros2/my_first_ws/install/my_package_msgs/include/my_package_msgs/my_package_msgs/srv/detail
[2.518s] -- Installing: /home/tech/ros2/my_first_ws/install/my_package_msgs/include/my_package_msgs/my_package_msgs/srv/detail/multi_spawn__type_support.h
[2.518s] -- Installing: /home/tech/ros2/my_first_ws/install/my_package_msgs/include/my_package_msgs/my_package_msgs/srv/detail/multi_spawn__struct.h
[2.518s] -- Installing: /home/tech/ros2/my_first_ws/install/my_package_msgs/include/my_package_msgs/my_package_msgs/srv/detail/multi_spawn__functions.c
[2.518s] -- Installing: /home/tech/ros2/my_first_ws/install/my_package_msgs/include/my_package_msgs/my_package_msgs/srv/detail/multi_spawn__functions.h
[2.518s] -- Up-to-date: /home/tech/ros2/my_first_ws/install/my_package_msgs/include/my_package_msgs/my_package_msgs/msg
[2.518s] -- Up-to-date: /home/tech/ros2/my_first_ws/install/my_package_msgs/include/my_package_msgs/my_package_msgs/msg/rosidl_generator_c__visibility_control.h
[2.518s] -- Up-to-date: /home/tech/ros2/my_first_ws/install/my_package_msgs/include/my_package_msgs/my_package_msgs/msg/detail
[2.518s] -- Installing: /home/tech/ros2/my_first_ws/install/my_package_msgs/include/my_package_msgs/my_package_msgs/msg/detail/cmd_and_pose_vel__functions.c
[2.518s] -- Installing: /home/tech/ros2/my_first_ws/install/my_package_msgs/include/my_package_msgs/my_package_msgs/msg/detail/cmd_and_pose_vel__struct.h
[2.518s] -- Installing: /home/tech/ros2/my_first_ws/install/my_package_msgs/include/my_package_msgs/my_package_msgs/msg/detail/cmd_and_pose_vel__type_support.h
[2.519s] -- Installing: /home/tech/ros2/my_first_ws/install/my_package_msgs/include/my_package_msgs/my_package_msgs/msg/detail/cmd_and_pose_vel__functions.h
[2.519s] -- Installing: /home/tech/ros2/my_first_ws/install/my_package_msgs/include/my_package_msgs/my_package_msgs/msg/cmd_and_pose_vel.h
[2.519s] -- Up-to-date: /home/tech/ros2/my_first_ws/install/my_package_msgs/share/my_package_msgs/environment/library_path.sh
[2.519s] -- Installing: /home/tech/ros2/my_first_ws/install/my_package_msgs/share/my_package_msgs/environment/library_path.dsv
[2.519s] -- Installing: /home/tech/ros2/my_first_ws/install/my_package_msgs/lib/libmy_package_msgs__rosidl_generator_c.so
[2.519s] -- Set runtime path of "/home/tech/ros2/my_first_ws/install/my_package_msgs/lib/libmy_package_msgs__rosidl_generator_c.so" to ""
[2.519s] -- Up-to-date: /home/tech/ros2/my_first_ws/install/my_package_msgs/include/my_package_msgs/my_package_msgs
[2.519s] -- Up-to-date: /home/tech/ros2/my_first_ws/install/my_package_msgs/include/my_package_msgs/my_package_msgs/action
[2.519s] -- Up-to-date: /home/tech/ros2/my_first_ws/install/my_package_msgs/include/my_package_msgs/my_package_msgs/action/detail
[2.519s] -- Installing: /home/tech/ros2/my_first_ws/install/my_package_msgs/include/my_package_msgs/my_package_msgs/action/detail/dist_turtle__rosidl_typesupport_fastrtps_c.h
[2.519s] -- Up-to-date: /home/tech/ros2/my_first_ws/install/my_package_msgs/include/my_package_msgs/my_package_msgs/srv
[2.519s] -- Up-to-date: /home/tech/ros2/my_first_ws/install/my_package_msgs/include/my_package_msgs/my_package_msgs/srv/detail
[2.519s] -- Installing: /home/tech/ros2/my_first_ws/install/my_package_msgs/include/my_package_msgs/my_package_msgs/srv/detail/multi_spawn__rosidl_typesupport_fastrtps_c.h
[2.519s] -- Up-to-date: /home/tech/ros2/my_first_ws/install/my_package_msgs/include/my_package_msgs/my_package_msgs/msg
[2.519s] -- Up-to-date: /home/tech/ros2/my_first_ws/install/my_package_msgs/include/my_package_msgs/my_package_msgs/msg/detail
[2.519s] -- Installing: /home/tech/ros2/my_first_ws/install/my_package_msgs/include/my_package_msgs/my_package_msgs/msg/detail/cmd_and_pose_vel__rosidl_typesupport_fastrtps_c.h
[2.519s] -- Up-to-date: /home/tech/ros2/my_first_ws/install/my_package_msgs/include/my_package_msgs/my_package_msgs/msg/rosidl_typesupport_fastrtps_c__visibility_control.h
[2.519s] -- Installing: /home/tech/ros2/my_first_ws/install/my_package_msgs/lib/libmy_package_msgs__rosidl_typesupport_fastrtps_c.so
[2.519s] -- Set runtime path of "/home/tech/ros2/my_first_ws/install/my_package_msgs/lib/libmy_package_msgs__rosidl_typesupport_fastrtps_c.so" to ""
[2.519s] -- Up-to-date: /home/tech/ros2/my_first_ws/install/my_package_msgs/include/my_package_msgs/my_package_msgs
[2.519s] -- Up-to-date: /home/tech/ros2/my_first_ws/install/my_package_msgs/include/my_package_msgs/my_package_msgs/action
[2.520s] -- Up-to-date: /home/tech/ros2/my_first_ws/install/my_package_msgs/include/my_package_msgs/my_package_msgs/action/detail
[2.520s] -- Installing: /home/tech/ros2/my_first_ws/install/my_package_msgs/include/my_package_msgs/my_package_msgs/action/detail/dist_turtle__rosidl_typesupport_introspection_c.h
[2.520s] -- Installing: /home/tech/ros2/my_first_ws/install/my_package_msgs/include/my_package_msgs/my_package_msgs/action/detail/dist_turtle__type_support.c
[2.520s] -- Up-to-date: /home/tech/ros2/my_first_ws/install/my_package_msgs/include/my_package_msgs/my_package_msgs/srv
[2.520s] -- Up-to-date: /home/tech/ros2/my_first_ws/install/my_package_msgs/include/my_package_msgs/my_package_msgs/srv/detail
[2.520s] -- Installing: /home/tech/ros2/my_first_ws/install/my_package_msgs/include/my_package_msgs/my_package_msgs/srv/detail/multi_spawn__type_support.c
[2.520s] -- Installing: /home/tech/ros2/my_first_ws/install/my_package_msgs/include/my_package_msgs/my_package_msgs/srv/detail/multi_spawn__rosidl_typesupport_introspection_c.h
[2.520s] -- Up-to-date: /home/tech/ros2/my_first_ws/install/my_package_msgs/include/my_package_msgs/my_package_msgs/msg
[2.520s] -- Up-to-date: /home/tech/ros2/my_first_ws/install/my_package_msgs/include/my_package_msgs/my_package_msgs/msg/detail
[2.520s] -- Installing: /home/tech/ros2/my_first_ws/install/my_package_msgs/include/my_package_msgs/my_package_msgs/msg/detail/cmd_and_pose_vel__rosidl_typesupport_introspection_c.h
[2.520s] -- Installing: /home/tech/ros2/my_first_ws/install/my_package_msgs/include/my_package_msgs/my_package_msgs/msg/detail/cmd_and_pose_vel__type_support.c
[2.520s] -- Up-to-date: /home/tech/ros2/my_first_ws/install/my_package_msgs/include/my_package_msgs/my_package_msgs/msg/rosidl_typesupport_introspection_c__visibility_control.h
[2.520s] -- Installing: /home/tech/ros2/my_first_ws/install/my_package_msgs/lib/libmy_package_msgs__rosidl_typesupport_introspection_c.so
[2.520s] -- Set runtime path of "/home/tech/ros2/my_first_ws/install/my_package_msgs/lib/libmy_package_msgs__rosidl_typesupport_introspection_c.so" to ""
[2.520s] -- Installing: /home/tech/ros2/my_first_ws/install/my_package_msgs/lib/libmy_package_msgs__rosidl_typesupport_c.so
[2.520s] -- Set runtime path of "/home/tech/ros2/my_first_ws/install/my_package_msgs/lib/libmy_package_msgs__rosidl_typesupport_c.so" to ""
[2.520s] -- Up-to-date: /home/tech/ros2/my_first_ws/install/my_package_msgs/include/my_package_msgs/my_package_msgs
[2.520s] -- Up-to-date: /home/tech/ros2/my_first_ws/install/my_package_msgs/include/my_package_msgs/my_package_msgs/action
[2.520s] -- Up-to-date: /home/tech/ros2/my_first_ws/install/my_package_msgs/include/my_package_msgs/my_package_msgs/action/detail
[2.520s] -- Installing: /home/tech/ros2/my_first_ws/install/my_package_msgs/include/my_package_msgs/my_package_msgs/action/detail/dist_turtle__traits.hpp
[2.520s] -- Installing: /home/tech/ros2/my_first_ws/install/my_package_msgs/include/my_package_msgs/my_package_msgs/action/detail/dist_turtle__builder.hpp
[2.520s] -- Installing: /home/tech/ros2/my_first_ws/install/my_package_msgs/include/my_package_msgs/my_package_msgs/action/detail/dist_turtle__type_support.hpp
[2.521s] -- Installing: /home/tech/ros2/my_first_ws/install/my_package_msgs/include/my_package_msgs/my_package_msgs/action/detail/dist_turtle__struct.hpp
[2.521s] -- Installing: /home/tech/ros2/my_first_ws/install/my_package_msgs/include/my_package_msgs/my_package_msgs/action/dist_turtle.hpp
[2.521s] -- Up-to-date: /home/tech/ros2/my_first_ws/install/my_package_msgs/include/my_package_msgs/my_package_msgs/srv
[2.521s] -- Up-to-date: /home/tech/ros2/my_first_ws/install/my_package_msgs/include/my_package_msgs/my_package_msgs/srv/detail
[2.521s] -- Installing: /home/tech/ros2/my_first_ws/install/my_package_msgs/include/my_package_msgs/my_package_msgs/srv/detail/multi_spawn__traits.hpp
[2.521s] -- Installing: /home/tech/ros2/my_first_ws/install/my_package_msgs/include/my_package_msgs/my_package_msgs/srv/detail/multi_spawn__struct.hpp
[2.521s] -- Installing: /home/tech/ros2/my_first_ws/install/my_package_msgs/include/my_package_msgs/my_package_msgs/srv/detail/multi_spawn__builder.hpp
[2.521s] -- Installing: /home/tech/ros2/my_first_ws/install/my_package_msgs/include/my_package_msgs/my_package_msgs/srv/detail/multi_spawn__type_support.hpp
[2.521s] -- Installing: /home/tech/ros2/my_first_ws/install/my_package_msgs/include/my_package_msgs/my_package_msgs/srv/multi_spawn.hpp
[2.521s] -- Up-to-date: /home/tech/ros2/my_first_ws/install/my_package_msgs/include/my_package_msgs/my_package_msgs/msg
[2.521s] -- Up-to-date: /home/tech/ros2/my_first_ws/install/my_package_msgs/include/my_package_msgs/my_package_msgs/msg/detail
[2.521s] -- Installing: /home/tech/ros2/my_first_ws/install/my_package_msgs/include/my_package_msgs/my_package_msgs/msg/detail/cmd_and_pose_vel__traits.hpp
[2.521s] -- Installing: /home/tech/ros2/my_first_ws/install/my_package_msgs/include/my_package_msgs/my_package_msgs/msg/detail/cmd_and_pose_vel__type_support.hpp
[2.521s] -- Installing: /home/tech/ros2/my_first_ws/install/my_package_msgs/include/my_package_msgs/my_package_msgs/msg/detail/cmd_and_pose_vel__struct.hpp
[2.521s] -- Installing: /home/tech/ros2/my_first_ws/install/my_package_msgs/include/my_package_msgs/my_package_msgs/msg/detail/cmd_and_pose_vel__builder.hpp
[2.521s] -- Up-to-date: /home/tech/ros2/my_first_ws/install/my_package_msgs/include/my_package_msgs/my_package_msgs/msg/rosidl_generator_cpp__visibility_control.hpp
[2.521s] -- Installing: /home/tech/ros2/my_first_ws/install/my_package_msgs/include/my_package_msgs/my_package_msgs/msg/cmd_and_pose_vel.hpp
[2.521s] -- Up-to-date: /home/tech/ros2/my_first_ws/install/my_package_msgs/include/my_package_msgs/my_package_msgs
[2.521s] -- Up-to-date: /home/tech/ros2/my_first_ws/install/my_package_msgs/include/my_package_msgs/my_package_msgs/action
[2.521s] -- Up-to-date: /home/tech/ros2/my_first_ws/install/my_package_msgs/include/my_package_msgs/my_package_msgs/action/detail
[2.521s] -- Installing: /home/tech/ros2/my_first_ws/install/my_package_msgs/include/my_package_msgs/my_package_msgs/action/detail/dds_fastrtps
[2.522s] -- Installing: /home/tech/ros2/my_first_ws/install/my_package_msgs/include/my_package_msgs/my_package_msgs/action/detail/dist_turtle__rosidl_typesupport_fastrtps_cpp.hpp
[2.522s] -- Up-to-date: /home/tech/ros2/my_first_ws/install/my_package_msgs/include/my_package_msgs/my_package_msgs/srv
[2.522s] -- Up-to-date: /home/tech/ros2/my_first_ws/install/my_package_msgs/include/my_package_msgs/my_package_msgs/srv/detail
[2.522s] -- Installing: /home/tech/ros2/my_first_ws/install/my_package_msgs/include/my_package_msgs/my_package_msgs/srv/detail/multi_spawn__rosidl_typesupport_fastrtps_cpp.hpp
[2.522s] -- Up-to-date: /home/tech/ros2/my_first_ws/install/my_package_msgs/include/my_package_msgs/my_package_msgs/srv/detail/dds_fastrtps
[2.522s] -- Up-to-date: /home/tech/ros2/my_first_ws/install/my_package_msgs/include/my_package_msgs/my_package_msgs/msg
[2.522s] -- Up-to-date: /home/tech/ros2/my_first_ws/install/my_package_msgs/include/my_package_msgs/my_package_msgs/msg/detail
[2.522s] -- Installing: /home/tech/ros2/my_first_ws/install/my_package_msgs/include/my_package_msgs/my_package_msgs/msg/detail/cmd_and_pose_vel__rosidl_typesupport_fastrtps_cpp.hpp
[2.522s] -- Up-to-date: /home/tech/ros2/my_first_ws/install/my_package_msgs/include/my_package_msgs/my_package_msgs/msg/detail/dds_fastrtps
[2.522s] -- Up-to-date: /home/tech/ros2/my_first_ws/install/my_package_msgs/include/my_package_msgs/my_package_msgs/msg/rosidl_typesupport_fastrtps_cpp__visibility_control.h
[2.522s] -- Installing: /home/tech/ros2/my_first_ws/install/my_package_msgs/lib/libmy_package_msgs__rosidl_typesupport_fastrtps_cpp.so
[2.522s] -- Set runtime path of "/home/tech/ros2/my_first_ws/install/my_package_msgs/lib/libmy_package_msgs__rosidl_typesupport_fastrtps_cpp.so" to ""
[2.522s] -- Up-to-date: /home/tech/ros2/my_first_ws/install/my_package_msgs/include/my_package_msgs/my_package_msgs
[2.522s] -- Up-to-date: /home/tech/ros2/my_first_ws/install/my_package_msgs/include/my_package_msgs/my_package_msgs/action
[2.522s] -- Up-to-date: /home/tech/ros2/my_first_ws/install/my_package_msgs/include/my_package_msgs/my_package_msgs/action/detail
[2.522s] -- Installing: /home/tech/ros2/my_first_ws/install/my_package_msgs/include/my_package_msgs/my_package_msgs/action/detail/dist_turtle__type_support.cpp
[2.522s] -- Installing: /home/tech/ros2/my_first_ws/install/my_package_msgs/include/my_package_msgs/my_package_msgs/action/detail/dist_turtle__rosidl_typesupport_introspection_cpp.hpp
[2.522s] -- Up-to-date: /home/tech/ros2/my_first_ws/install/my_package_msgs/include/my_package_msgs/my_package_msgs/srv
[2.522s] -- Up-to-date: /home/tech/ros2/my_first_ws/install/my_package_msgs/include/my_package_msgs/my_package_msgs/srv/detail
[2.522s] -- Installing: /home/tech/ros2/my_first_ws/install/my_package_msgs/include/my_package_msgs/my_package_msgs/srv/detail/multi_spawn__rosidl_typesupport_introspection_cpp.hpp
[2.522s] -- Installing: /home/tech/ros2/my_first_ws/install/my_package_msgs/include/my_package_msgs/my_package_msgs/srv/detail/multi_spawn__type_support.cpp
[2.523s] -- Up-to-date: /home/tech/ros2/my_first_ws/install/my_package_msgs/include/my_package_msgs/my_package_msgs/msg
[2.523s] -- Up-to-date: /home/tech/ros2/my_first_ws/install/my_package_msgs/include/my_package_msgs/my_package_msgs/msg/detail
[2.523s] -- Installing: /home/tech/ros2/my_first_ws/install/my_package_msgs/include/my_package_msgs/my_package_msgs/msg/detail/cmd_and_pose_vel__type_support.cpp
[2.523s] -- Installing: /home/tech/ros2/my_first_ws/install/my_package_msgs/include/my_package_msgs/my_package_msgs/msg/detail/cmd_and_pose_vel__rosidl_typesupport_introspection_cpp.hpp
[2.523s] -- Installing: /home/tech/ros2/my_first_ws/install/my_package_msgs/lib/libmy_package_msgs__rosidl_typesupport_introspection_cpp.so
[2.523s] -- Set runtime path of "/home/tech/ros2/my_first_ws/install/my_package_msgs/lib/libmy_package_msgs__rosidl_typesupport_introspection_cpp.so" to ""
[2.523s] -- Installing: /home/tech/ros2/my_first_ws/install/my_package_msgs/lib/libmy_package_msgs__rosidl_typesupport_cpp.so
[2.523s] -- Set runtime path of "/home/tech/ros2/my_first_ws/install/my_package_msgs/lib/libmy_package_msgs__rosidl_typesupport_cpp.so" to ""
[2.523s] -- Up-to-date: /home/tech/ros2/my_first_ws/install/my_package_msgs/share/my_package_msgs/environment/pythonpath.sh
[2.523s] -- Installing: /home/tech/ros2/my_first_ws/install/my_package_msgs/share/my_package_msgs/environment/pythonpath.dsv
[2.523s] -- Up-to-date: /home/tech/ros2/my_first_ws/install/my_package_msgs/local/lib/python3.10/dist-packages/my_package_msgs-0.0.0-py3.10.egg-info
[2.523s] -- Installing: /home/tech/ros2/my_first_ws/install/my_package_msgs/local/lib/python3.10/dist-packages/my_package_msgs-0.0.0-py3.10.egg-info/dependency_links.txt
[2.523s] -- Installing: /home/tech/ros2/my_first_ws/install/my_package_msgs/local/lib/python3.10/dist-packages/my_package_msgs-0.0.0-py3.10.egg-info/SOURCES.txt
[2.523s] -- Installing: /home/tech/ros2/my_first_ws/install/my_package_msgs/local/lib/python3.10/dist-packages/my_package_msgs-0.0.0-py3.10.egg-info/PKG-INFO
[2.523s] -- Installing: /home/tech/ros2/my_first_ws/install/my_package_msgs/local/lib/python3.10/dist-packages/my_package_msgs-0.0.0-py3.10.egg-info/top_level.txt
[2.523s] -- Up-to-date: /home/tech/ros2/my_first_ws/install/my_package_msgs/local/lib/python3.10/dist-packages/my_package_msgs
[2.523s] -- Installing: /home/tech/ros2/my_first_ws/install/my_package_msgs/local/lib/python3.10/dist-packages/my_package_msgs/_my_package_msgs_s.ep.rosidl_typesupport_c.c
[2.523s] -- Installing: /home/tech/ros2/my_first_ws/install/my_package_msgs/local/lib/python3.10/dist-packages/my_package_msgs/my_package_msgs_s__rosidl_typesupport_c.cpython-310-x86_64-linux-gnu.so
[2.523s] -- Installing: /home/tech/ros2/my_first_ws/install/my_package_msgs/local/lib/python3.10/dist-packages/my_package_msgs/_my_package_msgs_s.ep.rosidl_typesupport_fastrtps_c.c
[2.523s] -- Installing: /home/tech/ros2/my_first_ws/install/my_package_msgs/local/lib/python3.10/dist-packages/my_package_msgs/action
[2.523s] -- Installing: /home/tech/ros2/my_first_ws/install/my_package_msgs/local/lib/python3.10/dist-packages/my_package_msgs/action/_dist_turtle.py
[2.523s] -- Installing: /home/tech/ros2/my_first_ws/install/my_package_msgs/local/lib/python3.10/dist-packages/my_package_msgs/action/_dist_turtle_s.c
[2.523s] -- Installing: /home/tech/ros2/my_first_ws/install/my_package_msgs/local/lib/python3.10/dist-packages/my_package_msgs/action/__init__.py
[2.523s] -- Up-to-date: /home/tech/ros2/my_first_ws/install/my_package_msgs/local/lib/python3.10/dist-packages/my_package_msgs/srv
[2.524s] -- Installing: /home/tech/ros2/my_first_ws/install/my_package_msgs/local/lib/python3.10/dist-packages/my_package_msgs/srv/_multi_spawn_s.c
[2.524s] -- Installing: /home/tech/ros2/my_first_ws/install/my_package_msgs/local/lib/python3.10/dist-packages/my_package_msgs/srv/__init__.py
[2.524s] -- Installing: /home/tech/ros2/my_first_ws/install/my_package_msgs/local/lib/python3.10/dist-packages/my_package_msgs/srv/_multi_spawn.py
[2.524s] -- Up-to-date: /home/tech/ros2/my_first_ws/install/my_package_msgs/local/lib/python3.10/dist-packages/my_package_msgs/msg
[2.524s] -- Installing: /home/tech/ros2/my_first_ws/install/my_package_msgs/local/lib/python3.10/dist-packages/my_package_msgs/msg/_cmd_and_pose_vel.py
[2.524s] -- Installing: /home/tech/ros2/my_first_ws/install/my_package_msgs/local/lib/python3.10/dist-packages/my_package_msgs/msg/__init__.py
[2.524s] -- Installing: /home/tech/ros2/my_first_ws/install/my_package_msgs/local/lib/python3.10/dist-packages/my_package_msgs/msg/_cmd_and_pose_vel_s.c
[2.524s] -- Installing: /home/tech/ros2/my_first_ws/install/my_package_msgs/local/lib/python3.10/dist-packages/my_package_msgs/my_package_msgs_s__rosidl_typesupport_introspection_c.cpython-310-x86_64-linux-gnu.so
[2.524s] -- Installing: /home/tech/ros2/my_first_ws/install/my_package_msgs/local/lib/python3.10/dist-packages/my_package_msgs/_my_package_msgs_s.ep.rosidl_typesupport_introspection_c.c
[2.524s] -- Installing: /home/tech/ros2/my_first_ws/install/my_package_msgs/local/lib/python3.10/dist-packages/my_package_msgs/libmy_package_msgs__rosidl_generator_py.so
[2.524s] -- Installing: /home/tech/ros2/my_first_ws/install/my_package_msgs/local/lib/python3.10/dist-packages/my_package_msgs/__init__.py
[2.524s] -- Installing: /home/tech/ros2/my_first_ws/install/my_package_msgs/local/lib/python3.10/dist-packages/my_package_msgs/my_package_msgs_s__rosidl_typesupport_fastrtps_c.cpython-310-x86_64-linux-gnu.so
[2.549s] Listing '/home/tech/ros2/my_first_ws/install/my_package_msgs/local/lib/python3.10/dist-packages/my_package_msgs'...
[2.549s] Compiling '/home/tech/ros2/my_first_ws/install/my_package_msgs/local/lib/python3.10/dist-packages/my_package_msgs/__init__.py'...
[2.550s] Listing '/home/tech/ros2/my_first_ws/install/my_package_msgs/local/lib/python3.10/dist-packages/my_package_msgs/action'...
[2.550s] Compiling '/home/tech/ros2/my_first_ws/install/my_package_msgs/local/lib/python3.10/dist-packages/my_package_msgs/action/__init__.py'...
[2.550s] Compiling '/home/tech/ros2/my_first_ws/install/my_package_msgs/local/lib/python3.10/dist-packages/my_package_msgs/action/_dist_turtle.py'...
[2.550s] Listing '/home/tech/ros2/my_first_ws/install/my_package_msgs/local/lib/python3.10/dist-packages/my_package_msgs/msg'...
[2.550s] Compiling '/home/tech/ros2/my_first_ws/install/my_package_msgs/local/lib/python3.10/dist-packages/my_package_msgs/msg/__init__.py'...
[2.550s] Compiling '/home/tech/ros2/my_first_ws/install/my_package_msgs/local/lib/python3.10/dist-packages/my_package_msgs/msg/_cmd_and_pose_vel.py'...
[2.550s] Listing '/home/tech/ros2/my_first_ws/install/my_package_msgs/local/lib/python3.10/dist-packages/my_package_msgs/srv'...
[2.550s] Compiling '/home/tech/ros2/my_first_ws/install/my_package_msgs/local/lib/python3.10/dist-packages/my_package_msgs/srv/__init__.py'...
[2.550s] Compiling '/home/tech/ros2/my_first_ws/install/my_package_msgs/local/lib/python3.10/dist-packages/my_package_msgs/srv/_multi_spawn.py'...
[2.552s] -- Installing: /home/tech/ros2/my_first_ws/install/my_package_msgs/local/lib/python3.10/dist-packages/my_package_msgs/my_package_msgs_s__rosidl_typesupport_fastrtps_c.cpython-310-x86_64-linux-gnu.so
[2.553s] -- Set runtime path of "/home/tech/ros2/my_first_ws/install/my_package_msgs/local/lib/python3.10/dist-packages/my_package_msgs/my_package_msgs_s__rosidl_typesupport_fastrtps_c.cpython-310-x86_64-linux-gnu.so" to ""
[2.553s] -- Installing: /home/tech/ros2/my_first_ws/install/my_package_msgs/local/lib/python3.10/dist-packages/my_package_msgs/my_package_msgs_s__rosidl_typesupport_introspection_c.cpython-310-x86_64-linux-gnu.so
[2.553s] -- Set runtime path of "/home/tech/ros2/my_first_ws/install/my_package_msgs/local/lib/python3.10/dist-packages/my_package_msgs/my_package_msgs_s__rosidl_typesupport_introspection_c.cpython-310-x86_64-linux-gnu.so" to ""
[2.553s] -- Installing: /home/tech/ros2/my_first_ws/install/my_package_msgs/local/lib/python3.10/dist-packages/my_package_msgs/my_package_msgs_s__rosidl_typesupport_c.cpython-310-x86_64-linux-gnu.so
[2.554s] -- Set runtime path of "/home/tech/ros2/my_first_ws/install/my_package_msgs/local/lib/python3.10/dist-packages/my_package_msgs/my_package_msgs_s__rosidl_typesupport_c.cpython-310-x86_64-linux-gnu.so" to ""
[2.554s] -- Installing: /home/tech/ros2/my_first_ws/install/my_package_msgs/lib/libmy_package_msgs__rosidl_generator_py.so
[2.554s] -- Set runtime path of "/home/tech/ros2/my_first_ws/install/my_package_msgs/lib/libmy_package_msgs__rosidl_generator_py.so" to ""
[2.554s] -- Up-to-date: /home/tech/ros2/my_first_ws/install/my_package_msgs/share/my_package_msgs/msg/CmdAndPoseVel.idl
[2.554s] -- Up-to-date: /home/tech/ros2/my_first_ws/install/my_package_msgs/share/my_package_msgs/srv/MultiSpawn.idl
[2.554s] -- Installing: /home/tech/ros2/my_first_ws/install/my_package_msgs/share/my_package_msgs/action/DistTurtle.idl
[2.554s] -- Up-to-date: /home/tech/ros2/my_first_ws/install/my_package_msgs/share/my_package_msgs/msg/CmdAndPoseVel.msg
[2.554s] -- Up-to-date: /home/tech/ros2/my_first_ws/install/my_package_msgs/share/my_package_msgs/srv/MultiSpawn.srv
[2.554s] -- Up-to-date: /home/tech/ros2/my_first_ws/install/my_package_msgs/share/my_package_msgs/srv/MultiSpawn_Request.msg
[2.554s] -- Up-to-date: /home/tech/ros2/my_first_ws/install/my_package_msgs/share/my_package_msgs/srv/MultiSpawn_Response.msg
[2.554s] -- Installing: /home/tech/ros2/my_first_ws/install/my_package_msgs/share/my_package_msgs/action/DistTurtle.action
[2.554s] -- Up-to-date: /home/tech/ros2/my_first_ws/install/my_package_msgs/share/ament_index/resource_index/package_run_dependencies/my_package_msgs
[2.554s] -- Installing: /home/tech/ros2/my_first_ws/install/my_package_msgs/share/ament_index/resource_index/parent_prefix_path/my_package_msgs
[2.555s] -- Up-to-date: /home/tech/ros2/my_first_ws/install/my_package_msgs/share/my_package_msgs/environment/ament_prefix_path.sh
[2.555s] -- Installing: /home/tech/ros2/my_first_ws/install/my_package_msgs/share/my_package_msgs/environment/ament_prefix_path.dsv
[2.555s] -- Up-to-date: /home/tech/ros2/my_first_ws/install/my_package_msgs/share/my_package_msgs/environment/path.sh
[2.555s] -- Installing: /home/tech/ros2/my_first_ws/install/my_package_msgs/share/my_package_msgs/environment/path.dsv
[2.555s] -- Up-to-date: /home/tech/ros2/my_first_ws/install/my_package_msgs/share/my_package_msgs/local_setup.bash
[2.555s] -- Up-to-date: /home/tech/ros2/my_first_ws/install/my_package_msgs/share/my_package_msgs/local_setup.sh
[2.555s] -- Up-to-date: /home/tech/ros2/my_first_ws/install/my_package_msgs/share/my_package_msgs/local_setup.zsh
[2.555s] -- Installing: /home/tech/ros2/my_first_ws/install/my_package_msgs/share/my_package_msgs/local_setup.dsv
[2.555s] -- Installing: /home/tech/ros2/my_first_ws/install/my_package_msgs/share/my_package_msgs/package.dsv
[2.555s] -- Up-to-date: /home/tech/ros2/my_first_ws/install/my_package_msgs/share/ament_index/resource_index/packages/my_package_msgs
[2.555s] -- Old export file "/home/tech/ros2/my_first_ws/install/my_package_msgs/share/my_package_msgs/cmake/export_my_package_msgs__rosidl_generator_cExport.cmake" will be replaced.  Removing files [/home/tech/ros2/my_first_ws/install/my_package_msgs/share/my_package_msgs/cmake/export_my_package_msgs__rosidl_generator_cExport-noconfig.cmake].
[2.555s] -- Installing: /home/tech/ros2/my_first_ws/install/my_package_msgs/share/my_package_msgs/cmake/export_my_package_msgs__rosidl_generator_cExport.cmake
[2.556s] -- Installing: /home/tech/ros2/my_first_ws/install/my_package_msgs/share/my_package_msgs/cmake/export_my_package_msgs__rosidl_generator_cExport-noconfig.cmake
[2.556s] -- Old export file "/home/tech/ros2/my_first_ws/install/my_package_msgs/share/my_package_msgs/cmake/export_my_package_msgs__rosidl_typesupport_fastrtps_cExport.cmake" will be replaced.  Removing files [/home/tech/ros2/my_first_ws/install/my_package_msgs/share/my_package_msgs/cmake/export_my_package_msgs__rosidl_typesupport_fastrtps_cExport-noconfig.cmake].
[2.556s] -- Installing: /home/tech/ros2/my_first_ws/install/my_package_msgs/share/my_package_msgs/cmake/export_my_package_msgs__rosidl_typesupport_fastrtps_cExport.cmake
[2.556s] -- Installing: /home/tech/ros2/my_first_ws/install/my_package_msgs/share/my_package_msgs/cmake/export_my_package_msgs__rosidl_typesupport_fastrtps_cExport-noconfig.cmake
[2.556s] -- Old export file "/home/tech/ros2/my_first_ws/install/my_package_msgs/share/my_package_msgs/cmake/my_package_msgs__rosidl_typesupport_introspection_cExport.cmake" will be replaced.  Removing files [/home/tech/ros2/my_first_ws/install/my_package_msgs/share/my_package_msgs/cmake/my_package_msgs__rosidl_typesupport_introspection_cExport-noconfig.cmake].
[2.556s] -- Installing: /home/tech/ros2/my_first_ws/install/my_package_msgs/share/my_package_msgs/cmake/my_package_msgs__rosidl_typesupport_introspection_cExport.cmake
[2.556s] -- Installing: /home/tech/ros2/my_first_ws/install/my_package_msgs/share/my_package_msgs/cmake/my_package_msgs__rosidl_typesupport_introspection_cExport-noconfig.cmake
[2.557s] -- Old export file "/home/tech/ros2/my_first_ws/install/my_package_msgs/share/my_package_msgs/cmake/my_package_msgs__rosidl_typesupport_cExport.cmake" will be replaced.  Removing files [/home/tech/ros2/my_first_ws/install/my_package_msgs/share/my_package_msgs/cmake/my_package_msgs__rosidl_typesupport_cExport-noconfig.cmake].
[2.557s] -- Installing: /home/tech/ros2/my_first_ws/install/my_package_msgs/share/my_package_msgs/cmake/my_package_msgs__rosidl_typesupport_cExport.cmake
[2.557s] -- Installing: /home/tech/ros2/my_first_ws/install/my_package_msgs/share/my_package_msgs/cmake/my_package_msgs__rosidl_typesupport_cExport-noconfig.cmake
[2.557s] -- Installing: /home/tech/ros2/my_first_ws/install/my_package_msgs/share/my_package_msgs/cmake/export_my_package_msgs__rosidl_generator_cppExport.cmake
[2.557s] -- Old export file "/home/tech/ros2/my_first_ws/install/my_package_msgs/share/my_package_msgs/cmake/export_my_package_msgs__rosidl_typesupport_fastrtps_cppExport.cmake" will be replaced.  Removing files [/home/tech/ros2/my_first_ws/install/my_package_msgs/share/my_package_msgs/cmake/export_my_package_msgs__rosidl_typesupport_fastrtps_cppExport-noconfig.cmake].
[2.557s] -- Installing: /home/tech/ros2/my_first_ws/install/my_package_msgs/share/my_package_msgs/cmake/export_my_package_msgs__rosidl_typesupport_fastrtps_cppExport.cmake
[2.557s] -- Installing: /home/tech/ros2/my_first_ws/install/my_package_msgs/share/my_package_msgs/cmake/export_my_package_msgs__rosidl_typesupport_fastrtps_cppExport-noconfig.cmake
[2.558s] -- Old export file "/home/tech/ros2/my_first_ws/install/my_package_msgs/share/my_package_msgs/cmake/my_package_msgs__rosidl_typesupport_introspection_cppExport.cmake" will be replaced.  Removing files [/home/tech/ros2/my_first_ws/install/my_package_msgs/share/my_package_msgs/cmake/my_package_msgs__rosidl_typesupport_introspection_cppExport-noconfig.cmake].
[2.558s] -- Installing: /home/tech/ros2/my_first_ws/install/my_package_msgs/share/my_package_msgs/cmake/my_package_msgs__rosidl_typesupport_introspection_cppExport.cmake
[2.558s] -- Installing: /home/tech/ros2/my_first_ws/install/my_package_msgs/share/my_package_msgs/cmake/my_package_msgs__rosidl_typesupport_introspection_cppExport-noconfig.cmake
[2.558s] -- Old export file "/home/tech/ros2/my_first_ws/install/my_package_msgs/share/my_package_msgs/cmake/my_package_msgs__rosidl_typesupport_cppExport.cmake" will be replaced.  Removing files [/home/tech/ros2/my_first_ws/install/my_package_msgs/share/my_package_msgs/cmake/my_package_msgs__rosidl_typesupport_cppExport-noconfig.cmake].
[2.558s] -- Installing: /home/tech/ros2/my_first_ws/install/my_package_msgs/share/my_package_msgs/cmake/my_package_msgs__rosidl_typesupport_cppExport.cmake
[2.558s] -- Installing: /home/tech/ros2/my_first_ws/install/my_package_msgs/share/my_package_msgs/cmake/my_package_msgs__rosidl_typesupport_cppExport-noconfig.cmake
[2.558s] -- Old export file "/home/tech/ros2/my_first_ws/install/my_package_msgs/share/my_package_msgs/cmake/export_my_package_msgs__rosidl_generator_pyExport.cmake" will be replaced.  Removing files [/home/tech/ros2/my_first_ws/install/my_package_msgs/share/my_package_msgs/cmake/export_my_package_msgs__rosidl_generator_pyExport-noconfig.cmake].
[2.558s] -- Installing: /home/tech/ros2/my_first_ws/install/my_package_msgs/share/my_package_msgs/cmake/export_my_package_msgs__rosidl_generator_pyExport.cmake
[2.558s] -- Installing: /home/tech/ros2/my_first_ws/install/my_package_msgs/share/my_package_msgs/cmake/export_my_package_msgs__rosidl_generator_pyExport-noconfig.cmake
[2.559s] -- Installing: /home/tech/ros2/my_first_ws/install/my_package_msgs/share/my_package_msgs/cmake/rosidl_cmake-extras.cmake
[2.559s] -- Installing: /home/tech/ros2/my_first_ws/install/my_package_msgs/share/my_package_msgs/cmake/ament_cmake_export_dependencies-extras.cmake
[2.559s] -- Up-to-date: /home/tech/ros2/my_first_ws/install/my_package_msgs/share/my_package_msgs/cmake/ament_cmake_export_include_directories-extras.cmake
[2.559s] -- Up-to-date: /home/tech/ros2/my_first_ws/install/my_package_msgs/share/my_package_msgs/cmake/ament_cmake_export_libraries-extras.cmake
[2.559s] -- Up-to-date: /home/tech/ros2/my_first_ws/install/my_package_msgs/share/my_package_msgs/cmake/ament_cmake_export_targets-extras.cmake
[2.559s] -- Up-to-date: /home/tech/ros2/my_first_ws/install/my_package_msgs/share/my_package_msgs/cmake/rosidl_cmake_export_typesupport_targets-extras.cmake
[2.559s] -- Up-to-date: /home/tech/ros2/my_first_ws/install/my_package_msgs/share/my_package_msgs/cmake/rosidl_cmake_export_typesupport_libraries-extras.cmake
[2.559s] -- Installing: /home/tech/ros2/my_first_ws/install/my_package_msgs/share/my_package_msgs/cmake/my_package_msgsConfig.cmake
[2.559s] -- Up-to-date: /home/tech/ros2/my_first_ws/install/my_package_msgs/share/my_package_msgs/cmake/my_package_msgsConfig-version.cmake
[2.559s] -- Up-to-date: /home/tech/ros2/my_first_ws/install/my_package_msgs/share/my_package_msgs/package.xml
[2.562s] Invoked command in '/home/tech/ros2/my_first_ws/build/my_package_msgs' returned '0': CMAKE_PREFIX_PATH=${CMAKE_PREFIX_PATH}:/home/tech/ros2/my_first_ws/install/my_package:/opt/ros/humble /usr/bin/cmake --install /home/tech/ros2/my_first_ws/build/my_package_msgs
