[0.241s] Invoking command in '/root/ros2/src/my_package': PYTHONPATH=/root/ros2/build/my_package/prefix_override:/usr/lib/python3/dist-packages/colcon_core/task/python/colcon_distutils_commands:/root/ros2/install/my_package/lib/python3.10/site-packages:${PYTHONPATH} /usr/bin/python3 -W ignore:setup.py install is deprecated -W ignore:easy_install command is deprecated setup.py egg_info --egg-base ../../build/my_package build --build-base /root/ros2/build/my_package/build install --record /root/ros2/build/my_package/install.log --single-version-externally-managed install_data
[0.332s] running egg_info
[0.332s] writing ../../build/my_package/my_package.egg-info/PKG-INFO
[0.332s] writing dependency_links to ../../build/my_package/my_package.egg-info/dependency_links.txt
[0.332s] writing entry points to ../../build/my_package/my_package.egg-info/entry_points.txt
[0.332s] writing requirements to ../../build/my_package/my_package.egg-info/requires.txt
[0.332s] writing top-level names to ../../build/my_package/my_package.egg-info/top_level.txt
[0.333s] reading manifest file '../../build/my_package/my_package.egg-info/SOURCES.txt'
[0.333s] adding license file 'LICENSE'
[0.333s] writing manifest file '../../build/my_package/my_package.egg-info/SOURCES.txt'
[0.333s] running build
[0.333s] running build_py
[0.333s] running install
[0.333s] running install_lib
[0.334s] running install_data
[0.334s] running install_egg_info
[0.335s] removing '/root/ros2/install/my_package/lib/python3.10/site-packages/my_package-0.0.0-py3.10.egg-info' (and everything under it)
[0.335s] Copying ../../build/my_package/my_package.egg-info to /root/ros2/install/my_package/lib/python3.10/site-packages/my_package-0.0.0-py3.10.egg-info
[0.335s] running install_scripts
[0.344s] Installing cmd_pose script to /root/ros2/install/my_package/lib/my_package
[0.344s] Installing my_node script to /root/ros2/install/my_package/lib/my_package
[0.344s] Installing pub_node script to /root/ros2/install/my_package/lib/my_package
[0.344s] Installing sub_node script to /root/ros2/install/my_package/lib/my_package
[0.344s] Installing video_person_detection script to /root/ros2/install/my_package/lib/my_package
[0.344s] writing list of installed files to '/root/ros2/build/my_package/install.log'
[0.354s] Invoked command in '/root/ros2/src/my_package' returned '0': PYTHONPATH=/root/ros2/build/my_package/prefix_override:/usr/lib/python3/dist-packages/colcon_core/task/python/colcon_distutils_commands:/root/ros2/install/my_package/lib/python3.10/site-packages:${PYTHONPATH} /usr/bin/python3 -W ignore:setup.py install is deprecated -W ignore:easy_install command is deprecated setup.py egg_info --egg-base ../../build/my_package build --build-base /root/ros2/build/my_package/build install --record /root/ros2/build/my_package/install.log --single-version-externally-managed install_data
