[0.260s] Invoking command in '/root/ros2/src/my_package': PYTHONPATH=/root/ros2/build/my_package/prefix_override:/usr/lib/python3/dist-packages/colcon_core/task/python/colcon_distutils_commands:/root/ros2/install/my_package/lib/python3.10/site-packages:${PYTHONPATH} /usr/bin/python3 -W ignore:setup.py install is deprecated -W ignore:easy_install command is deprecated setup.py egg_info --egg-base ../../build/my_package build --build-base /root/ros2/build/my_package/build install --record /root/ros2/build/my_package/install.log --single-version-externally-managed install_data
[0.351s] running egg_info
[0.351s] creating ../../build/my_package/my_package.egg-info
[0.351s] writing ../../build/my_package/my_package.egg-info/PKG-INFO
[0.352s] writing dependency_links to ../../build/my_package/my_package.egg-info/dependency_links.txt
[0.352s] writing entry points to ../../build/my_package/my_package.egg-info/entry_points.txt
[0.352s] writing requirements to ../../build/my_package/my_package.egg-info/requires.txt
[0.352s] writing top-level names to ../../build/my_package/my_package.egg-info/top_level.txt
[0.352s] writing manifest file '../../build/my_package/my_package.egg-info/SOURCES.txt'
[0.352s] reading manifest file '../../build/my_package/my_package.egg-info/SOURCES.txt'
[0.352s] adding license file 'LICENSE'
[0.353s] writing manifest file '../../build/my_package/my_package.egg-info/SOURCES.txt'
[0.353s] running build
[0.353s] running build_py
[0.353s] creating /root/ros2/build/my_package/build
[0.353s] creating /root/ros2/build/my_package/build/lib
[0.353s] creating /root/ros2/build/my_package/build/lib/my_package
[0.353s] copying my_package/my_node.py -> /root/ros2/build/my_package/build/lib/my_package
[0.353s] copying my_package/sub_node.py -> /root/ros2/build/my_package/build/lib/my_package
[0.353s] copying my_package/video_person_detection_node.py -> /root/ros2/build/my_package/build/lib/my_package
[0.361s] copying my_package/pub_node.py -> /root/ros2/build/my_package/build/lib/my_package
[0.361s] copying my_package/examples.py -> /root/ros2/build/my_package/build/lib/my_package
[0.362s] copying my_package/__init__.py -> /root/ros2/build/my_package/build/lib/my_package
[0.362s] copying my_package/cmd_pose.py -> /root/ros2/build/my_package/build/lib/my_package
[0.362s] running install
[0.362s] running install_lib
[0.362s] creating /root/ros2/install/my_package/lib/python3.10/site-packages/my_package
[0.362s] copying /root/ros2/build/my_package/build/lib/my_package/my_node.py -> /root/ros2/install/my_package/lib/python3.10/site-packages/my_package
[0.363s] copying /root/ros2/build/my_package/build/lib/my_package/sub_node.py -> /root/ros2/install/my_package/lib/python3.10/site-packages/my_package
[0.363s] copying /root/ros2/build/my_package/build/lib/my_package/video_person_detection_node.py -> /root/ros2/install/my_package/lib/python3.10/site-packages/my_package
[0.363s] copying /root/ros2/build/my_package/build/lib/my_package/pub_node.py -> /root/ros2/install/my_package/lib/python3.10/site-packages/my_package
[0.363s] copying /root/ros2/build/my_package/build/lib/my_package/examples.py -> /root/ros2/install/my_package/lib/python3.10/site-packages/my_package
[0.363s] copying /root/ros2/build/my_package/build/lib/my_package/__init__.py -> /root/ros2/install/my_package/lib/python3.10/site-packages/my_package
[0.363s] copying /root/ros2/build/my_package/build/lib/my_package/cmd_pose.py -> /root/ros2/install/my_package/lib/python3.10/site-packages/my_package
[0.363s] byte-compiling /root/ros2/install/my_package/lib/python3.10/site-packages/my_package/my_node.py to my_node.cpython-310.pyc
[0.364s] byte-compiling /root/ros2/install/my_package/lib/python3.10/site-packages/my_package/sub_node.py to sub_node.cpython-310.pyc
[0.364s] byte-compiling /root/ros2/install/my_package/lib/python3.10/site-packages/my_package/video_person_detection_node.py to video_person_detection_node.cpython-310.pyc
[0.366s] byte-compiling /root/ros2/install/my_package/lib/python3.10/site-packages/my_package/pub_node.py to pub_node.cpython-310.pyc
[0.366s] byte-compiling /root/ros2/install/my_package/lib/python3.10/site-packages/my_package/examples.py to examples.cpython-310.pyc
[0.367s] byte-compiling /root/ros2/install/my_package/lib/python3.10/site-packages/my_package/__init__.py to __init__.cpython-310.pyc
[0.367s] byte-compiling /root/ros2/install/my_package/lib/python3.10/site-packages/my_package/cmd_pose.py to cmd_pose.cpython-310.pyc
[0.367s] running install_data
[0.367s] creating /root/ros2/install/my_package/share/ament_index
[0.367s] creating /root/ros2/install/my_package/share/ament_index/resource_index
[0.367s] creating /root/ros2/install/my_package/share/ament_index/resource_index/packages
[0.367s] copying resource/my_package -> /root/ros2/install/my_package/share/ament_index/resource_index/packages
[0.367s] copying package.xml -> /root/ros2/install/my_package/share/my_package
[0.368s] creating /root/ros2/install/my_package/share/my_package/launch
[0.368s] copying launch/my_package.launch.py -> /root/ros2/install/my_package/share/my_package/launch
[0.368s] running install_egg_info
[0.369s] Copying ../../build/my_package/my_package.egg-info to /root/ros2/install/my_package/lib/python3.10/site-packages/my_package-0.0.0-py3.10.egg-info
[0.369s] running install_scripts
[0.378s] Installing my_node script to /root/ros2/install/my_package/lib/my_package
[0.378s] Installing pub_node script to /root/ros2/install/my_package/lib/my_package
[0.378s] Installing sub_node script to /root/ros2/install/my_package/lib/my_package
[0.378s] Installing video_person_detection script to /root/ros2/install/my_package/lib/my_package
[0.378s] writing list of installed files to '/root/ros2/build/my_package/install.log'
[0.389s] Invoked command in '/root/ros2/src/my_package' returned '0': PYTHONPATH=/root/ros2/build/my_package/prefix_override:/usr/lib/python3/dist-packages/colcon_core/task/python/colcon_distutils_commands:/root/ros2/install/my_package/lib/python3.10/site-packages:${PYTHONPATH} /usr/bin/python3 -W ignore:setup.py install is deprecated -W ignore:easy_install command is deprecated setup.py egg_info --egg-base ../../build/my_package build --build-base /root/ros2/build/my_package/build install --record /root/ros2/build/my_package/install.log --single-version-externally-managed install_data
