[0.051s] DEBUG:colcon:Command line arguments: ['/usr/bin/colcon', 'build', '--packages-select', 'my_package_msg']
[0.051s] DEBUG:colcon:Parsed command line arguments: Namespace(log_base=None, log_level=None, verb_name='build', build_base='build', install_base='install', merge_install=False, symlink_install=False, test_result_base=None, continue_on_error=False, executor='parallel', parallel_workers=24, event_handlers=None, ignore_user_meta=False, metas=['./colcon.meta'], base_paths=['.'], packages_ignore=None, packages_ignore_regex=None, paths=None, packages_up_to=None, packages_up_to_regex=None, packages_above=None, packages_above_and_dependencies=None, packages_above_depth=None, packages_select_by_dep=None, packages_skip_by_dep=None, packages_skip_up_to=None, packages_select_build_failed=False, packages_skip_build_finished=False, packages_select_test_failures=False, packages_skip_test_passed=False, packages_select=['my_package_msg'], packages_skip=None, packages_select_regex=None, packages_skip_regex=None, packages_start=None, packages_end=None, cmake_args=None, cmake_target=None, cmake_target_skip_unavailable=False, cmake_clean_cache=False, cmake_clean_first=False, cmake_force_configure=False, ament_cmake_args=None, catkin_cmake_args=None, catkin_skip_building_tests=False, mixin_files=None, mixin=None, verb_parser=<colcon_mixin.mixin.mixin_argument.MixinArgumentDecorator object at 0x7851a13634c0>, verb_extension=<colcon_core.verb.build.BuildVerb object at 0x7851a1528460>, main=<bound method BuildVerb.main of <colcon_core.verb.build.BuildVerb object at 0x7851a1528460>>, mixin_verb=('build',))
[0.100s] Level 1:colcon.colcon_core.package_discovery:discover_packages(colcon_meta) check parameters
[0.101s] INFO:colcon.colcon_metadata.package_discovery.colcon_meta:Using configuration from '/root/.colcon/metadata/default/Gazebo.meta'
[0.101s] INFO:colcon.colcon_metadata.package_discovery.colcon_meta:Using configuration from '/root/.colcon/metadata/default/fastdds.meta'
[0.101s] INFO:colcon.colcon_metadata.package_discovery.colcon_meta:Using configuration from '/root/.colcon/metadata/default/fastrtps.meta'
[0.101s] Level 1:colcon.colcon_core.package_discovery:discover_packages(recursive) check parameters
[0.101s] Level 1:colcon.colcon_core.package_discovery:discover_packages(ignore) check parameters
[0.101s] Level 1:colcon.colcon_core.package_discovery:discover_packages(path) check parameters
[0.101s] Level 1:colcon.colcon_core.package_discovery:discover_packages(colcon_meta) discover
[0.101s] Level 1:colcon.colcon_core.package_discovery:discover_packages(recursive) discover
[0.101s] INFO:colcon.colcon_core.package_discovery:Crawling recursively for packages in '/root/ros2'
[0.101s] Level 1:colcon.colcon_core.package_identification:_identify(.) by extensions ['ignore', 'ignore_ament_install']
[0.101s] Level 1:colcon.colcon_core.package_identification:_identify(.) by extension 'ignore'
[0.101s] Level 1:colcon.colcon_core.package_identification:_identify(.) by extension 'ignore_ament_install'
[0.101s] Level 1:colcon.colcon_core.package_identification:_identify(.) by extensions ['colcon_pkg']
[0.101s] Level 1:colcon.colcon_core.package_identification:_identify(.) by extension 'colcon_pkg'
[0.101s] Level 1:colcon.colcon_core.package_identification:_identify(.) by extensions ['colcon_meta']
[0.101s] Level 1:colcon.colcon_core.package_identification:_identify(.) by extension 'colcon_meta'
[0.101s] Level 1:colcon.colcon_core.package_identification:_identify(.) by extensions ['ros']
[0.101s] Level 1:colcon.colcon_core.package_identification:_identify(.) by extension 'ros'
[0.106s] Level 1:colcon.colcon_core.package_identification:_identify(.) by extensions ['cmake', 'python']
[0.106s] Level 1:colcon.colcon_core.package_identification:_identify(.) by extension 'cmake'
[0.106s] Level 1:colcon.colcon_core.package_identification:_identify(.) by extension 'python'
[0.106s] Level 1:colcon.colcon_core.package_identification:_identify(.) by extensions ['python_setup_py']
[0.106s] Level 1:colcon.colcon_core.package_identification:_identify(.) by extension 'python_setup_py'
[0.106s] Level 1:colcon.colcon_core.package_identification:_identify(-) by extensions ['ignore', 'ignore_ament_install']
[0.106s] Level 1:colcon.colcon_core.package_identification:_identify(-) by extension 'ignore'
[0.106s] Level 1:colcon.colcon_core.package_identification:_identify(-) by extension 'ignore_ament_install'
[0.106s] Level 1:colcon.colcon_core.package_identification:_identify(-) by extensions ['colcon_pkg']
[0.106s] Level 1:colcon.colcon_core.package_identification:_identify(-) by extension 'colcon_pkg'
[0.106s] Level 1:colcon.colcon_core.package_identification:_identify(-) by extensions ['colcon_meta']
[0.106s] Level 1:colcon.colcon_core.package_identification:_identify(-) by extension 'colcon_meta'
[0.106s] Level 1:colcon.colcon_core.package_identification:_identify(-) by extensions ['ros']
[0.106s] Level 1:colcon.colcon_core.package_identification:_identify(-) by extension 'ros'
[0.106s] Level 1:colcon.colcon_core.package_identification:_identify(-) by extensions ['cmake', 'python']
[0.106s] Level 1:colcon.colcon_core.package_identification:_identify(-) by extension 'cmake'
[0.106s] Level 1:colcon.colcon_core.package_identification:_identify(-) by extension 'python'
[0.106s] Level 1:colcon.colcon_core.package_identification:_identify(-) by extensions ['python_setup_py']
[0.106s] Level 1:colcon.colcon_core.package_identification:_identify(-) by extension 'python_setup_py'
[0.106s] Level 1:colcon.colcon_core.package_identification:_identify(-/bin) by extensions ['ignore', 'ignore_ament_install']
[0.106s] Level 1:colcon.colcon_core.package_identification:_identify(-/bin) by extension 'ignore'
[0.106s] Level 1:colcon.colcon_core.package_identification:_identify(-/bin) by extension 'ignore_ament_install'
[0.107s] Level 1:colcon.colcon_core.package_identification:_identify(-/bin) by extensions ['colcon_pkg']
[0.107s] Level 1:colcon.colcon_core.package_identification:_identify(-/bin) by extension 'colcon_pkg'
[0.107s] Level 1:colcon.colcon_core.package_identification:_identify(-/bin) by extensions ['colcon_meta']
[0.107s] Level 1:colcon.colcon_core.package_identification:_identify(-/bin) by extension 'colcon_meta'
[0.107s] Level 1:colcon.colcon_core.package_identification:_identify(-/bin) by extensions ['ros']
[0.107s] Level 1:colcon.colcon_core.package_identification:_identify(-/bin) by extension 'ros'
[0.107s] Level 1:colcon.colcon_core.package_identification:_identify(-/bin) by extensions ['cmake', 'python']
[0.107s] Level 1:colcon.colcon_core.package_identification:_identify(-/bin) by extension 'cmake'
[0.107s] Level 1:colcon.colcon_core.package_identification:_identify(-/bin) by extension 'python'
[0.107s] Level 1:colcon.colcon_core.package_identification:_identify(-/bin) by extensions ['python_setup_py']
[0.107s] Level 1:colcon.colcon_core.package_identification:_identify(-/bin) by extension 'python_setup_py'
[0.107s] Level 1:colcon.colcon_core.package_identification:_identify(-/lib) by extensions ['ignore', 'ignore_ament_install']
[0.107s] Level 1:colcon.colcon_core.package_identification:_identify(-/lib) by extension 'ignore'
[0.107s] Level 1:colcon.colcon_core.package_identification:_identify(-/lib) by extension 'ignore_ament_install'
[0.107s] Level 1:colcon.colcon_core.package_identification:_identify(-/lib) by extensions ['colcon_pkg']
[0.107s] Level 1:colcon.colcon_core.package_identification:_identify(-/lib) by extension 'colcon_pkg'
[0.107s] Level 1:colcon.colcon_core.package_identification:_identify(-/lib) by extensions ['colcon_meta']
[0.107s] Level 1:colcon.colcon_core.package_identification:_identify(-/lib) by extension 'colcon_meta'
[0.107s] Level 1:colcon.colcon_core.package_identification:_identify(-/lib) by extensions ['ros']
[0.107s] Level 1:colcon.colcon_core.package_identification:_identify(-/lib) by extension 'ros'
[0.107s] Level 1:colcon.colcon_core.package_identification:_identify(-/lib) by extensions ['cmake', 'python']
[0.107s] Level 1:colcon.colcon_core.package_identification:_identify(-/lib) by extension 'cmake'
[0.107s] Level 1:colcon.colcon_core.package_identification:_identify(-/lib) by extension 'python'
[0.107s] Level 1:colcon.colcon_core.package_identification:_identify(-/lib) by extensions ['python_setup_py']
[0.107s] Level 1:colcon.colcon_core.package_identification:_identify(-/lib) by extension 'python_setup_py'
[0.107s] Level 1:colcon.colcon_core.package_identification:_identify(-/lib/python3.13) by extensions ['ignore', 'ignore_ament_install']
[0.107s] Level 1:colcon.colcon_core.package_identification:_identify(-/lib/python3.13) by extension 'ignore'
[0.107s] Level 1:colcon.colcon_core.package_identification:_identify(-/lib/python3.13) by extension 'ignore_ament_install'
[0.107s] Level 1:colcon.colcon_core.package_identification:_identify(-/lib/python3.13) by extensions ['colcon_pkg']
[0.107s] Level 1:colcon.colcon_core.package_identification:_identify(-/lib/python3.13) by extension 'colcon_pkg'
[0.107s] Level 1:colcon.colcon_core.package_identification:_identify(-/lib/python3.13) by extensions ['colcon_meta']
[0.107s] Level 1:colcon.colcon_core.package_identification:_identify(-/lib/python3.13) by extension 'colcon_meta'
[0.107s] Level 1:colcon.colcon_core.package_identification:_identify(-/lib/python3.13) by extensions ['ros']
[0.107s] Level 1:colcon.colcon_core.package_identification:_identify(-/lib/python3.13) by extension 'ros'
[0.107s] Level 1:colcon.colcon_core.package_identification:_identify(-/lib/python3.13) by extensions ['cmake', 'python']
[0.107s] Level 1:colcon.colcon_core.package_identification:_identify(-/lib/python3.13) by extension 'cmake'
[0.107s] Level 1:colcon.colcon_core.package_identification:_identify(-/lib/python3.13) by extension 'python'
[0.107s] Level 1:colcon.colcon_core.package_identification:_identify(-/lib/python3.13) by extensions ['python_setup_py']
[0.107s] Level 1:colcon.colcon_core.package_identification:_identify(-/lib/python3.13) by extension 'python_setup_py'
[0.107s] Level 1:colcon.colcon_core.package_identification:_identify(-/lib/python3.13/site-packages) by extensions ['ignore', 'ignore_ament_install']
[0.107s] Level 1:colcon.colcon_core.package_identification:_identify(-/lib/python3.13/site-packages) by extension 'ignore'
[0.107s] Level 1:colcon.colcon_core.package_identification:_identify(-/lib/python3.13/site-packages) by extension 'ignore_ament_install'
[0.107s] Level 1:colcon.colcon_core.package_identification:_identify(-/lib/python3.13/site-packages) by extensions ['colcon_pkg']
[0.107s] Level 1:colcon.colcon_core.package_identification:_identify(-/lib/python3.13/site-packages) by extension 'colcon_pkg'
[0.107s] Level 1:colcon.colcon_core.package_identification:_identify(-/lib/python3.13/site-packages) by extensions ['colcon_meta']
[0.107s] Level 1:colcon.colcon_core.package_identification:_identify(-/lib/python3.13/site-packages) by extension 'colcon_meta'
[0.107s] Level 1:colcon.colcon_core.package_identification:_identify(-/lib/python3.13/site-packages) by extensions ['ros']
[0.107s] Level 1:colcon.colcon_core.package_identification:_identify(-/lib/python3.13/site-packages) by extension 'ros'
[0.107s] Level 1:colcon.colcon_core.package_identification:_identify(-/lib/python3.13/site-packages) by extensions ['cmake', 'python']
[0.107s] Level 1:colcon.colcon_core.package_identification:_identify(-/lib/python3.13/site-packages) by extension 'cmake'
[0.107s] Level 1:colcon.colcon_core.package_identification:_identify(-/lib/python3.13/site-packages) by extension 'python'
[0.107s] Level 1:colcon.colcon_core.package_identification:_identify(-/lib/python3.13/site-packages) by extensions ['python_setup_py']
[0.107s] Level 1:colcon.colcon_core.package_identification:_identify(-/lib/python3.13/site-packages) by extension 'python_setup_py'
[0.107s] Level 1:colcon.colcon_core.package_identification:_identify(build) by extensions ['ignore', 'ignore_ament_install']
[0.107s] Level 1:colcon.colcon_core.package_identification:_identify(build) by extension 'ignore'
[0.107s] Level 1:colcon.colcon_core.package_identification:_identify(build) ignored
[0.107s] Level 1:colcon.colcon_core.package_identification:_identify(install) by extensions ['ignore', 'ignore_ament_install']
[0.107s] Level 1:colcon.colcon_core.package_identification:_identify(install) by extension 'ignore'
[0.107s] Level 1:colcon.colcon_core.package_identification:_identify(install) ignored
[0.107s] Level 1:colcon.colcon_core.package_identification:_identify(log) by extensions ['ignore', 'ignore_ament_install']
[0.108s] Level 1:colcon.colcon_core.package_identification:_identify(log) by extension 'ignore'
[0.108s] Level 1:colcon.colcon_core.package_identification:_identify(log) ignored
[0.108s] Level 1:colcon.colcon_core.package_identification:_identify(src) by extensions ['ignore', 'ignore_ament_install']
[0.108s] Level 1:colcon.colcon_core.package_identification:_identify(src) by extension 'ignore'
[0.108s] Level 1:colcon.colcon_core.package_identification:_identify(src) by extension 'ignore_ament_install'
[0.108s] Level 1:colcon.colcon_core.package_identification:_identify(src) by extensions ['colcon_pkg']
[0.108s] Level 1:colcon.colcon_core.package_identification:_identify(src) by extension 'colcon_pkg'
[0.108s] Level 1:colcon.colcon_core.package_identification:_identify(src) by extensions ['colcon_meta']
[0.108s] Level 1:colcon.colcon_core.package_identification:_identify(src) by extension 'colcon_meta'
[0.108s] Level 1:colcon.colcon_core.package_identification:_identify(src) by extensions ['ros']
[0.108s] Level 1:colcon.colcon_core.package_identification:_identify(src) by extension 'ros'
[0.108s] Level 1:colcon.colcon_core.package_identification:_identify(src) by extensions ['cmake', 'python']
[0.108s] Level 1:colcon.colcon_core.package_identification:_identify(src) by extension 'cmake'
[0.108s] Level 1:colcon.colcon_core.package_identification:_identify(src) by extension 'python'
[0.108s] Level 1:colcon.colcon_core.package_identification:_identify(src) by extensions ['python_setup_py']
[0.108s] Level 1:colcon.colcon_core.package_identification:_identify(src) by extension 'python_setup_py'
[0.108s] Level 1:colcon.colcon_core.package_identification:_identify(src/camera_3d_pkg) by extensions ['ignore', 'ignore_ament_install']
[0.108s] Level 1:colcon.colcon_core.package_identification:_identify(src/camera_3d_pkg) by extension 'ignore'
[0.108s] Level 1:colcon.colcon_core.package_identification:_identify(src/camera_3d_pkg) by extension 'ignore_ament_install'
[0.108s] Level 1:colcon.colcon_core.package_identification:_identify(src/camera_3d_pkg) by extensions ['colcon_pkg']
[0.108s] Level 1:colcon.colcon_core.package_identification:_identify(src/camera_3d_pkg) by extension 'colcon_pkg'
[0.108s] Level 1:colcon.colcon_core.package_identification:_identify(src/camera_3d_pkg) by extensions ['colcon_meta']
[0.108s] Level 1:colcon.colcon_core.package_identification:_identify(src/camera_3d_pkg) by extension 'colcon_meta'
[0.108s] Level 1:colcon.colcon_core.package_identification:_identify(src/camera_3d_pkg) by extensions ['ros']
[0.108s] Level 1:colcon.colcon_core.package_identification:_identify(src/camera_3d_pkg) by extension 'ros'
[0.109s] DEBUG:colcon.colcon_core.package_identification:Package 'src/camera_3d_pkg' with type 'ros.catkin' and name 'camera_3d_pkg'
[0.109s] Level 1:colcon.colcon_core.package_identification:_identify(src/camera_3d_pkg1) by extensions ['ignore', 'ignore_ament_install']
[0.109s] Level 1:colcon.colcon_core.package_identification:_identify(src/camera_3d_pkg1) by extension 'ignore'
[0.109s] Level 1:colcon.colcon_core.package_identification:_identify(src/camera_3d_pkg1) by extension 'ignore_ament_install'
[0.109s] Level 1:colcon.colcon_core.package_identification:_identify(src/camera_3d_pkg1) by extensions ['colcon_pkg']
[0.109s] Level 1:colcon.colcon_core.package_identification:_identify(src/camera_3d_pkg1) by extension 'colcon_pkg'
[0.109s] Level 1:colcon.colcon_core.package_identification:_identify(src/camera_3d_pkg1) by extensions ['colcon_meta']
[0.109s] Level 1:colcon.colcon_core.package_identification:_identify(src/camera_3d_pkg1) by extension 'colcon_meta'
[0.109s] Level 1:colcon.colcon_core.package_identification:_identify(src/camera_3d_pkg1) by extensions ['ros']
[0.109s] Level 1:colcon.colcon_core.package_identification:_identify(src/camera_3d_pkg1) by extension 'ros'
[0.109s] DEBUG:colcon.colcon_core.package_identification:Package 'src/camera_3d_pkg1' with type 'ros.ament_cmake' and name 'camera_3d_pkg1'
[0.110s] Level 1:colcon.colcon_core.package_identification:_identify(src/datasets) by extensions ['ignore', 'ignore_ament_install']
[0.110s] Level 1:colcon.colcon_core.package_identification:_identify(src/datasets) by extension 'ignore'
[0.110s] Level 1:colcon.colcon_core.package_identification:_identify(src/datasets) by extension 'ignore_ament_install'
[0.110s] Level 1:colcon.colcon_core.package_identification:_identify(src/datasets) by extensions ['colcon_pkg']
[0.110s] Level 1:colcon.colcon_core.package_identification:_identify(src/datasets) by extension 'colcon_pkg'
[0.110s] Level 1:colcon.colcon_core.package_identification:_identify(src/datasets) by extensions ['colcon_meta']
[0.110s] Level 1:colcon.colcon_core.package_identification:_identify(src/datasets) by extension 'colcon_meta'
[0.110s] Level 1:colcon.colcon_core.package_identification:_identify(src/datasets) by extensions ['ros']
[0.110s] Level 1:colcon.colcon_core.package_identification:_identify(src/datasets) by extension 'ros'
[0.110s] Level 1:colcon.colcon_core.package_identification:_identify(src/datasets) by extensions ['cmake', 'python']
[0.110s] Level 1:colcon.colcon_core.package_identification:_identify(src/datasets) by extension 'cmake'
[0.110s] Level 1:colcon.colcon_core.package_identification:_identify(src/datasets) by extension 'python'
[0.110s] Level 1:colcon.colcon_core.package_identification:_identify(src/datasets) by extensions ['python_setup_py']
[0.110s] Level 1:colcon.colcon_core.package_identification:_identify(src/datasets) by extension 'python_setup_py'
[0.110s] Level 1:colcon.colcon_core.package_identification:_identify(src/datasets/coco) by extensions ['ignore', 'ignore_ament_install']
[0.110s] Level 1:colcon.colcon_core.package_identification:_identify(src/datasets/coco) by extension 'ignore'
[0.110s] Level 1:colcon.colcon_core.package_identification:_identify(src/datasets/coco) by extension 'ignore_ament_install'
[0.110s] Level 1:colcon.colcon_core.package_identification:_identify(src/datasets/coco) by extensions ['colcon_pkg']
[0.110s] Level 1:colcon.colcon_core.package_identification:_identify(src/datasets/coco) by extension 'colcon_pkg'
[0.110s] Level 1:colcon.colcon_core.package_identification:_identify(src/datasets/coco) by extensions ['colcon_meta']
[0.110s] Level 1:colcon.colcon_core.package_identification:_identify(src/datasets/coco) by extension 'colcon_meta'
[0.110s] Level 1:colcon.colcon_core.package_identification:_identify(src/datasets/coco) by extensions ['ros']
[0.110s] Level 1:colcon.colcon_core.package_identification:_identify(src/datasets/coco) by extension 'ros'
[0.110s] Level 1:colcon.colcon_core.package_identification:_identify(src/datasets/coco) by extensions ['cmake', 'python']
[0.110s] Level 1:colcon.colcon_core.package_identification:_identify(src/datasets/coco) by extension 'cmake'
[0.110s] Level 1:colcon.colcon_core.package_identification:_identify(src/datasets/coco) by extension 'python'
[0.110s] Level 1:colcon.colcon_core.package_identification:_identify(src/datasets/coco) by extensions ['python_setup_py']
[0.110s] Level 1:colcon.colcon_core.package_identification:_identify(src/datasets/coco) by extension 'python_setup_py'
[0.110s] Level 1:colcon.colcon_core.package_identification:_identify(src/datasets/coco/annotations) by extensions ['ignore', 'ignore_ament_install']
[0.110s] Level 1:colcon.colcon_core.package_identification:_identify(src/datasets/coco/annotations) by extension 'ignore'
[0.110s] Level 1:colcon.colcon_core.package_identification:_identify(src/datasets/coco/annotations) by extension 'ignore_ament_install'
[0.110s] Level 1:colcon.colcon_core.package_identification:_identify(src/datasets/coco/annotations) by extensions ['colcon_pkg']
[0.110s] Level 1:colcon.colcon_core.package_identification:_identify(src/datasets/coco/annotations) by extension 'colcon_pkg'
[0.110s] Level 1:colcon.colcon_core.package_identification:_identify(src/datasets/coco/annotations) by extensions ['colcon_meta']
[0.110s] Level 1:colcon.colcon_core.package_identification:_identify(src/datasets/coco/annotations) by extension 'colcon_meta'
[0.110s] Level 1:colcon.colcon_core.package_identification:_identify(src/datasets/coco/annotations) by extensions ['ros']
[0.110s] Level 1:colcon.colcon_core.package_identification:_identify(src/datasets/coco/annotations) by extension 'ros'
[0.110s] Level 1:colcon.colcon_core.package_identification:_identify(src/datasets/coco/annotations) by extensions ['cmake', 'python']
[0.110s] Level 1:colcon.colcon_core.package_identification:_identify(src/datasets/coco/annotations) by extension 'cmake'
[0.110s] Level 1:colcon.colcon_core.package_identification:_identify(src/datasets/coco/annotations) by extension 'python'
[0.110s] Level 1:colcon.colcon_core.package_identification:_identify(src/datasets/coco/annotations) by extensions ['python_setup_py']
[0.110s] Level 1:colcon.colcon_core.package_identification:_identify(src/datasets/coco/annotations) by extension 'python_setup_py'
[0.110s] Level 1:colcon.colcon_core.package_identification:_identify(src/datasets/coco/images) by extensions ['ignore', 'ignore_ament_install']
[0.110s] Level 1:colcon.colcon_core.package_identification:_identify(src/datasets/coco/images) by extension 'ignore'
[0.110s] Level 1:colcon.colcon_core.package_identification:_identify(src/datasets/coco/images) by extension 'ignore_ament_install'
[0.110s] Level 1:colcon.colcon_core.package_identification:_identify(src/datasets/coco/images) by extensions ['colcon_pkg']
[0.110s] Level 1:colcon.colcon_core.package_identification:_identify(src/datasets/coco/images) by extension 'colcon_pkg'
[0.110s] Level 1:colcon.colcon_core.package_identification:_identify(src/datasets/coco/images) by extensions ['colcon_meta']
[0.110s] Level 1:colcon.colcon_core.package_identification:_identify(src/datasets/coco/images) by extension 'colcon_meta'
[0.110s] Level 1:colcon.colcon_core.package_identification:_identify(src/datasets/coco/images) by extensions ['ros']
[0.110s] Level 1:colcon.colcon_core.package_identification:_identify(src/datasets/coco/images) by extension 'ros'
[0.110s] Level 1:colcon.colcon_core.package_identification:_identify(src/datasets/coco/images) by extensions ['cmake', 'python']
[0.110s] Level 1:colcon.colcon_core.package_identification:_identify(src/datasets/coco/images) by extension 'cmake'
[0.110s] Level 1:colcon.colcon_core.package_identification:_identify(src/datasets/coco/images) by extension 'python'
[0.110s] Level 1:colcon.colcon_core.package_identification:_identify(src/datasets/coco/images) by extensions ['python_setup_py']
[0.110s] Level 1:colcon.colcon_core.package_identification:_identify(src/datasets/coco/images) by extension 'python_setup_py'
[0.120s] Level 1:colcon.colcon_core.package_identification:_identify(src/datasets/coco/images/test2017) by extensions ['ignore', 'ignore_ament_install']
[0.120s] Level 1:colcon.colcon_core.package_identification:_identify(src/datasets/coco/images/test2017) by extension 'ignore'
[0.120s] Level 1:colcon.colcon_core.package_identification:_identify(src/datasets/coco/images/test2017) by extension 'ignore_ament_install'
[0.120s] Level 1:colcon.colcon_core.package_identification:_identify(src/datasets/coco/images/test2017) by extensions ['colcon_pkg']
[0.120s] Level 1:colcon.colcon_core.package_identification:_identify(src/datasets/coco/images/test2017) by extension 'colcon_pkg'
[0.120s] Level 1:colcon.colcon_core.package_identification:_identify(src/datasets/coco/images/test2017) by extensions ['colcon_meta']
[0.120s] Level 1:colcon.colcon_core.package_identification:_identify(src/datasets/coco/images/test2017) by extension 'colcon_meta'
[0.120s] Level 1:colcon.colcon_core.package_identification:_identify(src/datasets/coco/images/test2017) by extensions ['ros']
[0.120s] Level 1:colcon.colcon_core.package_identification:_identify(src/datasets/coco/images/test2017) by extension 'ros'
[0.120s] Level 1:colcon.colcon_core.package_identification:_identify(src/datasets/coco/images/test2017) by extensions ['cmake', 'python']
[0.120s] Level 1:colcon.colcon_core.package_identification:_identify(src/datasets/coco/images/test2017) by extension 'cmake'
[0.120s] Level 1:colcon.colcon_core.package_identification:_identify(src/datasets/coco/images/test2017) by extension 'python'
[0.120s] Level 1:colcon.colcon_core.package_identification:_identify(src/datasets/coco/images/test2017) by extensions ['python_setup_py']
[0.120s] Level 1:colcon.colcon_core.package_identification:_identify(src/datasets/coco/images/test2017) by extension 'python_setup_py'
[0.120s] Level 1:colcon.colcon_core.package_identification:_identify(src/datasets/coco/images/train2017) by extensions ['ignore', 'ignore_ament_install']
[0.121s] Level 1:colcon.colcon_core.package_identification:_identify(src/datasets/coco/images/train2017) by extension 'ignore'
[0.121s] Level 1:colcon.colcon_core.package_identification:_identify(src/datasets/coco/images/train2017) by extension 'ignore_ament_install'
[0.121s] Level 1:colcon.colcon_core.package_identification:_identify(src/datasets/coco/images/train2017) by extensions ['colcon_pkg']
[0.121s] Level 1:colcon.colcon_core.package_identification:_identify(src/datasets/coco/images/train2017) by extension 'colcon_pkg'
[0.121s] Level 1:colcon.colcon_core.package_identification:_identify(src/datasets/coco/images/train2017) by extensions ['colcon_meta']
[0.121s] Level 1:colcon.colcon_core.package_identification:_identify(src/datasets/coco/images/train2017) by extension 'colcon_meta'
[0.121s] Level 1:colcon.colcon_core.package_identification:_identify(src/datasets/coco/images/train2017) by extensions ['ros']
[0.121s] Level 1:colcon.colcon_core.package_identification:_identify(src/datasets/coco/images/train2017) by extension 'ros'
[0.121s] Level 1:colcon.colcon_core.package_identification:_identify(src/datasets/coco/images/train2017) by extensions ['cmake', 'python']
[0.121s] Level 1:colcon.colcon_core.package_identification:_identify(src/datasets/coco/images/train2017) by extension 'cmake'
[0.121s] Level 1:colcon.colcon_core.package_identification:_identify(src/datasets/coco/images/train2017) by extension 'python'
[0.121s] Level 1:colcon.colcon_core.package_identification:_identify(src/datasets/coco/images/train2017) by extensions ['python_setup_py']
[0.121s] Level 1:colcon.colcon_core.package_identification:_identify(src/datasets/coco/images/train2017) by extension 'python_setup_py'
[0.122s] Level 1:colcon.colcon_core.package_identification:_identify(src/datasets/coco/images/val2017) by extensions ['ignore', 'ignore_ament_install']
[0.122s] Level 1:colcon.colcon_core.package_identification:_identify(src/datasets/coco/images/val2017) by extension 'ignore'
[0.122s] Level 1:colcon.colcon_core.package_identification:_identify(src/datasets/coco/images/val2017) by extension 'ignore_ament_install'
[0.122s] Level 1:colcon.colcon_core.package_identification:_identify(src/datasets/coco/images/val2017) by extensions ['colcon_pkg']
[0.122s] Level 1:colcon.colcon_core.package_identification:_identify(src/datasets/coco/images/val2017) by extension 'colcon_pkg'
[0.122s] Level 1:colcon.colcon_core.package_identification:_identify(src/datasets/coco/images/val2017) by extensions ['colcon_meta']
[0.122s] Level 1:colcon.colcon_core.package_identification:_identify(src/datasets/coco/images/val2017) by extension 'colcon_meta'
[0.122s] Level 1:colcon.colcon_core.package_identification:_identify(src/datasets/coco/images/val2017) by extensions ['ros']
[0.122s] Level 1:colcon.colcon_core.package_identification:_identify(src/datasets/coco/images/val2017) by extension 'ros'
[0.122s] Level 1:colcon.colcon_core.package_identification:_identify(src/datasets/coco/images/val2017) by extensions ['cmake', 'python']
[0.122s] Level 1:colcon.colcon_core.package_identification:_identify(src/datasets/coco/images/val2017) by extension 'cmake'
[0.122s] Level 1:colcon.colcon_core.package_identification:_identify(src/datasets/coco/images/val2017) by extension 'python'
[0.122s] Level 1:colcon.colcon_core.package_identification:_identify(src/datasets/coco/images/val2017) by extensions ['python_setup_py']
[0.122s] Level 1:colcon.colcon_core.package_identification:_identify(src/datasets/coco/images/val2017) by extension 'python_setup_py'
[0.122s] Level 1:colcon.colcon_core.package_identification:_identify(src/datasets/coco/labels) by extensions ['ignore', 'ignore_ament_install']
[0.122s] Level 1:colcon.colcon_core.package_identification:_identify(src/datasets/coco/labels) by extension 'ignore'
[0.122s] Level 1:colcon.colcon_core.package_identification:_identify(src/datasets/coco/labels) by extension 'ignore_ament_install'
[0.122s] Level 1:colcon.colcon_core.package_identification:_identify(src/datasets/coco/labels) by extensions ['colcon_pkg']
[0.122s] Level 1:colcon.colcon_core.package_identification:_identify(src/datasets/coco/labels) by extension 'colcon_pkg'
[0.122s] Level 1:colcon.colcon_core.package_identification:_identify(src/datasets/coco/labels) by extensions ['colcon_meta']
[0.122s] Level 1:colcon.colcon_core.package_identification:_identify(src/datasets/coco/labels) by extension 'colcon_meta'
[0.122s] Level 1:colcon.colcon_core.package_identification:_identify(src/datasets/coco/labels) by extensions ['ros']
[0.122s] Level 1:colcon.colcon_core.package_identification:_identify(src/datasets/coco/labels) by extension 'ros'
[0.122s] Level 1:colcon.colcon_core.package_identification:_identify(src/datasets/coco/labels) by extensions ['cmake', 'python']
[0.122s] Level 1:colcon.colcon_core.package_identification:_identify(src/datasets/coco/labels) by extension 'cmake'
[0.122s] Level 1:colcon.colcon_core.package_identification:_identify(src/datasets/coco/labels) by extension 'python'
[0.122s] Level 1:colcon.colcon_core.package_identification:_identify(src/datasets/coco/labels) by extensions ['python_setup_py']
[0.122s] Level 1:colcon.colcon_core.package_identification:_identify(src/datasets/coco/labels) by extension 'python_setup_py'
[0.150s] Level 1:colcon.colcon_core.package_identification:_identify(src/datasets/coco/labels/train2017) by extensions ['ignore', 'ignore_ament_install']
[0.150s] Level 1:colcon.colcon_core.package_identification:_identify(src/datasets/coco/labels/train2017) by extension 'ignore'
[0.150s] Level 1:colcon.colcon_core.package_identification:_identify(src/datasets/coco/labels/train2017) by extension 'ignore_ament_install'
[0.150s] Level 1:colcon.colcon_core.package_identification:_identify(src/datasets/coco/labels/train2017) by extensions ['colcon_pkg']
[0.150s] Level 1:colcon.colcon_core.package_identification:_identify(src/datasets/coco/labels/train2017) by extension 'colcon_pkg'
[0.150s] Level 1:colcon.colcon_core.package_identification:_identify(src/datasets/coco/labels/train2017) by extensions ['colcon_meta']
[0.150s] Level 1:colcon.colcon_core.package_identification:_identify(src/datasets/coco/labels/train2017) by extension 'colcon_meta'
[0.150s] Level 1:colcon.colcon_core.package_identification:_identify(src/datasets/coco/labels/train2017) by extensions ['ros']
[0.150s] Level 1:colcon.colcon_core.package_identification:_identify(src/datasets/coco/labels/train2017) by extension 'ros'
[0.150s] Level 1:colcon.colcon_core.package_identification:_identify(src/datasets/coco/labels/train2017) by extensions ['cmake', 'python']
[0.150s] Level 1:colcon.colcon_core.package_identification:_identify(src/datasets/coco/labels/train2017) by extension 'cmake'
[0.150s] Level 1:colcon.colcon_core.package_identification:_identify(src/datasets/coco/labels/train2017) by extension 'python'
[0.150s] Level 1:colcon.colcon_core.package_identification:_identify(src/datasets/coco/labels/train2017) by extensions ['python_setup_py']
[0.150s] Level 1:colcon.colcon_core.package_identification:_identify(src/datasets/coco/labels/train2017) by extension 'python_setup_py'
[0.152s] Level 1:colcon.colcon_core.package_identification:_identify(src/datasets/coco/labels/val2017) by extensions ['ignore', 'ignore_ament_install']
[0.152s] Level 1:colcon.colcon_core.package_identification:_identify(src/datasets/coco/labels/val2017) by extension 'ignore'
[0.152s] Level 1:colcon.colcon_core.package_identification:_identify(src/datasets/coco/labels/val2017) by extension 'ignore_ament_install'
[0.152s] Level 1:colcon.colcon_core.package_identification:_identify(src/datasets/coco/labels/val2017) by extensions ['colcon_pkg']
[0.152s] Level 1:colcon.colcon_core.package_identification:_identify(src/datasets/coco/labels/val2017) by extension 'colcon_pkg'
[0.152s] Level 1:colcon.colcon_core.package_identification:_identify(src/datasets/coco/labels/val2017) by extensions ['colcon_meta']
[0.152s] Level 1:colcon.colcon_core.package_identification:_identify(src/datasets/coco/labels/val2017) by extension 'colcon_meta'
[0.152s] Level 1:colcon.colcon_core.package_identification:_identify(src/datasets/coco/labels/val2017) by extensions ['ros']
[0.152s] Level 1:colcon.colcon_core.package_identification:_identify(src/datasets/coco/labels/val2017) by extension 'ros'
[0.152s] Level 1:colcon.colcon_core.package_identification:_identify(src/datasets/coco/labels/val2017) by extensions ['cmake', 'python']
[0.152s] Level 1:colcon.colcon_core.package_identification:_identify(src/datasets/coco/labels/val2017) by extension 'cmake'
[0.152s] Level 1:colcon.colcon_core.package_identification:_identify(src/datasets/coco/labels/val2017) by extension 'python'
[0.152s] Level 1:colcon.colcon_core.package_identification:_identify(src/datasets/coco/labels/val2017) by extensions ['python_setup_py']
[0.152s] Level 1:colcon.colcon_core.package_identification:_identify(src/datasets/coco/labels/val2017) by extension 'python_setup_py'
[0.152s] Level 1:colcon.colcon_core.package_identification:_identify(src/datasets/coco128) by extensions ['ignore', 'ignore_ament_install']
[0.152s] Level 1:colcon.colcon_core.package_identification:_identify(src/datasets/coco128) by extension 'ignore'
[0.152s] Level 1:colcon.colcon_core.package_identification:_identify(src/datasets/coco128) by extension 'ignore_ament_install'
[0.152s] Level 1:colcon.colcon_core.package_identification:_identify(src/datasets/coco128) by extensions ['colcon_pkg']
[0.152s] Level 1:colcon.colcon_core.package_identification:_identify(src/datasets/coco128) by extension 'colcon_pkg'
[0.152s] Level 1:colcon.colcon_core.package_identification:_identify(src/datasets/coco128) by extensions ['colcon_meta']
[0.152s] Level 1:colcon.colcon_core.package_identification:_identify(src/datasets/coco128) by extension 'colcon_meta'
[0.152s] Level 1:colcon.colcon_core.package_identification:_identify(src/datasets/coco128) by extensions ['ros']
[0.152s] Level 1:colcon.colcon_core.package_identification:_identify(src/datasets/coco128) by extension 'ros'
[0.152s] Level 1:colcon.colcon_core.package_identification:_identify(src/datasets/coco128) by extensions ['cmake', 'python']
[0.152s] Level 1:colcon.colcon_core.package_identification:_identify(src/datasets/coco128) by extension 'cmake'
[0.152s] Level 1:colcon.colcon_core.package_identification:_identify(src/datasets/coco128) by extension 'python'
[0.152s] Level 1:colcon.colcon_core.package_identification:_identify(src/datasets/coco128) by extensions ['python_setup_py']
[0.152s] Level 1:colcon.colcon_core.package_identification:_identify(src/datasets/coco128) by extension 'python_setup_py'
[0.152s] Level 1:colcon.colcon_core.package_identification:_identify(src/datasets/coco128/images) by extensions ['ignore', 'ignore_ament_install']
[0.152s] Level 1:colcon.colcon_core.package_identification:_identify(src/datasets/coco128/images) by extension 'ignore'
[0.152s] Level 1:colcon.colcon_core.package_identification:_identify(src/datasets/coco128/images) by extension 'ignore_ament_install'
[0.152s] Level 1:colcon.colcon_core.package_identification:_identify(src/datasets/coco128/images) by extensions ['colcon_pkg']
[0.152s] Level 1:colcon.colcon_core.package_identification:_identify(src/datasets/coco128/images) by extension 'colcon_pkg'
[0.152s] Level 1:colcon.colcon_core.package_identification:_identify(src/datasets/coco128/images) by extensions ['colcon_meta']
[0.152s] Level 1:colcon.colcon_core.package_identification:_identify(src/datasets/coco128/images) by extension 'colcon_meta'
[0.152s] Level 1:colcon.colcon_core.package_identification:_identify(src/datasets/coco128/images) by extensions ['ros']
[0.152s] Level 1:colcon.colcon_core.package_identification:_identify(src/datasets/coco128/images) by extension 'ros'
[0.152s] Level 1:colcon.colcon_core.package_identification:_identify(src/datasets/coco128/images) by extensions ['cmake', 'python']
[0.152s] Level 1:colcon.colcon_core.package_identification:_identify(src/datasets/coco128/images) by extension 'cmake'
[0.152s] Level 1:colcon.colcon_core.package_identification:_identify(src/datasets/coco128/images) by extension 'python'
[0.152s] Level 1:colcon.colcon_core.package_identification:_identify(src/datasets/coco128/images) by extensions ['python_setup_py']
[0.152s] Level 1:colcon.colcon_core.package_identification:_identify(src/datasets/coco128/images) by extension 'python_setup_py'
[0.152s] Level 1:colcon.colcon_core.package_identification:_identify(src/datasets/coco128/images/train2017) by extensions ['ignore', 'ignore_ament_install']
[0.152s] Level 1:colcon.colcon_core.package_identification:_identify(src/datasets/coco128/images/train2017) by extension 'ignore'
[0.152s] Level 1:colcon.colcon_core.package_identification:_identify(src/datasets/coco128/images/train2017) by extension 'ignore_ament_install'
[0.152s] Level 1:colcon.colcon_core.package_identification:_identify(src/datasets/coco128/images/train2017) by extensions ['colcon_pkg']
[0.152s] Level 1:colcon.colcon_core.package_identification:_identify(src/datasets/coco128/images/train2017) by extension 'colcon_pkg'
[0.152s] Level 1:colcon.colcon_core.package_identification:_identify(src/datasets/coco128/images/train2017) by extensions ['colcon_meta']
[0.152s] Level 1:colcon.colcon_core.package_identification:_identify(src/datasets/coco128/images/train2017) by extension 'colcon_meta'
[0.152s] Level 1:colcon.colcon_core.package_identification:_identify(src/datasets/coco128/images/train2017) by extensions ['ros']
[0.152s] Level 1:colcon.colcon_core.package_identification:_identify(src/datasets/coco128/images/train2017) by extension 'ros'
[0.152s] Level 1:colcon.colcon_core.package_identification:_identify(src/datasets/coco128/images/train2017) by extensions ['cmake', 'python']
[0.152s] Level 1:colcon.colcon_core.package_identification:_identify(src/datasets/coco128/images/train2017) by extension 'cmake'
[0.153s] Level 1:colcon.colcon_core.package_identification:_identify(src/datasets/coco128/images/train2017) by extension 'python'
[0.153s] Level 1:colcon.colcon_core.package_identification:_identify(src/datasets/coco128/images/train2017) by extensions ['python_setup_py']
[0.153s] Level 1:colcon.colcon_core.package_identification:_identify(src/datasets/coco128/images/train2017) by extension 'python_setup_py'
[0.153s] Level 1:colcon.colcon_core.package_identification:_identify(src/datasets/coco128/labels) by extensions ['ignore', 'ignore_ament_install']
[0.153s] Level 1:colcon.colcon_core.package_identification:_identify(src/datasets/coco128/labels) by extension 'ignore'
[0.153s] Level 1:colcon.colcon_core.package_identification:_identify(src/datasets/coco128/labels) by extension 'ignore_ament_install'
[0.153s] Level 1:colcon.colcon_core.package_identification:_identify(src/datasets/coco128/labels) by extensions ['colcon_pkg']
[0.153s] Level 1:colcon.colcon_core.package_identification:_identify(src/datasets/coco128/labels) by extension 'colcon_pkg'
[0.153s] Level 1:colcon.colcon_core.package_identification:_identify(src/datasets/coco128/labels) by extensions ['colcon_meta']
[0.153s] Level 1:colcon.colcon_core.package_identification:_identify(src/datasets/coco128/labels) by extension 'colcon_meta'
[0.153s] Level 1:colcon.colcon_core.package_identification:_identify(src/datasets/coco128/labels) by extensions ['ros']
[0.153s] Level 1:colcon.colcon_core.package_identification:_identify(src/datasets/coco128/labels) by extension 'ros'
[0.153s] Level 1:colcon.colcon_core.package_identification:_identify(src/datasets/coco128/labels) by extensions ['cmake', 'python']
[0.153s] Level 1:colcon.colcon_core.package_identification:_identify(src/datasets/coco128/labels) by extension 'cmake'
[0.153s] Level 1:colcon.colcon_core.package_identification:_identify(src/datasets/coco128/labels) by extension 'python'
[0.153s] Level 1:colcon.colcon_core.package_identification:_identify(src/datasets/coco128/labels) by extensions ['python_setup_py']
[0.153s] Level 1:colcon.colcon_core.package_identification:_identify(src/datasets/coco128/labels) by extension 'python_setup_py'
[0.153s] Level 1:colcon.colcon_core.package_identification:_identify(src/datasets/coco128/labels/train2017) by extensions ['ignore', 'ignore_ament_install']
[0.153s] Level 1:colcon.colcon_core.package_identification:_identify(src/datasets/coco128/labels/train2017) by extension 'ignore'
[0.153s] Level 1:colcon.colcon_core.package_identification:_identify(src/datasets/coco128/labels/train2017) by extension 'ignore_ament_install'
[0.153s] Level 1:colcon.colcon_core.package_identification:_identify(src/datasets/coco128/labels/train2017) by extensions ['colcon_pkg']
[0.153s] Level 1:colcon.colcon_core.package_identification:_identify(src/datasets/coco128/labels/train2017) by extension 'colcon_pkg'
[0.153s] Level 1:colcon.colcon_core.package_identification:_identify(src/datasets/coco128/labels/train2017) by extensions ['colcon_meta']
[0.153s] Level 1:colcon.colcon_core.package_identification:_identify(src/datasets/coco128/labels/train2017) by extension 'colcon_meta'
[0.153s] Level 1:colcon.colcon_core.package_identification:_identify(src/datasets/coco128/labels/train2017) by extensions ['ros']
[0.153s] Level 1:colcon.colcon_core.package_identification:_identify(src/datasets/coco128/labels/train2017) by extension 'ros'
[0.153s] Level 1:colcon.colcon_core.package_identification:_identify(src/datasets/coco128/labels/train2017) by extensions ['cmake', 'python']
[0.153s] Level 1:colcon.colcon_core.package_identification:_identify(src/datasets/coco128/labels/train2017) by extension 'cmake'
[0.153s] Level 1:colcon.colcon_core.package_identification:_identify(src/datasets/coco128/labels/train2017) by extension 'python'
[0.153s] Level 1:colcon.colcon_core.package_identification:_identify(src/datasets/coco128/labels/train2017) by extensions ['python_setup_py']
[0.153s] Level 1:colcon.colcon_core.package_identification:_identify(src/datasets/coco128/labels/train2017) by extension 'python_setup_py'
[0.153s] Level 1:colcon.colcon_core.package_identification:_identify(src/my_opencv_pkg) by extensions ['ignore', 'ignore_ament_install']
[0.153s] Level 1:colcon.colcon_core.package_identification:_identify(src/my_opencv_pkg) by extension 'ignore'
[0.153s] Level 1:colcon.colcon_core.package_identification:_identify(src/my_opencv_pkg) by extension 'ignore_ament_install'
[0.153s] Level 1:colcon.colcon_core.package_identification:_identify(src/my_opencv_pkg) by extensions ['colcon_pkg']
[0.153s] Level 1:colcon.colcon_core.package_identification:_identify(src/my_opencv_pkg) by extension 'colcon_pkg'
[0.153s] Level 1:colcon.colcon_core.package_identification:_identify(src/my_opencv_pkg) by extensions ['colcon_meta']
[0.153s] Level 1:colcon.colcon_core.package_identification:_identify(src/my_opencv_pkg) by extension 'colcon_meta'
[0.153s] Level 1:colcon.colcon_core.package_identification:_identify(src/my_opencv_pkg) by extensions ['ros']
[0.153s] Level 1:colcon.colcon_core.package_identification:_identify(src/my_opencv_pkg) by extension 'ros'
[0.153s] DEBUG:colcon.colcon_core.package_identification:Package 'src/my_opencv_pkg' with type 'ros.ament_python' and name 'my_opencv_pkg'
[0.153s] Level 1:colcon.colcon_core.package_identification:_identify(src/my_package) by extensions ['ignore', 'ignore_ament_install']
[0.153s] Level 1:colcon.colcon_core.package_identification:_identify(src/my_package) by extension 'ignore'
[0.153s] Level 1:colcon.colcon_core.package_identification:_identify(src/my_package) by extension 'ignore_ament_install'
[0.153s] Level 1:colcon.colcon_core.package_identification:_identify(src/my_package) by extensions ['colcon_pkg']
[0.153s] Level 1:colcon.colcon_core.package_identification:_identify(src/my_package) by extension 'colcon_pkg'
[0.153s] Level 1:colcon.colcon_core.package_identification:_identify(src/my_package) by extensions ['colcon_meta']
[0.153s] Level 1:colcon.colcon_core.package_identification:_identify(src/my_package) by extension 'colcon_meta'
[0.153s] Level 1:colcon.colcon_core.package_identification:_identify(src/my_package) by extensions ['ros']
[0.153s] Level 1:colcon.colcon_core.package_identification:_identify(src/my_package) by extension 'ros'
[0.154s] DEBUG:colcon.colcon_core.package_identification:Package 'src/my_package' with type 'ros.ament_python' and name 'my_package'
[0.154s] Level 1:colcon.colcon_core.package_identification:_identify(src/my_package_msg) by extensions ['ignore', 'ignore_ament_install']
[0.154s] Level 1:colcon.colcon_core.package_identification:_identify(src/my_package_msg) by extension 'ignore'
[0.154s] Level 1:colcon.colcon_core.package_identification:_identify(src/my_package_msg) by extension 'ignore_ament_install'
[0.154s] Level 1:colcon.colcon_core.package_identification:_identify(src/my_package_msg) by extensions ['colcon_pkg']
[0.154s] Level 1:colcon.colcon_core.package_identification:_identify(src/my_package_msg) by extension 'colcon_pkg'
[0.154s] Level 1:colcon.colcon_core.package_identification:_identify(src/my_package_msg) by extensions ['colcon_meta']
[0.154s] Level 1:colcon.colcon_core.package_identification:_identify(src/my_package_msg) by extension 'colcon_meta'
[0.154s] Level 1:colcon.colcon_core.package_identification:_identify(src/my_package_msg) by extensions ['ros']
[0.154s] Level 1:colcon.colcon_core.package_identification:_identify(src/my_package_msg) by extension 'ros'
[0.154s] DEBUG:colcon.colcon_core.package_identification:Package 'src/my_package_msg' with type 'ros.ament_cmake' and name 'my_package_msg'
[0.154s] Level 1:colcon.colcon_core.package_identification:_identify(src/my_so_arm_gazebo) by extensions ['ignore', 'ignore_ament_install']
[0.154s] Level 1:colcon.colcon_core.package_identification:_identify(src/my_so_arm_gazebo) by extension 'ignore'
[0.154s] Level 1:colcon.colcon_core.package_identification:_identify(src/my_so_arm_gazebo) by extension 'ignore_ament_install'
[0.154s] Level 1:colcon.colcon_core.package_identification:_identify(src/my_so_arm_gazebo) by extensions ['colcon_pkg']
[0.154s] Level 1:colcon.colcon_core.package_identification:_identify(src/my_so_arm_gazebo) by extension 'colcon_pkg'
[0.154s] Level 1:colcon.colcon_core.package_identification:_identify(src/my_so_arm_gazebo) by extensions ['colcon_meta']
[0.154s] Level 1:colcon.colcon_core.package_identification:_identify(src/my_so_arm_gazebo) by extension 'colcon_meta'
[0.154s] Level 1:colcon.colcon_core.package_identification:_identify(src/my_so_arm_gazebo) by extensions ['ros']
[0.154s] Level 1:colcon.colcon_core.package_identification:_identify(src/my_so_arm_gazebo) by extension 'ros'
[0.154s] DEBUG:colcon.colcon_core.package_identification:Package 'src/my_so_arm_gazebo' with type 'ros.ament_cmake' and name 'my_so_arm_gazebo'
[0.154s] Level 1:colcon.colcon_core.package_identification:_identify(src/robot_arm_control) by extensions ['ignore', 'ignore_ament_install']
[0.154s] Level 1:colcon.colcon_core.package_identification:_identify(src/robot_arm_control) by extension 'ignore'
[0.155s] Level 1:colcon.colcon_core.package_identification:_identify(src/robot_arm_control) by extension 'ignore_ament_install'
[0.155s] Level 1:colcon.colcon_core.package_identification:_identify(src/robot_arm_control) by extensions ['colcon_pkg']
[0.155s] Level 1:colcon.colcon_core.package_identification:_identify(src/robot_arm_control) by extension 'colcon_pkg'
[0.155s] Level 1:colcon.colcon_core.package_identification:_identify(src/robot_arm_control) by extensions ['colcon_meta']
[0.155s] Level 1:colcon.colcon_core.package_identification:_identify(src/robot_arm_control) by extension 'colcon_meta'
[0.155s] Level 1:colcon.colcon_core.package_identification:_identify(src/robot_arm_control) by extensions ['ros']
[0.155s] Level 1:colcon.colcon_core.package_identification:_identify(src/robot_arm_control) by extension 'ros'
[0.155s] DEBUG:colcon.colcon_core.package_identification:Package 'src/robot_arm_control' with type 'ros.ament_cmake' and name 'robot_arm_control'
[0.155s] Level 1:colcon.colcon_core.package_identification:_identify(src/robot_moveit_control) by extensions ['ignore', 'ignore_ament_install']
[0.155s] Level 1:colcon.colcon_core.package_identification:_identify(src/robot_moveit_control) by extension 'ignore'
[0.155s] Level 1:colcon.colcon_core.package_identification:_identify(src/robot_moveit_control) by extension 'ignore_ament_install'
[0.155s] Level 1:colcon.colcon_core.package_identification:_identify(src/robot_moveit_control) by extensions ['colcon_pkg']
[0.155s] Level 1:colcon.colcon_core.package_identification:_identify(src/robot_moveit_control) by extension 'colcon_pkg'
[0.155s] Level 1:colcon.colcon_core.package_identification:_identify(src/robot_moveit_control) by extensions ['colcon_meta']
[0.155s] Level 1:colcon.colcon_core.package_identification:_identify(src/robot_moveit_control) by extension 'colcon_meta'
[0.155s] Level 1:colcon.colcon_core.package_identification:_identify(src/robot_moveit_control) by extensions ['ros']
[0.155s] Level 1:colcon.colcon_core.package_identification:_identify(src/robot_moveit_control) by extension 'ros'
[0.155s] Level 1:colcon.colcon_core.package_identification:_identify(src/robot_moveit_control) by extensions ['cmake', 'python']
[0.155s] Level 1:colcon.colcon_core.package_identification:_identify(src/robot_moveit_control) by extension 'cmake'
[0.155s] Level 1:colcon.colcon_core.package_identification:_identify(src/robot_moveit_control) by extension 'python'
[0.155s] Level 1:colcon.colcon_core.package_identification:_identify(src/robot_moveit_control) by extensions ['python_setup_py']
[0.155s] Level 1:colcon.colcon_core.package_identification:_identify(src/robot_moveit_control) by extension 'python_setup_py'
[0.155s] Level 1:colcon.colcon_core.package_identification:_identify(src/so_arm101_pkg) by extensions ['ignore', 'ignore_ament_install']
[0.155s] Level 1:colcon.colcon_core.package_identification:_identify(src/so_arm101_pkg) by extension 'ignore'
[0.155s] Level 1:colcon.colcon_core.package_identification:_identify(src/so_arm101_pkg) by extension 'ignore_ament_install'
[0.155s] Level 1:colcon.colcon_core.package_identification:_identify(src/so_arm101_pkg) by extensions ['colcon_pkg']
[0.155s] Level 1:colcon.colcon_core.package_identification:_identify(src/so_arm101_pkg) by extension 'colcon_pkg'
[0.155s] Level 1:colcon.colcon_core.package_identification:_identify(src/so_arm101_pkg) by extensions ['colcon_meta']
[0.155s] Level 1:colcon.colcon_core.package_identification:_identify(src/so_arm101_pkg) by extension 'colcon_meta'
[0.155s] Level 1:colcon.colcon_core.package_identification:_identify(src/so_arm101_pkg) by extensions ['ros']
[0.155s] Level 1:colcon.colcon_core.package_identification:_identify(src/so_arm101_pkg) by extension 'ros'
[0.155s] DEBUG:colcon.colcon_core.package_identification:Package 'src/so_arm101_pkg' with type 'ros.ament_python' and name 'so_arm101_pkg'
[0.156s] Level 1:colcon.colcon_core.package_identification:_identify(src/yolo_ros) by extensions ['ignore', 'ignore_ament_install']
[0.156s] Level 1:colcon.colcon_core.package_identification:_identify(src/yolo_ros) by extension 'ignore'
[0.156s] Level 1:colcon.colcon_core.package_identification:_identify(src/yolo_ros) by extension 'ignore_ament_install'
[0.156s] Level 1:colcon.colcon_core.package_identification:_identify(src/yolo_ros) by extensions ['colcon_pkg']
[0.156s] Level 1:colcon.colcon_core.package_identification:_identify(src/yolo_ros) by extension 'colcon_pkg'
[0.156s] Level 1:colcon.colcon_core.package_identification:_identify(src/yolo_ros) by extensions ['colcon_meta']
[0.156s] Level 1:colcon.colcon_core.package_identification:_identify(src/yolo_ros) by extension 'colcon_meta'
[0.156s] Level 1:colcon.colcon_core.package_identification:_identify(src/yolo_ros) by extensions ['ros']
[0.156s] Level 1:colcon.colcon_core.package_identification:_identify(src/yolo_ros) by extension 'ros'
[0.156s] Level 1:colcon.colcon_core.package_identification:_identify(src/yolo_ros) by extensions ['cmake', 'python']
[0.156s] Level 1:colcon.colcon_core.package_identification:_identify(src/yolo_ros) by extension 'cmake'
[0.156s] Level 1:colcon.colcon_core.package_identification:_identify(src/yolo_ros) by extension 'python'
[0.156s] Level 1:colcon.colcon_core.package_identification:_identify(src/yolo_ros) by extensions ['python_setup_py']
[0.156s] Level 1:colcon.colcon_core.package_identification:_identify(src/yolo_ros) by extension 'python_setup_py'
[0.156s] Level 1:colcon.colcon_core.package_identification:_identify(src/yolo_ros/docs) by extensions ['ignore', 'ignore_ament_install']
[0.156s] Level 1:colcon.colcon_core.package_identification:_identify(src/yolo_ros/docs) by extension 'ignore'
[0.156s] Level 1:colcon.colcon_core.package_identification:_identify(src/yolo_ros/docs) by extension 'ignore_ament_install'
[0.156s] Level 1:colcon.colcon_core.package_identification:_identify(src/yolo_ros/docs) by extensions ['colcon_pkg']
[0.156s] Level 1:colcon.colcon_core.package_identification:_identify(src/yolo_ros/docs) by extension 'colcon_pkg'
[0.156s] Level 1:colcon.colcon_core.package_identification:_identify(src/yolo_ros/docs) by extensions ['colcon_meta']
[0.156s] Level 1:colcon.colcon_core.package_identification:_identify(src/yolo_ros/docs) by extension 'colcon_meta'
[0.156s] Level 1:colcon.colcon_core.package_identification:_identify(src/yolo_ros/docs) by extensions ['ros']
[0.156s] Level 1:colcon.colcon_core.package_identification:_identify(src/yolo_ros/docs) by extension 'ros'
[0.156s] Level 1:colcon.colcon_core.package_identification:_identify(src/yolo_ros/docs) by extensions ['cmake', 'python']
[0.156s] Level 1:colcon.colcon_core.package_identification:_identify(src/yolo_ros/docs) by extension 'cmake'
[0.156s] Level 1:colcon.colcon_core.package_identification:_identify(src/yolo_ros/docs) by extension 'python'
[0.156s] Level 1:colcon.colcon_core.package_identification:_identify(src/yolo_ros/docs) by extensions ['python_setup_py']
[0.156s] Level 1:colcon.colcon_core.package_identification:_identify(src/yolo_ros/docs) by extension 'python_setup_py'
[0.156s] Level 1:colcon.colcon_core.package_identification:_identify(src/yolo_ros/yolo_bringup) by extensions ['ignore', 'ignore_ament_install']
[0.156s] Level 1:colcon.colcon_core.package_identification:_identify(src/yolo_ros/yolo_bringup) by extension 'ignore'
[0.156s] Level 1:colcon.colcon_core.package_identification:_identify(src/yolo_ros/yolo_bringup) by extension 'ignore_ament_install'
[0.156s] Level 1:colcon.colcon_core.package_identification:_identify(src/yolo_ros/yolo_bringup) by extensions ['colcon_pkg']
[0.156s] Level 1:colcon.colcon_core.package_identification:_identify(src/yolo_ros/yolo_bringup) by extension 'colcon_pkg'
[0.156s] Level 1:colcon.colcon_core.package_identification:_identify(src/yolo_ros/yolo_bringup) by extensions ['colcon_meta']
[0.156s] Level 1:colcon.colcon_core.package_identification:_identify(src/yolo_ros/yolo_bringup) by extension 'colcon_meta'
[0.156s] Level 1:colcon.colcon_core.package_identification:_identify(src/yolo_ros/yolo_bringup) by extensions ['ros']
[0.156s] Level 1:colcon.colcon_core.package_identification:_identify(src/yolo_ros/yolo_bringup) by extension 'ros'
[0.156s] DEBUG:colcon.colcon_core.package_identification:Package 'src/yolo_ros/yolo_bringup' with type 'ros.ament_cmake' and name 'yolo_bringup'
[0.156s] Level 1:colcon.colcon_core.package_identification:_identify(src/yolo_ros/yolo_msgs) by extensions ['ignore', 'ignore_ament_install']
[0.156s] Level 1:colcon.colcon_core.package_identification:_identify(src/yolo_ros/yolo_msgs) by extension 'ignore'
[0.156s] Level 1:colcon.colcon_core.package_identification:_identify(src/yolo_ros/yolo_msgs) by extension 'ignore_ament_install'
[0.156s] Level 1:colcon.colcon_core.package_identification:_identify(src/yolo_ros/yolo_msgs) by extensions ['colcon_pkg']
[0.156s] Level 1:colcon.colcon_core.package_identification:_identify(src/yolo_ros/yolo_msgs) by extension 'colcon_pkg'
[0.156s] Level 1:colcon.colcon_core.package_identification:_identify(src/yolo_ros/yolo_msgs) by extensions ['colcon_meta']
[0.156s] Level 1:colcon.colcon_core.package_identification:_identify(src/yolo_ros/yolo_msgs) by extension 'colcon_meta'
[0.156s] Level 1:colcon.colcon_core.package_identification:_identify(src/yolo_ros/yolo_msgs) by extensions ['ros']
[0.156s] Level 1:colcon.colcon_core.package_identification:_identify(src/yolo_ros/yolo_msgs) by extension 'ros'
[0.157s] DEBUG:colcon.colcon_core.package_identification:Package 'src/yolo_ros/yolo_msgs' with type 'ros.ament_cmake' and name 'yolo_msgs'
[0.157s] Level 1:colcon.colcon_core.package_identification:_identify(src/yolo_ros/yolo_ros) by extensions ['ignore', 'ignore_ament_install']
[0.157s] Level 1:colcon.colcon_core.package_identification:_identify(src/yolo_ros/yolo_ros) by extension 'ignore'
[0.157s] Level 1:colcon.colcon_core.package_identification:_identify(src/yolo_ros/yolo_ros) by extension 'ignore_ament_install'
[0.157s] Level 1:colcon.colcon_core.package_identification:_identify(src/yolo_ros/yolo_ros) by extensions ['colcon_pkg']
[0.157s] Level 1:colcon.colcon_core.package_identification:_identify(src/yolo_ros/yolo_ros) by extension 'colcon_pkg'
[0.157s] Level 1:colcon.colcon_core.package_identification:_identify(src/yolo_ros/yolo_ros) by extensions ['colcon_meta']
[0.157s] Level 1:colcon.colcon_core.package_identification:_identify(src/yolo_ros/yolo_ros) by extension 'colcon_meta'
[0.157s] Level 1:colcon.colcon_core.package_identification:_identify(src/yolo_ros/yolo_ros) by extensions ['ros']
[0.157s] Level 1:colcon.colcon_core.package_identification:_identify(src/yolo_ros/yolo_ros) by extension 'ros'
[0.157s] DEBUG:colcon.colcon_core.package_identification:Package 'src/yolo_ros/yolo_ros' with type 'ros.ament_python' and name 'yolo_ros'
[0.157s] Level 1:colcon.colcon_core.package_discovery:discover_packages(recursive) using defaults
[0.157s] Level 1:colcon.colcon_core.package_discovery:discover_packages(ignore) discover
[0.157s] Level 1:colcon.colcon_core.package_discovery:discover_packages(ignore) using defaults
[0.157s] Level 1:colcon.colcon_core.package_discovery:discover_packages(path) discover
[0.157s] Level 1:colcon.colcon_core.package_discovery:discover_packages(path) using defaults
[0.165s] INFO:colcon.colcon_core.package_selection:Skipping not selected package 'camera_3d_pkg' in 'src/camera_3d_pkg'
[0.165s] INFO:colcon.colcon_core.package_selection:Skipping not selected package 'camera_3d_pkg1' in 'src/camera_3d_pkg1'
[0.165s] INFO:colcon.colcon_core.package_selection:Skipping not selected package 'my_opencv_pkg' in 'src/my_opencv_pkg'
[0.165s] INFO:colcon.colcon_core.package_selection:Skipping not selected package 'my_package' in 'src/my_package'
[0.166s] INFO:colcon.colcon_core.package_selection:Skipping not selected package 'my_so_arm_gazebo' in 'src/my_so_arm_gazebo'
[0.166s] INFO:colcon.colcon_core.package_selection:Skipping not selected package 'robot_arm_control' in 'src/robot_arm_control'
[0.166s] INFO:colcon.colcon_core.package_selection:Skipping not selected package 'so_arm101_pkg' in 'src/so_arm101_pkg'
[0.166s] INFO:colcon.colcon_core.package_selection:Skipping not selected package 'yolo_msgs' in 'src/yolo_ros/yolo_msgs'
[0.166s] INFO:colcon.colcon_core.package_selection:Skipping not selected package 'yolo_ros' in 'src/yolo_ros/yolo_ros'
[0.166s] INFO:colcon.colcon_core.package_selection:Skipping not selected package 'yolo_bringup' in 'src/yolo_ros/yolo_bringup'
[0.166s] Level 5:colcon.colcon_core.verb:set package 'my_package_msg' build argument 'cmake_args' from command line to 'None'
[0.166s] Level 5:colcon.colcon_core.verb:set package 'my_package_msg' build argument 'cmake_target' from command line to 'None'
[0.166s] Level 5:colcon.colcon_core.verb:set package 'my_package_msg' build argument 'cmake_target_skip_unavailable' from command line to 'False'
[0.166s] Level 5:colcon.colcon_core.verb:set package 'my_package_msg' build argument 'cmake_clean_cache' from command line to 'False'
[0.166s] Level 5:colcon.colcon_core.verb:set package 'my_package_msg' build argument 'cmake_clean_first' from command line to 'False'
[0.166s] Level 5:colcon.colcon_core.verb:set package 'my_package_msg' build argument 'cmake_force_configure' from command line to 'False'
[0.166s] Level 5:colcon.colcon_core.verb:set package 'my_package_msg' build argument 'ament_cmake_args' from command line to 'None'
[0.166s] Level 5:colcon.colcon_core.verb:set package 'my_package_msg' build argument 'catkin_cmake_args' from command line to 'None'
[0.166s] Level 5:colcon.colcon_core.verb:set package 'my_package_msg' build argument 'catkin_skip_building_tests' from command line to 'False'
[0.166s] DEBUG:colcon.colcon_core.verb:Building package 'my_package_msg' with the following arguments: {'ament_cmake_args': None, 'build_base': '/root/ros2/build/my_package_msg', 'catkin_cmake_args': None, 'catkin_skip_building_tests': False, 'cmake_args': None, 'cmake_clean_cache': False, 'cmake_clean_first': False, 'cmake_force_configure': False, 'cmake_target': None, 'cmake_target_skip_unavailable': False, 'install_base': '/root/ros2/install/my_package_msg', 'merge_install': False, 'path': '/root/ros2/src/my_package_msg', 'symlink_install': False, 'test_result_base': None}
[0.166s] INFO:colcon.colcon_core.executor:Executing jobs using 'parallel' executor
[0.167s] DEBUG:colcon.colcon_parallel_executor.executor.parallel:run_until_complete
[0.167s] INFO:colcon.colcon_ros.task.ament_cmake.build:Building ROS package in '/root/ros2/src/my_package_msg' with build type 'ament_cmake'
[0.167s] INFO:colcon.colcon_cmake.task.cmake.build:Building CMake package in '/root/ros2/src/my_package_msg'
[0.169s] INFO:colcon.colcon_core.plugin_system:Skipping extension 'colcon_core.shell.bat': Not used on non-Windows systems
[0.170s] INFO:colcon.colcon_core.shell:Skip shell extension 'powershell' for command environment: Not usable outside of PowerShell
[0.170s] DEBUG:colcon.colcon_core.shell:Skip shell extension 'dsv' for command environment
[0.179s] DEBUG:colcon.colcon_core.event_handler.log_command:Invoking command in '/root/ros2/build/my_package_msg': CMAKE_PREFIX_PATH=/opt/ros/humble /usr/bin/cmake /root/ros2/src/my_package_msg -DCMAKE_INSTALL_PREFIX=/root/ros2/install/my_package_msg
[1.086s] DEBUG:colcon.colcon_core.event_handler.log_command:Invoked command in '/root/ros2/build/my_package_msg' returned '0': CMAKE_PREFIX_PATH=/opt/ros/humble /usr/bin/cmake /root/ros2/src/my_package_msg -DCMAKE_INSTALL_PREFIX=/root/ros2/install/my_package_msg
[1.086s] DEBUG:colcon.colcon_core.event_handler.log_command:Invoking command in '/root/ros2/build/my_package_msg': CMAKE_PREFIX_PATH=/opt/ros/humble /usr/bin/cmake --build /root/ros2/build/my_package_msg -- -j24 -l24
[2.142s] DEBUG:colcon.colcon_core.event_handler.log_command:Invoked command in '/root/ros2/build/my_package_msg' returned '0': CMAKE_PREFIX_PATH=/opt/ros/humble /usr/bin/cmake --build /root/ros2/build/my_package_msg -- -j24 -l24
[2.150s] DEBUG:colcon.colcon_core.event_handler.log_command:Invoking command in '/root/ros2/build/my_package_msg': CMAKE_PREFIX_PATH=/opt/ros/humble /usr/bin/cmake --install /root/ros2/build/my_package_msg
[2.187s] Level 1:colcon.colcon_core.environment:create_environment_scripts_only(my_package_msg)
[2.187s] DEBUG:colcon.colcon_core.event_handler.log_command:Invoked command in '/root/ros2/build/my_package_msg' returned '0': CMAKE_PREFIX_PATH=/opt/ros/humble /usr/bin/cmake --install /root/ros2/build/my_package_msg
[2.189s] Level 1:colcon.colcon_core.environment:checking '/root/ros2/install/my_package_msg' for CMake module files
[2.189s] Level 1:colcon.colcon_core.environment:checking '/root/ros2/install/my_package_msg' for CMake config files
[2.189s] Level 1:colcon.colcon_core.shell:create_environment_hook('my_package_msg', 'cmake_prefix_path')
[2.189s] INFO:colcon.colcon_core.shell:Creating environment hook '/root/ros2/install/my_package_msg/share/my_package_msg/hook/cmake_prefix_path.ps1'
[2.190s] INFO:colcon.colcon_core.shell:Creating environment descriptor '/root/ros2/install/my_package_msg/share/my_package_msg/hook/cmake_prefix_path.dsv'
[2.190s] INFO:colcon.colcon_core.shell:Creating environment hook '/root/ros2/install/my_package_msg/share/my_package_msg/hook/cmake_prefix_path.sh'
[2.197s] Level 1:colcon.colcon_core.environment:checking '/root/ros2/install/my_package_msg/lib'
[2.197s] Level 1:colcon.colcon_core.shell:create_environment_hook('my_package_msg', 'ld_library_path_lib')
[2.197s] INFO:colcon.colcon_core.shell:Creating environment hook '/root/ros2/install/my_package_msg/share/my_package_msg/hook/ld_library_path_lib.ps1'
[2.198s] INFO:colcon.colcon_core.shell:Creating environment descriptor '/root/ros2/install/my_package_msg/share/my_package_msg/hook/ld_library_path_lib.dsv'
[2.198s] INFO:colcon.colcon_core.shell:Creating environment hook '/root/ros2/install/my_package_msg/share/my_package_msg/hook/ld_library_path_lib.sh'
[2.198s] Level 1:colcon.colcon_core.environment:checking '/root/ros2/install/my_package_msg/bin'
[2.198s] Level 1:colcon.colcon_core.environment:checking '/root/ros2/install/my_package_msg/lib/pkgconfig/my_package_msg.pc'
[2.199s] Level 1:colcon.colcon_core.environment:checking '/root/ros2/install/my_package_msg/lib/python3.10/site-packages'
[2.199s] Level 1:colcon.colcon_core.environment:checking '/root/ros2/install/my_package_msg/bin'
[2.199s] INFO:colcon.colcon_core.shell:Creating package script '/root/ros2/install/my_package_msg/share/my_package_msg/package.ps1'
[2.200s] INFO:colcon.colcon_core.shell:Creating package descriptor '/root/ros2/install/my_package_msg/share/my_package_msg/package.dsv'
[2.200s] INFO:colcon.colcon_core.shell:Creating package script '/root/ros2/install/my_package_msg/share/my_package_msg/package.sh'
[2.200s] INFO:colcon.colcon_core.shell:Creating package script '/root/ros2/install/my_package_msg/share/my_package_msg/package.bash'
[2.201s] INFO:colcon.colcon_core.shell:Creating package script '/root/ros2/install/my_package_msg/share/my_package_msg/package.zsh'
[2.201s] Level 1:colcon.colcon_core.environment:create_file_with_runtime_dependencies(/root/ros2/install/my_package_msg/share/colcon-core/packages/my_package_msg)
[2.201s] Level 1:colcon.colcon_core.environment:create_environment_scripts_only(my_package_msg)
[2.201s] Level 1:colcon.colcon_core.environment:checking '/root/ros2/install/my_package_msg' for CMake module files
[2.202s] Level 1:colcon.colcon_core.environment:checking '/root/ros2/install/my_package_msg' for CMake config files
[2.202s] Level 1:colcon.colcon_core.shell:create_environment_hook('my_package_msg', 'cmake_prefix_path')
[2.202s] INFO:colcon.colcon_core.shell:Creating environment hook '/root/ros2/install/my_package_msg/share/my_package_msg/hook/cmake_prefix_path.ps1'
[2.202s] INFO:colcon.colcon_core.shell:Creating environment descriptor '/root/ros2/install/my_package_msg/share/my_package_msg/hook/cmake_prefix_path.dsv'
[2.202s] INFO:colcon.colcon_core.shell:Creating environment hook '/root/ros2/install/my_package_msg/share/my_package_msg/hook/cmake_prefix_path.sh'
[2.203s] Level 1:colcon.colcon_core.environment:checking '/root/ros2/install/my_package_msg/lib'
[2.203s] Level 1:colcon.colcon_core.shell:create_environment_hook('my_package_msg', 'ld_library_path_lib')
[2.203s] INFO:colcon.colcon_core.shell:Creating environment hook '/root/ros2/install/my_package_msg/share/my_package_msg/hook/ld_library_path_lib.ps1'
[2.203s] INFO:colcon.colcon_core.shell:Creating environment descriptor '/root/ros2/install/my_package_msg/share/my_package_msg/hook/ld_library_path_lib.dsv'
[2.203s] INFO:colcon.colcon_core.shell:Creating environment hook '/root/ros2/install/my_package_msg/share/my_package_msg/hook/ld_library_path_lib.sh'
[2.203s] Level 1:colcon.colcon_core.environment:checking '/root/ros2/install/my_package_msg/bin'
[2.203s] Level 1:colcon.colcon_core.environment:checking '/root/ros2/install/my_package_msg/lib/pkgconfig/my_package_msg.pc'
[2.203s] Level 1:colcon.colcon_core.environment:checking '/root/ros2/install/my_package_msg/lib/python3.10/site-packages'
[2.203s] Level 1:colcon.colcon_core.environment:checking '/root/ros2/install/my_package_msg/bin'
[2.204s] INFO:colcon.colcon_core.shell:Creating package script '/root/ros2/install/my_package_msg/share/my_package_msg/package.ps1'
[2.204s] INFO:colcon.colcon_core.shell:Creating package descriptor '/root/ros2/install/my_package_msg/share/my_package_msg/package.dsv'
[2.204s] INFO:colcon.colcon_core.shell:Creating package script '/root/ros2/install/my_package_msg/share/my_package_msg/package.sh'
[2.204s] INFO:colcon.colcon_core.shell:Creating package script '/root/ros2/install/my_package_msg/share/my_package_msg/package.bash'
[2.204s] INFO:colcon.colcon_core.shell:Creating package script '/root/ros2/install/my_package_msg/share/my_package_msg/package.zsh'
[2.205s] Level 1:colcon.colcon_core.environment:create_file_with_runtime_dependencies(/root/ros2/install/my_package_msg/share/colcon-core/packages/my_package_msg)
[2.205s] DEBUG:colcon.colcon_parallel_executor.executor.parallel:closing loop
[2.205s] DEBUG:colcon.colcon_parallel_executor.executor.parallel:loop closed
[2.205s] DEBUG:colcon.colcon_parallel_executor.executor.parallel:run_until_complete finished with '0'
[2.205s] DEBUG:colcon.colcon_core.event_reactor:joining thread
[2.210s] INFO:colcon.colcon_core.plugin_system:Skipping extension 'colcon_notification.desktop_notification.notify_send': Could not find 'notify-send'
[2.210s] INFO:colcon.colcon_core.plugin_system:Skipping extension 'colcon_notification.desktop_notification.terminal_notifier': Not used on non-Darwin systems
[2.210s] INFO:colcon.colcon_core.plugin_system:Skipping extension 'colcon_notification.desktop_notification.win32': Not used on non-Windows systems
[2.210s] INFO:colcon.colcon_notification.desktop_notification:Sending desktop notification using 'notify2'
[2.213s] DEBUG:colcon.colcon_notification.desktop_notification.notify2:Failed to initialize notify2: org.freedesktop.DBus.Error.Spawn.ExecFailed: /usr/bin/dbus-launch terminated abnormally without any error message
[2.213s] DEBUG:colcon.colcon_core.event_reactor:joined thread
[2.214s] INFO:colcon.colcon_core.shell:Creating prefix script '/root/ros2/install/local_setup.ps1'
[2.214s] INFO:colcon.colcon_core.shell:Creating prefix util module '/root/ros2/install/_local_setup_util_ps1.py'
[2.215s] INFO:colcon.colcon_core.shell:Creating prefix chain script '/root/ros2/install/setup.ps1'
[2.215s] INFO:colcon.colcon_core.shell:Creating prefix script '/root/ros2/install/local_setup.sh'
[2.216s] INFO:colcon.colcon_core.shell:Creating prefix util module '/root/ros2/install/_local_setup_util_sh.py'
[2.216s] INFO:colcon.colcon_core.shell:Creating prefix chain script '/root/ros2/install/setup.sh'
[2.216s] INFO:colcon.colcon_core.shell:Creating prefix script '/root/ros2/install/local_setup.bash'
[2.217s] INFO:colcon.colcon_core.shell:Creating prefix chain script '/root/ros2/install/setup.bash'
[2.217s] INFO:colcon.colcon_core.shell:Creating prefix script '/root/ros2/install/local_setup.zsh'
[2.217s] INFO:colcon.colcon_core.shell:Creating prefix chain script '/root/ros2/install/setup.zsh'
