[0.044s] DEBUG:colcon:Command line arguments: ['/usr/bin/colcon', 'build', '--packages-select', 'my_service']
[0.044s] DEBUG:colcon:Parsed command line arguments: Namespace(log_base=None, log_level=None, verb_name='build', build_base='build', install_base='install', merge_install=False, symlink_install=False, test_result_base=None, continue_on_error=False, executor='parallel', parallel_workers=24, event_handlers=None, ignore_user_meta=False, metas=['./colcon.meta'], base_paths=['.'], packages_ignore=None, packages_ignore_regex=None, paths=None, packages_up_to=None, packages_up_to_regex=None, packages_above=None, packages_above_and_dependencies=None, packages_above_depth=None, packages_select_by_dep=None, packages_skip_by_dep=None, packages_skip_up_to=None, packages_select_build_failed=False, packages_skip_build_finished=False, packages_select_test_failures=False, packages_skip_test_passed=False, packages_select=['my_service'], packages_skip=None, packages_select_regex=None, packages_skip_regex=None, packages_start=None, packages_end=None, cmake_args=None, cmake_target=None, cmake_target_skip_unavailable=False, cmake_clean_cache=False, cmake_clean_first=False, cmake_force_configure=False, ament_cmake_args=None, catkin_cmake_args=None, catkin_skip_building_tests=False, mixin_files=None, mixin=None, verb_parser=<colcon_mixin.mixin.mixin_argument.MixinArgumentDecorator object at 0x72c1c5f43a90>, verb_extension=<colcon_core.verb.build.BuildVerb object at 0x72c1c610ca00>, main=<bound method BuildVerb.main of <colcon_core.verb.build.BuildVerb object at 0x72c1c610ca00>>, mixin_verb=('build',))
[0.094s] Level 1:colcon.colcon_core.package_discovery:discover_packages(colcon_meta) check parameters
[0.094s] Level 1:colcon.colcon_core.package_discovery:discover_packages(recursive) check parameters
[0.095s] Level 1:colcon.colcon_core.package_discovery:discover_packages(ignore) check parameters
[0.095s] Level 1:colcon.colcon_core.package_discovery:discover_packages(path) check parameters
[0.095s] Level 1:colcon.colcon_core.package_discovery:discover_packages(colcon_meta) discover
[0.095s] Level 1:colcon.colcon_core.package_discovery:discover_packages(recursive) discover
[0.095s] INFO:colcon.colcon_core.package_discovery:Crawling recursively for packages in '/home/tech/ros2/my_first_ws'
[0.095s] Level 1:colcon.colcon_core.package_identification:_identify(.) by extensions ['ignore', 'ignore_ament_install']
[0.095s] Level 1:colcon.colcon_core.package_identification:_identify(.) by extension 'ignore'
[0.095s] Level 1:colcon.colcon_core.package_identification:_identify(.) by extension 'ignore_ament_install'
[0.095s] Level 1:colcon.colcon_core.package_identification:_identify(.) by extensions ['colcon_pkg']
[0.095s] Level 1:colcon.colcon_core.package_identification:_identify(.) by extension 'colcon_pkg'
[0.095s] Level 1:colcon.colcon_core.package_identification:_identify(.) by extensions ['colcon_meta']
[0.095s] Level 1:colcon.colcon_core.package_identification:_identify(.) by extension 'colcon_meta'
[0.095s] Level 1:colcon.colcon_core.package_identification:_identify(.) by extensions ['ros']
[0.095s] Level 1:colcon.colcon_core.package_identification:_identify(.) by extension 'ros'
[0.100s] Level 1:colcon.colcon_core.package_identification:_identify(.) by extensions ['cmake', 'python']
[0.100s] Level 1:colcon.colcon_core.package_identification:_identify(.) by extension 'cmake'
[0.100s] Level 1:colcon.colcon_core.package_identification:_identify(.) by extension 'python'
[0.100s] Level 1:colcon.colcon_core.package_identification:_identify(.) by extensions ['python_setup_py']
[0.100s] Level 1:colcon.colcon_core.package_identification:_identify(.) by extension 'python_setup_py'
[0.100s] Level 1:colcon.colcon_core.package_identification:_identify(-) by extensions ['ignore', 'ignore_ament_install']
[0.100s] Level 1:colcon.colcon_core.package_identification:_identify(-) by extension 'ignore'
[0.100s] Level 1:colcon.colcon_core.package_identification:_identify(-) by extension 'ignore_ament_install'
[0.100s] Level 1:colcon.colcon_core.package_identification:_identify(-) by extensions ['colcon_pkg']
[0.100s] Level 1:colcon.colcon_core.package_identification:_identify(-) by extension 'colcon_pkg'
[0.100s] Level 1:colcon.colcon_core.package_identification:_identify(-) by extensions ['colcon_meta']
[0.100s] Level 1:colcon.colcon_core.package_identification:_identify(-) by extension 'colcon_meta'
[0.100s] Level 1:colcon.colcon_core.package_identification:_identify(-) by extensions ['ros']
[0.100s] Level 1:colcon.colcon_core.package_identification:_identify(-) by extension 'ros'
[0.100s] Level 1:colcon.colcon_core.package_identification:_identify(-) by extensions ['cmake', 'python']
[0.100s] Level 1:colcon.colcon_core.package_identification:_identify(-) by extension 'cmake'
[0.100s] Level 1:colcon.colcon_core.package_identification:_identify(-) by extension 'python'
[0.100s] Level 1:colcon.colcon_core.package_identification:_identify(-) by extensions ['python_setup_py']
[0.100s] Level 1:colcon.colcon_core.package_identification:_identify(-) by extension 'python_setup_py'
[0.100s] Level 1:colcon.colcon_core.package_identification:_identify(-/bin) by extensions ['ignore', 'ignore_ament_install']
[0.100s] Level 1:colcon.colcon_core.package_identification:_identify(-/bin) by extension 'ignore'
[0.100s] Level 1:colcon.colcon_core.package_identification:_identify(-/bin) by extension 'ignore_ament_install'
[0.100s] Level 1:colcon.colcon_core.package_identification:_identify(-/bin) by extensions ['colcon_pkg']
[0.100s] Level 1:colcon.colcon_core.package_identification:_identify(-/bin) by extension 'colcon_pkg'
[0.100s] Level 1:colcon.colcon_core.package_identification:_identify(-/bin) by extensions ['colcon_meta']
[0.100s] Level 1:colcon.colcon_core.package_identification:_identify(-/bin) by extension 'colcon_meta'
[0.100s] Level 1:colcon.colcon_core.package_identification:_identify(-/bin) by extensions ['ros']
[0.100s] Level 1:colcon.colcon_core.package_identification:_identify(-/bin) by extension 'ros'
[0.100s] Level 1:colcon.colcon_core.package_identification:_identify(-/bin) by extensions ['cmake', 'python']
[0.100s] Level 1:colcon.colcon_core.package_identification:_identify(-/bin) by extension 'cmake'
[0.100s] Level 1:colcon.colcon_core.package_identification:_identify(-/bin) by extension 'python'
[0.100s] Level 1:colcon.colcon_core.package_identification:_identify(-/bin) by extensions ['python_setup_py']
[0.100s] Level 1:colcon.colcon_core.package_identification:_identify(-/bin) by extension 'python_setup_py'
[0.100s] Level 1:colcon.colcon_core.package_identification:_identify(-/lib) by extensions ['ignore', 'ignore_ament_install']
[0.100s] Level 1:colcon.colcon_core.package_identification:_identify(-/lib) by extension 'ignore'
[0.100s] Level 1:colcon.colcon_core.package_identification:_identify(-/lib) by extension 'ignore_ament_install'
[0.100s] Level 1:colcon.colcon_core.package_identification:_identify(-/lib) by extensions ['colcon_pkg']
[0.100s] Level 1:colcon.colcon_core.package_identification:_identify(-/lib) by extension 'colcon_pkg'
[0.100s] Level 1:colcon.colcon_core.package_identification:_identify(-/lib) by extensions ['colcon_meta']
[0.100s] Level 1:colcon.colcon_core.package_identification:_identify(-/lib) by extension 'colcon_meta'
[0.100s] Level 1:colcon.colcon_core.package_identification:_identify(-/lib) by extensions ['ros']
[0.100s] Level 1:colcon.colcon_core.package_identification:_identify(-/lib) by extension 'ros'
[0.100s] Level 1:colcon.colcon_core.package_identification:_identify(-/lib) by extensions ['cmake', 'python']
[0.100s] Level 1:colcon.colcon_core.package_identification:_identify(-/lib) by extension 'cmake'
[0.100s] Level 1:colcon.colcon_core.package_identification:_identify(-/lib) by extension 'python'
[0.100s] Level 1:colcon.colcon_core.package_identification:_identify(-/lib) by extensions ['python_setup_py']
[0.100s] Level 1:colcon.colcon_core.package_identification:_identify(-/lib) by extension 'python_setup_py'
[0.100s] Level 1:colcon.colcon_core.package_identification:_identify(-/lib/python3.13) by extensions ['ignore', 'ignore_ament_install']
[0.100s] Level 1:colcon.colcon_core.package_identification:_identify(-/lib/python3.13) by extension 'ignore'
[0.100s] Level 1:colcon.colcon_core.package_identification:_identify(-/lib/python3.13) by extension 'ignore_ament_install'
[0.100s] Level 1:colcon.colcon_core.package_identification:_identify(-/lib/python3.13) by extensions ['colcon_pkg']
[0.101s] Level 1:colcon.colcon_core.package_identification:_identify(-/lib/python3.13) by extension 'colcon_pkg'
[0.101s] Level 1:colcon.colcon_core.package_identification:_identify(-/lib/python3.13) by extensions ['colcon_meta']
[0.101s] Level 1:colcon.colcon_core.package_identification:_identify(-/lib/python3.13) by extension 'colcon_meta'
[0.101s] Level 1:colcon.colcon_core.package_identification:_identify(-/lib/python3.13) by extensions ['ros']
[0.101s] Level 1:colcon.colcon_core.package_identification:_identify(-/lib/python3.13) by extension 'ros'
[0.101s] Level 1:colcon.colcon_core.package_identification:_identify(-/lib/python3.13) by extensions ['cmake', 'python']
[0.101s] Level 1:colcon.colcon_core.package_identification:_identify(-/lib/python3.13) by extension 'cmake'
[0.101s] Level 1:colcon.colcon_core.package_identification:_identify(-/lib/python3.13) by extension 'python'
[0.101s] Level 1:colcon.colcon_core.package_identification:_identify(-/lib/python3.13) by extensions ['python_setup_py']
[0.101s] Level 1:colcon.colcon_core.package_identification:_identify(-/lib/python3.13) by extension 'python_setup_py'
[0.101s] Level 1:colcon.colcon_core.package_identification:_identify(-/lib/python3.13/site-packages) by extensions ['ignore', 'ignore_ament_install']
[0.101s] Level 1:colcon.colcon_core.package_identification:_identify(-/lib/python3.13/site-packages) by extension 'ignore'
[0.101s] Level 1:colcon.colcon_core.package_identification:_identify(-/lib/python3.13/site-packages) by extension 'ignore_ament_install'
[0.101s] Level 1:colcon.colcon_core.package_identification:_identify(-/lib/python3.13/site-packages) by extensions ['colcon_pkg']
[0.101s] Level 1:colcon.colcon_core.package_identification:_identify(-/lib/python3.13/site-packages) by extension 'colcon_pkg'
[0.101s] Level 1:colcon.colcon_core.package_identification:_identify(-/lib/python3.13/site-packages) by extensions ['colcon_meta']
[0.101s] Level 1:colcon.colcon_core.package_identification:_identify(-/lib/python3.13/site-packages) by extension 'colcon_meta'
[0.101s] Level 1:colcon.colcon_core.package_identification:_identify(-/lib/python3.13/site-packages) by extensions ['ros']
[0.101s] Level 1:colcon.colcon_core.package_identification:_identify(-/lib/python3.13/site-packages) by extension 'ros'
[0.101s] Level 1:colcon.colcon_core.package_identification:_identify(-/lib/python3.13/site-packages) by extensions ['cmake', 'python']
[0.101s] Level 1:colcon.colcon_core.package_identification:_identify(-/lib/python3.13/site-packages) by extension 'cmake'
[0.101s] Level 1:colcon.colcon_core.package_identification:_identify(-/lib/python3.13/site-packages) by extension 'python'
[0.101s] Level 1:colcon.colcon_core.package_identification:_identify(-/lib/python3.13/site-packages) by extensions ['python_setup_py']
[0.101s] Level 1:colcon.colcon_core.package_identification:_identify(-/lib/python3.13/site-packages) by extension 'python_setup_py'
[0.101s] Level 1:colcon.colcon_core.package_identification:_identify(build) by extensions ['ignore', 'ignore_ament_install']
[0.101s] Level 1:colcon.colcon_core.package_identification:_identify(build) by extension 'ignore'
[0.101s] Level 1:colcon.colcon_core.package_identification:_identify(build) ignored
[0.101s] Level 1:colcon.colcon_core.package_identification:_identify(install) by extensions ['ignore', 'ignore_ament_install']
[0.101s] Level 1:colcon.colcon_core.package_identification:_identify(install) by extension 'ignore'
[0.101s] Level 1:colcon.colcon_core.package_identification:_identify(install) ignored
[0.101s] Level 1:colcon.colcon_core.package_identification:_identify(log) by extensions ['ignore', 'ignore_ament_install']
[0.101s] Level 1:colcon.colcon_core.package_identification:_identify(log) by extension 'ignore'
[0.101s] Level 1:colcon.colcon_core.package_identification:_identify(log) ignored
[0.101s] Level 1:colcon.colcon_core.package_identification:_identify(src) by extensions ['ignore', 'ignore_ament_install']
[0.101s] Level 1:colcon.colcon_core.package_identification:_identify(src) by extension 'ignore'
[0.101s] Level 1:colcon.colcon_core.package_identification:_identify(src) by extension 'ignore_ament_install'
[0.101s] Level 1:colcon.colcon_core.package_identification:_identify(src) by extensions ['colcon_pkg']
[0.101s] Level 1:colcon.colcon_core.package_identification:_identify(src) by extension 'colcon_pkg'
[0.101s] Level 1:colcon.colcon_core.package_identification:_identify(src) by extensions ['colcon_meta']
[0.101s] Level 1:colcon.colcon_core.package_identification:_identify(src) by extension 'colcon_meta'
[0.101s] Level 1:colcon.colcon_core.package_identification:_identify(src) by extensions ['ros']
[0.101s] Level 1:colcon.colcon_core.package_identification:_identify(src) by extension 'ros'
[0.101s] Level 1:colcon.colcon_core.package_identification:_identify(src) by extensions ['cmake', 'python']
[0.101s] Level 1:colcon.colcon_core.package_identification:_identify(src) by extension 'cmake'
[0.101s] Level 1:colcon.colcon_core.package_identification:_identify(src) by extension 'python'
[0.101s] Level 1:colcon.colcon_core.package_identification:_identify(src) by extensions ['python_setup_py']
[0.101s] Level 1:colcon.colcon_core.package_identification:_identify(src) by extension 'python_setup_py'
[0.101s] Level 1:colcon.colcon_core.package_identification:_identify(src/camera_3d_pkg) by extensions ['ignore', 'ignore_ament_install']
[0.101s] Level 1:colcon.colcon_core.package_identification:_identify(src/camera_3d_pkg) by extension 'ignore'
[0.101s] Level 1:colcon.colcon_core.package_identification:_identify(src/camera_3d_pkg) by extension 'ignore_ament_install'
[0.101s] Level 1:colcon.colcon_core.package_identification:_identify(src/camera_3d_pkg) by extensions ['colcon_pkg']
[0.101s] Level 1:colcon.colcon_core.package_identification:_identify(src/camera_3d_pkg) by extension 'colcon_pkg'
[0.101s] Level 1:colcon.colcon_core.package_identification:_identify(src/camera_3d_pkg) by extensions ['colcon_meta']
[0.101s] Level 1:colcon.colcon_core.package_identification:_identify(src/camera_3d_pkg) by extension 'colcon_meta'
[0.101s] Level 1:colcon.colcon_core.package_identification:_identify(src/camera_3d_pkg) by extensions ['ros']
[0.101s] Level 1:colcon.colcon_core.package_identification:_identify(src/camera_3d_pkg) by extension 'ros'
[0.103s] DEBUG:colcon.colcon_core.package_identification:Package 'src/camera_3d_pkg' with type 'ros.catkin' and name 'camera_3d_pkg'
[0.103s] Level 1:colcon.colcon_core.package_identification:_identify(src/camera_3d_pkg1) by extensions ['ignore', 'ignore_ament_install']
[0.103s] Level 1:colcon.colcon_core.package_identification:_identify(src/camera_3d_pkg1) by extension 'ignore'
[0.103s] Level 1:colcon.colcon_core.package_identification:_identify(src/camera_3d_pkg1) by extension 'ignore_ament_install'
[0.103s] Level 1:colcon.colcon_core.package_identification:_identify(src/camera_3d_pkg1) by extensions ['colcon_pkg']
[0.103s] Level 1:colcon.colcon_core.package_identification:_identify(src/camera_3d_pkg1) by extension 'colcon_pkg'
[0.103s] Level 1:colcon.colcon_core.package_identification:_identify(src/camera_3d_pkg1) by extensions ['colcon_meta']
[0.103s] Level 1:colcon.colcon_core.package_identification:_identify(src/camera_3d_pkg1) by extension 'colcon_meta'
[0.103s] Level 1:colcon.colcon_core.package_identification:_identify(src/camera_3d_pkg1) by extensions ['ros']
[0.103s] Level 1:colcon.colcon_core.package_identification:_identify(src/camera_3d_pkg1) by extension 'ros'
[0.103s] DEBUG:colcon.colcon_core.package_identification:Package 'src/camera_3d_pkg1' with type 'ros.ament_cmake' and name 'camera_3d_pkg1'
[0.103s] Level 1:colcon.colcon_core.package_identification:_identify(src/datasets) by extensions ['ignore', 'ignore_ament_install']
[0.103s] Level 1:colcon.colcon_core.package_identification:_identify(src/datasets) by extension 'ignore'
[0.103s] Level 1:colcon.colcon_core.package_identification:_identify(src/datasets) by extension 'ignore_ament_install'
[0.103s] Level 1:colcon.colcon_core.package_identification:_identify(src/datasets) by extensions ['colcon_pkg']
[0.103s] Level 1:colcon.colcon_core.package_identification:_identify(src/datasets) by extension 'colcon_pkg'
[0.103s] Level 1:colcon.colcon_core.package_identification:_identify(src/datasets) by extensions ['colcon_meta']
[0.103s] Level 1:colcon.colcon_core.package_identification:_identify(src/datasets) by extension 'colcon_meta'
[0.103s] Level 1:colcon.colcon_core.package_identification:_identify(src/datasets) by extensions ['ros']
[0.103s] Level 1:colcon.colcon_core.package_identification:_identify(src/datasets) by extension 'ros'
[0.103s] Level 1:colcon.colcon_core.package_identification:_identify(src/datasets) by extensions ['cmake', 'python']
[0.103s] Level 1:colcon.colcon_core.package_identification:_identify(src/datasets) by extension 'cmake'
[0.103s] Level 1:colcon.colcon_core.package_identification:_identify(src/datasets) by extension 'python'
[0.103s] Level 1:colcon.colcon_core.package_identification:_identify(src/datasets) by extensions ['python_setup_py']
[0.103s] Level 1:colcon.colcon_core.package_identification:_identify(src/datasets) by extension 'python_setup_py'
[0.103s] Level 1:colcon.colcon_core.package_identification:_identify(src/datasets/coco) by extensions ['ignore', 'ignore_ament_install']
[0.103s] Level 1:colcon.colcon_core.package_identification:_identify(src/datasets/coco) by extension 'ignore'
[0.103s] Level 1:colcon.colcon_core.package_identification:_identify(src/datasets/coco) by extension 'ignore_ament_install'
[0.103s] Level 1:colcon.colcon_core.package_identification:_identify(src/datasets/coco) by extensions ['colcon_pkg']
[0.103s] Level 1:colcon.colcon_core.package_identification:_identify(src/datasets/coco) by extension 'colcon_pkg'
[0.103s] Level 1:colcon.colcon_core.package_identification:_identify(src/datasets/coco) by extensions ['colcon_meta']
[0.103s] Level 1:colcon.colcon_core.package_identification:_identify(src/datasets/coco) by extension 'colcon_meta'
[0.103s] Level 1:colcon.colcon_core.package_identification:_identify(src/datasets/coco) by extensions ['ros']
[0.103s] Level 1:colcon.colcon_core.package_identification:_identify(src/datasets/coco) by extension 'ros'
[0.103s] Level 1:colcon.colcon_core.package_identification:_identify(src/datasets/coco) by extensions ['cmake', 'python']
[0.104s] Level 1:colcon.colcon_core.package_identification:_identify(src/datasets/coco) by extension 'cmake'
[0.104s] Level 1:colcon.colcon_core.package_identification:_identify(src/datasets/coco) by extension 'python'
[0.104s] Level 1:colcon.colcon_core.package_identification:_identify(src/datasets/coco) by extensions ['python_setup_py']
[0.104s] Level 1:colcon.colcon_core.package_identification:_identify(src/datasets/coco) by extension 'python_setup_py'
[0.104s] Level 1:colcon.colcon_core.package_identification:_identify(src/datasets/coco/annotations) by extensions ['ignore', 'ignore_ament_install']
[0.104s] Level 1:colcon.colcon_core.package_identification:_identify(src/datasets/coco/annotations) by extension 'ignore'
[0.104s] Level 1:colcon.colcon_core.package_identification:_identify(src/datasets/coco/annotations) by extension 'ignore_ament_install'
[0.104s] Level 1:colcon.colcon_core.package_identification:_identify(src/datasets/coco/annotations) by extensions ['colcon_pkg']
[0.104s] Level 1:colcon.colcon_core.package_identification:_identify(src/datasets/coco/annotations) by extension 'colcon_pkg'
[0.104s] Level 1:colcon.colcon_core.package_identification:_identify(src/datasets/coco/annotations) by extensions ['colcon_meta']
[0.104s] Level 1:colcon.colcon_core.package_identification:_identify(src/datasets/coco/annotations) by extension 'colcon_meta'
[0.104s] Level 1:colcon.colcon_core.package_identification:_identify(src/datasets/coco/annotations) by extensions ['ros']
[0.104s] Level 1:colcon.colcon_core.package_identification:_identify(src/datasets/coco/annotations) by extension 'ros'
[0.104s] Level 1:colcon.colcon_core.package_identification:_identify(src/datasets/coco/annotations) by extensions ['cmake', 'python']
[0.104s] Level 1:colcon.colcon_core.package_identification:_identify(src/datasets/coco/annotations) by extension 'cmake'
[0.104s] Level 1:colcon.colcon_core.package_identification:_identify(src/datasets/coco/annotations) by extension 'python'
[0.104s] Level 1:colcon.colcon_core.package_identification:_identify(src/datasets/coco/annotations) by extensions ['python_setup_py']
[0.104s] Level 1:colcon.colcon_core.package_identification:_identify(src/datasets/coco/annotations) by extension 'python_setup_py'
[0.104s] Level 1:colcon.colcon_core.package_identification:_identify(src/datasets/coco/images) by extensions ['ignore', 'ignore_ament_install']
[0.104s] Level 1:colcon.colcon_core.package_identification:_identify(src/datasets/coco/images) by extension 'ignore'
[0.104s] Level 1:colcon.colcon_core.package_identification:_identify(src/datasets/coco/images) by extension 'ignore_ament_install'
[0.104s] Level 1:colcon.colcon_core.package_identification:_identify(src/datasets/coco/images) by extensions ['colcon_pkg']
[0.104s] Level 1:colcon.colcon_core.package_identification:_identify(src/datasets/coco/images) by extension 'colcon_pkg'
[0.104s] Level 1:colcon.colcon_core.package_identification:_identify(src/datasets/coco/images) by extensions ['colcon_meta']
[0.104s] Level 1:colcon.colcon_core.package_identification:_identify(src/datasets/coco/images) by extension 'colcon_meta'
[0.104s] Level 1:colcon.colcon_core.package_identification:_identify(src/datasets/coco/images) by extensions ['ros']
[0.104s] Level 1:colcon.colcon_core.package_identification:_identify(src/datasets/coco/images) by extension 'ros'
[0.104s] Level 1:colcon.colcon_core.package_identification:_identify(src/datasets/coco/images) by extensions ['cmake', 'python']
[0.104s] Level 1:colcon.colcon_core.package_identification:_identify(src/datasets/coco/images) by extension 'cmake'
[0.104s] Level 1:colcon.colcon_core.package_identification:_identify(src/datasets/coco/images) by extension 'python'
[0.104s] Level 1:colcon.colcon_core.package_identification:_identify(src/datasets/coco/images) by extensions ['python_setup_py']
[0.104s] Level 1:colcon.colcon_core.package_identification:_identify(src/datasets/coco/images) by extension 'python_setup_py'
[0.113s] Level 1:colcon.colcon_core.package_identification:_identify(src/datasets/coco/images/test2017) by extensions ['ignore', 'ignore_ament_install']
[0.113s] Level 1:colcon.colcon_core.package_identification:_identify(src/datasets/coco/images/test2017) by extension 'ignore'
[0.113s] Level 1:colcon.colcon_core.package_identification:_identify(src/datasets/coco/images/test2017) by extension 'ignore_ament_install'
[0.113s] Level 1:colcon.colcon_core.package_identification:_identify(src/datasets/coco/images/test2017) by extensions ['colcon_pkg']
[0.113s] Level 1:colcon.colcon_core.package_identification:_identify(src/datasets/coco/images/test2017) by extension 'colcon_pkg'
[0.113s] Level 1:colcon.colcon_core.package_identification:_identify(src/datasets/coco/images/test2017) by extensions ['colcon_meta']
[0.113s] Level 1:colcon.colcon_core.package_identification:_identify(src/datasets/coco/images/test2017) by extension 'colcon_meta'
[0.113s] Level 1:colcon.colcon_core.package_identification:_identify(src/datasets/coco/images/test2017) by extensions ['ros']
[0.113s] Level 1:colcon.colcon_core.package_identification:_identify(src/datasets/coco/images/test2017) by extension 'ros'
[0.113s] Level 1:colcon.colcon_core.package_identification:_identify(src/datasets/coco/images/test2017) by extensions ['cmake', 'python']
[0.113s] Level 1:colcon.colcon_core.package_identification:_identify(src/datasets/coco/images/test2017) by extension 'cmake'
[0.113s] Level 1:colcon.colcon_core.package_identification:_identify(src/datasets/coco/images/test2017) by extension 'python'
[0.113s] Level 1:colcon.colcon_core.package_identification:_identify(src/datasets/coco/images/test2017) by extensions ['python_setup_py']
[0.113s] Level 1:colcon.colcon_core.package_identification:_identify(src/datasets/coco/images/test2017) by extension 'python_setup_py'
[0.114s] Level 1:colcon.colcon_core.package_identification:_identify(src/datasets/coco/images/train2017) by extensions ['ignore', 'ignore_ament_install']
[0.114s] Level 1:colcon.colcon_core.package_identification:_identify(src/datasets/coco/images/train2017) by extension 'ignore'
[0.114s] Level 1:colcon.colcon_core.package_identification:_identify(src/datasets/coco/images/train2017) by extension 'ignore_ament_install'
[0.114s] Level 1:colcon.colcon_core.package_identification:_identify(src/datasets/coco/images/train2017) by extensions ['colcon_pkg']
[0.114s] Level 1:colcon.colcon_core.package_identification:_identify(src/datasets/coco/images/train2017) by extension 'colcon_pkg'
[0.114s] Level 1:colcon.colcon_core.package_identification:_identify(src/datasets/coco/images/train2017) by extensions ['colcon_meta']
[0.114s] Level 1:colcon.colcon_core.package_identification:_identify(src/datasets/coco/images/train2017) by extension 'colcon_meta'
[0.114s] Level 1:colcon.colcon_core.package_identification:_identify(src/datasets/coco/images/train2017) by extensions ['ros']
[0.114s] Level 1:colcon.colcon_core.package_identification:_identify(src/datasets/coco/images/train2017) by extension 'ros'
[0.114s] Level 1:colcon.colcon_core.package_identification:_identify(src/datasets/coco/images/train2017) by extensions ['cmake', 'python']
[0.114s] Level 1:colcon.colcon_core.package_identification:_identify(src/datasets/coco/images/train2017) by extension 'cmake'
[0.114s] Level 1:colcon.colcon_core.package_identification:_identify(src/datasets/coco/images/train2017) by extension 'python'
[0.114s] Level 1:colcon.colcon_core.package_identification:_identify(src/datasets/coco/images/train2017) by extensions ['python_setup_py']
[0.114s] Level 1:colcon.colcon_core.package_identification:_identify(src/datasets/coco/images/train2017) by extension 'python_setup_py'
[0.115s] Level 1:colcon.colcon_core.package_identification:_identify(src/datasets/coco/images/val2017) by extensions ['ignore', 'ignore_ament_install']
[0.115s] Level 1:colcon.colcon_core.package_identification:_identify(src/datasets/coco/images/val2017) by extension 'ignore'
[0.115s] Level 1:colcon.colcon_core.package_identification:_identify(src/datasets/coco/images/val2017) by extension 'ignore_ament_install'
[0.115s] Level 1:colcon.colcon_core.package_identification:_identify(src/datasets/coco/images/val2017) by extensions ['colcon_pkg']
[0.115s] Level 1:colcon.colcon_core.package_identification:_identify(src/datasets/coco/images/val2017) by extension 'colcon_pkg'
[0.115s] Level 1:colcon.colcon_core.package_identification:_identify(src/datasets/coco/images/val2017) by extensions ['colcon_meta']
[0.115s] Level 1:colcon.colcon_core.package_identification:_identify(src/datasets/coco/images/val2017) by extension 'colcon_meta'
[0.115s] Level 1:colcon.colcon_core.package_identification:_identify(src/datasets/coco/images/val2017) by extensions ['ros']
[0.115s] Level 1:colcon.colcon_core.package_identification:_identify(src/datasets/coco/images/val2017) by extension 'ros'
[0.115s] Level 1:colcon.colcon_core.package_identification:_identify(src/datasets/coco/images/val2017) by extensions ['cmake', 'python']
[0.116s] Level 1:colcon.colcon_core.package_identification:_identify(src/datasets/coco/images/val2017) by extension 'cmake'
[0.116s] Level 1:colcon.colcon_core.package_identification:_identify(src/datasets/coco/images/val2017) by extension 'python'
[0.116s] Level 1:colcon.colcon_core.package_identification:_identify(src/datasets/coco/images/val2017) by extensions ['python_setup_py']
[0.116s] Level 1:colcon.colcon_core.package_identification:_identify(src/datasets/coco/images/val2017) by extension 'python_setup_py'
[0.116s] Level 1:colcon.colcon_core.package_identification:_identify(src/datasets/coco/labels) by extensions ['ignore', 'ignore_ament_install']
[0.116s] Level 1:colcon.colcon_core.package_identification:_identify(src/datasets/coco/labels) by extension 'ignore'
[0.116s] Level 1:colcon.colcon_core.package_identification:_identify(src/datasets/coco/labels) by extension 'ignore_ament_install'
[0.116s] Level 1:colcon.colcon_core.package_identification:_identify(src/datasets/coco/labels) by extensions ['colcon_pkg']
[0.116s] Level 1:colcon.colcon_core.package_identification:_identify(src/datasets/coco/labels) by extension 'colcon_pkg'
[0.116s] Level 1:colcon.colcon_core.package_identification:_identify(src/datasets/coco/labels) by extensions ['colcon_meta']
[0.116s] Level 1:colcon.colcon_core.package_identification:_identify(src/datasets/coco/labels) by extension 'colcon_meta'
[0.116s] Level 1:colcon.colcon_core.package_identification:_identify(src/datasets/coco/labels) by extensions ['ros']
[0.116s] Level 1:colcon.colcon_core.package_identification:_identify(src/datasets/coco/labels) by extension 'ros'
[0.116s] Level 1:colcon.colcon_core.package_identification:_identify(src/datasets/coco/labels) by extensions ['cmake', 'python']
[0.116s] Level 1:colcon.colcon_core.package_identification:_identify(src/datasets/coco/labels) by extension 'cmake'
[0.116s] Level 1:colcon.colcon_core.package_identification:_identify(src/datasets/coco/labels) by extension 'python'
[0.116s] Level 1:colcon.colcon_core.package_identification:_identify(src/datasets/coco/labels) by extensions ['python_setup_py']
[0.116s] Level 1:colcon.colcon_core.package_identification:_identify(src/datasets/coco/labels) by extension 'python_setup_py'
[0.143s] Level 1:colcon.colcon_core.package_identification:_identify(src/datasets/coco/labels/train2017) by extensions ['ignore', 'ignore_ament_install']
[0.143s] Level 1:colcon.colcon_core.package_identification:_identify(src/datasets/coco/labels/train2017) by extension 'ignore'
[0.143s] Level 1:colcon.colcon_core.package_identification:_identify(src/datasets/coco/labels/train2017) by extension 'ignore_ament_install'
[0.143s] Level 1:colcon.colcon_core.package_identification:_identify(src/datasets/coco/labels/train2017) by extensions ['colcon_pkg']
[0.143s] Level 1:colcon.colcon_core.package_identification:_identify(src/datasets/coco/labels/train2017) by extension 'colcon_pkg'
[0.143s] Level 1:colcon.colcon_core.package_identification:_identify(src/datasets/coco/labels/train2017) by extensions ['colcon_meta']
[0.143s] Level 1:colcon.colcon_core.package_identification:_identify(src/datasets/coco/labels/train2017) by extension 'colcon_meta'
[0.143s] Level 1:colcon.colcon_core.package_identification:_identify(src/datasets/coco/labels/train2017) by extensions ['ros']
[0.143s] Level 1:colcon.colcon_core.package_identification:_identify(src/datasets/coco/labels/train2017) by extension 'ros'
[0.143s] Level 1:colcon.colcon_core.package_identification:_identify(src/datasets/coco/labels/train2017) by extensions ['cmake', 'python']
[0.143s] Level 1:colcon.colcon_core.package_identification:_identify(src/datasets/coco/labels/train2017) by extension 'cmake'
[0.143s] Level 1:colcon.colcon_core.package_identification:_identify(src/datasets/coco/labels/train2017) by extension 'python'
[0.143s] Level 1:colcon.colcon_core.package_identification:_identify(src/datasets/coco/labels/train2017) by extensions ['python_setup_py']
[0.143s] Level 1:colcon.colcon_core.package_identification:_identify(src/datasets/coco/labels/train2017) by extension 'python_setup_py'
[0.145s] Level 1:colcon.colcon_core.package_identification:_identify(src/datasets/coco/labels/val2017) by extensions ['ignore', 'ignore_ament_install']
[0.145s] Level 1:colcon.colcon_core.package_identification:_identify(src/datasets/coco/labels/val2017) by extension 'ignore'
[0.145s] Level 1:colcon.colcon_core.package_identification:_identify(src/datasets/coco/labels/val2017) by extension 'ignore_ament_install'
[0.145s] Level 1:colcon.colcon_core.package_identification:_identify(src/datasets/coco/labels/val2017) by extensions ['colcon_pkg']
[0.145s] Level 1:colcon.colcon_core.package_identification:_identify(src/datasets/coco/labels/val2017) by extension 'colcon_pkg'
[0.145s] Level 1:colcon.colcon_core.package_identification:_identify(src/datasets/coco/labels/val2017) by extensions ['colcon_meta']
[0.145s] Level 1:colcon.colcon_core.package_identification:_identify(src/datasets/coco/labels/val2017) by extension 'colcon_meta'
[0.145s] Level 1:colcon.colcon_core.package_identification:_identify(src/datasets/coco/labels/val2017) by extensions ['ros']
[0.145s] Level 1:colcon.colcon_core.package_identification:_identify(src/datasets/coco/labels/val2017) by extension 'ros'
[0.145s] Level 1:colcon.colcon_core.package_identification:_identify(src/datasets/coco/labels/val2017) by extensions ['cmake', 'python']
[0.145s] Level 1:colcon.colcon_core.package_identification:_identify(src/datasets/coco/labels/val2017) by extension 'cmake'
[0.145s] Level 1:colcon.colcon_core.package_identification:_identify(src/datasets/coco/labels/val2017) by extension 'python'
[0.145s] Level 1:colcon.colcon_core.package_identification:_identify(src/datasets/coco/labels/val2017) by extensions ['python_setup_py']
[0.145s] Level 1:colcon.colcon_core.package_identification:_identify(src/datasets/coco/labels/val2017) by extension 'python_setup_py'
[0.145s] Level 1:colcon.colcon_core.package_identification:_identify(src/datasets/coco128) by extensions ['ignore', 'ignore_ament_install']
[0.145s] Level 1:colcon.colcon_core.package_identification:_identify(src/datasets/coco128) by extension 'ignore'
[0.145s] Level 1:colcon.colcon_core.package_identification:_identify(src/datasets/coco128) by extension 'ignore_ament_install'
[0.145s] Level 1:colcon.colcon_core.package_identification:_identify(src/datasets/coco128) by extensions ['colcon_pkg']
[0.145s] Level 1:colcon.colcon_core.package_identification:_identify(src/datasets/coco128) by extension 'colcon_pkg'
[0.145s] Level 1:colcon.colcon_core.package_identification:_identify(src/datasets/coco128) by extensions ['colcon_meta']
[0.145s] Level 1:colcon.colcon_core.package_identification:_identify(src/datasets/coco128) by extension 'colcon_meta'
[0.145s] Level 1:colcon.colcon_core.package_identification:_identify(src/datasets/coco128) by extensions ['ros']
[0.145s] Level 1:colcon.colcon_core.package_identification:_identify(src/datasets/coco128) by extension 'ros'
[0.145s] Level 1:colcon.colcon_core.package_identification:_identify(src/datasets/coco128) by extensions ['cmake', 'python']
[0.145s] Level 1:colcon.colcon_core.package_identification:_identify(src/datasets/coco128) by extension 'cmake'
[0.145s] Level 1:colcon.colcon_core.package_identification:_identify(src/datasets/coco128) by extension 'python'
[0.146s] Level 1:colcon.colcon_core.package_identification:_identify(src/datasets/coco128) by extensions ['python_setup_py']
[0.146s] Level 1:colcon.colcon_core.package_identification:_identify(src/datasets/coco128) by extension 'python_setup_py'
[0.146s] Level 1:colcon.colcon_core.package_identification:_identify(src/datasets/coco128/images) by extensions ['ignore', 'ignore_ament_install']
[0.146s] Level 1:colcon.colcon_core.package_identification:_identify(src/datasets/coco128/images) by extension 'ignore'
[0.146s] Level 1:colcon.colcon_core.package_identification:_identify(src/datasets/coco128/images) by extension 'ignore_ament_install'
[0.146s] Level 1:colcon.colcon_core.package_identification:_identify(src/datasets/coco128/images) by extensions ['colcon_pkg']
[0.146s] Level 1:colcon.colcon_core.package_identification:_identify(src/datasets/coco128/images) by extension 'colcon_pkg'
[0.146s] Level 1:colcon.colcon_core.package_identification:_identify(src/datasets/coco128/images) by extensions ['colcon_meta']
[0.146s] Level 1:colcon.colcon_core.package_identification:_identify(src/datasets/coco128/images) by extension 'colcon_meta'
[0.146s] Level 1:colcon.colcon_core.package_identification:_identify(src/datasets/coco128/images) by extensions ['ros']
[0.146s] Level 1:colcon.colcon_core.package_identification:_identify(src/datasets/coco128/images) by extension 'ros'
[0.146s] Level 1:colcon.colcon_core.package_identification:_identify(src/datasets/coco128/images) by extensions ['cmake', 'python']
[0.146s] Level 1:colcon.colcon_core.package_identification:_identify(src/datasets/coco128/images) by extension 'cmake'
[0.146s] Level 1:colcon.colcon_core.package_identification:_identify(src/datasets/coco128/images) by extension 'python'
[0.146s] Level 1:colcon.colcon_core.package_identification:_identify(src/datasets/coco128/images) by extensions ['python_setup_py']
[0.146s] Level 1:colcon.colcon_core.package_identification:_identify(src/datasets/coco128/images) by extension 'python_setup_py'
[0.146s] Level 1:colcon.colcon_core.package_identification:_identify(src/datasets/coco128/images/train2017) by extensions ['ignore', 'ignore_ament_install']
[0.146s] Level 1:colcon.colcon_core.package_identification:_identify(src/datasets/coco128/images/train2017) by extension 'ignore'
[0.146s] Level 1:colcon.colcon_core.package_identification:_identify(src/datasets/coco128/images/train2017) by extension 'ignore_ament_install'
[0.146s] Level 1:colcon.colcon_core.package_identification:_identify(src/datasets/coco128/images/train2017) by extensions ['colcon_pkg']
[0.146s] Level 1:colcon.colcon_core.package_identification:_identify(src/datasets/coco128/images/train2017) by extension 'colcon_pkg'
[0.146s] Level 1:colcon.colcon_core.package_identification:_identify(src/datasets/coco128/images/train2017) by extensions ['colcon_meta']
[0.146s] Level 1:colcon.colcon_core.package_identification:_identify(src/datasets/coco128/images/train2017) by extension 'colcon_meta'
[0.146s] Level 1:colcon.colcon_core.package_identification:_identify(src/datasets/coco128/images/train2017) by extensions ['ros']
[0.146s] Level 1:colcon.colcon_core.package_identification:_identify(src/datasets/coco128/images/train2017) by extension 'ros'
[0.146s] Level 1:colcon.colcon_core.package_identification:_identify(src/datasets/coco128/images/train2017) by extensions ['cmake', 'python']
[0.146s] Level 1:colcon.colcon_core.package_identification:_identify(src/datasets/coco128/images/train2017) by extension 'cmake'
[0.146s] Level 1:colcon.colcon_core.package_identification:_identify(src/datasets/coco128/images/train2017) by extension 'python'
[0.146s] Level 1:colcon.colcon_core.package_identification:_identify(src/datasets/coco128/images/train2017) by extensions ['python_setup_py']
[0.146s] Level 1:colcon.colcon_core.package_identification:_identify(src/datasets/coco128/images/train2017) by extension 'python_setup_py'
[0.146s] Level 1:colcon.colcon_core.package_identification:_identify(src/datasets/coco128/labels) by extensions ['ignore', 'ignore_ament_install']
[0.146s] Level 1:colcon.colcon_core.package_identification:_identify(src/datasets/coco128/labels) by extension 'ignore'
[0.146s] Level 1:colcon.colcon_core.package_identification:_identify(src/datasets/coco128/labels) by extension 'ignore_ament_install'
[0.146s] Level 1:colcon.colcon_core.package_identification:_identify(src/datasets/coco128/labels) by extensions ['colcon_pkg']
[0.146s] Level 1:colcon.colcon_core.package_identification:_identify(src/datasets/coco128/labels) by extension 'colcon_pkg'
[0.146s] Level 1:colcon.colcon_core.package_identification:_identify(src/datasets/coco128/labels) by extensions ['colcon_meta']
[0.146s] Level 1:colcon.colcon_core.package_identification:_identify(src/datasets/coco128/labels) by extension 'colcon_meta'
[0.146s] Level 1:colcon.colcon_core.package_identification:_identify(src/datasets/coco128/labels) by extensions ['ros']
[0.146s] Level 1:colcon.colcon_core.package_identification:_identify(src/datasets/coco128/labels) by extension 'ros'
[0.146s] Level 1:colcon.colcon_core.package_identification:_identify(src/datasets/coco128/labels) by extensions ['cmake', 'python']
[0.146s] Level 1:colcon.colcon_core.package_identification:_identify(src/datasets/coco128/labels) by extension 'cmake'
[0.146s] Level 1:colcon.colcon_core.package_identification:_identify(src/datasets/coco128/labels) by extension 'python'
[0.146s] Level 1:colcon.colcon_core.package_identification:_identify(src/datasets/coco128/labels) by extensions ['python_setup_py']
[0.146s] Level 1:colcon.colcon_core.package_identification:_identify(src/datasets/coco128/labels) by extension 'python_setup_py'
[0.146s] Level 1:colcon.colcon_core.package_identification:_identify(src/datasets/coco128/labels/train2017) by extensions ['ignore', 'ignore_ament_install']
[0.146s] Level 1:colcon.colcon_core.package_identification:_identify(src/datasets/coco128/labels/train2017) by extension 'ignore'
[0.146s] Level 1:colcon.colcon_core.package_identification:_identify(src/datasets/coco128/labels/train2017) by extension 'ignore_ament_install'
[0.146s] Level 1:colcon.colcon_core.package_identification:_identify(src/datasets/coco128/labels/train2017) by extensions ['colcon_pkg']
[0.146s] Level 1:colcon.colcon_core.package_identification:_identify(src/datasets/coco128/labels/train2017) by extension 'colcon_pkg'
[0.146s] Level 1:colcon.colcon_core.package_identification:_identify(src/datasets/coco128/labels/train2017) by extensions ['colcon_meta']
[0.146s] Level 1:colcon.colcon_core.package_identification:_identify(src/datasets/coco128/labels/train2017) by extension 'colcon_meta'
[0.146s] Level 1:colcon.colcon_core.package_identification:_identify(src/datasets/coco128/labels/train2017) by extensions ['ros']
[0.146s] Level 1:colcon.colcon_core.package_identification:_identify(src/datasets/coco128/labels/train2017) by extension 'ros'
[0.146s] Level 1:colcon.colcon_core.package_identification:_identify(src/datasets/coco128/labels/train2017) by extensions ['cmake', 'python']
[0.146s] Level 1:colcon.colcon_core.package_identification:_identify(src/datasets/coco128/labels/train2017) by extension 'cmake'
[0.146s] Level 1:colcon.colcon_core.package_identification:_identify(src/datasets/coco128/labels/train2017) by extension 'python'
[0.146s] Level 1:colcon.colcon_core.package_identification:_identify(src/datasets/coco128/labels/train2017) by extensions ['python_setup_py']
[0.146s] Level 1:colcon.colcon_core.package_identification:_identify(src/datasets/coco128/labels/train2017) by extension 'python_setup_py'
[0.147s] Level 1:colcon.colcon_core.package_identification:_identify(src/my_opencv_pkg) by extensions ['ignore', 'ignore_ament_install']
[0.147s] Level 1:colcon.colcon_core.package_identification:_identify(src/my_opencv_pkg) by extension 'ignore'
[0.147s] Level 1:colcon.colcon_core.package_identification:_identify(src/my_opencv_pkg) by extension 'ignore_ament_install'
[0.147s] Level 1:colcon.colcon_core.package_identification:_identify(src/my_opencv_pkg) by extensions ['colcon_pkg']
[0.147s] Level 1:colcon.colcon_core.package_identification:_identify(src/my_opencv_pkg) by extension 'colcon_pkg'
[0.147s] Level 1:colcon.colcon_core.package_identification:_identify(src/my_opencv_pkg) by extensions ['colcon_meta']
[0.147s] Level 1:colcon.colcon_core.package_identification:_identify(src/my_opencv_pkg) by extension 'colcon_meta'
[0.147s] Level 1:colcon.colcon_core.package_identification:_identify(src/my_opencv_pkg) by extensions ['ros']
[0.147s] Level 1:colcon.colcon_core.package_identification:_identify(src/my_opencv_pkg) by extension 'ros'
[0.147s] DEBUG:colcon.colcon_core.package_identification:Package 'src/my_opencv_pkg' with type 'ros.ament_python' and name 'my_opencv_pkg'
[0.147s] Level 1:colcon.colcon_core.package_identification:_identify(src/my_package) by extensions ['ignore', 'ignore_ament_install']
[0.147s] Level 1:colcon.colcon_core.package_identification:_identify(src/my_package) by extension 'ignore'
[0.147s] Level 1:colcon.colcon_core.package_identification:_identify(src/my_package) by extension 'ignore_ament_install'
[0.147s] Level 1:colcon.colcon_core.package_identification:_identify(src/my_package) by extensions ['colcon_pkg']
[0.147s] Level 1:colcon.colcon_core.package_identification:_identify(src/my_package) by extension 'colcon_pkg'
[0.147s] Level 1:colcon.colcon_core.package_identification:_identify(src/my_package) by extensions ['colcon_meta']
[0.147s] Level 1:colcon.colcon_core.package_identification:_identify(src/my_package) by extension 'colcon_meta'
[0.147s] Level 1:colcon.colcon_core.package_identification:_identify(src/my_package) by extensions ['ros']
[0.147s] Level 1:colcon.colcon_core.package_identification:_identify(src/my_package) by extension 'ros'
[0.147s] DEBUG:colcon.colcon_core.package_identification:Package 'src/my_package' with type 'ros.ament_python' and name 'my_package'
[0.147s] Level 1:colcon.colcon_core.package_identification:_identify(src/my_package_msgs) by extensions ['ignore', 'ignore_ament_install']
[0.147s] Level 1:colcon.colcon_core.package_identification:_identify(src/my_package_msgs) by extension 'ignore'
[0.147s] Level 1:colcon.colcon_core.package_identification:_identify(src/my_package_msgs) by extension 'ignore_ament_install'
[0.147s] Level 1:colcon.colcon_core.package_identification:_identify(src/my_package_msgs) by extensions ['colcon_pkg']
[0.147s] Level 1:colcon.colcon_core.package_identification:_identify(src/my_package_msgs) by extension 'colcon_pkg'
[0.147s] Level 1:colcon.colcon_core.package_identification:_identify(src/my_package_msgs) by extensions ['colcon_meta']
[0.147s] Level 1:colcon.colcon_core.package_identification:_identify(src/my_package_msgs) by extension 'colcon_meta'
[0.147s] Level 1:colcon.colcon_core.package_identification:_identify(src/my_package_msgs) by extensions ['ros']
[0.147s] Level 1:colcon.colcon_core.package_identification:_identify(src/my_package_msgs) by extension 'ros'
[0.148s] DEBUG:colcon.colcon_core.package_identification:Package 'src/my_package_msgs' with type 'ros.ament_cmake' and name 'my_package_msgs'
[0.148s] Level 1:colcon.colcon_core.package_identification:_identify(src/my_so_arm_gazebo) by extensions ['ignore', 'ignore_ament_install']
[0.148s] Level 1:colcon.colcon_core.package_identification:_identify(src/my_so_arm_gazebo) by extension 'ignore'
[0.148s] Level 1:colcon.colcon_core.package_identification:_identify(src/my_so_arm_gazebo) by extension 'ignore_ament_install'
[0.148s] Level 1:colcon.colcon_core.package_identification:_identify(src/my_so_arm_gazebo) by extensions ['colcon_pkg']
[0.148s] Level 1:colcon.colcon_core.package_identification:_identify(src/my_so_arm_gazebo) by extension 'colcon_pkg'
[0.148s] Level 1:colcon.colcon_core.package_identification:_identify(src/my_so_arm_gazebo) by extensions ['colcon_meta']
[0.148s] Level 1:colcon.colcon_core.package_identification:_identify(src/my_so_arm_gazebo) by extension 'colcon_meta'
[0.148s] Level 1:colcon.colcon_core.package_identification:_identify(src/my_so_arm_gazebo) by extensions ['ros']
[0.148s] Level 1:colcon.colcon_core.package_identification:_identify(src/my_so_arm_gazebo) by extension 'ros'
[0.148s] DEBUG:colcon.colcon_core.package_identification:Package 'src/my_so_arm_gazebo' with type 'ros.ament_cmake' and name 'my_so_arm_gazebo'
[0.148s] Level 1:colcon.colcon_core.package_identification:_identify(src/robot_arm_control) by extensions ['ignore', 'ignore_ament_install']
[0.148s] Level 1:colcon.colcon_core.package_identification:_identify(src/robot_arm_control) by extension 'ignore'
[0.148s] Level 1:colcon.colcon_core.package_identification:_identify(src/robot_arm_control) by extension 'ignore_ament_install'
[0.148s] Level 1:colcon.colcon_core.package_identification:_identify(src/robot_arm_control) by extensions ['colcon_pkg']
[0.148s] Level 1:colcon.colcon_core.package_identification:_identify(src/robot_arm_control) by extension 'colcon_pkg'
[0.148s] Level 1:colcon.colcon_core.package_identification:_identify(src/robot_arm_control) by extensions ['colcon_meta']
[0.148s] Level 1:colcon.colcon_core.package_identification:_identify(src/robot_arm_control) by extension 'colcon_meta'
[0.148s] Level 1:colcon.colcon_core.package_identification:_identify(src/robot_arm_control) by extensions ['ros']
[0.148s] Level 1:colcon.colcon_core.package_identification:_identify(src/robot_arm_control) by extension 'ros'
[0.148s] DEBUG:colcon.colcon_core.package_identification:Package 'src/robot_arm_control' with type 'ros.ament_cmake' and name 'robot_arm_control'
[0.148s] Level 1:colcon.colcon_core.package_identification:_identify(src/robot_moveit_control) by extensions ['ignore', 'ignore_ament_install']
[0.148s] Level 1:colcon.colcon_core.package_identification:_identify(src/robot_moveit_control) by extension 'ignore'
[0.148s] Level 1:colcon.colcon_core.package_identification:_identify(src/robot_moveit_control) by extension 'ignore_ament_install'
[0.148s] Level 1:colcon.colcon_core.package_identification:_identify(src/robot_moveit_control) by extensions ['colcon_pkg']
[0.148s] Level 1:colcon.colcon_core.package_identification:_identify(src/robot_moveit_control) by extension 'colcon_pkg'
[0.148s] Level 1:colcon.colcon_core.package_identification:_identify(src/robot_moveit_control) by extensions ['colcon_meta']
[0.149s] Level 1:colcon.colcon_core.package_identification:_identify(src/robot_moveit_control) by extension 'colcon_meta'
[0.149s] Level 1:colcon.colcon_core.package_identification:_identify(src/robot_moveit_control) by extensions ['ros']
[0.149s] Level 1:colcon.colcon_core.package_identification:_identify(src/robot_moveit_control) by extension 'ros'
[0.149s] Level 1:colcon.colcon_core.package_identification:_identify(src/robot_moveit_control) by extensions ['cmake', 'python']
[0.149s] Level 1:colcon.colcon_core.package_identification:_identify(src/robot_moveit_control) by extension 'cmake'
[0.149s] Level 1:colcon.colcon_core.package_identification:_identify(src/robot_moveit_control) by extension 'python'
[0.149s] Level 1:colcon.colcon_core.package_identification:_identify(src/robot_moveit_control) by extensions ['python_setup_py']
[0.149s] Level 1:colcon.colcon_core.package_identification:_identify(src/robot_moveit_control) by extension 'python_setup_py'
[0.149s] Level 1:colcon.colcon_core.package_identification:_identify(src/so_arm101_pkg) by extensions ['ignore', 'ignore_ament_install']
[0.149s] Level 1:colcon.colcon_core.package_identification:_identify(src/so_arm101_pkg) by extension 'ignore'
[0.149s] Level 1:colcon.colcon_core.package_identification:_identify(src/so_arm101_pkg) by extension 'ignore_ament_install'
[0.149s] Level 1:colcon.colcon_core.package_identification:_identify(src/so_arm101_pkg) by extensions ['colcon_pkg']
[0.149s] Level 1:colcon.colcon_core.package_identification:_identify(src/so_arm101_pkg) by extension 'colcon_pkg'
[0.149s] Level 1:colcon.colcon_core.package_identification:_identify(src/so_arm101_pkg) by extensions ['colcon_meta']
[0.149s] Level 1:colcon.colcon_core.package_identification:_identify(src/so_arm101_pkg) by extension 'colcon_meta'
[0.149s] Level 1:colcon.colcon_core.package_identification:_identify(src/so_arm101_pkg) by extensions ['ros']
[0.149s] Level 1:colcon.colcon_core.package_identification:_identify(src/so_arm101_pkg) by extension 'ros'
[0.149s] DEBUG:colcon.colcon_core.package_identification:Package 'src/so_arm101_pkg' with type 'ros.ament_python' and name 'so_arm101_pkg'
[0.149s] Level 1:colcon.colcon_core.package_identification:_identify(src/yolo_ros) by extensions ['ignore', 'ignore_ament_install']
[0.149s] Level 1:colcon.colcon_core.package_identification:_identify(src/yolo_ros) by extension 'ignore'
[0.149s] Level 1:colcon.colcon_core.package_identification:_identify(src/yolo_ros) by extension 'ignore_ament_install'
[0.149s] Level 1:colcon.colcon_core.package_identification:_identify(src/yolo_ros) by extensions ['colcon_pkg']
[0.149s] Level 1:colcon.colcon_core.package_identification:_identify(src/yolo_ros) by extension 'colcon_pkg'
[0.149s] Level 1:colcon.colcon_core.package_identification:_identify(src/yolo_ros) by extensions ['colcon_meta']
[0.149s] Level 1:colcon.colcon_core.package_identification:_identify(src/yolo_ros) by extension 'colcon_meta'
[0.149s] Level 1:colcon.colcon_core.package_identification:_identify(src/yolo_ros) by extensions ['ros']
[0.149s] Level 1:colcon.colcon_core.package_identification:_identify(src/yolo_ros) by extension 'ros'
[0.149s] Level 1:colcon.colcon_core.package_identification:_identify(src/yolo_ros) by extensions ['cmake', 'python']
[0.149s] Level 1:colcon.colcon_core.package_identification:_identify(src/yolo_ros) by extension 'cmake'
[0.149s] Level 1:colcon.colcon_core.package_identification:_identify(src/yolo_ros) by extension 'python'
[0.149s] Level 1:colcon.colcon_core.package_identification:_identify(src/yolo_ros) by extensions ['python_setup_py']
[0.149s] Level 1:colcon.colcon_core.package_identification:_identify(src/yolo_ros) by extension 'python_setup_py'
[0.149s] Level 1:colcon.colcon_core.package_identification:_identify(src/yolo_ros/docs) by extensions ['ignore', 'ignore_ament_install']
[0.149s] Level 1:colcon.colcon_core.package_identification:_identify(src/yolo_ros/docs) by extension 'ignore'
[0.149s] Level 1:colcon.colcon_core.package_identification:_identify(src/yolo_ros/docs) by extension 'ignore_ament_install'
[0.149s] Level 1:colcon.colcon_core.package_identification:_identify(src/yolo_ros/docs) by extensions ['colcon_pkg']
[0.149s] Level 1:colcon.colcon_core.package_identification:_identify(src/yolo_ros/docs) by extension 'colcon_pkg'
[0.149s] Level 1:colcon.colcon_core.package_identification:_identify(src/yolo_ros/docs) by extensions ['colcon_meta']
[0.149s] Level 1:colcon.colcon_core.package_identification:_identify(src/yolo_ros/docs) by extension 'colcon_meta'
[0.149s] Level 1:colcon.colcon_core.package_identification:_identify(src/yolo_ros/docs) by extensions ['ros']
[0.149s] Level 1:colcon.colcon_core.package_identification:_identify(src/yolo_ros/docs) by extension 'ros'
[0.149s] Level 1:colcon.colcon_core.package_identification:_identify(src/yolo_ros/docs) by extensions ['cmake', 'python']
[0.149s] Level 1:colcon.colcon_core.package_identification:_identify(src/yolo_ros/docs) by extension 'cmake'
[0.149s] Level 1:colcon.colcon_core.package_identification:_identify(src/yolo_ros/docs) by extension 'python'
[0.149s] Level 1:colcon.colcon_core.package_identification:_identify(src/yolo_ros/docs) by extensions ['python_setup_py']
[0.149s] Level 1:colcon.colcon_core.package_identification:_identify(src/yolo_ros/docs) by extension 'python_setup_py'
[0.149s] Level 1:colcon.colcon_core.package_identification:_identify(src/yolo_ros/yolo_bringup) by extensions ['ignore', 'ignore_ament_install']
[0.150s] Level 1:colcon.colcon_core.package_identification:_identify(src/yolo_ros/yolo_bringup) by extension 'ignore'
[0.150s] Level 1:colcon.colcon_core.package_identification:_identify(src/yolo_ros/yolo_bringup) by extension 'ignore_ament_install'
[0.150s] Level 1:colcon.colcon_core.package_identification:_identify(src/yolo_ros/yolo_bringup) by extensions ['colcon_pkg']
[0.150s] Level 1:colcon.colcon_core.package_identification:_identify(src/yolo_ros/yolo_bringup) by extension 'colcon_pkg'
[0.150s] Level 1:colcon.colcon_core.package_identification:_identify(src/yolo_ros/yolo_bringup) by extensions ['colcon_meta']
[0.150s] Level 1:colcon.colcon_core.package_identification:_identify(src/yolo_ros/yolo_bringup) by extension 'colcon_meta'
[0.150s] Level 1:colcon.colcon_core.package_identification:_identify(src/yolo_ros/yolo_bringup) by extensions ['ros']
[0.150s] Level 1:colcon.colcon_core.package_identification:_identify(src/yolo_ros/yolo_bringup) by extension 'ros'
[0.150s] DEBUG:colcon.colcon_core.package_identification:Package 'src/yolo_ros/yolo_bringup' with type 'ros.ament_cmake' and name 'yolo_bringup'
[0.150s] Level 1:colcon.colcon_core.package_identification:_identify(src/yolo_ros/yolo_msgs) by extensions ['ignore', 'ignore_ament_install']
[0.150s] Level 1:colcon.colcon_core.package_identification:_identify(src/yolo_ros/yolo_msgs) by extension 'ignore'
[0.150s] Level 1:colcon.colcon_core.package_identification:_identify(src/yolo_ros/yolo_msgs) by extension 'ignore_ament_install'
[0.150s] Level 1:colcon.colcon_core.package_identification:_identify(src/yolo_ros/yolo_msgs) by extensions ['colcon_pkg']
[0.150s] Level 1:colcon.colcon_core.package_identification:_identify(src/yolo_ros/yolo_msgs) by extension 'colcon_pkg'
[0.150s] Level 1:colcon.colcon_core.package_identification:_identify(src/yolo_ros/yolo_msgs) by extensions ['colcon_meta']
[0.150s] Level 1:colcon.colcon_core.package_identification:_identify(src/yolo_ros/yolo_msgs) by extension 'colcon_meta'
[0.150s] Level 1:colcon.colcon_core.package_identification:_identify(src/yolo_ros/yolo_msgs) by extensions ['ros']
[0.150s] Level 1:colcon.colcon_core.package_identification:_identify(src/yolo_ros/yolo_msgs) by extension 'ros'
[0.150s] DEBUG:colcon.colcon_core.package_identification:Package 'src/yolo_ros/yolo_msgs' with type 'ros.ament_cmake' and name 'yolo_msgs'
[0.150s] Level 1:colcon.colcon_core.package_identification:_identify(src/yolo_ros/yolo_ros) by extensions ['ignore', 'ignore_ament_install']
[0.150s] Level 1:colcon.colcon_core.package_identification:_identify(src/yolo_ros/yolo_ros) by extension 'ignore'
[0.150s] Level 1:colcon.colcon_core.package_identification:_identify(src/yolo_ros/yolo_ros) by extension 'ignore_ament_install'
[0.150s] Level 1:colcon.colcon_core.package_identification:_identify(src/yolo_ros/yolo_ros) by extensions ['colcon_pkg']
[0.150s] Level 1:colcon.colcon_core.package_identification:_identify(src/yolo_ros/yolo_ros) by extension 'colcon_pkg'
[0.150s] Level 1:colcon.colcon_core.package_identification:_identify(src/yolo_ros/yolo_ros) by extensions ['colcon_meta']
[0.150s] Level 1:colcon.colcon_core.package_identification:_identify(src/yolo_ros/yolo_ros) by extension 'colcon_meta'
[0.150s] Level 1:colcon.colcon_core.package_identification:_identify(src/yolo_ros/yolo_ros) by extensions ['ros']
[0.150s] Level 1:colcon.colcon_core.package_identification:_identify(src/yolo_ros/yolo_ros) by extension 'ros'
[0.151s] DEBUG:colcon.colcon_core.package_identification:Package 'src/yolo_ros/yolo_ros' with type 'ros.ament_python' and name 'yolo_ros'
[0.151s] Level 1:colcon.colcon_core.package_discovery:discover_packages(recursive) using defaults
[0.151s] Level 1:colcon.colcon_core.package_discovery:discover_packages(ignore) discover
[0.151s] Level 1:colcon.colcon_core.package_discovery:discover_packages(ignore) using defaults
[0.151s] Level 1:colcon.colcon_core.package_discovery:discover_packages(path) discover
[0.151s] Level 1:colcon.colcon_core.package_discovery:discover_packages(path) using defaults
[0.151s] WARNING:colcon.colcon_core.package_selection:ignoring unknown package 'my_service' in --packages-select
[0.159s] INFO:colcon.colcon_core.package_selection:Skipping not selected package 'camera_3d_pkg' in 'src/camera_3d_pkg'
[0.159s] INFO:colcon.colcon_core.package_selection:Skipping not selected package 'camera_3d_pkg1' in 'src/camera_3d_pkg1'
[0.159s] INFO:colcon.colcon_core.package_selection:Skipping not selected package 'my_opencv_pkg' in 'src/my_opencv_pkg'
[0.159s] INFO:colcon.colcon_core.package_selection:Skipping not selected package 'my_package' in 'src/my_package'
[0.159s] INFO:colcon.colcon_core.package_selection:Skipping not selected package 'my_package_msgs' in 'src/my_package_msgs'
[0.159s] INFO:colcon.colcon_core.package_selection:Skipping not selected package 'my_so_arm_gazebo' in 'src/my_so_arm_gazebo'
[0.159s] INFO:colcon.colcon_core.package_selection:Skipping not selected package 'robot_arm_control' in 'src/robot_arm_control'
[0.159s] INFO:colcon.colcon_core.package_selection:Skipping not selected package 'so_arm101_pkg' in 'src/so_arm101_pkg'
[0.159s] INFO:colcon.colcon_core.package_selection:Skipping not selected package 'yolo_msgs' in 'src/yolo_ros/yolo_msgs'
[0.159s] INFO:colcon.colcon_core.package_selection:Skipping not selected package 'yolo_ros' in 'src/yolo_ros/yolo_ros'
[0.159s] INFO:colcon.colcon_core.package_selection:Skipping not selected package 'yolo_bringup' in 'src/yolo_ros/yolo_bringup'
[0.159s] INFO:colcon.colcon_core.executor:Executing jobs using 'parallel' executor
[0.160s] DEBUG:colcon.colcon_parallel_executor.executor.parallel:run_until_complete
[0.160s] DEBUG:colcon.colcon_parallel_executor.executor.parallel:closing loop
[0.161s] DEBUG:colcon.colcon_parallel_executor.executor.parallel:loop closed
[0.161s] DEBUG:colcon.colcon_parallel_executor.executor.parallel:run_until_complete finished with '0'
[0.161s] DEBUG:colcon.colcon_core.event_reactor:joining thread
[0.168s] INFO:colcon.colcon_core.plugin_system:Skipping extension 'colcon_notification.desktop_notification.notify_send': Could not find 'notify-send'
[0.168s] INFO:colcon.colcon_core.plugin_system:Skipping extension 'colcon_notification.desktop_notification.terminal_notifier': Not used on non-Darwin systems
[0.168s] INFO:colcon.colcon_core.plugin_system:Skipping extension 'colcon_notification.desktop_notification.win32': Not used on non-Windows systems
[0.168s] INFO:colcon.colcon_notification.desktop_notification:Sending desktop notification using 'notify2'
[0.171s] DEBUG:colcon.colcon_notification.desktop_notification.notify2:Failed to initialize notify2: org.freedesktop.DBus.Error.Spawn.ExecFailed: /usr/bin/dbus-launch terminated abnormally without any error message
[0.171s] DEBUG:colcon.colcon_core.event_reactor:joined thread
[0.173s] INFO:colcon.colcon_core.plugin_system:Skipping extension 'colcon_core.shell.bat': Not used on non-Windows systems
[0.173s] INFO:colcon.colcon_core.shell:Creating prefix script '/home/tech/ros2/my_first_ws/install/local_setup.ps1'
[0.174s] INFO:colcon.colcon_core.shell:Creating prefix util module '/home/tech/ros2/my_first_ws/install/_local_setup_util_ps1.py'
[0.176s] INFO:colcon.colcon_core.shell:Creating prefix chain script '/home/tech/ros2/my_first_ws/install/setup.ps1'
[0.183s] INFO:colcon.colcon_core.shell:Creating prefix script '/home/tech/ros2/my_first_ws/install/local_setup.sh'
[0.183s] INFO:colcon.colcon_core.shell:Creating prefix util module '/home/tech/ros2/my_first_ws/install/_local_setup_util_sh.py'
[0.183s] INFO:colcon.colcon_core.shell:Creating prefix chain script '/home/tech/ros2/my_first_ws/install/setup.sh'
[0.184s] INFO:colcon.colcon_core.shell:Creating prefix script '/home/tech/ros2/my_first_ws/install/local_setup.bash'
[0.184s] INFO:colcon.colcon_core.shell:Creating prefix chain script '/home/tech/ros2/my_first_ws/install/setup.bash'
[0.184s] INFO:colcon.colcon_core.shell:Creating prefix script '/home/tech/ros2/my_first_ws/install/local_setup.zsh'
[0.184s] INFO:colcon.colcon_core.shell:Creating prefix chain script '/home/tech/ros2/my_first_ws/install/setup.zsh'
