[0.044s] DEBUG:colcon:Command line arguments: ['/usr/bin/colcon', 'build', '--packages-select', 'my_package_msgs']
[0.044s] DEBUG:colcon:Parsed command line arguments: Namespace(log_base=None, log_level=None, verb_name='build', build_base='build', install_base='install', merge_install=False, symlink_install=False, test_result_base=None, continue_on_error=False, executor='parallel', parallel_workers=24, event_handlers=None, ignore_user_meta=False, metas=['./colcon.meta'], base_paths=['.'], packages_ignore=None, packages_ignore_regex=None, paths=None, packages_up_to=None, packages_up_to_regex=None, packages_above=None, packages_above_and_dependencies=None, packages_above_depth=None, packages_select_by_dep=None, packages_skip_by_dep=None, packages_skip_up_to=None, packages_select_build_failed=False, packages_skip_build_finished=False, packages_select_test_failures=False, packages_skip_test_passed=False, packages_select=['my_package_msgs'], packages_skip=None, packages_select_regex=None, packages_skip_regex=None, packages_start=None, packages_end=None, cmake_args=None, cmake_target=None, cmake_target_skip_unavailable=False, cmake_clean_cache=False, cmake_clean_first=False, cmake_force_configure=False, ament_cmake_args=None, catkin_cmake_args=None, catkin_skip_building_tests=False, mixin_files=None, mixin=None, verb_parser=<colcon_mixin.mixin.mixin_argument.MixinArgumentDecorator object at 0x7cfee063fac0>, verb_extension=<colcon_core.verb.build.BuildVerb object at 0x7cfee0808a30>, main=<bound method BuildVerb.main of <colcon_core.verb.build.BuildVerb object at 0x7cfee0808a30>>, mixin_verb=('build',))
[0.096s] Level 1:colcon.colcon_core.package_discovery:discover_packages(colcon_meta) check parameters
[0.096s] Level 1:colcon.colcon_core.package_discovery:discover_packages(recursive) check parameters
[0.096s] Level 1:colcon.colcon_core.package_discovery:discover_packages(ignore) check parameters
[0.096s] Level 1:colcon.colcon_core.package_discovery:discover_packages(path) check parameters
[0.096s] Level 1:colcon.colcon_core.package_discovery:discover_packages(colcon_meta) discover
[0.096s] Level 1:colcon.colcon_core.package_discovery:discover_packages(recursive) discover
[0.096s] INFO:colcon.colcon_core.package_discovery:Crawling recursively for packages in '/home/tech/ros2/my_first_ws'
[0.096s] Level 1:colcon.colcon_core.package_identification:_identify(.) by extensions ['ignore', 'ignore_ament_install']
[0.096s] Level 1:colcon.colcon_core.package_identification:_identify(.) by extension 'ignore'
[0.096s] Level 1:colcon.colcon_core.package_identification:_identify(.) by extension 'ignore_ament_install'
[0.096s] Level 1:colcon.colcon_core.package_identification:_identify(.) by extensions ['colcon_pkg']
[0.096s] Level 1:colcon.colcon_core.package_identification:_identify(.) by extension 'colcon_pkg'
[0.096s] Level 1:colcon.colcon_core.package_identification:_identify(.) by extensions ['colcon_meta']
[0.096s] Level 1:colcon.colcon_core.package_identification:_identify(.) by extension 'colcon_meta'
[0.096s] Level 1:colcon.colcon_core.package_identification:_identify(.) by extensions ['ros']
[0.096s] Level 1:colcon.colcon_core.package_identification:_identify(.) by extension 'ros'
[0.101s] Level 1:colcon.colcon_core.package_identification:_identify(.) by extensions ['cmake', 'python']
[0.101s] Level 1:colcon.colcon_core.package_identification:_identify(.) by extension 'cmake'
[0.101s] Level 1:colcon.colcon_core.package_identification:_identify(.) by extension 'python'
[0.101s] Level 1:colcon.colcon_core.package_identification:_identify(.) by extensions ['python_setup_py']
[0.101s] Level 1:colcon.colcon_core.package_identification:_identify(.) by extension 'python_setup_py'
[0.101s] Level 1:colcon.colcon_core.package_identification:_identify(-) by extensions ['ignore', 'ignore_ament_install']
[0.101s] Level 1:colcon.colcon_core.package_identification:_identify(-) by extension 'ignore'
[0.101s] Level 1:colcon.colcon_core.package_identification:_identify(-) by extension 'ignore_ament_install'
[0.101s] Level 1:colcon.colcon_core.package_identification:_identify(-) by extensions ['colcon_pkg']
[0.101s] Level 1:colcon.colcon_core.package_identification:_identify(-) by extension 'colcon_pkg'
[0.101s] Level 1:colcon.colcon_core.package_identification:_identify(-) by extensions ['colcon_meta']
[0.101s] Level 1:colcon.colcon_core.package_identification:_identify(-) by extension 'colcon_meta'
[0.101s] Level 1:colcon.colcon_core.package_identification:_identify(-) by extensions ['ros']
[0.102s] Level 1:colcon.colcon_core.package_identification:_identify(-) by extension 'ros'
[0.102s] Level 1:colcon.colcon_core.package_identification:_identify(-) by extensions ['cmake', 'python']
[0.102s] Level 1:colcon.colcon_core.package_identification:_identify(-) by extension 'cmake'
[0.102s] Level 1:colcon.colcon_core.package_identification:_identify(-) by extension 'python'
[0.102s] Level 1:colcon.colcon_core.package_identification:_identify(-) by extensions ['python_setup_py']
[0.102s] Level 1:colcon.colcon_core.package_identification:_identify(-) by extension 'python_setup_py'
[0.102s] Level 1:colcon.colcon_core.package_identification:_identify(-/bin) by extensions ['ignore', 'ignore_ament_install']
[0.102s] Level 1:colcon.colcon_core.package_identification:_identify(-/bin) by extension 'ignore'
[0.102s] Level 1:colcon.colcon_core.package_identification:_identify(-/bin) by extension 'ignore_ament_install'
[0.102s] Level 1:colcon.colcon_core.package_identification:_identify(-/bin) by extensions ['colcon_pkg']
[0.102s] Level 1:colcon.colcon_core.package_identification:_identify(-/bin) by extension 'colcon_pkg'
[0.102s] Level 1:colcon.colcon_core.package_identification:_identify(-/bin) by extensions ['colcon_meta']
[0.102s] Level 1:colcon.colcon_core.package_identification:_identify(-/bin) by extension 'colcon_meta'
[0.102s] Level 1:colcon.colcon_core.package_identification:_identify(-/bin) by extensions ['ros']
[0.102s] Level 1:colcon.colcon_core.package_identification:_identify(-/bin) by extension 'ros'
[0.102s] Level 1:colcon.colcon_core.package_identification:_identify(-/bin) by extensions ['cmake', 'python']
[0.102s] Level 1:colcon.colcon_core.package_identification:_identify(-/bin) by extension 'cmake'
[0.102s] Level 1:colcon.colcon_core.package_identification:_identify(-/bin) by extension 'python'
[0.102s] Level 1:colcon.colcon_core.package_identification:_identify(-/bin) by extensions ['python_setup_py']
[0.102s] Level 1:colcon.colcon_core.package_identification:_identify(-/bin) by extension 'python_setup_py'
[0.102s] Level 1:colcon.colcon_core.package_identification:_identify(-/lib) by extensions ['ignore', 'ignore_ament_install']
[0.102s] Level 1:colcon.colcon_core.package_identification:_identify(-/lib) by extension 'ignore'
[0.102s] Level 1:colcon.colcon_core.package_identification:_identify(-/lib) by extension 'ignore_ament_install'
[0.102s] Level 1:colcon.colcon_core.package_identification:_identify(-/lib) by extensions ['colcon_pkg']
[0.102s] Level 1:colcon.colcon_core.package_identification:_identify(-/lib) by extension 'colcon_pkg'
[0.102s] Level 1:colcon.colcon_core.package_identification:_identify(-/lib) by extensions ['colcon_meta']
[0.102s] Level 1:colcon.colcon_core.package_identification:_identify(-/lib) by extension 'colcon_meta'
[0.102s] Level 1:colcon.colcon_core.package_identification:_identify(-/lib) by extensions ['ros']
[0.102s] Level 1:colcon.colcon_core.package_identification:_identify(-/lib) by extension 'ros'
[0.102s] Level 1:colcon.colcon_core.package_identification:_identify(-/lib) by extensions ['cmake', 'python']
[0.102s] Level 1:colcon.colcon_core.package_identification:_identify(-/lib) by extension 'cmake'
[0.102s] Level 1:colcon.colcon_core.package_identification:_identify(-/lib) by extension 'python'
[0.102s] Level 1:colcon.colcon_core.package_identification:_identify(-/lib) by extensions ['python_setup_py']
[0.102s] Level 1:colcon.colcon_core.package_identification:_identify(-/lib) by extension 'python_setup_py'
[0.102s] Level 1:colcon.colcon_core.package_identification:_identify(-/lib/python3.13) by extensions ['ignore', 'ignore_ament_install']
[0.102s] Level 1:colcon.colcon_core.package_identification:_identify(-/lib/python3.13) by extension 'ignore'
[0.102s] Level 1:colcon.colcon_core.package_identification:_identify(-/lib/python3.13) by extension 'ignore_ament_install'
[0.102s] Level 1:colcon.colcon_core.package_identification:_identify(-/lib/python3.13) by extensions ['colcon_pkg']
[0.102s] Level 1:colcon.colcon_core.package_identification:_identify(-/lib/python3.13) by extension 'colcon_pkg'
[0.102s] Level 1:colcon.colcon_core.package_identification:_identify(-/lib/python3.13) by extensions ['colcon_meta']
[0.102s] Level 1:colcon.colcon_core.package_identification:_identify(-/lib/python3.13) by extension 'colcon_meta'
[0.102s] Level 1:colcon.colcon_core.package_identification:_identify(-/lib/python3.13) by extensions ['ros']
[0.102s] Level 1:colcon.colcon_core.package_identification:_identify(-/lib/python3.13) by extension 'ros'
[0.102s] Level 1:colcon.colcon_core.package_identification:_identify(-/lib/python3.13) by extensions ['cmake', 'python']
[0.102s] Level 1:colcon.colcon_core.package_identification:_identify(-/lib/python3.13) by extension 'cmake'
[0.102s] Level 1:colcon.colcon_core.package_identification:_identify(-/lib/python3.13) by extension 'python'
[0.102s] Level 1:colcon.colcon_core.package_identification:_identify(-/lib/python3.13) by extensions ['python_setup_py']
[0.102s] Level 1:colcon.colcon_core.package_identification:_identify(-/lib/python3.13) by extension 'python_setup_py'
[0.102s] Level 1:colcon.colcon_core.package_identification:_identify(-/lib/python3.13/site-packages) by extensions ['ignore', 'ignore_ament_install']
[0.102s] Level 1:colcon.colcon_core.package_identification:_identify(-/lib/python3.13/site-packages) by extension 'ignore'
[0.102s] Level 1:colcon.colcon_core.package_identification:_identify(-/lib/python3.13/site-packages) by extension 'ignore_ament_install'
[0.102s] Level 1:colcon.colcon_core.package_identification:_identify(-/lib/python3.13/site-packages) by extensions ['colcon_pkg']
[0.102s] Level 1:colcon.colcon_core.package_identification:_identify(-/lib/python3.13/site-packages) by extension 'colcon_pkg'
[0.102s] Level 1:colcon.colcon_core.package_identification:_identify(-/lib/python3.13/site-packages) by extensions ['colcon_meta']
[0.102s] Level 1:colcon.colcon_core.package_identification:_identify(-/lib/python3.13/site-packages) by extension 'colcon_meta'
[0.102s] Level 1:colcon.colcon_core.package_identification:_identify(-/lib/python3.13/site-packages) by extensions ['ros']
[0.102s] Level 1:colcon.colcon_core.package_identification:_identify(-/lib/python3.13/site-packages) by extension 'ros'
[0.102s] Level 1:colcon.colcon_core.package_identification:_identify(-/lib/python3.13/site-packages) by extensions ['cmake', 'python']
[0.102s] Level 1:colcon.colcon_core.package_identification:_identify(-/lib/python3.13/site-packages) by extension 'cmake'
[0.102s] Level 1:colcon.colcon_core.package_identification:_identify(-/lib/python3.13/site-packages) by extension 'python'
[0.102s] Level 1:colcon.colcon_core.package_identification:_identify(-/lib/python3.13/site-packages) by extensions ['python_setup_py']
[0.103s] Level 1:colcon.colcon_core.package_identification:_identify(-/lib/python3.13/site-packages) by extension 'python_setup_py'
[0.103s] Level 1:colcon.colcon_core.package_identification:_identify(build) by extensions ['ignore', 'ignore_ament_install']
[0.103s] Level 1:colcon.colcon_core.package_identification:_identify(build) by extension 'ignore'
[0.103s] Level 1:colcon.colcon_core.package_identification:_identify(build) ignored
[0.103s] Level 1:colcon.colcon_core.package_identification:_identify(install) by extensions ['ignore', 'ignore_ament_install']
[0.103s] Level 1:colcon.colcon_core.package_identification:_identify(install) by extension 'ignore'
[0.103s] Level 1:colcon.colcon_core.package_identification:_identify(install) ignored
[0.103s] Level 1:colcon.colcon_core.package_identification:_identify(log) by extensions ['ignore', 'ignore_ament_install']
[0.103s] Level 1:colcon.colcon_core.package_identification:_identify(log) by extension 'ignore'
[0.103s] Level 1:colcon.colcon_core.package_identification:_identify(log) ignored
[0.103s] Level 1:colcon.colcon_core.package_identification:_identify(src) by extensions ['ignore', 'ignore_ament_install']
[0.103s] Level 1:colcon.colcon_core.package_identification:_identify(src) by extension 'ignore'
[0.103s] Level 1:colcon.colcon_core.package_identification:_identify(src) by extension 'ignore_ament_install'
[0.103s] Level 1:colcon.colcon_core.package_identification:_identify(src) by extensions ['colcon_pkg']
[0.103s] Level 1:colcon.colcon_core.package_identification:_identify(src) by extension 'colcon_pkg'
[0.103s] Level 1:colcon.colcon_core.package_identification:_identify(src) by extensions ['colcon_meta']
[0.103s] Level 1:colcon.colcon_core.package_identification:_identify(src) by extension 'colcon_meta'
[0.103s] Level 1:colcon.colcon_core.package_identification:_identify(src) by extensions ['ros']
[0.103s] Level 1:colcon.colcon_core.package_identification:_identify(src) by extension 'ros'
[0.103s] Level 1:colcon.colcon_core.package_identification:_identify(src) by extensions ['cmake', 'python']
[0.103s] Level 1:colcon.colcon_core.package_identification:_identify(src) by extension 'cmake'
[0.103s] Level 1:colcon.colcon_core.package_identification:_identify(src) by extension 'python'
[0.103s] Level 1:colcon.colcon_core.package_identification:_identify(src) by extensions ['python_setup_py']
[0.103s] Level 1:colcon.colcon_core.package_identification:_identify(src) by extension 'python_setup_py'
[0.103s] Level 1:colcon.colcon_core.package_identification:_identify(src/camera_3d_pkg) by extensions ['ignore', 'ignore_ament_install']
[0.103s] Level 1:colcon.colcon_core.package_identification:_identify(src/camera_3d_pkg) by extension 'ignore'
[0.103s] Level 1:colcon.colcon_core.package_identification:_identify(src/camera_3d_pkg) by extension 'ignore_ament_install'
[0.103s] Level 1:colcon.colcon_core.package_identification:_identify(src/camera_3d_pkg) by extensions ['colcon_pkg']
[0.103s] Level 1:colcon.colcon_core.package_identification:_identify(src/camera_3d_pkg) by extension 'colcon_pkg'
[0.103s] Level 1:colcon.colcon_core.package_identification:_identify(src/camera_3d_pkg) by extensions ['colcon_meta']
[0.103s] Level 1:colcon.colcon_core.package_identification:_identify(src/camera_3d_pkg) by extension 'colcon_meta'
[0.103s] Level 1:colcon.colcon_core.package_identification:_identify(src/camera_3d_pkg) by extensions ['ros']
[0.103s] Level 1:colcon.colcon_core.package_identification:_identify(src/camera_3d_pkg) by extension 'ros'
[0.104s] DEBUG:colcon.colcon_core.package_identification:Package 'src/camera_3d_pkg' with type 'ros.catkin' and name 'camera_3d_pkg'
[0.104s] Level 1:colcon.colcon_core.package_identification:_identify(src/camera_3d_pkg1) by extensions ['ignore', 'ignore_ament_install']
[0.104s] Level 1:colcon.colcon_core.package_identification:_identify(src/camera_3d_pkg1) by extension 'ignore'
[0.105s] Level 1:colcon.colcon_core.package_identification:_identify(src/camera_3d_pkg1) by extension 'ignore_ament_install'
[0.105s] Level 1:colcon.colcon_core.package_identification:_identify(src/camera_3d_pkg1) by extensions ['colcon_pkg']
[0.105s] Level 1:colcon.colcon_core.package_identification:_identify(src/camera_3d_pkg1) by extension 'colcon_pkg'
[0.105s] Level 1:colcon.colcon_core.package_identification:_identify(src/camera_3d_pkg1) by extensions ['colcon_meta']
[0.105s] Level 1:colcon.colcon_core.package_identification:_identify(src/camera_3d_pkg1) by extension 'colcon_meta'
[0.105s] Level 1:colcon.colcon_core.package_identification:_identify(src/camera_3d_pkg1) by extensions ['ros']
[0.105s] Level 1:colcon.colcon_core.package_identification:_identify(src/camera_3d_pkg1) by extension 'ros'
[0.105s] DEBUG:colcon.colcon_core.package_identification:Package 'src/camera_3d_pkg1' with type 'ros.ament_cmake' and name 'camera_3d_pkg1'
[0.105s] Level 1:colcon.colcon_core.package_identification:_identify(src/datasets) by extensions ['ignore', 'ignore_ament_install']
[0.105s] Level 1:colcon.colcon_core.package_identification:_identify(src/datasets) by extension 'ignore'
[0.105s] Level 1:colcon.colcon_core.package_identification:_identify(src/datasets) by extension 'ignore_ament_install'
[0.105s] Level 1:colcon.colcon_core.package_identification:_identify(src/datasets) by extensions ['colcon_pkg']
[0.105s] Level 1:colcon.colcon_core.package_identification:_identify(src/datasets) by extension 'colcon_pkg'
[0.105s] Level 1:colcon.colcon_core.package_identification:_identify(src/datasets) by extensions ['colcon_meta']
[0.105s] Level 1:colcon.colcon_core.package_identification:_identify(src/datasets) by extension 'colcon_meta'
[0.105s] Level 1:colcon.colcon_core.package_identification:_identify(src/datasets) by extensions ['ros']
[0.105s] Level 1:colcon.colcon_core.package_identification:_identify(src/datasets) by extension 'ros'
[0.105s] Level 1:colcon.colcon_core.package_identification:_identify(src/datasets) by extensions ['cmake', 'python']
[0.105s] Level 1:colcon.colcon_core.package_identification:_identify(src/datasets) by extension 'cmake'
[0.105s] Level 1:colcon.colcon_core.package_identification:_identify(src/datasets) by extension 'python'
[0.105s] Level 1:colcon.colcon_core.package_identification:_identify(src/datasets) by extensions ['python_setup_py']
[0.105s] Level 1:colcon.colcon_core.package_identification:_identify(src/datasets) by extension 'python_setup_py'
[0.105s] Level 1:colcon.colcon_core.package_identification:_identify(src/datasets/coco) by extensions ['ignore', 'ignore_ament_install']
[0.105s] Level 1:colcon.colcon_core.package_identification:_identify(src/datasets/coco) by extension 'ignore'
[0.105s] Level 1:colcon.colcon_core.package_identification:_identify(src/datasets/coco) by extension 'ignore_ament_install'
[0.105s] Level 1:colcon.colcon_core.package_identification:_identify(src/datasets/coco) by extensions ['colcon_pkg']
[0.105s] Level 1:colcon.colcon_core.package_identification:_identify(src/datasets/coco) by extension 'colcon_pkg'
[0.105s] Level 1:colcon.colcon_core.package_identification:_identify(src/datasets/coco) by extensions ['colcon_meta']
[0.105s] Level 1:colcon.colcon_core.package_identification:_identify(src/datasets/coco) by extension 'colcon_meta'
[0.105s] Level 1:colcon.colcon_core.package_identification:_identify(src/datasets/coco) by extensions ['ros']
[0.105s] Level 1:colcon.colcon_core.package_identification:_identify(src/datasets/coco) by extension 'ros'
[0.105s] Level 1:colcon.colcon_core.package_identification:_identify(src/datasets/coco) by extensions ['cmake', 'python']
[0.105s] Level 1:colcon.colcon_core.package_identification:_identify(src/datasets/coco) by extension 'cmake'
[0.105s] Level 1:colcon.colcon_core.package_identification:_identify(src/datasets/coco) by extension 'python'
[0.105s] Level 1:colcon.colcon_core.package_identification:_identify(src/datasets/coco) by extensions ['python_setup_py']
[0.105s] Level 1:colcon.colcon_core.package_identification:_identify(src/datasets/coco) by extension 'python_setup_py'
[0.105s] Level 1:colcon.colcon_core.package_identification:_identify(src/datasets/coco/annotations) by extensions ['ignore', 'ignore_ament_install']
[0.105s] Level 1:colcon.colcon_core.package_identification:_identify(src/datasets/coco/annotations) by extension 'ignore'
[0.105s] Level 1:colcon.colcon_core.package_identification:_identify(src/datasets/coco/annotations) by extension 'ignore_ament_install'
[0.105s] Level 1:colcon.colcon_core.package_identification:_identify(src/datasets/coco/annotations) by extensions ['colcon_pkg']
[0.105s] Level 1:colcon.colcon_core.package_identification:_identify(src/datasets/coco/annotations) by extension 'colcon_pkg'
[0.105s] Level 1:colcon.colcon_core.package_identification:_identify(src/datasets/coco/annotations) by extensions ['colcon_meta']
[0.105s] Level 1:colcon.colcon_core.package_identification:_identify(src/datasets/coco/annotations) by extension 'colcon_meta'
[0.105s] Level 1:colcon.colcon_core.package_identification:_identify(src/datasets/coco/annotations) by extensions ['ros']
[0.105s] Level 1:colcon.colcon_core.package_identification:_identify(src/datasets/coco/annotations) by extension 'ros'
[0.105s] Level 1:colcon.colcon_core.package_identification:_identify(src/datasets/coco/annotations) by extensions ['cmake', 'python']
[0.105s] Level 1:colcon.colcon_core.package_identification:_identify(src/datasets/coco/annotations) by extension 'cmake'
[0.105s] Level 1:colcon.colcon_core.package_identification:_identify(src/datasets/coco/annotations) by extension 'python'
[0.105s] Level 1:colcon.colcon_core.package_identification:_identify(src/datasets/coco/annotations) by extensions ['python_setup_py']
[0.105s] Level 1:colcon.colcon_core.package_identification:_identify(src/datasets/coco/annotations) by extension 'python_setup_py'
[0.106s] Level 1:colcon.colcon_core.package_identification:_identify(src/datasets/coco/images) by extensions ['ignore', 'ignore_ament_install']
[0.106s] Level 1:colcon.colcon_core.package_identification:_identify(src/datasets/coco/images) by extension 'ignore'
[0.106s] Level 1:colcon.colcon_core.package_identification:_identify(src/datasets/coco/images) by extension 'ignore_ament_install'
[0.106s] Level 1:colcon.colcon_core.package_identification:_identify(src/datasets/coco/images) by extensions ['colcon_pkg']
[0.106s] Level 1:colcon.colcon_core.package_identification:_identify(src/datasets/coco/images) by extension 'colcon_pkg'
[0.106s] Level 1:colcon.colcon_core.package_identification:_identify(src/datasets/coco/images) by extensions ['colcon_meta']
[0.106s] Level 1:colcon.colcon_core.package_identification:_identify(src/datasets/coco/images) by extension 'colcon_meta'
[0.106s] Level 1:colcon.colcon_core.package_identification:_identify(src/datasets/coco/images) by extensions ['ros']
[0.106s] Level 1:colcon.colcon_core.package_identification:_identify(src/datasets/coco/images) by extension 'ros'
[0.106s] Level 1:colcon.colcon_core.package_identification:_identify(src/datasets/coco/images) by extensions ['cmake', 'python']
[0.106s] Level 1:colcon.colcon_core.package_identification:_identify(src/datasets/coco/images) by extension 'cmake'
[0.106s] Level 1:colcon.colcon_core.package_identification:_identify(src/datasets/coco/images) by extension 'python'
[0.106s] Level 1:colcon.colcon_core.package_identification:_identify(src/datasets/coco/images) by extensions ['python_setup_py']
[0.106s] Level 1:colcon.colcon_core.package_identification:_identify(src/datasets/coco/images) by extension 'python_setup_py'
[0.115s] Level 1:colcon.colcon_core.package_identification:_identify(src/datasets/coco/images/test2017) by extensions ['ignore', 'ignore_ament_install']
[0.115s] Level 1:colcon.colcon_core.package_identification:_identify(src/datasets/coco/images/test2017) by extension 'ignore'
[0.115s] Level 1:colcon.colcon_core.package_identification:_identify(src/datasets/coco/images/test2017) by extension 'ignore_ament_install'
[0.116s] Level 1:colcon.colcon_core.package_identification:_identify(src/datasets/coco/images/test2017) by extensions ['colcon_pkg']
[0.116s] Level 1:colcon.colcon_core.package_identification:_identify(src/datasets/coco/images/test2017) by extension 'colcon_pkg'
[0.116s] Level 1:colcon.colcon_core.package_identification:_identify(src/datasets/coco/images/test2017) by extensions ['colcon_meta']
[0.116s] Level 1:colcon.colcon_core.package_identification:_identify(src/datasets/coco/images/test2017) by extension 'colcon_meta'
[0.116s] Level 1:colcon.colcon_core.package_identification:_identify(src/datasets/coco/images/test2017) by extensions ['ros']
[0.116s] Level 1:colcon.colcon_core.package_identification:_identify(src/datasets/coco/images/test2017) by extension 'ros'
[0.116s] Level 1:colcon.colcon_core.package_identification:_identify(src/datasets/coco/images/test2017) by extensions ['cmake', 'python']
[0.116s] Level 1:colcon.colcon_core.package_identification:_identify(src/datasets/coco/images/test2017) by extension 'cmake'
[0.116s] Level 1:colcon.colcon_core.package_identification:_identify(src/datasets/coco/images/test2017) by extension 'python'
[0.116s] Level 1:colcon.colcon_core.package_identification:_identify(src/datasets/coco/images/test2017) by extensions ['python_setup_py']
[0.116s] Level 1:colcon.colcon_core.package_identification:_identify(src/datasets/coco/images/test2017) by extension 'python_setup_py'
[0.116s] Level 1:colcon.colcon_core.package_identification:_identify(src/datasets/coco/images/train2017) by extensions ['ignore', 'ignore_ament_install']
[0.116s] Level 1:colcon.colcon_core.package_identification:_identify(src/datasets/coco/images/train2017) by extension 'ignore'
[0.116s] Level 1:colcon.colcon_core.package_identification:_identify(src/datasets/coco/images/train2017) by extension 'ignore_ament_install'
[0.116s] Level 1:colcon.colcon_core.package_identification:_identify(src/datasets/coco/images/train2017) by extensions ['colcon_pkg']
[0.116s] Level 1:colcon.colcon_core.package_identification:_identify(src/datasets/coco/images/train2017) by extension 'colcon_pkg'
[0.116s] Level 1:colcon.colcon_core.package_identification:_identify(src/datasets/coco/images/train2017) by extensions ['colcon_meta']
[0.116s] Level 1:colcon.colcon_core.package_identification:_identify(src/datasets/coco/images/train2017) by extension 'colcon_meta'
[0.116s] Level 1:colcon.colcon_core.package_identification:_identify(src/datasets/coco/images/train2017) by extensions ['ros']
[0.116s] Level 1:colcon.colcon_core.package_identification:_identify(src/datasets/coco/images/train2017) by extension 'ros'
[0.116s] Level 1:colcon.colcon_core.package_identification:_identify(src/datasets/coco/images/train2017) by extensions ['cmake', 'python']
[0.116s] Level 1:colcon.colcon_core.package_identification:_identify(src/datasets/coco/images/train2017) by extension 'cmake'
[0.116s] Level 1:colcon.colcon_core.package_identification:_identify(src/datasets/coco/images/train2017) by extension 'python'
[0.116s] Level 1:colcon.colcon_core.package_identification:_identify(src/datasets/coco/images/train2017) by extensions ['python_setup_py']
[0.116s] Level 1:colcon.colcon_core.package_identification:_identify(src/datasets/coco/images/train2017) by extension 'python_setup_py'
[0.117s] Level 1:colcon.colcon_core.package_identification:_identify(src/datasets/coco/images/val2017) by extensions ['ignore', 'ignore_ament_install']
[0.117s] Level 1:colcon.colcon_core.package_identification:_identify(src/datasets/coco/images/val2017) by extension 'ignore'
[0.117s] Level 1:colcon.colcon_core.package_identification:_identify(src/datasets/coco/images/val2017) by extension 'ignore_ament_install'
[0.117s] Level 1:colcon.colcon_core.package_identification:_identify(src/datasets/coco/images/val2017) by extensions ['colcon_pkg']
[0.117s] Level 1:colcon.colcon_core.package_identification:_identify(src/datasets/coco/images/val2017) by extension 'colcon_pkg'
[0.117s] Level 1:colcon.colcon_core.package_identification:_identify(src/datasets/coco/images/val2017) by extensions ['colcon_meta']
[0.117s] Level 1:colcon.colcon_core.package_identification:_identify(src/datasets/coco/images/val2017) by extension 'colcon_meta'
[0.117s] Level 1:colcon.colcon_core.package_identification:_identify(src/datasets/coco/images/val2017) by extensions ['ros']
[0.117s] Level 1:colcon.colcon_core.package_identification:_identify(src/datasets/coco/images/val2017) by extension 'ros'
[0.118s] Level 1:colcon.colcon_core.package_identification:_identify(src/datasets/coco/images/val2017) by extensions ['cmake', 'python']
[0.118s] Level 1:colcon.colcon_core.package_identification:_identify(src/datasets/coco/images/val2017) by extension 'cmake'
[0.118s] Level 1:colcon.colcon_core.package_identification:_identify(src/datasets/coco/images/val2017) by extension 'python'
[0.118s] Level 1:colcon.colcon_core.package_identification:_identify(src/datasets/coco/images/val2017) by extensions ['python_setup_py']
[0.118s] Level 1:colcon.colcon_core.package_identification:_identify(src/datasets/coco/images/val2017) by extension 'python_setup_py'
[0.118s] Level 1:colcon.colcon_core.package_identification:_identify(src/datasets/coco/labels) by extensions ['ignore', 'ignore_ament_install']
[0.118s] Level 1:colcon.colcon_core.package_identification:_identify(src/datasets/coco/labels) by extension 'ignore'
[0.118s] Level 1:colcon.colcon_core.package_identification:_identify(src/datasets/coco/labels) by extension 'ignore_ament_install'
[0.118s] Level 1:colcon.colcon_core.package_identification:_identify(src/datasets/coco/labels) by extensions ['colcon_pkg']
[0.118s] Level 1:colcon.colcon_core.package_identification:_identify(src/datasets/coco/labels) by extension 'colcon_pkg'
[0.118s] Level 1:colcon.colcon_core.package_identification:_identify(src/datasets/coco/labels) by extensions ['colcon_meta']
[0.118s] Level 1:colcon.colcon_core.package_identification:_identify(src/datasets/coco/labels) by extension 'colcon_meta'
[0.118s] Level 1:colcon.colcon_core.package_identification:_identify(src/datasets/coco/labels) by extensions ['ros']
[0.118s] Level 1:colcon.colcon_core.package_identification:_identify(src/datasets/coco/labels) by extension 'ros'
[0.118s] Level 1:colcon.colcon_core.package_identification:_identify(src/datasets/coco/labels) by extensions ['cmake', 'python']
[0.118s] Level 1:colcon.colcon_core.package_identification:_identify(src/datasets/coco/labels) by extension 'cmake'
[0.118s] Level 1:colcon.colcon_core.package_identification:_identify(src/datasets/coco/labels) by extension 'python'
[0.118s] Level 1:colcon.colcon_core.package_identification:_identify(src/datasets/coco/labels) by extensions ['python_setup_py']
[0.118s] Level 1:colcon.colcon_core.package_identification:_identify(src/datasets/coco/labels) by extension 'python_setup_py'
[0.144s] Level 1:colcon.colcon_core.package_identification:_identify(src/datasets/coco/labels/train2017) by extensions ['ignore', 'ignore_ament_install']
[0.144s] Level 1:colcon.colcon_core.package_identification:_identify(src/datasets/coco/labels/train2017) by extension 'ignore'
[0.144s] Level 1:colcon.colcon_core.package_identification:_identify(src/datasets/coco/labels/train2017) by extension 'ignore_ament_install'
[0.145s] Level 1:colcon.colcon_core.package_identification:_identify(src/datasets/coco/labels/train2017) by extensions ['colcon_pkg']
[0.145s] Level 1:colcon.colcon_core.package_identification:_identify(src/datasets/coco/labels/train2017) by extension 'colcon_pkg'
[0.145s] Level 1:colcon.colcon_core.package_identification:_identify(src/datasets/coco/labels/train2017) by extensions ['colcon_meta']
[0.145s] Level 1:colcon.colcon_core.package_identification:_identify(src/datasets/coco/labels/train2017) by extension 'colcon_meta'
[0.145s] Level 1:colcon.colcon_core.package_identification:_identify(src/datasets/coco/labels/train2017) by extensions ['ros']
[0.145s] Level 1:colcon.colcon_core.package_identification:_identify(src/datasets/coco/labels/train2017) by extension 'ros'
[0.145s] Level 1:colcon.colcon_core.package_identification:_identify(src/datasets/coco/labels/train2017) by extensions ['cmake', 'python']
[0.145s] Level 1:colcon.colcon_core.package_identification:_identify(src/datasets/coco/labels/train2017) by extension 'cmake'
[0.145s] Level 1:colcon.colcon_core.package_identification:_identify(src/datasets/coco/labels/train2017) by extension 'python'
[0.145s] Level 1:colcon.colcon_core.package_identification:_identify(src/datasets/coco/labels/train2017) by extensions ['python_setup_py']
[0.145s] Level 1:colcon.colcon_core.package_identification:_identify(src/datasets/coco/labels/train2017) by extension 'python_setup_py'
[0.146s] Level 1:colcon.colcon_core.package_identification:_identify(src/datasets/coco/labels/val2017) by extensions ['ignore', 'ignore_ament_install']
[0.146s] Level 1:colcon.colcon_core.package_identification:_identify(src/datasets/coco/labels/val2017) by extension 'ignore'
[0.146s] Level 1:colcon.colcon_core.package_identification:_identify(src/datasets/coco/labels/val2017) by extension 'ignore_ament_install'
[0.147s] Level 1:colcon.colcon_core.package_identification:_identify(src/datasets/coco/labels/val2017) by extensions ['colcon_pkg']
[0.147s] Level 1:colcon.colcon_core.package_identification:_identify(src/datasets/coco/labels/val2017) by extension 'colcon_pkg'
[0.147s] Level 1:colcon.colcon_core.package_identification:_identify(src/datasets/coco/labels/val2017) by extensions ['colcon_meta']
[0.147s] Level 1:colcon.colcon_core.package_identification:_identify(src/datasets/coco/labels/val2017) by extension 'colcon_meta'
[0.147s] Level 1:colcon.colcon_core.package_identification:_identify(src/datasets/coco/labels/val2017) by extensions ['ros']
[0.147s] Level 1:colcon.colcon_core.package_identification:_identify(src/datasets/coco/labels/val2017) by extension 'ros'
[0.147s] Level 1:colcon.colcon_core.package_identification:_identify(src/datasets/coco/labels/val2017) by extensions ['cmake', 'python']
[0.147s] Level 1:colcon.colcon_core.package_identification:_identify(src/datasets/coco/labels/val2017) by extension 'cmake'
[0.147s] Level 1:colcon.colcon_core.package_identification:_identify(src/datasets/coco/labels/val2017) by extension 'python'
[0.147s] Level 1:colcon.colcon_core.package_identification:_identify(src/datasets/coco/labels/val2017) by extensions ['python_setup_py']
[0.147s] Level 1:colcon.colcon_core.package_identification:_identify(src/datasets/coco/labels/val2017) by extension 'python_setup_py'
[0.147s] Level 1:colcon.colcon_core.package_identification:_identify(src/datasets/coco128) by extensions ['ignore', 'ignore_ament_install']
[0.147s] Level 1:colcon.colcon_core.package_identification:_identify(src/datasets/coco128) by extension 'ignore'
[0.147s] Level 1:colcon.colcon_core.package_identification:_identify(src/datasets/coco128) by extension 'ignore_ament_install'
[0.147s] Level 1:colcon.colcon_core.package_identification:_identify(src/datasets/coco128) by extensions ['colcon_pkg']
[0.147s] Level 1:colcon.colcon_core.package_identification:_identify(src/datasets/coco128) by extension 'colcon_pkg'
[0.147s] Level 1:colcon.colcon_core.package_identification:_identify(src/datasets/coco128) by extensions ['colcon_meta']
[0.147s] Level 1:colcon.colcon_core.package_identification:_identify(src/datasets/coco128) by extension 'colcon_meta'
[0.147s] Level 1:colcon.colcon_core.package_identification:_identify(src/datasets/coco128) by extensions ['ros']
[0.147s] Level 1:colcon.colcon_core.package_identification:_identify(src/datasets/coco128) by extension 'ros'
[0.147s] Level 1:colcon.colcon_core.package_identification:_identify(src/datasets/coco128) by extensions ['cmake', 'python']
[0.147s] Level 1:colcon.colcon_core.package_identification:_identify(src/datasets/coco128) by extension 'cmake'
[0.147s] Level 1:colcon.colcon_core.package_identification:_identify(src/datasets/coco128) by extension 'python'
[0.147s] Level 1:colcon.colcon_core.package_identification:_identify(src/datasets/coco128) by extensions ['python_setup_py']
[0.147s] Level 1:colcon.colcon_core.package_identification:_identify(src/datasets/coco128) by extension 'python_setup_py'
[0.147s] Level 1:colcon.colcon_core.package_identification:_identify(src/datasets/coco128/images) by extensions ['ignore', 'ignore_ament_install']
[0.147s] Level 1:colcon.colcon_core.package_identification:_identify(src/datasets/coco128/images) by extension 'ignore'
[0.147s] Level 1:colcon.colcon_core.package_identification:_identify(src/datasets/coco128/images) by extension 'ignore_ament_install'
[0.147s] Level 1:colcon.colcon_core.package_identification:_identify(src/datasets/coco128/images) by extensions ['colcon_pkg']
[0.147s] Level 1:colcon.colcon_core.package_identification:_identify(src/datasets/coco128/images) by extension 'colcon_pkg'
[0.147s] Level 1:colcon.colcon_core.package_identification:_identify(src/datasets/coco128/images) by extensions ['colcon_meta']
[0.147s] Level 1:colcon.colcon_core.package_identification:_identify(src/datasets/coco128/images) by extension 'colcon_meta'
[0.147s] Level 1:colcon.colcon_core.package_identification:_identify(src/datasets/coco128/images) by extensions ['ros']
[0.147s] Level 1:colcon.colcon_core.package_identification:_identify(src/datasets/coco128/images) by extension 'ros'
[0.147s] Level 1:colcon.colcon_core.package_identification:_identify(src/datasets/coco128/images) by extensions ['cmake', 'python']
[0.147s] Level 1:colcon.colcon_core.package_identification:_identify(src/datasets/coco128/images) by extension 'cmake'
[0.147s] Level 1:colcon.colcon_core.package_identification:_identify(src/datasets/coco128/images) by extension 'python'
[0.147s] Level 1:colcon.colcon_core.package_identification:_identify(src/datasets/coco128/images) by extensions ['python_setup_py']
[0.147s] Level 1:colcon.colcon_core.package_identification:_identify(src/datasets/coco128/images) by extension 'python_setup_py'
[0.147s] Level 1:colcon.colcon_core.package_identification:_identify(src/datasets/coco128/images/train2017) by extensions ['ignore', 'ignore_ament_install']
[0.147s] Level 1:colcon.colcon_core.package_identification:_identify(src/datasets/coco128/images/train2017) by extension 'ignore'
[0.147s] Level 1:colcon.colcon_core.package_identification:_identify(src/datasets/coco128/images/train2017) by extension 'ignore_ament_install'
[0.147s] Level 1:colcon.colcon_core.package_identification:_identify(src/datasets/coco128/images/train2017) by extensions ['colcon_pkg']
[0.147s] Level 1:colcon.colcon_core.package_identification:_identify(src/datasets/coco128/images/train2017) by extension 'colcon_pkg'
[0.147s] Level 1:colcon.colcon_core.package_identification:_identify(src/datasets/coco128/images/train2017) by extensions ['colcon_meta']
[0.147s] Level 1:colcon.colcon_core.package_identification:_identify(src/datasets/coco128/images/train2017) by extension 'colcon_meta'
[0.147s] Level 1:colcon.colcon_core.package_identification:_identify(src/datasets/coco128/images/train2017) by extensions ['ros']
[0.147s] Level 1:colcon.colcon_core.package_identification:_identify(src/datasets/coco128/images/train2017) by extension 'ros'
[0.147s] Level 1:colcon.colcon_core.package_identification:_identify(src/datasets/coco128/images/train2017) by extensions ['cmake', 'python']
[0.147s] Level 1:colcon.colcon_core.package_identification:_identify(src/datasets/coco128/images/train2017) by extension 'cmake'
[0.147s] Level 1:colcon.colcon_core.package_identification:_identify(src/datasets/coco128/images/train2017) by extension 'python'
[0.147s] Level 1:colcon.colcon_core.package_identification:_identify(src/datasets/coco128/images/train2017) by extensions ['python_setup_py']
[0.147s] Level 1:colcon.colcon_core.package_identification:_identify(src/datasets/coco128/images/train2017) by extension 'python_setup_py'
[0.147s] Level 1:colcon.colcon_core.package_identification:_identify(src/datasets/coco128/labels) by extensions ['ignore', 'ignore_ament_install']
[0.147s] Level 1:colcon.colcon_core.package_identification:_identify(src/datasets/coco128/labels) by extension 'ignore'
[0.147s] Level 1:colcon.colcon_core.package_identification:_identify(src/datasets/coco128/labels) by extension 'ignore_ament_install'
[0.147s] Level 1:colcon.colcon_core.package_identification:_identify(src/datasets/coco128/labels) by extensions ['colcon_pkg']
[0.147s] Level 1:colcon.colcon_core.package_identification:_identify(src/datasets/coco128/labels) by extension 'colcon_pkg'
[0.147s] Level 1:colcon.colcon_core.package_identification:_identify(src/datasets/coco128/labels) by extensions ['colcon_meta']
[0.147s] Level 1:colcon.colcon_core.package_identification:_identify(src/datasets/coco128/labels) by extension 'colcon_meta'
[0.148s] Level 1:colcon.colcon_core.package_identification:_identify(src/datasets/coco128/labels) by extensions ['ros']
[0.148s] Level 1:colcon.colcon_core.package_identification:_identify(src/datasets/coco128/labels) by extension 'ros'
[0.148s] Level 1:colcon.colcon_core.package_identification:_identify(src/datasets/coco128/labels) by extensions ['cmake', 'python']
[0.148s] Level 1:colcon.colcon_core.package_identification:_identify(src/datasets/coco128/labels) by extension 'cmake'
[0.148s] Level 1:colcon.colcon_core.package_identification:_identify(src/datasets/coco128/labels) by extension 'python'
[0.148s] Level 1:colcon.colcon_core.package_identification:_identify(src/datasets/coco128/labels) by extensions ['python_setup_py']
[0.148s] Level 1:colcon.colcon_core.package_identification:_identify(src/datasets/coco128/labels) by extension 'python_setup_py'
[0.148s] Level 1:colcon.colcon_core.package_identification:_identify(src/datasets/coco128/labels/train2017) by extensions ['ignore', 'ignore_ament_install']
[0.148s] Level 1:colcon.colcon_core.package_identification:_identify(src/datasets/coco128/labels/train2017) by extension 'ignore'
[0.148s] Level 1:colcon.colcon_core.package_identification:_identify(src/datasets/coco128/labels/train2017) by extension 'ignore_ament_install'
[0.148s] Level 1:colcon.colcon_core.package_identification:_identify(src/datasets/coco128/labels/train2017) by extensions ['colcon_pkg']
[0.148s] Level 1:colcon.colcon_core.package_identification:_identify(src/datasets/coco128/labels/train2017) by extension 'colcon_pkg'
[0.148s] Level 1:colcon.colcon_core.package_identification:_identify(src/datasets/coco128/labels/train2017) by extensions ['colcon_meta']
[0.148s] Level 1:colcon.colcon_core.package_identification:_identify(src/datasets/coco128/labels/train2017) by extension 'colcon_meta'
[0.148s] Level 1:colcon.colcon_core.package_identification:_identify(src/datasets/coco128/labels/train2017) by extensions ['ros']
[0.148s] Level 1:colcon.colcon_core.package_identification:_identify(src/datasets/coco128/labels/train2017) by extension 'ros'
[0.148s] Level 1:colcon.colcon_core.package_identification:_identify(src/datasets/coco128/labels/train2017) by extensions ['cmake', 'python']
[0.148s] Level 1:colcon.colcon_core.package_identification:_identify(src/datasets/coco128/labels/train2017) by extension 'cmake'
[0.148s] Level 1:colcon.colcon_core.package_identification:_identify(src/datasets/coco128/labels/train2017) by extension 'python'
[0.148s] Level 1:colcon.colcon_core.package_identification:_identify(src/datasets/coco128/labels/train2017) by extensions ['python_setup_py']
[0.148s] Level 1:colcon.colcon_core.package_identification:_identify(src/datasets/coco128/labels/train2017) by extension 'python_setup_py'
[0.148s] Level 1:colcon.colcon_core.package_identification:_identify(src/my_opencv_pkg) by extensions ['ignore', 'ignore_ament_install']
[0.148s] Level 1:colcon.colcon_core.package_identification:_identify(src/my_opencv_pkg) by extension 'ignore'
[0.148s] Level 1:colcon.colcon_core.package_identification:_identify(src/my_opencv_pkg) by extension 'ignore_ament_install'
[0.148s] Level 1:colcon.colcon_core.package_identification:_identify(src/my_opencv_pkg) by extensions ['colcon_pkg']
[0.148s] Level 1:colcon.colcon_core.package_identification:_identify(src/my_opencv_pkg) by extension 'colcon_pkg'
[0.148s] Level 1:colcon.colcon_core.package_identification:_identify(src/my_opencv_pkg) by extensions ['colcon_meta']
[0.148s] Level 1:colcon.colcon_core.package_identification:_identify(src/my_opencv_pkg) by extension 'colcon_meta'
[0.148s] Level 1:colcon.colcon_core.package_identification:_identify(src/my_opencv_pkg) by extensions ['ros']
[0.148s] Level 1:colcon.colcon_core.package_identification:_identify(src/my_opencv_pkg) by extension 'ros'
[0.148s] DEBUG:colcon.colcon_core.package_identification:Package 'src/my_opencv_pkg' with type 'ros.ament_python' and name 'my_opencv_pkg'
[0.148s] Level 1:colcon.colcon_core.package_identification:_identify(src/my_package) by extensions ['ignore', 'ignore_ament_install']
[0.148s] Level 1:colcon.colcon_core.package_identification:_identify(src/my_package) by extension 'ignore'
[0.148s] Level 1:colcon.colcon_core.package_identification:_identify(src/my_package) by extension 'ignore_ament_install'
[0.148s] Level 1:colcon.colcon_core.package_identification:_identify(src/my_package) by extensions ['colcon_pkg']
[0.148s] Level 1:colcon.colcon_core.package_identification:_identify(src/my_package) by extension 'colcon_pkg'
[0.148s] Level 1:colcon.colcon_core.package_identification:_identify(src/my_package) by extensions ['colcon_meta']
[0.148s] Level 1:colcon.colcon_core.package_identification:_identify(src/my_package) by extension 'colcon_meta'
[0.148s] Level 1:colcon.colcon_core.package_identification:_identify(src/my_package) by extensions ['ros']
[0.148s] Level 1:colcon.colcon_core.package_identification:_identify(src/my_package) by extension 'ros'
[0.149s] DEBUG:colcon.colcon_core.package_identification:Package 'src/my_package' with type 'ros.ament_python' and name 'my_package'
[0.149s] Level 1:colcon.colcon_core.package_identification:_identify(src/my_package_msgs) by extensions ['ignore', 'ignore_ament_install']
[0.149s] Level 1:colcon.colcon_core.package_identification:_identify(src/my_package_msgs) by extension 'ignore'
[0.149s] Level 1:colcon.colcon_core.package_identification:_identify(src/my_package_msgs) by extension 'ignore_ament_install'
[0.149s] Level 1:colcon.colcon_core.package_identification:_identify(src/my_package_msgs) by extensions ['colcon_pkg']
[0.149s] Level 1:colcon.colcon_core.package_identification:_identify(src/my_package_msgs) by extension 'colcon_pkg'
[0.149s] Level 1:colcon.colcon_core.package_identification:_identify(src/my_package_msgs) by extensions ['colcon_meta']
[0.149s] Level 1:colcon.colcon_core.package_identification:_identify(src/my_package_msgs) by extension 'colcon_meta'
[0.149s] Level 1:colcon.colcon_core.package_identification:_identify(src/my_package_msgs) by extensions ['ros']
[0.149s] Level 1:colcon.colcon_core.package_identification:_identify(src/my_package_msgs) by extension 'ros'
[0.149s] DEBUG:colcon.colcon_core.package_identification:Package 'src/my_package_msgs' with type 'ros.ament_cmake' and name 'my_package_msgs'
[0.149s] Level 1:colcon.colcon_core.package_identification:_identify(src/my_so_arm_gazebo) by extensions ['ignore', 'ignore_ament_install']
[0.149s] Level 1:colcon.colcon_core.package_identification:_identify(src/my_so_arm_gazebo) by extension 'ignore'
[0.149s] Level 1:colcon.colcon_core.package_identification:_identify(src/my_so_arm_gazebo) by extension 'ignore_ament_install'
[0.149s] Level 1:colcon.colcon_core.package_identification:_identify(src/my_so_arm_gazebo) by extensions ['colcon_pkg']
[0.149s] Level 1:colcon.colcon_core.package_identification:_identify(src/my_so_arm_gazebo) by extension 'colcon_pkg'
[0.149s] Level 1:colcon.colcon_core.package_identification:_identify(src/my_so_arm_gazebo) by extensions ['colcon_meta']
[0.149s] Level 1:colcon.colcon_core.package_identification:_identify(src/my_so_arm_gazebo) by extension 'colcon_meta'
[0.149s] Level 1:colcon.colcon_core.package_identification:_identify(src/my_so_arm_gazebo) by extensions ['ros']
[0.149s] Level 1:colcon.colcon_core.package_identification:_identify(src/my_so_arm_gazebo) by extension 'ros'
[0.149s] DEBUG:colcon.colcon_core.package_identification:Package 'src/my_so_arm_gazebo' with type 'ros.ament_cmake' and name 'my_so_arm_gazebo'
[0.149s] Level 1:colcon.colcon_core.package_identification:_identify(src/robot_arm_control) by extensions ['ignore', 'ignore_ament_install']
[0.149s] Level 1:colcon.colcon_core.package_identification:_identify(src/robot_arm_control) by extension 'ignore'
[0.149s] Level 1:colcon.colcon_core.package_identification:_identify(src/robot_arm_control) by extension 'ignore_ament_install'
[0.149s] Level 1:colcon.colcon_core.package_identification:_identify(src/robot_arm_control) by extensions ['colcon_pkg']
[0.149s] Level 1:colcon.colcon_core.package_identification:_identify(src/robot_arm_control) by extension 'colcon_pkg'
[0.149s] Level 1:colcon.colcon_core.package_identification:_identify(src/robot_arm_control) by extensions ['colcon_meta']
[0.149s] Level 1:colcon.colcon_core.package_identification:_identify(src/robot_arm_control) by extension 'colcon_meta'
[0.149s] Level 1:colcon.colcon_core.package_identification:_identify(src/robot_arm_control) by extensions ['ros']
[0.149s] Level 1:colcon.colcon_core.package_identification:_identify(src/robot_arm_control) by extension 'ros'
[0.150s] DEBUG:colcon.colcon_core.package_identification:Package 'src/robot_arm_control' with type 'ros.ament_cmake' and name 'robot_arm_control'
[0.150s] Level 1:colcon.colcon_core.package_identification:_identify(src/robot_moveit_control) by extensions ['ignore', 'ignore_ament_install']
[0.150s] Level 1:colcon.colcon_core.package_identification:_identify(src/robot_moveit_control) by extension 'ignore'
[0.150s] Level 1:colcon.colcon_core.package_identification:_identify(src/robot_moveit_control) by extension 'ignore_ament_install'
[0.150s] Level 1:colcon.colcon_core.package_identification:_identify(src/robot_moveit_control) by extensions ['colcon_pkg']
[0.150s] Level 1:colcon.colcon_core.package_identification:_identify(src/robot_moveit_control) by extension 'colcon_pkg'
[0.150s] Level 1:colcon.colcon_core.package_identification:_identify(src/robot_moveit_control) by extensions ['colcon_meta']
[0.150s] Level 1:colcon.colcon_core.package_identification:_identify(src/robot_moveit_control) by extension 'colcon_meta'
[0.150s] Level 1:colcon.colcon_core.package_identification:_identify(src/robot_moveit_control) by extensions ['ros']
[0.150s] Level 1:colcon.colcon_core.package_identification:_identify(src/robot_moveit_control) by extension 'ros'
[0.150s] Level 1:colcon.colcon_core.package_identification:_identify(src/robot_moveit_control) by extensions ['cmake', 'python']
[0.150s] Level 1:colcon.colcon_core.package_identification:_identify(src/robot_moveit_control) by extension 'cmake'
[0.150s] Level 1:colcon.colcon_core.package_identification:_identify(src/robot_moveit_control) by extension 'python'
[0.150s] Level 1:colcon.colcon_core.package_identification:_identify(src/robot_moveit_control) by extensions ['python_setup_py']
[0.150s] Level 1:colcon.colcon_core.package_identification:_identify(src/robot_moveit_control) by extension 'python_setup_py'
[0.150s] Level 1:colcon.colcon_core.package_identification:_identify(src/so_arm101_pkg) by extensions ['ignore', 'ignore_ament_install']
[0.150s] Level 1:colcon.colcon_core.package_identification:_identify(src/so_arm101_pkg) by extension 'ignore'
[0.150s] Level 1:colcon.colcon_core.package_identification:_identify(src/so_arm101_pkg) by extension 'ignore_ament_install'
[0.150s] Level 1:colcon.colcon_core.package_identification:_identify(src/so_arm101_pkg) by extensions ['colcon_pkg']
[0.150s] Level 1:colcon.colcon_core.package_identification:_identify(src/so_arm101_pkg) by extension 'colcon_pkg'
[0.150s] Level 1:colcon.colcon_core.package_identification:_identify(src/so_arm101_pkg) by extensions ['colcon_meta']
[0.150s] Level 1:colcon.colcon_core.package_identification:_identify(src/so_arm101_pkg) by extension 'colcon_meta'
[0.150s] Level 1:colcon.colcon_core.package_identification:_identify(src/so_arm101_pkg) by extensions ['ros']
[0.150s] Level 1:colcon.colcon_core.package_identification:_identify(src/so_arm101_pkg) by extension 'ros'
[0.150s] DEBUG:colcon.colcon_core.package_identification:Package 'src/so_arm101_pkg' with type 'ros.ament_python' and name 'so_arm101_pkg'
[0.150s] Level 1:colcon.colcon_core.package_identification:_identify(src/yolo_ros) by extensions ['ignore', 'ignore_ament_install']
[0.150s] Level 1:colcon.colcon_core.package_identification:_identify(src/yolo_ros) by extension 'ignore'
[0.150s] Level 1:colcon.colcon_core.package_identification:_identify(src/yolo_ros) by extension 'ignore_ament_install'
[0.150s] Level 1:colcon.colcon_core.package_identification:_identify(src/yolo_ros) by extensions ['colcon_pkg']
[0.150s] Level 1:colcon.colcon_core.package_identification:_identify(src/yolo_ros) by extension 'colcon_pkg'
[0.150s] Level 1:colcon.colcon_core.package_identification:_identify(src/yolo_ros) by extensions ['colcon_meta']
[0.150s] Level 1:colcon.colcon_core.package_identification:_identify(src/yolo_ros) by extension 'colcon_meta'
[0.150s] Level 1:colcon.colcon_core.package_identification:_identify(src/yolo_ros) by extensions ['ros']
[0.151s] Level 1:colcon.colcon_core.package_identification:_identify(src/yolo_ros) by extension 'ros'
[0.151s] Level 1:colcon.colcon_core.package_identification:_identify(src/yolo_ros) by extensions ['cmake', 'python']
[0.151s] Level 1:colcon.colcon_core.package_identification:_identify(src/yolo_ros) by extension 'cmake'
[0.151s] Level 1:colcon.colcon_core.package_identification:_identify(src/yolo_ros) by extension 'python'
[0.151s] Level 1:colcon.colcon_core.package_identification:_identify(src/yolo_ros) by extensions ['python_setup_py']
[0.151s] Level 1:colcon.colcon_core.package_identification:_identify(src/yolo_ros) by extension 'python_setup_py'
[0.151s] Level 1:colcon.colcon_core.package_identification:_identify(src/yolo_ros/docs) by extensions ['ignore', 'ignore_ament_install']
[0.151s] Level 1:colcon.colcon_core.package_identification:_identify(src/yolo_ros/docs) by extension 'ignore'
[0.151s] Level 1:colcon.colcon_core.package_identification:_identify(src/yolo_ros/docs) by extension 'ignore_ament_install'
[0.151s] Level 1:colcon.colcon_core.package_identification:_identify(src/yolo_ros/docs) by extensions ['colcon_pkg']
[0.151s] Level 1:colcon.colcon_core.package_identification:_identify(src/yolo_ros/docs) by extension 'colcon_pkg'
[0.151s] Level 1:colcon.colcon_core.package_identification:_identify(src/yolo_ros/docs) by extensions ['colcon_meta']
[0.151s] Level 1:colcon.colcon_core.package_identification:_identify(src/yolo_ros/docs) by extension 'colcon_meta'
[0.151s] Level 1:colcon.colcon_core.package_identification:_identify(src/yolo_ros/docs) by extensions ['ros']
[0.151s] Level 1:colcon.colcon_core.package_identification:_identify(src/yolo_ros/docs) by extension 'ros'
[0.151s] Level 1:colcon.colcon_core.package_identification:_identify(src/yolo_ros/docs) by extensions ['cmake', 'python']
[0.151s] Level 1:colcon.colcon_core.package_identification:_identify(src/yolo_ros/docs) by extension 'cmake'
[0.151s] Level 1:colcon.colcon_core.package_identification:_identify(src/yolo_ros/docs) by extension 'python'
[0.151s] Level 1:colcon.colcon_core.package_identification:_identify(src/yolo_ros/docs) by extensions ['python_setup_py']
[0.151s] Level 1:colcon.colcon_core.package_identification:_identify(src/yolo_ros/docs) by extension 'python_setup_py'
[0.151s] Level 1:colcon.colcon_core.package_identification:_identify(src/yolo_ros/yolo_bringup) by extensions ['ignore', 'ignore_ament_install']
[0.151s] Level 1:colcon.colcon_core.package_identification:_identify(src/yolo_ros/yolo_bringup) by extension 'ignore'
[0.151s] Level 1:colcon.colcon_core.package_identification:_identify(src/yolo_ros/yolo_bringup) by extension 'ignore_ament_install'
[0.151s] Level 1:colcon.colcon_core.package_identification:_identify(src/yolo_ros/yolo_bringup) by extensions ['colcon_pkg']
[0.151s] Level 1:colcon.colcon_core.package_identification:_identify(src/yolo_ros/yolo_bringup) by extension 'colcon_pkg'
[0.151s] Level 1:colcon.colcon_core.package_identification:_identify(src/yolo_ros/yolo_bringup) by extensions ['colcon_meta']
[0.151s] Level 1:colcon.colcon_core.package_identification:_identify(src/yolo_ros/yolo_bringup) by extension 'colcon_meta'
[0.151s] Level 1:colcon.colcon_core.package_identification:_identify(src/yolo_ros/yolo_bringup) by extensions ['ros']
[0.151s] Level 1:colcon.colcon_core.package_identification:_identify(src/yolo_ros/yolo_bringup) by extension 'ros'
[0.151s] DEBUG:colcon.colcon_core.package_identification:Package 'src/yolo_ros/yolo_bringup' with type 'ros.ament_cmake' and name 'yolo_bringup'
[0.151s] Level 1:colcon.colcon_core.package_identification:_identify(src/yolo_ros/yolo_msgs) by extensions ['ignore', 'ignore_ament_install']
[0.151s] Level 1:colcon.colcon_core.package_identification:_identify(src/yolo_ros/yolo_msgs) by extension 'ignore'
[0.151s] Level 1:colcon.colcon_core.package_identification:_identify(src/yolo_ros/yolo_msgs) by extension 'ignore_ament_install'
[0.151s] Level 1:colcon.colcon_core.package_identification:_identify(src/yolo_ros/yolo_msgs) by extensions ['colcon_pkg']
[0.151s] Level 1:colcon.colcon_core.package_identification:_identify(src/yolo_ros/yolo_msgs) by extension 'colcon_pkg'
[0.151s] Level 1:colcon.colcon_core.package_identification:_identify(src/yolo_ros/yolo_msgs) by extensions ['colcon_meta']
[0.151s] Level 1:colcon.colcon_core.package_identification:_identify(src/yolo_ros/yolo_msgs) by extension 'colcon_meta'
[0.151s] Level 1:colcon.colcon_core.package_identification:_identify(src/yolo_ros/yolo_msgs) by extensions ['ros']
[0.151s] Level 1:colcon.colcon_core.package_identification:_identify(src/yolo_ros/yolo_msgs) by extension 'ros'
[0.151s] DEBUG:colcon.colcon_core.package_identification:Package 'src/yolo_ros/yolo_msgs' with type 'ros.ament_cmake' and name 'yolo_msgs'
[0.152s] Level 1:colcon.colcon_core.package_identification:_identify(src/yolo_ros/yolo_ros) by extensions ['ignore', 'ignore_ament_install']
[0.152s] Level 1:colcon.colcon_core.package_identification:_identify(src/yolo_ros/yolo_ros) by extension 'ignore'
[0.152s] Level 1:colcon.colcon_core.package_identification:_identify(src/yolo_ros/yolo_ros) by extension 'ignore_ament_install'
[0.152s] Level 1:colcon.colcon_core.package_identification:_identify(src/yolo_ros/yolo_ros) by extensions ['colcon_pkg']
[0.152s] Level 1:colcon.colcon_core.package_identification:_identify(src/yolo_ros/yolo_ros) by extension 'colcon_pkg'
[0.152s] Level 1:colcon.colcon_core.package_identification:_identify(src/yolo_ros/yolo_ros) by extensions ['colcon_meta']
[0.152s] Level 1:colcon.colcon_core.package_identification:_identify(src/yolo_ros/yolo_ros) by extension 'colcon_meta'
[0.152s] Level 1:colcon.colcon_core.package_identification:_identify(src/yolo_ros/yolo_ros) by extensions ['ros']
[0.152s] Level 1:colcon.colcon_core.package_identification:_identify(src/yolo_ros/yolo_ros) by extension 'ros'
[0.152s] DEBUG:colcon.colcon_core.package_identification:Package 'src/yolo_ros/yolo_ros' with type 'ros.ament_python' and name 'yolo_ros'
[0.152s] Level 1:colcon.colcon_core.package_discovery:discover_packages(recursive) using defaults
[0.152s] Level 1:colcon.colcon_core.package_discovery:discover_packages(ignore) discover
[0.152s] Level 1:colcon.colcon_core.package_discovery:discover_packages(ignore) using defaults
[0.152s] Level 1:colcon.colcon_core.package_discovery:discover_packages(path) discover
[0.152s] Level 1:colcon.colcon_core.package_discovery:discover_packages(path) using defaults
[0.160s] INFO:colcon.colcon_core.package_selection:Skipping not selected package 'camera_3d_pkg' in 'src/camera_3d_pkg'
[0.160s] INFO:colcon.colcon_core.package_selection:Skipping not selected package 'camera_3d_pkg1' in 'src/camera_3d_pkg1'
[0.160s] INFO:colcon.colcon_core.package_selection:Skipping not selected package 'my_opencv_pkg' in 'src/my_opencv_pkg'
[0.160s] INFO:colcon.colcon_core.package_selection:Skipping not selected package 'my_package' in 'src/my_package'
[0.160s] INFO:colcon.colcon_core.package_selection:Skipping not selected package 'my_so_arm_gazebo' in 'src/my_so_arm_gazebo'
[0.160s] INFO:colcon.colcon_core.package_selection:Skipping not selected package 'robot_arm_control' in 'src/robot_arm_control'
[0.160s] INFO:colcon.colcon_core.package_selection:Skipping not selected package 'so_arm101_pkg' in 'src/so_arm101_pkg'
[0.160s] INFO:colcon.colcon_core.package_selection:Skipping not selected package 'yolo_msgs' in 'src/yolo_ros/yolo_msgs'
[0.160s] INFO:colcon.colcon_core.package_selection:Skipping not selected package 'yolo_ros' in 'src/yolo_ros/yolo_ros'
[0.160s] INFO:colcon.colcon_core.package_selection:Skipping not selected package 'yolo_bringup' in 'src/yolo_ros/yolo_bringup'
[0.161s] Level 5:colcon.colcon_core.verb:set package 'my_package_msgs' build argument 'cmake_args' from command line to 'None'
[0.161s] Level 5:colcon.colcon_core.verb:set package 'my_package_msgs' build argument 'cmake_target' from command line to 'None'
[0.161s] Level 5:colcon.colcon_core.verb:set package 'my_package_msgs' build argument 'cmake_target_skip_unavailable' from command line to 'False'
[0.161s] Level 5:colcon.colcon_core.verb:set package 'my_package_msgs' build argument 'cmake_clean_cache' from command line to 'False'
[0.161s] Level 5:colcon.colcon_core.verb:set package 'my_package_msgs' build argument 'cmake_clean_first' from command line to 'False'
[0.161s] Level 5:colcon.colcon_core.verb:set package 'my_package_msgs' build argument 'cmake_force_configure' from command line to 'False'
[0.161s] Level 5:colcon.colcon_core.verb:set package 'my_package_msgs' build argument 'ament_cmake_args' from command line to 'None'
[0.161s] Level 5:colcon.colcon_core.verb:set package 'my_package_msgs' build argument 'catkin_cmake_args' from command line to 'None'
[0.161s] Level 5:colcon.colcon_core.verb:set package 'my_package_msgs' build argument 'catkin_skip_building_tests' from command line to 'False'
[0.161s] DEBUG:colcon.colcon_core.verb:Building package 'my_package_msgs' with the following arguments: {'ament_cmake_args': None, 'build_base': '/home/tech/ros2/my_first_ws/build/my_package_msgs', 'catkin_cmake_args': None, 'catkin_skip_building_tests': False, 'cmake_args': None, 'cmake_clean_cache': False, 'cmake_clean_first': False, 'cmake_force_configure': False, 'cmake_target': None, 'cmake_target_skip_unavailable': False, 'install_base': '/home/tech/ros2/my_first_ws/install/my_package_msgs', 'merge_install': False, 'path': '/home/tech/ros2/my_first_ws/src/my_package_msgs', 'symlink_install': False, 'test_result_base': None}
[0.161s] INFO:colcon.colcon_core.executor:Executing jobs using 'parallel' executor
[0.162s] DEBUG:colcon.colcon_parallel_executor.executor.parallel:run_until_complete
[0.162s] INFO:colcon.colcon_ros.task.ament_cmake.build:Building ROS package in '/home/tech/ros2/my_first_ws/src/my_package_msgs' with build type 'ament_cmake'
[0.162s] INFO:colcon.colcon_cmake.task.cmake.build:Building CMake package in '/home/tech/ros2/my_first_ws/src/my_package_msgs'
[0.164s] INFO:colcon.colcon_core.plugin_system:Skipping extension 'colcon_core.shell.bat': Not used on non-Windows systems
[0.165s] INFO:colcon.colcon_core.shell:Skip shell extension 'powershell' for command environment: Not usable outside of PowerShell
[0.165s] DEBUG:colcon.colcon_core.shell:Skip shell extension 'dsv' for command environment
[0.173s] DEBUG:colcon.colcon_core.event_handler.log_command:Invoking command in '/home/tech/ros2/my_first_ws/build/my_package_msgs': CMAKE_PREFIX_PATH=${CMAKE_PREFIX_PATH}:/home/tech/ros2/my_first_ws/install/my_package:/opt/ros/humble /usr/bin/cmake --build /home/tech/ros2/my_first_ws/build/my_package_msgs -- -j24 -l24
[2.662s] DEBUG:colcon.colcon_core.event_handler.log_command:Invoked command in '/home/tech/ros2/my_first_ws/build/my_package_msgs' returned '0': CMAKE_PREFIX_PATH=${CMAKE_PREFIX_PATH}:/home/tech/ros2/my_first_ws/install/my_package:/opt/ros/humble /usr/bin/cmake --build /home/tech/ros2/my_first_ws/build/my_package_msgs -- -j24 -l24
[2.672s] DEBUG:colcon.colcon_core.event_handler.log_command:Invoking command in '/home/tech/ros2/my_first_ws/build/my_package_msgs': CMAKE_PREFIX_PATH=${CMAKE_PREFIX_PATH}:/home/tech/ros2/my_first_ws/install/my_package:/opt/ros/humble /usr/bin/cmake --install /home/tech/ros2/my_first_ws/build/my_package_msgs
[2.724s] Level 1:colcon.colcon_core.environment:create_environment_scripts_only(my_package_msgs)
[2.725s] DEBUG:colcon.colcon_core.event_handler.log_command:Invoked command in '/home/tech/ros2/my_first_ws/build/my_package_msgs' returned '0': CMAKE_PREFIX_PATH=${CMAKE_PREFIX_PATH}:/home/tech/ros2/my_first_ws/install/my_package:/opt/ros/humble /usr/bin/cmake --install /home/tech/ros2/my_first_ws/build/my_package_msgs
[2.726s] Level 1:colcon.colcon_core.environment:checking '/home/tech/ros2/my_first_ws/install/my_package_msgs' for CMake module files
[2.727s] Level 1:colcon.colcon_core.environment:checking '/home/tech/ros2/my_first_ws/install/my_package_msgs' for CMake config files
[2.727s] Level 1:colcon.colcon_core.shell:create_environment_hook('my_package_msgs', 'cmake_prefix_path')
[2.727s] INFO:colcon.colcon_core.shell:Creating environment hook '/home/tech/ros2/my_first_ws/install/my_package_msgs/share/my_package_msgs/hook/cmake_prefix_path.ps1'
[2.728s] INFO:colcon.colcon_core.shell:Creating environment descriptor '/home/tech/ros2/my_first_ws/install/my_package_msgs/share/my_package_msgs/hook/cmake_prefix_path.dsv'
[2.728s] INFO:colcon.colcon_core.shell:Creating environment hook '/home/tech/ros2/my_first_ws/install/my_package_msgs/share/my_package_msgs/hook/cmake_prefix_path.sh'
[2.729s] Level 1:colcon.colcon_core.environment:checking '/home/tech/ros2/my_first_ws/install/my_package_msgs/lib'
[2.729s] Level 1:colcon.colcon_core.shell:create_environment_hook('my_package_msgs', 'ld_library_path_lib')
[2.729s] INFO:colcon.colcon_core.shell:Creating environment hook '/home/tech/ros2/my_first_ws/install/my_package_msgs/share/my_package_msgs/hook/ld_library_path_lib.ps1'
[2.729s] INFO:colcon.colcon_core.shell:Creating environment descriptor '/home/tech/ros2/my_first_ws/install/my_package_msgs/share/my_package_msgs/hook/ld_library_path_lib.dsv'
[2.729s] INFO:colcon.colcon_core.shell:Creating environment hook '/home/tech/ros2/my_first_ws/install/my_package_msgs/share/my_package_msgs/hook/ld_library_path_lib.sh'
[2.730s] Level 1:colcon.colcon_core.environment:checking '/home/tech/ros2/my_first_ws/install/my_package_msgs/bin'
[2.730s] Level 1:colcon.colcon_core.environment:checking '/home/tech/ros2/my_first_ws/install/my_package_msgs/lib/pkgconfig/my_package_msgs.pc'
[2.731s] Level 1:colcon.colcon_core.environment:checking '/home/tech/ros2/my_first_ws/install/my_package_msgs/lib/python3.10/site-packages'
[2.732s] Level 1:colcon.colcon_core.environment:checking '/home/tech/ros2/my_first_ws/install/my_package_msgs/bin'
[2.738s] INFO:colcon.colcon_core.shell:Creating package script '/home/tech/ros2/my_first_ws/install/my_package_msgs/share/my_package_msgs/package.ps1'
[2.739s] INFO:colcon.colcon_core.shell:Creating package descriptor '/home/tech/ros2/my_first_ws/install/my_package_msgs/share/my_package_msgs/package.dsv'
[2.739s] INFO:colcon.colcon_core.shell:Creating package script '/home/tech/ros2/my_first_ws/install/my_package_msgs/share/my_package_msgs/package.sh'
[2.739s] INFO:colcon.colcon_core.shell:Creating package script '/home/tech/ros2/my_first_ws/install/my_package_msgs/share/my_package_msgs/package.bash'
[2.740s] INFO:colcon.colcon_core.shell:Creating package script '/home/tech/ros2/my_first_ws/install/my_package_msgs/share/my_package_msgs/package.zsh'
[2.740s] Level 1:colcon.colcon_core.environment:create_file_with_runtime_dependencies(/home/tech/ros2/my_first_ws/install/my_package_msgs/share/colcon-core/packages/my_package_msgs)
[2.740s] Level 1:colcon.colcon_core.environment:create_environment_scripts_only(my_package_msgs)
[2.740s] Level 1:colcon.colcon_core.environment:checking '/home/tech/ros2/my_first_ws/install/my_package_msgs' for CMake module files
[2.741s] Level 1:colcon.colcon_core.environment:checking '/home/tech/ros2/my_first_ws/install/my_package_msgs' for CMake config files
[2.741s] Level 1:colcon.colcon_core.shell:create_environment_hook('my_package_msgs', 'cmake_prefix_path')
[2.741s] INFO:colcon.colcon_core.shell:Creating environment hook '/home/tech/ros2/my_first_ws/install/my_package_msgs/share/my_package_msgs/hook/cmake_prefix_path.ps1'
[2.741s] INFO:colcon.colcon_core.shell:Creating environment descriptor '/home/tech/ros2/my_first_ws/install/my_package_msgs/share/my_package_msgs/hook/cmake_prefix_path.dsv'
[2.741s] INFO:colcon.colcon_core.shell:Creating environment hook '/home/tech/ros2/my_first_ws/install/my_package_msgs/share/my_package_msgs/hook/cmake_prefix_path.sh'
[2.742s] Level 1:colcon.colcon_core.environment:checking '/home/tech/ros2/my_first_ws/install/my_package_msgs/lib'
[2.742s] Level 1:colcon.colcon_core.shell:create_environment_hook('my_package_msgs', 'ld_library_path_lib')
[2.742s] INFO:colcon.colcon_core.shell:Creating environment hook '/home/tech/ros2/my_first_ws/install/my_package_msgs/share/my_package_msgs/hook/ld_library_path_lib.ps1'
[2.742s] INFO:colcon.colcon_core.shell:Creating environment descriptor '/home/tech/ros2/my_first_ws/install/my_package_msgs/share/my_package_msgs/hook/ld_library_path_lib.dsv'
[2.742s] INFO:colcon.colcon_core.shell:Creating environment hook '/home/tech/ros2/my_first_ws/install/my_package_msgs/share/my_package_msgs/hook/ld_library_path_lib.sh'
[2.742s] Level 1:colcon.colcon_core.environment:checking '/home/tech/ros2/my_first_ws/install/my_package_msgs/bin'
[2.742s] Level 1:colcon.colcon_core.environment:checking '/home/tech/ros2/my_first_ws/install/my_package_msgs/lib/pkgconfig/my_package_msgs.pc'
[2.742s] Level 1:colcon.colcon_core.environment:checking '/home/tech/ros2/my_first_ws/install/my_package_msgs/lib/python3.10/site-packages'
[2.742s] Level 1:colcon.colcon_core.environment:checking '/home/tech/ros2/my_first_ws/install/my_package_msgs/bin'
[2.743s] INFO:colcon.colcon_core.shell:Creating package script '/home/tech/ros2/my_first_ws/install/my_package_msgs/share/my_package_msgs/package.ps1'
[2.743s] INFO:colcon.colcon_core.shell:Creating package descriptor '/home/tech/ros2/my_first_ws/install/my_package_msgs/share/my_package_msgs/package.dsv'
[2.743s] INFO:colcon.colcon_core.shell:Creating package script '/home/tech/ros2/my_first_ws/install/my_package_msgs/share/my_package_msgs/package.sh'
[2.743s] INFO:colcon.colcon_core.shell:Creating package script '/home/tech/ros2/my_first_ws/install/my_package_msgs/share/my_package_msgs/package.bash'
[2.743s] INFO:colcon.colcon_core.shell:Creating package script '/home/tech/ros2/my_first_ws/install/my_package_msgs/share/my_package_msgs/package.zsh'
[2.744s] Level 1:colcon.colcon_core.environment:create_file_with_runtime_dependencies(/home/tech/ros2/my_first_ws/install/my_package_msgs/share/colcon-core/packages/my_package_msgs)
[2.744s] DEBUG:colcon.colcon_parallel_executor.executor.parallel:closing loop
[2.744s] DEBUG:colcon.colcon_parallel_executor.executor.parallel:loop closed
[2.744s] DEBUG:colcon.colcon_parallel_executor.executor.parallel:run_until_complete finished with '0'
[2.744s] DEBUG:colcon.colcon_core.event_reactor:joining thread
[2.749s] INFO:colcon.colcon_core.plugin_system:Skipping extension 'colcon_notification.desktop_notification.notify_send': Could not find 'notify-send'
[2.749s] INFO:colcon.colcon_core.plugin_system:Skipping extension 'colcon_notification.desktop_notification.terminal_notifier': Not used on non-Darwin systems
[2.749s] INFO:colcon.colcon_core.plugin_system:Skipping extension 'colcon_notification.desktop_notification.win32': Not used on non-Windows systems
[2.749s] INFO:colcon.colcon_notification.desktop_notification:Sending desktop notification using 'notify2'
[2.752s] DEBUG:colcon.colcon_notification.desktop_notification.notify2:Failed to initialize notify2: org.freedesktop.DBus.Error.Spawn.ExecFailed: /usr/bin/dbus-launch terminated abnormally without any error message
[2.753s] DEBUG:colcon.colcon_core.event_reactor:joined thread
[2.753s] INFO:colcon.colcon_core.shell:Creating prefix script '/home/tech/ros2/my_first_ws/install/local_setup.ps1'
[2.754s] INFO:colcon.colcon_core.shell:Creating prefix util module '/home/tech/ros2/my_first_ws/install/_local_setup_util_ps1.py'
[2.755s] INFO:colcon.colcon_core.shell:Creating prefix chain script '/home/tech/ros2/my_first_ws/install/setup.ps1'
[2.755s] INFO:colcon.colcon_core.shell:Creating prefix script '/home/tech/ros2/my_first_ws/install/local_setup.sh'
[2.755s] INFO:colcon.colcon_core.shell:Creating prefix util module '/home/tech/ros2/my_first_ws/install/_local_setup_util_sh.py'
[2.756s] INFO:colcon.colcon_core.shell:Creating prefix chain script '/home/tech/ros2/my_first_ws/install/setup.sh'
[2.756s] INFO:colcon.colcon_core.shell:Creating prefix script '/home/tech/ros2/my_first_ws/install/local_setup.bash'
[2.756s] INFO:colcon.colcon_core.shell:Creating prefix chain script '/home/tech/ros2/my_first_ws/install/setup.bash'
[2.757s] INFO:colcon.colcon_core.shell:Creating prefix script '/home/tech/ros2/my_first_ws/install/local_setup.zsh'
[2.757s] INFO:colcon.colcon_core.shell:Creating prefix chain script '/home/tech/ros2/my_first_ws/install/setup.zsh'
