[0.009s] Invoking command in '/home/tech/ros2/my_first_ws/build/my_package_msgs': CMAKE_PREFIX_PATH=${CMAKE_PREFIX_PATH}:/home/tech/ros2/my_first_ws/install/my_package:/opt/ros/humble /usr/bin/cmake --build /home/tech/ros2/my_first_ws/build/my_package_msgs -- -j24 -l24
[0.053s] [  2%] Built target my_package_msgs__cpp
[0.055s] [ 12%] Built target my_package_msgs__rosidl_generator_c
[0.060s] [ 12%] Built target ament_cmake_python_copy_my_package_msgs
[0.078s] [ 23%] Built target my_package_msgs__rosidl_typesupport_cpp
[0.078s] [ 33%] Built target my_package_msgs__rosidl_typesupport_fastrtps_cpp
[0.079s] [ 43%] Built target my_package_msgs__rosidl_typesupport_introspection_cpp
[0.082s] [ 53%] Built target my_package_msgs__rosidl_typesupport_c
[0.084s] [ 64%] Built target my_package_msgs__rosidl_typesupport_introspection_c
[0.085s] [ 74%] Built target my_package_msgs__rosidl_typesupport_fastrtps_c
[0.102s] [ 74%] Built target my_package_msgs
[0.119s] [ 76%] Built target my_package_msgs__py
[0.140s] [ 84%] Built target my_package_msgs__rosidl_generator_py
[0.161s] [ 89%] Built target my_package_msgs__rosidl_typesupport_c__pyext
[0.162s] [ 94%] Built target my_package_msgs__rosidl_typesupport_introspection_c__pyext
[0.163s] [100%] Built target my_package_msgs__rosidl_typesupport_fastrtps_c__pyext
[0.185s] running egg_info
[0.185s] writing my_package_msgs.egg-info/PKG-INFO
[0.186s] writing dependency_links to my_package_msgs.egg-info/dependency_links.txt
[0.186s] writing top-level names to my_package_msgs.egg-info/top_level.txt
[0.187s] reading manifest file 'my_package_msgs.egg-info/SOURCES.txt'
[0.187s] writing manifest file 'my_package_msgs.egg-info/SOURCES.txt'
[0.206s] [100%] Built target ament_cmake_python_build_my_package_msgs_egg
[0.220s] Invoked command in '/home/tech/ros2/my_first_ws/build/my_package_msgs' returned '0': CMAKE_PREFIX_PATH=${CMAKE_PREFIX_PATH}:/home/tech/ros2/my_first_ws/install/my_package:/opt/ros/humble /usr/bin/cmake --build /home/tech/ros2/my_first_ws/build/my_package_msgs -- -j24 -l24
[0.231s] Invoking command in '/home/tech/ros2/my_first_ws/build/my_package_msgs': CMAKE_PREFIX_PATH=${CMAKE_PREFIX_PATH}:/home/tech/ros2/my_first_ws/install/my_package:/opt/ros/humble /usr/bin/cmake --install /home/tech/ros2/my_first_ws/build/my_package_msgs
[0.238s] -- Install configuration: ""
[0.238s] -- Up-to-date: /home/tech/ros2/my_first_ws/install/my_package_msgs/share/ament_index/resource_index/rosidl_interfaces/my_package_msgs
[0.238s] -- Up-to-date: /home/tech/ros2/my_first_ws/install/my_package_msgs/include/my_package_msgs/my_package_msgs
[0.238s] -- Up-to-date: /home/tech/ros2/my_first_ws/install/my_package_msgs/include/my_package_msgs/my_package_msgs/srv
[0.238s] -- Up-to-date: /home/tech/ros2/my_first_ws/install/my_package_msgs/include/my_package_msgs/my_package_msgs/srv/multi_spawn.h
[0.238s] -- Up-to-date: /home/tech/ros2/my_first_ws/install/my_package_msgs/include/my_package_msgs/my_package_msgs/srv/detail
[0.238s] -- Up-to-date: /home/tech/ros2/my_first_ws/install/my_package_msgs/include/my_package_msgs/my_package_msgs/srv/detail/multi_spawn__type_support.h
[0.238s] -- Up-to-date: /home/tech/ros2/my_first_ws/install/my_package_msgs/include/my_package_msgs/my_package_msgs/srv/detail/multi_spawn__struct.h
[0.238s] -- Up-to-date: /home/tech/ros2/my_first_ws/install/my_package_msgs/include/my_package_msgs/my_package_msgs/srv/detail/multi_spawn__functions.c
[0.239s] -- Up-to-date: /home/tech/ros2/my_first_ws/install/my_package_msgs/include/my_package_msgs/my_package_msgs/srv/detail/multi_spawn__functions.h
[0.239s] -- Up-to-date: /home/tech/ros2/my_first_ws/install/my_package_msgs/include/my_package_msgs/my_package_msgs/msg
[0.239s] -- Up-to-date: /home/tech/ros2/my_first_ws/install/my_package_msgs/include/my_package_msgs/my_package_msgs/msg/rosidl_generator_c__visibility_control.h
[0.239s] -- Up-to-date: /home/tech/ros2/my_first_ws/install/my_package_msgs/include/my_package_msgs/my_package_msgs/msg/detail
[0.239s] -- Up-to-date: /home/tech/ros2/my_first_ws/install/my_package_msgs/include/my_package_msgs/my_package_msgs/msg/detail/cmd_and_pose_vel__functions.c
[0.239s] -- Up-to-date: /home/tech/ros2/my_first_ws/install/my_package_msgs/include/my_package_msgs/my_package_msgs/msg/detail/cmd_and_pose_vel__struct.h
[0.239s] -- Up-to-date: /home/tech/ros2/my_first_ws/install/my_package_msgs/include/my_package_msgs/my_package_msgs/msg/detail/cmd_and_pose_vel__type_support.h
[0.239s] -- Up-to-date: /home/tech/ros2/my_first_ws/install/my_package_msgs/include/my_package_msgs/my_package_msgs/msg/detail/cmd_and_pose_vel__functions.h
[0.239s] -- Up-to-date: /home/tech/ros2/my_first_ws/install/my_package_msgs/include/my_package_msgs/my_package_msgs/msg/cmd_and_pose_vel.h
[0.239s] -- Up-to-date: /home/tech/ros2/my_first_ws/install/my_package_msgs/share/my_package_msgs/environment/library_path.sh
[0.239s] -- Up-to-date: /home/tech/ros2/my_first_ws/install/my_package_msgs/share/my_package_msgs/environment/library_path.dsv
[0.239s] -- Up-to-date: /home/tech/ros2/my_first_ws/install/my_package_msgs/lib/libmy_package_msgs__rosidl_generator_c.so
[0.239s] -- Up-to-date: /home/tech/ros2/my_first_ws/install/my_package_msgs/include/my_package_msgs/my_package_msgs
[0.240s] -- Up-to-date: /home/tech/ros2/my_first_ws/install/my_package_msgs/include/my_package_msgs/my_package_msgs/srv
[0.240s] -- Up-to-date: /home/tech/ros2/my_first_ws/install/my_package_msgs/include/my_package_msgs/my_package_msgs/srv/detail
[0.240s] -- Up-to-date: /home/tech/ros2/my_first_ws/install/my_package_msgs/include/my_package_msgs/my_package_msgs/srv/detail/multi_spawn__rosidl_typesupport_fastrtps_c.h
[0.240s] -- Up-to-date: /home/tech/ros2/my_first_ws/install/my_package_msgs/include/my_package_msgs/my_package_msgs/msg
[0.240s] -- Up-to-date: /home/tech/ros2/my_first_ws/install/my_package_msgs/include/my_package_msgs/my_package_msgs/msg/detail
[0.240s] -- Up-to-date: /home/tech/ros2/my_first_ws/install/my_package_msgs/include/my_package_msgs/my_package_msgs/msg/detail/cmd_and_pose_vel__rosidl_typesupport_fastrtps_c.h
[0.240s] -- Up-to-date: /home/tech/ros2/my_first_ws/install/my_package_msgs/include/my_package_msgs/my_package_msgs/msg/rosidl_typesupport_fastrtps_c__visibility_control.h
[0.240s] -- Up-to-date: /home/tech/ros2/my_first_ws/install/my_package_msgs/lib/libmy_package_msgs__rosidl_typesupport_fastrtps_c.so
[0.241s] -- Up-to-date: /home/tech/ros2/my_first_ws/install/my_package_msgs/include/my_package_msgs/my_package_msgs
[0.241s] -- Up-to-date: /home/tech/ros2/my_first_ws/install/my_package_msgs/include/my_package_msgs/my_package_msgs/srv
[0.241s] -- Up-to-date: /home/tech/ros2/my_first_ws/install/my_package_msgs/include/my_package_msgs/my_package_msgs/srv/detail
[0.241s] -- Up-to-date: /home/tech/ros2/my_first_ws/install/my_package_msgs/include/my_package_msgs/my_package_msgs/srv/detail/multi_spawn__type_support.c
[0.241s] -- Up-to-date: /home/tech/ros2/my_first_ws/install/my_package_msgs/include/my_package_msgs/my_package_msgs/srv/detail/multi_spawn__rosidl_typesupport_introspection_c.h
[0.241s] -- Up-to-date: /home/tech/ros2/my_first_ws/install/my_package_msgs/include/my_package_msgs/my_package_msgs/msg
[0.241s] -- Up-to-date: /home/tech/ros2/my_first_ws/install/my_package_msgs/include/my_package_msgs/my_package_msgs/msg/detail
[0.241s] -- Up-to-date: /home/tech/ros2/my_first_ws/install/my_package_msgs/include/my_package_msgs/my_package_msgs/msg/detail/cmd_and_pose_vel__rosidl_typesupport_introspection_c.h
[0.241s] -- Up-to-date: /home/tech/ros2/my_first_ws/install/my_package_msgs/include/my_package_msgs/my_package_msgs/msg/detail/cmd_and_pose_vel__type_support.c
[0.241s] -- Up-to-date: /home/tech/ros2/my_first_ws/install/my_package_msgs/include/my_package_msgs/my_package_msgs/msg/rosidl_typesupport_introspection_c__visibility_control.h
[0.241s] -- Up-to-date: /home/tech/ros2/my_first_ws/install/my_package_msgs/lib/libmy_package_msgs__rosidl_typesupport_introspection_c.so
[0.241s] -- Up-to-date: /home/tech/ros2/my_first_ws/install/my_package_msgs/lib/libmy_package_msgs__rosidl_typesupport_c.so
[0.241s] -- Up-to-date: /home/tech/ros2/my_first_ws/install/my_package_msgs/include/my_package_msgs/my_package_msgs
[0.241s] -- Up-to-date: /home/tech/ros2/my_first_ws/install/my_package_msgs/include/my_package_msgs/my_package_msgs/srv
[0.241s] -- Up-to-date: /home/tech/ros2/my_first_ws/install/my_package_msgs/include/my_package_msgs/my_package_msgs/srv/detail
[0.241s] -- Up-to-date: /home/tech/ros2/my_first_ws/install/my_package_msgs/include/my_package_msgs/my_package_msgs/srv/detail/multi_spawn__traits.hpp
[0.241s] -- Up-to-date: /home/tech/ros2/my_first_ws/install/my_package_msgs/include/my_package_msgs/my_package_msgs/srv/detail/multi_spawn__struct.hpp
[0.241s] -- Up-to-date: /home/tech/ros2/my_first_ws/install/my_package_msgs/include/my_package_msgs/my_package_msgs/srv/detail/multi_spawn__builder.hpp
[0.241s] -- Up-to-date: /home/tech/ros2/my_first_ws/install/my_package_msgs/include/my_package_msgs/my_package_msgs/srv/detail/multi_spawn__type_support.hpp
[0.241s] -- Up-to-date: /home/tech/ros2/my_first_ws/install/my_package_msgs/include/my_package_msgs/my_package_msgs/srv/multi_spawn.hpp
[0.241s] -- Up-to-date: /home/tech/ros2/my_first_ws/install/my_package_msgs/include/my_package_msgs/my_package_msgs/msg
[0.241s] -- Up-to-date: /home/tech/ros2/my_first_ws/install/my_package_msgs/include/my_package_msgs/my_package_msgs/msg/detail
[0.241s] -- Up-to-date: /home/tech/ros2/my_first_ws/install/my_package_msgs/include/my_package_msgs/my_package_msgs/msg/detail/cmd_and_pose_vel__traits.hpp
[0.241s] -- Up-to-date: /home/tech/ros2/my_first_ws/install/my_package_msgs/include/my_package_msgs/my_package_msgs/msg/detail/cmd_and_pose_vel__type_support.hpp
[0.242s] -- Up-to-date: /home/tech/ros2/my_first_ws/install/my_package_msgs/include/my_package_msgs/my_package_msgs/msg/detail/cmd_and_pose_vel__struct.hpp
[0.242s] -- Up-to-date: /home/tech/ros2/my_first_ws/install/my_package_msgs/include/my_package_msgs/my_package_msgs/msg/detail/cmd_and_pose_vel__builder.hpp
[0.242s] -- Up-to-date: /home/tech/ros2/my_first_ws/install/my_package_msgs/include/my_package_msgs/my_package_msgs/msg/rosidl_generator_cpp__visibility_control.hpp
[0.242s] -- Up-to-date: /home/tech/ros2/my_first_ws/install/my_package_msgs/include/my_package_msgs/my_package_msgs/msg/cmd_and_pose_vel.hpp
[0.242s] -- Up-to-date: /home/tech/ros2/my_first_ws/install/my_package_msgs/include/my_package_msgs/my_package_msgs
[0.242s] -- Up-to-date: /home/tech/ros2/my_first_ws/install/my_package_msgs/include/my_package_msgs/my_package_msgs/srv
[0.242s] -- Up-to-date: /home/tech/ros2/my_first_ws/install/my_package_msgs/include/my_package_msgs/my_package_msgs/srv/detail
[0.242s] -- Up-to-date: /home/tech/ros2/my_first_ws/install/my_package_msgs/include/my_package_msgs/my_package_msgs/srv/detail/multi_spawn__rosidl_typesupport_fastrtps_cpp.hpp
[0.242s] -- Up-to-date: /home/tech/ros2/my_first_ws/install/my_package_msgs/include/my_package_msgs/my_package_msgs/srv/detail/dds_fastrtps
[0.242s] -- Up-to-date: /home/tech/ros2/my_first_ws/install/my_package_msgs/include/my_package_msgs/my_package_msgs/msg
[0.242s] -- Up-to-date: /home/tech/ros2/my_first_ws/install/my_package_msgs/include/my_package_msgs/my_package_msgs/msg/detail
[0.242s] -- Up-to-date: /home/tech/ros2/my_first_ws/install/my_package_msgs/include/my_package_msgs/my_package_msgs/msg/detail/cmd_and_pose_vel__rosidl_typesupport_fastrtps_cpp.hpp
[0.242s] -- Up-to-date: /home/tech/ros2/my_first_ws/install/my_package_msgs/include/my_package_msgs/my_package_msgs/msg/detail/dds_fastrtps
[0.242s] -- Up-to-date: /home/tech/ros2/my_first_ws/install/my_package_msgs/include/my_package_msgs/my_package_msgs/msg/rosidl_typesupport_fastrtps_cpp__visibility_control.h
[0.242s] -- Up-to-date: /home/tech/ros2/my_first_ws/install/my_package_msgs/lib/libmy_package_msgs__rosidl_typesupport_fastrtps_cpp.so
[0.242s] -- Up-to-date: /home/tech/ros2/my_first_ws/install/my_package_msgs/include/my_package_msgs/my_package_msgs
[0.242s] -- Up-to-date: /home/tech/ros2/my_first_ws/install/my_package_msgs/include/my_package_msgs/my_package_msgs/srv
[0.242s] -- Up-to-date: /home/tech/ros2/my_first_ws/install/my_package_msgs/include/my_package_msgs/my_package_msgs/srv/detail
[0.242s] -- Up-to-date: /home/tech/ros2/my_first_ws/install/my_package_msgs/include/my_package_msgs/my_package_msgs/srv/detail/multi_spawn__rosidl_typesupport_introspection_cpp.hpp
[0.242s] -- Up-to-date: /home/tech/ros2/my_first_ws/install/my_package_msgs/include/my_package_msgs/my_package_msgs/srv/detail/multi_spawn__type_support.cpp
[0.242s] -- Up-to-date: /home/tech/ros2/my_first_ws/install/my_package_msgs/include/my_package_msgs/my_package_msgs/msg
[0.242s] -- Up-to-date: /home/tech/ros2/my_first_ws/install/my_package_msgs/include/my_package_msgs/my_package_msgs/msg/detail
[0.242s] -- Up-to-date: /home/tech/ros2/my_first_ws/install/my_package_msgs/include/my_package_msgs/my_package_msgs/msg/detail/cmd_and_pose_vel__type_support.cpp
[0.242s] -- Up-to-date: /home/tech/ros2/my_first_ws/install/my_package_msgs/include/my_package_msgs/my_package_msgs/msg/detail/cmd_and_pose_vel__rosidl_typesupport_introspection_cpp.hpp
[0.243s] -- Up-to-date: /home/tech/ros2/my_first_ws/install/my_package_msgs/lib/libmy_package_msgs__rosidl_typesupport_introspection_cpp.so
[0.243s] -- Up-to-date: /home/tech/ros2/my_first_ws/install/my_package_msgs/lib/libmy_package_msgs__rosidl_typesupport_cpp.so
[0.243s] -- Up-to-date: /home/tech/ros2/my_first_ws/install/my_package_msgs/share/my_package_msgs/environment/pythonpath.sh
[0.243s] -- Up-to-date: /home/tech/ros2/my_first_ws/install/my_package_msgs/share/my_package_msgs/environment/pythonpath.dsv
[0.243s] -- Up-to-date: /home/tech/ros2/my_first_ws/install/my_package_msgs/local/lib/python3.10/dist-packages/my_package_msgs-0.0.0-py3.10.egg-info
[0.243s] -- Installing: /home/tech/ros2/my_first_ws/install/my_package_msgs/local/lib/python3.10/dist-packages/my_package_msgs-0.0.0-py3.10.egg-info/dependency_links.txt
[0.243s] -- Installing: /home/tech/ros2/my_first_ws/install/my_package_msgs/local/lib/python3.10/dist-packages/my_package_msgs-0.0.0-py3.10.egg-info/SOURCES.txt
[0.243s] -- Installing: /home/tech/ros2/my_first_ws/install/my_package_msgs/local/lib/python3.10/dist-packages/my_package_msgs-0.0.0-py3.10.egg-info/PKG-INFO
[0.243s] -- Installing: /home/tech/ros2/my_first_ws/install/my_package_msgs/local/lib/python3.10/dist-packages/my_package_msgs-0.0.0-py3.10.egg-info/top_level.txt
[0.243s] -- Up-to-date: /home/tech/ros2/my_first_ws/install/my_package_msgs/local/lib/python3.10/dist-packages/my_package_msgs
[0.243s] -- Up-to-date: /home/tech/ros2/my_first_ws/install/my_package_msgs/local/lib/python3.10/dist-packages/my_package_msgs/_my_package_msgs_s.ep.rosidl_typesupport_c.c
[0.243s] -- Up-to-date: /home/tech/ros2/my_first_ws/install/my_package_msgs/local/lib/python3.10/dist-packages/my_package_msgs/my_package_msgs_s__rosidl_typesupport_c.cpython-310-x86_64-linux-gnu.so
[0.243s] -- Up-to-date: /home/tech/ros2/my_first_ws/install/my_package_msgs/local/lib/python3.10/dist-packages/my_package_msgs/_my_package_msgs_s.ep.rosidl_typesupport_fastrtps_c.c
[0.243s] -- Up-to-date: /home/tech/ros2/my_first_ws/install/my_package_msgs/local/lib/python3.10/dist-packages/my_package_msgs/srv
[0.243s] -- Up-to-date: /home/tech/ros2/my_first_ws/install/my_package_msgs/local/lib/python3.10/dist-packages/my_package_msgs/srv/_multi_spawn_s.c
[0.243s] -- Up-to-date: /home/tech/ros2/my_first_ws/install/my_package_msgs/local/lib/python3.10/dist-packages/my_package_msgs/srv/__init__.py
[0.243s] -- Up-to-date: /home/tech/ros2/my_first_ws/install/my_package_msgs/local/lib/python3.10/dist-packages/my_package_msgs/srv/_multi_spawn.py
[0.243s] -- Up-to-date: /home/tech/ros2/my_first_ws/install/my_package_msgs/local/lib/python3.10/dist-packages/my_package_msgs/msg
[0.243s] -- Up-to-date: /home/tech/ros2/my_first_ws/install/my_package_msgs/local/lib/python3.10/dist-packages/my_package_msgs/msg/_cmd_and_pose_vel.py
[0.243s] -- Up-to-date: /home/tech/ros2/my_first_ws/install/my_package_msgs/local/lib/python3.10/dist-packages/my_package_msgs/msg/__init__.py
[0.243s] -- Up-to-date: /home/tech/ros2/my_first_ws/install/my_package_msgs/local/lib/python3.10/dist-packages/my_package_msgs/msg/_cmd_and_pose_vel_s.c
[0.243s] -- Up-to-date: /home/tech/ros2/my_first_ws/install/my_package_msgs/local/lib/python3.10/dist-packages/my_package_msgs/my_package_msgs_s__rosidl_typesupport_introspection_c.cpython-310-x86_64-linux-gnu.so
[0.243s] -- Up-to-date: /home/tech/ros2/my_first_ws/install/my_package_msgs/local/lib/python3.10/dist-packages/my_package_msgs/_my_package_msgs_s.ep.rosidl_typesupport_introspection_c.c
[0.243s] -- Up-to-date: /home/tech/ros2/my_first_ws/install/my_package_msgs/local/lib/python3.10/dist-packages/my_package_msgs/libmy_package_msgs__rosidl_generator_py.so
[0.243s] -- Up-to-date: /home/tech/ros2/my_first_ws/install/my_package_msgs/local/lib/python3.10/dist-packages/my_package_msgs/__init__.py
[0.243s] -- Up-to-date: /home/tech/ros2/my_first_ws/install/my_package_msgs/local/lib/python3.10/dist-packages/my_package_msgs/my_package_msgs_s__rosidl_typesupport_fastrtps_c.cpython-310-x86_64-linux-gnu.so
[0.264s] Listing '/home/tech/ros2/my_first_ws/install/my_package_msgs/local/lib/python3.10/dist-packages/my_package_msgs'...
[0.264s] Listing '/home/tech/ros2/my_first_ws/install/my_package_msgs/local/lib/python3.10/dist-packages/my_package_msgs/msg'...
[0.264s] Listing '/home/tech/ros2/my_first_ws/install/my_package_msgs/local/lib/python3.10/dist-packages/my_package_msgs/srv'...
[0.266s] -- Up-to-date: /home/tech/ros2/my_first_ws/install/my_package_msgs/local/lib/python3.10/dist-packages/my_package_msgs/my_package_msgs_s__rosidl_typesupport_fastrtps_c.cpython-310-x86_64-linux-gnu.so
[0.266s] -- Up-to-date: /home/tech/ros2/my_first_ws/install/my_package_msgs/local/lib/python3.10/dist-packages/my_package_msgs/my_package_msgs_s__rosidl_typesupport_introspection_c.cpython-310-x86_64-linux-gnu.so
[0.266s] -- Up-to-date: /home/tech/ros2/my_first_ws/install/my_package_msgs/local/lib/python3.10/dist-packages/my_package_msgs/my_package_msgs_s__rosidl_typesupport_c.cpython-310-x86_64-linux-gnu.so
[0.267s] -- Up-to-date: /home/tech/ros2/my_first_ws/install/my_package_msgs/lib/libmy_package_msgs__rosidl_generator_py.so
[0.267s] -- Up-to-date: /home/tech/ros2/my_first_ws/install/my_package_msgs/share/my_package_msgs/msg/CmdAndPoseVel.idl
[0.267s] -- Up-to-date: /home/tech/ros2/my_first_ws/install/my_package_msgs/share/my_package_msgs/srv/MultiSpawn.idl
[0.267s] -- Up-to-date: /home/tech/ros2/my_first_ws/install/my_package_msgs/share/my_package_msgs/msg/CmdAndPoseVel.msg
[0.267s] -- Up-to-date: /home/tech/ros2/my_first_ws/install/my_package_msgs/share/my_package_msgs/srv/MultiSpawn.srv
[0.267s] -- Up-to-date: /home/tech/ros2/my_first_ws/install/my_package_msgs/share/my_package_msgs/srv/MultiSpawn_Request.msg
[0.267s] -- Up-to-date: /home/tech/ros2/my_first_ws/install/my_package_msgs/share/my_package_msgs/srv/MultiSpawn_Response.msg
[0.267s] -- Up-to-date: /home/tech/ros2/my_first_ws/install/my_package_msgs/share/ament_index/resource_index/package_run_dependencies/my_package_msgs
[0.267s] -- Up-to-date: /home/tech/ros2/my_first_ws/install/my_package_msgs/share/ament_index/resource_index/parent_prefix_path/my_package_msgs
[0.267s] -- Up-to-date: /home/tech/ros2/my_first_ws/install/my_package_msgs/share/my_package_msgs/environment/ament_prefix_path.sh
[0.267s] -- Up-to-date: /home/tech/ros2/my_first_ws/install/my_package_msgs/share/my_package_msgs/environment/ament_prefix_path.dsv
[0.267s] -- Up-to-date: /home/tech/ros2/my_first_ws/install/my_package_msgs/share/my_package_msgs/environment/path.sh
[0.267s] -- Up-to-date: /home/tech/ros2/my_first_ws/install/my_package_msgs/share/my_package_msgs/environment/path.dsv
[0.268s] -- Up-to-date: /home/tech/ros2/my_first_ws/install/my_package_msgs/share/my_package_msgs/local_setup.bash
[0.268s] -- Up-to-date: /home/tech/ros2/my_first_ws/install/my_package_msgs/share/my_package_msgs/local_setup.sh
[0.268s] -- Up-to-date: /home/tech/ros2/my_first_ws/install/my_package_msgs/share/my_package_msgs/local_setup.zsh
[0.268s] -- Up-to-date: /home/tech/ros2/my_first_ws/install/my_package_msgs/share/my_package_msgs/local_setup.dsv
[0.268s] -- Installing: /home/tech/ros2/my_first_ws/install/my_package_msgs/share/my_package_msgs/package.dsv
[0.268s] -- Up-to-date: /home/tech/ros2/my_first_ws/install/my_package_msgs/share/ament_index/resource_index/packages/my_package_msgs
[0.268s] -- Up-to-date: /home/tech/ros2/my_first_ws/install/my_package_msgs/share/my_package_msgs/cmake/export_my_package_msgs__rosidl_generator_cExport.cmake
[0.268s] -- Up-to-date: /home/tech/ros2/my_first_ws/install/my_package_msgs/share/my_package_msgs/cmake/export_my_package_msgs__rosidl_generator_cExport-noconfig.cmake
[0.268s] -- Up-to-date: /home/tech/ros2/my_first_ws/install/my_package_msgs/share/my_package_msgs/cmake/export_my_package_msgs__rosidl_typesupport_fastrtps_cExport.cmake
[0.268s] -- Up-to-date: /home/tech/ros2/my_first_ws/install/my_package_msgs/share/my_package_msgs/cmake/export_my_package_msgs__rosidl_typesupport_fastrtps_cExport-noconfig.cmake
[0.268s] -- Up-to-date: /home/tech/ros2/my_first_ws/install/my_package_msgs/share/my_package_msgs/cmake/my_package_msgs__rosidl_typesupport_introspection_cExport.cmake
[0.268s] -- Up-to-date: /home/tech/ros2/my_first_ws/install/my_package_msgs/share/my_package_msgs/cmake/my_package_msgs__rosidl_typesupport_introspection_cExport-noconfig.cmake
[0.268s] -- Up-to-date: /home/tech/ros2/my_first_ws/install/my_package_msgs/share/my_package_msgs/cmake/my_package_msgs__rosidl_typesupport_cExport.cmake
[0.268s] -- Up-to-date: /home/tech/ros2/my_first_ws/install/my_package_msgs/share/my_package_msgs/cmake/my_package_msgs__rosidl_typesupport_cExport-noconfig.cmake
[0.268s] -- Up-to-date: /home/tech/ros2/my_first_ws/install/my_package_msgs/share/my_package_msgs/cmake/export_my_package_msgs__rosidl_generator_cppExport.cmake
[0.268s] -- Up-to-date: /home/tech/ros2/my_first_ws/install/my_package_msgs/share/my_package_msgs/cmake/export_my_package_msgs__rosidl_typesupport_fastrtps_cppExport.cmake
[0.268s] -- Up-to-date: /home/tech/ros2/my_first_ws/install/my_package_msgs/share/my_package_msgs/cmake/export_my_package_msgs__rosidl_typesupport_fastrtps_cppExport-noconfig.cmake
[0.268s] -- Up-to-date: /home/tech/ros2/my_first_ws/install/my_package_msgs/share/my_package_msgs/cmake/my_package_msgs__rosidl_typesupport_introspection_cppExport.cmake
[0.268s] -- Up-to-date: /home/tech/ros2/my_first_ws/install/my_package_msgs/share/my_package_msgs/cmake/my_package_msgs__rosidl_typesupport_introspection_cppExport-noconfig.cmake
[0.268s] -- Up-to-date: /home/tech/ros2/my_first_ws/install/my_package_msgs/share/my_package_msgs/cmake/my_package_msgs__rosidl_typesupport_cppExport.cmake
[0.268s] -- Up-to-date: /home/tech/ros2/my_first_ws/install/my_package_msgs/share/my_package_msgs/cmake/my_package_msgs__rosidl_typesupport_cppExport-noconfig.cmake
[0.268s] -- Up-to-date: /home/tech/ros2/my_first_ws/install/my_package_msgs/share/my_package_msgs/cmake/export_my_package_msgs__rosidl_generator_pyExport.cmake
[0.269s] -- Up-to-date: /home/tech/ros2/my_first_ws/install/my_package_msgs/share/my_package_msgs/cmake/export_my_package_msgs__rosidl_generator_pyExport-noconfig.cmake
[0.269s] -- Up-to-date: /home/tech/ros2/my_first_ws/install/my_package_msgs/share/my_package_msgs/cmake/rosidl_cmake-extras.cmake
[0.269s] -- Up-to-date: /home/tech/ros2/my_first_ws/install/my_package_msgs/share/my_package_msgs/cmake/ament_cmake_export_include_directories-extras.cmake
[0.269s] -- Up-to-date: /home/tech/ros2/my_first_ws/install/my_package_msgs/share/my_package_msgs/cmake/ament_cmake_export_libraries-extras.cmake
[0.269s] -- Up-to-date: /home/tech/ros2/my_first_ws/install/my_package_msgs/share/my_package_msgs/cmake/ament_cmake_export_targets-extras.cmake
[0.269s] -- Up-to-date: /home/tech/ros2/my_first_ws/install/my_package_msgs/share/my_package_msgs/cmake/rosidl_cmake_export_typesupport_targets-extras.cmake
[0.269s] -- Up-to-date: /home/tech/ros2/my_first_ws/install/my_package_msgs/share/my_package_msgs/cmake/ament_cmake_export_dependencies-extras.cmake
[0.269s] -- Up-to-date: /home/tech/ros2/my_first_ws/install/my_package_msgs/share/my_package_msgs/cmake/rosidl_cmake_export_typesupport_libraries-extras.cmake
[0.269s] -- Up-to-date: /home/tech/ros2/my_first_ws/install/my_package_msgs/share/my_package_msgs/cmake/my_package_msgsConfig.cmake
[0.269s] -- Up-to-date: /home/tech/ros2/my_first_ws/install/my_package_msgs/share/my_package_msgs/cmake/my_package_msgsConfig-version.cmake
[0.269s] -- Up-to-date: /home/tech/ros2/my_first_ws/install/my_package_msgs/share/my_package_msgs/package.xml
[0.271s] Invoked command in '/home/tech/ros2/my_first_ws/build/my_package_msgs' returned '0': CMAKE_PREFIX_PATH=${CMAKE_PREFIX_PATH}:/home/tech/ros2/my_first_ws/install/my_package:/opt/ros/humble /usr/bin/cmake --install /home/tech/ros2/my_first_ws/build/my_package_msgs
