/home/tech/ros2/my_first_ws/install/my_package/lib/python3.10/site-packages/my_package/my_node.py
/home/tech/ros2/my_first_ws/install/my_package/lib/python3.10/site-packages/my_package/sub_node.py
/home/tech/ros2/my_first_ws/install/my_package/lib/python3.10/site-packages/my_package/video_person_detection_node.py
/home/tech/ros2/my_first_ws/install/my_package/lib/python3.10/site-packages/my_package/pub_node.py
/home/tech/ros2/my_first_ws/install/my_package/lib/python3.10/site-packages/my_package/examples.py
/home/tech/ros2/my_first_ws/install/my_package/lib/python3.10/site-packages/my_package/__init__.py
/home/tech/ros2/my_first_ws/install/my_package/lib/python3.10/site-packages/my_package/my_action.py
/home/tech/ros2/my_first_ws/install/my_package/lib/python3.10/site-packages/my_package/cmd_pose.py
/home/tech/ros2/my_first_ws/install/my_package/lib/python3.10/site-packages/my_package/my_service.py
/home/tech/ros2/my_first_ws/install/my_package/lib/python3.10/site-packages/my_package/__pycache__/my_node.cpython-310.pyc
/home/tech/ros2/my_first_ws/install/my_package/lib/python3.10/site-packages/my_package/__pycache__/sub_node.cpython-310.pyc
/home/tech/ros2/my_first_ws/install/my_package/lib/python3.10/site-packages/my_package/__pycache__/video_person_detection_node.cpython-310.pyc
/home/tech/ros2/my_first_ws/install/my_package/lib/python3.10/site-packages/my_package/__pycache__/pub_node.cpython-310.pyc
/home/tech/ros2/my_first_ws/install/my_package/lib/python3.10/site-packages/my_package/__pycache__/examples.cpython-310.pyc
/home/tech/ros2/my_first_ws/install/my_package/lib/python3.10/site-packages/my_package/__pycache__/__init__.cpython-310.pyc
/home/tech/ros2/my_first_ws/install/my_package/lib/python3.10/site-packages/my_package/__pycache__/my_action.cpython-310.pyc
/home/tech/ros2/my_first_ws/install/my_package/lib/python3.10/site-packages/my_package/__pycache__/cmd_pose.cpython-310.pyc
/home/tech/ros2/my_first_ws/install/my_package/lib/python3.10/site-packages/my_package/__pycache__/my_service.cpython-310.pyc
/home/tech/ros2/my_first_ws/install/my_package/share/ament_index/resource_index/packages/my_package
/home/tech/ros2/my_first_ws/install/my_package/share/my_package/package.xml
/home/tech/ros2/my_first_ws/install/my_package/share/my_package/launch/my_package.launch.py
/home/tech/ros2/my_first_ws/install/my_package/lib/python3.10/site-packages/my_package-0.0.0-py3.10.egg-info/dependency_links.txt
/home/tech/ros2/my_first_ws/install/my_package/lib/python3.10/site-packages/my_package-0.0.0-py3.10.egg-info/entry_points.txt
/home/tech/ros2/my_first_ws/install/my_package/lib/python3.10/site-packages/my_package-0.0.0-py3.10.egg-info/zip-safe
/home/tech/ros2/my_first_ws/install/my_package/lib/python3.10/site-packages/my_package-0.0.0-py3.10.egg-info/SOURCES.txt
/home/tech/ros2/my_first_ws/install/my_package/lib/python3.10/site-packages/my_package-0.0.0-py3.10.egg-info/requires.txt
/home/tech/ros2/my_first_ws/install/my_package/lib/python3.10/site-packages/my_package-0.0.0-py3.10.egg-info/PKG-INFO
/home/tech/ros2/my_first_ws/install/my_package/lib/python3.10/site-packages/my_package-0.0.0-py3.10.egg-info/top_level.txt
/home/tech/ros2/my_first_ws/install/my_package/lib/my_package/cmd_pose
/home/tech/ros2/my_first_ws/install/my_package/lib/my_package/my_action
/home/tech/ros2/my_first_ws/install/my_package/lib/my_package/my_node
/home/tech/ros2/my_first_ws/install/my_package/lib/my_package/my_service
/home/tech/ros2/my_first_ws/install/my_package/lib/my_package/pub_node
/home/tech/ros2/my_first_ws/install/my_package/lib/my_package/sub_node
/home/tech/ros2/my_first_ws/install/my_package/lib/my_package/video_person_detection
