[0.010s] Invoking command in '/home/tech/ros2/my_first_ws/build/my_package_msgs': CMAKE_PREFIX_PATH=/opt/ros/humble /usr/bin/cmake /home/tech/ros2/my_first_ws/src/my_package_msgs -DCMAKE_INSTALL_PREFIX=/home/tech/ros2/my_first_ws/install/my_package_msgs
[0.020s] -- Found ament_cmake: 1.3.12 (/opt/ros/humble/share/ament_cmake/cmake)
[0.108s] -- Found Python3: /usr/bin/python3 (found version "3.10.12") found components: Interpreter 
[0.172s] -- Found rosidl_default_generators: 1.2.0 (/opt/ros/humble/share/rosidl_default_generators/cmake)
[0.174s] -- Using all available rosidl_typesupport_c: rosidl_typesupport_fastrtps_c;rosidl_typesupport_introspection_c
[0.179s] -- Found rosidl_adapter: 3.1.8 (/opt/ros/humble/share/rosidl_adapter/cmake)
[0.211s] -- Using all available rosidl_typesupport_cpp: rosidl_typesupport_fastrtps_cpp;rosidl_typesupport_introspection_cpp
[0.386s] -- Found ament_cmake_ros: 0.10.0 (/opt/ros/humble/share/ament_cmake_ros/cmake)
[0.491s] -- Using all available rosidl_typesupport_c: rosidl_typesupport_fastrtps_c;rosidl_typesupport_introspection_c
[0.643s] -- Using all available rosidl_typesupport_cpp: rosidl_typesupport_fastrtps_cpp;rosidl_typesupport_introspection_cpp
[0.656s] -- Found PythonInterp: /usr/bin/python3 (found suitable version "3.10.12", minimum required is "3.6") 
[0.657s] -- Found python_cmake_module: 0.10.0 (/opt/ros/humble/share/python_cmake_module/cmake)
[0.674s] -- Found PythonLibs: /usr/lib/x86_64-linux-gnu/libpython3.10.so (found suitable version "3.10.12", minimum required is "3.5") 
[0.674s] -- Using PYTHON_EXECUTABLE: /usr/bin/python3
[0.674s] -- Using PYTHON_INCLUDE_DIRS: /usr/include/python3.10
[0.674s] -- Using PYTHON_LIBRARIES: /usr/lib/x86_64-linux-gnu/libpython3.10.so
[0.688s] -- Found PythonExtra: .so  
[0.714s] -- Found ament_lint_auto: 0.12.14 (/opt/ros/humble/share/ament_lint_auto/cmake)
[0.730s] -- Added test 'lint_cmake' to check CMake code style
[0.731s] -- Added test 'xmllint' to check XML markup files
[0.732s] -- Configuring done
[0.746s] -- Generating done
[0.751s] -- Build files have been written to: /home/tech/ros2/my_first_ws/build/my_package_msgs
[0.754s] Invoked command in '/home/tech/ros2/my_first_ws/build/my_package_msgs' returned '0': CMAKE_PREFIX_PATH=/opt/ros/humble /usr/bin/cmake /home/tech/ros2/my_first_ws/src/my_package_msgs -DCMAKE_INSTALL_PREFIX=/home/tech/ros2/my_first_ws/install/my_package_msgs
[0.755s] Invoking command in '/home/tech/ros2/my_first_ws/build/my_package_msgs': CMAKE_PREFIX_PATH=/opt/ros/humble /usr/bin/cmake --build /home/tech/ros2/my_first_ws/build/my_package_msgs -- -j24 -l24
[0.784s] [  2%] [34m[1mGenerating C code for ROS interfaces[0m
[0.788s] [  5%] [34m[1mGenerating C++ code for ROS interfaces[0m
[0.793s] [  5%] Built target ament_cmake_python_copy_my_package_msgs
[0.889s] running egg_info
[0.890s] creating my_package_msgs.egg-info
[0.890s] writing my_package_msgs.egg-info/PKG-INFO
[0.890s] writing dependency_links to my_package_msgs.egg-info/dependency_links.txt
[0.890s] writing top-level names to my_package_msgs.egg-info/top_level.txt
[0.891s] writing manifest file 'my_package_msgs.egg-info/SOURCES.txt'
[0.892s] reading manifest file 'my_package_msgs.egg-info/SOURCES.txt'
[0.892s] writing manifest file 'my_package_msgs.egg-info/SOURCES.txt'
[0.909s] [  5%] Built target ament_cmake_python_build_my_package_msgs_egg
[0.932s] [  5%] Built target my_package_msgs__cpp
[0.932s] [  7%] [32mBuilding C object CMakeFiles/my_package_msgs__rosidl_generator_c.dir/rosidl_generator_c/my_package_msgs/msg/detail/cmd_and_pose_vel__functions.c.o[0m
[0.932s] [ 10%] [32mBuilding C object CMakeFiles/my_package_msgs__rosidl_generator_c.dir/rosidl_generator_c/my_package_msgs/srv/detail/multi_spawn__functions.c.o[0m
[0.937s] [ 12%] [34m[1mGenerating C++ type support dispatch for ROS interfaces[0m
[0.937s] [ 17%] [34m[1mGenerating C++ introspection for ROS interfaces[0m
[0.937s] [ 17%] [34m[1mGenerating C++ type support for eProsima Fast-RTPS[0m
[0.981s] [ 20%] [32m[1mLinking C shared library libmy_package_msgs__rosidl_generator_c.so[0m
[1.001s] [ 20%] Built target my_package_msgs__rosidl_generator_c
[1.007s] [ 23%] [34m[1mGenerating C type support dispatch for ROS interfaces[0m
[1.009s] [ 25%] [34m[1mGenerating C type support for eProsima Fast-RTPS[0m
[1.009s] [ 28%] [34m[1mGenerating C introspection for ROS interfaces[0m
[1.061s] [ 30%] [32mBuilding CXX object CMakeFiles/my_package_msgs__rosidl_typesupport_cpp.dir/rosidl_typesupport_cpp/my_package_msgs/msg/cmd_and_pose_vel__type_support.cpp.o[0m
[1.062s] [ 33%] [32mBuilding CXX object CMakeFiles/my_package_msgs__rosidl_typesupport_cpp.dir/rosidl_typesupport_cpp/my_package_msgs/srv/multi_spawn__type_support.cpp.o[0m
[1.070s] [ 35%] [32mBuilding CXX object CMakeFiles/my_package_msgs__rosidl_typesupport_introspection_cpp.dir/rosidl_typesupport_introspection_cpp/my_package_msgs/msg/detail/cmd_and_pose_vel__type_support.cpp.o[0m
[1.073s] [ 38%] [32mBuilding CXX object CMakeFiles/my_package_msgs__rosidl_typesupport_introspection_cpp.dir/rosidl_typesupport_introspection_cpp/my_package_msgs/srv/detail/multi_spawn__type_support.cpp.o[0m
[1.080s] [ 41%] [32mBuilding CXX object CMakeFiles/my_package_msgs__rosidl_typesupport_fastrtps_cpp.dir/rosidl_typesupport_fastrtps_cpp/my_package_msgs/srv/detail/dds_fastrtps/multi_spawn__type_support.cpp.o[0m
[1.080s] [ 43%] [32mBuilding CXX object CMakeFiles/my_package_msgs__rosidl_typesupport_fastrtps_cpp.dir/rosidl_typesupport_fastrtps_cpp/my_package_msgs/msg/detail/dds_fastrtps/cmd_and_pose_vel__type_support.cpp.o[0m
[1.129s] [ 46%] [32mBuilding CXX object CMakeFiles/my_package_msgs__rosidl_typesupport_c.dir/rosidl_typesupport_c/my_package_msgs/msg/cmd_and_pose_vel__type_support.cpp.o[0m
[1.130s] [ 48%] [32mBuilding CXX object CMakeFiles/my_package_msgs__rosidl_typesupport_c.dir/rosidl_typesupport_c/my_package_msgs/srv/multi_spawn__type_support.cpp.o[0m
[1.146s] [ 56%] [32mBuilding C object CMakeFiles/my_package_msgs__rosidl_typesupport_introspection_c.dir/rosidl_typesupport_introspection_c/my_package_msgs/msg/detail/cmd_and_pose_vel__type_support.c.o[0m
[1.146s] [ 56%] [32mBuilding CXX object CMakeFiles/my_package_msgs__rosidl_typesupport_fastrtps_c.dir/rosidl_typesupport_fastrtps_c/my_package_msgs/msg/detail/cmd_and_pose_vel__type_support_c.cpp.o[0m
[1.146s] [ 56%] [32mBuilding C object CMakeFiles/my_package_msgs__rosidl_typesupport_introspection_c.dir/rosidl_typesupport_introspection_c/my_package_msgs/srv/detail/multi_spawn__type_support.c.o[0m
[1.147s] [ 58%] [32mBuilding CXX object CMakeFiles/my_package_msgs__rosidl_typesupport_fastrtps_c.dir/rosidl_typesupport_fastrtps_c/my_package_msgs/srv/detail/multi_spawn__type_support_c.cpp.o[0m
[1.147s] [ 61%] [32m[1mLinking CXX shared library libmy_package_msgs__rosidl_typesupport_c.so[0m
[1.171s] [ 61%] Built target my_package_msgs__rosidl_typesupport_c
[1.171s] [ 64%] [32m[1mLinking C shared library libmy_package_msgs__rosidl_typesupport_introspection_c.so[0m
[1.188s] [ 64%] Built target my_package_msgs__rosidl_typesupport_introspection_c
[1.206s] [ 66%] [32m[1mLinking CXX shared library libmy_package_msgs__rosidl_typesupport_cpp.so[0m
[1.236s] [ 66%] Built target my_package_msgs__rosidl_typesupport_cpp
[1.269s] [ 69%] [32m[1mLinking CXX shared library libmy_package_msgs__rosidl_typesupport_introspection_cpp.so[0m
[1.293s] [ 71%] [32m[1mLinking CXX shared library libmy_package_msgs__rosidl_typesupport_fastrtps_cpp.so[0m
[1.302s] [ 74%] [32m[1mLinking CXX shared library libmy_package_msgs__rosidl_typesupport_fastrtps_c.so[0m
[1.316s] [ 74%] Built target my_package_msgs__rosidl_typesupport_introspection_cpp
[1.340s] [ 74%] Built target my_package_msgs__rosidl_typesupport_fastrtps_cpp
[1.343s] [ 74%] Built target my_package_msgs__rosidl_typesupport_fastrtps_c
[1.358s] [ 74%] Built target my_package_msgs
[1.370s] [ 76%] [34m[1mGenerating Python code for ROS interfaces[0m
[1.558s] [ 76%] Built target my_package_msgs__py
[1.568s] [ 79%] [32mBuilding C object CMakeFiles/my_package_msgs__rosidl_generator_py.dir/rosidl_generator_py/my_package_msgs/msg/_cmd_and_pose_vel_s.c.o[0m
[1.569s] [ 82%] [32mBuilding C object CMakeFiles/my_package_msgs__rosidl_generator_py.dir/rosidl_generator_py/my_package_msgs/srv/_multi_spawn_s.c.o[0m
[1.648s] [ 84%] [32m[1mLinking C shared library rosidl_generator_py/my_package_msgs/libmy_package_msgs__rosidl_generator_py.so[0m
[1.675s] [ 84%] Built target my_package_msgs__rosidl_generator_py
[1.685s] [ 87%] [32mBuilding C object CMakeFiles/my_package_msgs__rosidl_typesupport_fastrtps_c__pyext.dir/rosidl_generator_py/my_package_msgs/_my_package_msgs_s.ep.rosidl_typesupport_fastrtps_c.c.o[0m
[1.685s] [ 89%] [32mBuilding C object CMakeFiles/my_package_msgs__rosidl_typesupport_introspection_c__pyext.dir/rosidl_generator_py/my_package_msgs/_my_package_msgs_s.ep.rosidl_typesupport_introspection_c.c.o[0m
[1.687s] [ 92%] [32mBuilding C object CMakeFiles/my_package_msgs__rosidl_typesupport_c__pyext.dir/rosidl_generator_py/my_package_msgs/_my_package_msgs_s.ep.rosidl_typesupport_c.c.o[0m
[1.736s] [ 97%] [32m[1mLinking C shared library rosidl_generator_py/my_package_msgs/my_package_msgs_s__rosidl_typesupport_c.cpython-310-x86_64-linux-gnu.so[0m
[1.736s] [ 97%] [32m[1mLinking C shared library rosidl_generator_py/my_package_msgs/my_package_msgs_s__rosidl_typesupport_introspection_c.cpython-310-x86_64-linux-gnu.so[0m
[1.737s] [100%] [32m[1mLinking C shared library rosidl_generator_py/my_package_msgs/my_package_msgs_s__rosidl_typesupport_fastrtps_c.cpython-310-x86_64-linux-gnu.so[0m
[1.757s] [100%] Built target my_package_msgs__rosidl_typesupport_fastrtps_c__pyext
[1.757s] [100%] Built target my_package_msgs__rosidl_typesupport_introspection_c__pyext
[1.758s] [100%] Built target my_package_msgs__rosidl_typesupport_c__pyext
[1.765s] Invoked command in '/home/tech/ros2/my_first_ws/build/my_package_msgs' returned '0': CMAKE_PREFIX_PATH=/opt/ros/humble /usr/bin/cmake --build /home/tech/ros2/my_first_ws/build/my_package_msgs -- -j24 -l24
[1.773s] Invoking command in '/home/tech/ros2/my_first_ws/build/my_package_msgs': CMAKE_PREFIX_PATH=/opt/ros/humble /usr/bin/cmake --install /home/tech/ros2/my_first_ws/build/my_package_msgs
[1.776s] -- Install configuration: ""
[1.776s] -- Installing: /home/tech/ros2/my_first_ws/install/my_package_msgs/share/ament_index/resource_index/rosidl_interfaces/my_package_msgs
[1.777s] -- Installing: /home/tech/ros2/my_first_ws/install/my_package_msgs/include/my_package_msgs/my_package_msgs
[1.777s] -- Installing: /home/tech/ros2/my_first_ws/install/my_package_msgs/include/my_package_msgs/my_package_msgs/srv
[1.777s] -- Installing: /home/tech/ros2/my_first_ws/install/my_package_msgs/include/my_package_msgs/my_package_msgs/srv/multi_spawn.h
[1.777s] -- Installing: /home/tech/ros2/my_first_ws/install/my_package_msgs/include/my_package_msgs/my_package_msgs/srv/detail
[1.777s] -- Installing: /home/tech/ros2/my_first_ws/install/my_package_msgs/include/my_package_msgs/my_package_msgs/srv/detail/multi_spawn__type_support.h
[1.777s] -- Installing: /home/tech/ros2/my_first_ws/install/my_package_msgs/include/my_package_msgs/my_package_msgs/srv/detail/multi_spawn__struct.h
[1.777s] -- Installing: /home/tech/ros2/my_first_ws/install/my_package_msgs/include/my_package_msgs/my_package_msgs/srv/detail/multi_spawn__functions.c
[1.777s] -- Installing: /home/tech/ros2/my_first_ws/install/my_package_msgs/include/my_package_msgs/my_package_msgs/srv/detail/multi_spawn__functions.h
[1.777s] -- Installing: /home/tech/ros2/my_first_ws/install/my_package_msgs/include/my_package_msgs/my_package_msgs/msg
[1.777s] -- Installing: /home/tech/ros2/my_first_ws/install/my_package_msgs/include/my_package_msgs/my_package_msgs/msg/rosidl_generator_c__visibility_control.h
[1.777s] -- Installing: /home/tech/ros2/my_first_ws/install/my_package_msgs/include/my_package_msgs/my_package_msgs/msg/detail
[1.777s] -- Installing: /home/tech/ros2/my_first_ws/install/my_package_msgs/include/my_package_msgs/my_package_msgs/msg/detail/cmd_and_pose_vel__functions.c
[1.777s] -- Installing: /home/tech/ros2/my_first_ws/install/my_package_msgs/include/my_package_msgs/my_package_msgs/msg/detail/cmd_and_pose_vel__struct.h
[1.777s] -- Installing: /home/tech/ros2/my_first_ws/install/my_package_msgs/include/my_package_msgs/my_package_msgs/msg/detail/cmd_and_pose_vel__type_support.h
[1.777s] -- Installing: /home/tech/ros2/my_first_ws/install/my_package_msgs/include/my_package_msgs/my_package_msgs/msg/detail/cmd_and_pose_vel__functions.h
[1.777s] -- Installing: /home/tech/ros2/my_first_ws/install/my_package_msgs/include/my_package_msgs/my_package_msgs/msg/cmd_and_pose_vel.h
[1.777s] -- Installing: /home/tech/ros2/my_first_ws/install/my_package_msgs/share/my_package_msgs/environment/library_path.sh
[1.777s] -- Installing: /home/tech/ros2/my_first_ws/install/my_package_msgs/share/my_package_msgs/environment/library_path.dsv
[1.778s] -- Installing: /home/tech/ros2/my_first_ws/install/my_package_msgs/lib/libmy_package_msgs__rosidl_generator_c.so
[1.778s] -- Set runtime path of "/home/tech/ros2/my_first_ws/install/my_package_msgs/lib/libmy_package_msgs__rosidl_generator_c.so" to ""
[1.778s] -- Up-to-date: /home/tech/ros2/my_first_ws/install/my_package_msgs/include/my_package_msgs/my_package_msgs
[1.778s] -- Up-to-date: /home/tech/ros2/my_first_ws/install/my_package_msgs/include/my_package_msgs/my_package_msgs/srv
[1.778s] -- Up-to-date: /home/tech/ros2/my_first_ws/install/my_package_msgs/include/my_package_msgs/my_package_msgs/srv/detail
[1.778s] -- Installing: /home/tech/ros2/my_first_ws/install/my_package_msgs/include/my_package_msgs/my_package_msgs/srv/detail/multi_spawn__rosidl_typesupport_fastrtps_c.h
[1.778s] -- Up-to-date: /home/tech/ros2/my_first_ws/install/my_package_msgs/include/my_package_msgs/my_package_msgs/msg
[1.778s] -- Up-to-date: /home/tech/ros2/my_first_ws/install/my_package_msgs/include/my_package_msgs/my_package_msgs/msg/detail
[1.778s] -- Installing: /home/tech/ros2/my_first_ws/install/my_package_msgs/include/my_package_msgs/my_package_msgs/msg/detail/cmd_and_pose_vel__rosidl_typesupport_fastrtps_c.h
[1.778s] -- Installing: /home/tech/ros2/my_first_ws/install/my_package_msgs/include/my_package_msgs/my_package_msgs/msg/rosidl_typesupport_fastrtps_c__visibility_control.h
[1.778s] -- Installing: /home/tech/ros2/my_first_ws/install/my_package_msgs/lib/libmy_package_msgs__rosidl_typesupport_fastrtps_c.so
[1.778s] -- Set runtime path of "/home/tech/ros2/my_first_ws/install/my_package_msgs/lib/libmy_package_msgs__rosidl_typesupport_fastrtps_c.so" to ""
[1.778s] -- Up-to-date: /home/tech/ros2/my_first_ws/install/my_package_msgs/include/my_package_msgs/my_package_msgs
[1.778s] -- Up-to-date: /home/tech/ros2/my_first_ws/install/my_package_msgs/include/my_package_msgs/my_package_msgs/srv
[1.778s] -- Up-to-date: /home/tech/ros2/my_first_ws/install/my_package_msgs/include/my_package_msgs/my_package_msgs/srv/detail
[1.778s] -- Installing: /home/tech/ros2/my_first_ws/install/my_package_msgs/include/my_package_msgs/my_package_msgs/srv/detail/multi_spawn__type_support.c
[1.778s] -- Installing: /home/tech/ros2/my_first_ws/install/my_package_msgs/include/my_package_msgs/my_package_msgs/srv/detail/multi_spawn__rosidl_typesupport_introspection_c.h
[1.778s] -- Up-to-date: /home/tech/ros2/my_first_ws/install/my_package_msgs/include/my_package_msgs/my_package_msgs/msg
[1.778s] -- Up-to-date: /home/tech/ros2/my_first_ws/install/my_package_msgs/include/my_package_msgs/my_package_msgs/msg/detail
[1.778s] -- Installing: /home/tech/ros2/my_first_ws/install/my_package_msgs/include/my_package_msgs/my_package_msgs/msg/detail/cmd_and_pose_vel__rosidl_typesupport_introspection_c.h
[1.778s] -- Installing: /home/tech/ros2/my_first_ws/install/my_package_msgs/include/my_package_msgs/my_package_msgs/msg/detail/cmd_and_pose_vel__type_support.c
[1.779s] -- Installing: /home/tech/ros2/my_first_ws/install/my_package_msgs/include/my_package_msgs/my_package_msgs/msg/rosidl_typesupport_introspection_c__visibility_control.h
[1.779s] -- Installing: /home/tech/ros2/my_first_ws/install/my_package_msgs/lib/libmy_package_msgs__rosidl_typesupport_introspection_c.so
[1.779s] -- Set runtime path of "/home/tech/ros2/my_first_ws/install/my_package_msgs/lib/libmy_package_msgs__rosidl_typesupport_introspection_c.so" to ""
[1.779s] -- Installing: /home/tech/ros2/my_first_ws/install/my_package_msgs/lib/libmy_package_msgs__rosidl_typesupport_c.so
[1.779s] -- Set runtime path of "/home/tech/ros2/my_first_ws/install/my_package_msgs/lib/libmy_package_msgs__rosidl_typesupport_c.so" to ""
[1.779s] -- Up-to-date: /home/tech/ros2/my_first_ws/install/my_package_msgs/include/my_package_msgs/my_package_msgs
[1.779s] -- Up-to-date: /home/tech/ros2/my_first_ws/install/my_package_msgs/include/my_package_msgs/my_package_msgs/srv
[1.779s] -- Up-to-date: /home/tech/ros2/my_first_ws/install/my_package_msgs/include/my_package_msgs/my_package_msgs/srv/detail
[1.779s] -- Installing: /home/tech/ros2/my_first_ws/install/my_package_msgs/include/my_package_msgs/my_package_msgs/srv/detail/multi_spawn__traits.hpp
[1.779s] -- Installing: /home/tech/ros2/my_first_ws/install/my_package_msgs/include/my_package_msgs/my_package_msgs/srv/detail/multi_spawn__struct.hpp
[1.779s] -- Installing: /home/tech/ros2/my_first_ws/install/my_package_msgs/include/my_package_msgs/my_package_msgs/srv/detail/multi_spawn__builder.hpp
[1.779s] -- Installing: /home/tech/ros2/my_first_ws/install/my_package_msgs/include/my_package_msgs/my_package_msgs/srv/detail/multi_spawn__type_support.hpp
[1.779s] -- Installing: /home/tech/ros2/my_first_ws/install/my_package_msgs/include/my_package_msgs/my_package_msgs/srv/multi_spawn.hpp
[1.779s] -- Up-to-date: /home/tech/ros2/my_first_ws/install/my_package_msgs/include/my_package_msgs/my_package_msgs/msg
[1.779s] -- Up-to-date: /home/tech/ros2/my_first_ws/install/my_package_msgs/include/my_package_msgs/my_package_msgs/msg/detail
[1.779s] -- Installing: /home/tech/ros2/my_first_ws/install/my_package_msgs/include/my_package_msgs/my_package_msgs/msg/detail/cmd_and_pose_vel__traits.hpp
[1.779s] -- Installing: /home/tech/ros2/my_first_ws/install/my_package_msgs/include/my_package_msgs/my_package_msgs/msg/detail/cmd_and_pose_vel__type_support.hpp
[1.779s] -- Installing: /home/tech/ros2/my_first_ws/install/my_package_msgs/include/my_package_msgs/my_package_msgs/msg/detail/cmd_and_pose_vel__struct.hpp
[1.779s] -- Installing: /home/tech/ros2/my_first_ws/install/my_package_msgs/include/my_package_msgs/my_package_msgs/msg/detail/cmd_and_pose_vel__builder.hpp
[1.779s] -- Installing: /home/tech/ros2/my_first_ws/install/my_package_msgs/include/my_package_msgs/my_package_msgs/msg/rosidl_generator_cpp__visibility_control.hpp
[1.779s] -- Installing: /home/tech/ros2/my_first_ws/install/my_package_msgs/include/my_package_msgs/my_package_msgs/msg/cmd_and_pose_vel.hpp
[1.779s] -- Up-to-date: /home/tech/ros2/my_first_ws/install/my_package_msgs/include/my_package_msgs/my_package_msgs
[1.780s] -- Up-to-date: /home/tech/ros2/my_first_ws/install/my_package_msgs/include/my_package_msgs/my_package_msgs/srv
[1.780s] -- Up-to-date: /home/tech/ros2/my_first_ws/install/my_package_msgs/include/my_package_msgs/my_package_msgs/srv/detail
[1.780s] -- Installing: /home/tech/ros2/my_first_ws/install/my_package_msgs/include/my_package_msgs/my_package_msgs/srv/detail/multi_spawn__rosidl_typesupport_fastrtps_cpp.hpp
[1.780s] -- Installing: /home/tech/ros2/my_first_ws/install/my_package_msgs/include/my_package_msgs/my_package_msgs/srv/detail/dds_fastrtps
[1.780s] -- Up-to-date: /home/tech/ros2/my_first_ws/install/my_package_msgs/include/my_package_msgs/my_package_msgs/msg
[1.780s] -- Up-to-date: /home/tech/ros2/my_first_ws/install/my_package_msgs/include/my_package_msgs/my_package_msgs/msg/detail
[1.780s] -- Installing: /home/tech/ros2/my_first_ws/install/my_package_msgs/include/my_package_msgs/my_package_msgs/msg/detail/cmd_and_pose_vel__rosidl_typesupport_fastrtps_cpp.hpp
[1.780s] -- Installing: /home/tech/ros2/my_first_ws/install/my_package_msgs/include/my_package_msgs/my_package_msgs/msg/detail/dds_fastrtps
[1.780s] -- Installing: /home/tech/ros2/my_first_ws/install/my_package_msgs/include/my_package_msgs/my_package_msgs/msg/rosidl_typesupport_fastrtps_cpp__visibility_control.h
[1.780s] -- Installing: /home/tech/ros2/my_first_ws/install/my_package_msgs/lib/libmy_package_msgs__rosidl_typesupport_fastrtps_cpp.so
[1.780s] -- Set runtime path of "/home/tech/ros2/my_first_ws/install/my_package_msgs/lib/libmy_package_msgs__rosidl_typesupport_fastrtps_cpp.so" to ""
[1.780s] -- Up-to-date: /home/tech/ros2/my_first_ws/install/my_package_msgs/include/my_package_msgs/my_package_msgs
[1.780s] -- Up-to-date: /home/tech/ros2/my_first_ws/install/my_package_msgs/include/my_package_msgs/my_package_msgs/srv
[1.780s] -- Up-to-date: /home/tech/ros2/my_first_ws/install/my_package_msgs/include/my_package_msgs/my_package_msgs/srv/detail
[1.780s] -- Installing: /home/tech/ros2/my_first_ws/install/my_package_msgs/include/my_package_msgs/my_package_msgs/srv/detail/multi_spawn__rosidl_typesupport_introspection_cpp.hpp
[1.780s] -- Installing: /home/tech/ros2/my_first_ws/install/my_package_msgs/include/my_package_msgs/my_package_msgs/srv/detail/multi_spawn__type_support.cpp
[1.780s] -- Up-to-date: /home/tech/ros2/my_first_ws/install/my_package_msgs/include/my_package_msgs/my_package_msgs/msg
[1.780s] -- Up-to-date: /home/tech/ros2/my_first_ws/install/my_package_msgs/include/my_package_msgs/my_package_msgs/msg/detail
[1.780s] -- Installing: /home/tech/ros2/my_first_ws/install/my_package_msgs/include/my_package_msgs/my_package_msgs/msg/detail/cmd_and_pose_vel__type_support.cpp
[1.780s] -- Installing: /home/tech/ros2/my_first_ws/install/my_package_msgs/include/my_package_msgs/my_package_msgs/msg/detail/cmd_and_pose_vel__rosidl_typesupport_introspection_cpp.hpp
[1.780s] -- Installing: /home/tech/ros2/my_first_ws/install/my_package_msgs/lib/libmy_package_msgs__rosidl_typesupport_introspection_cpp.so
[1.781s] -- Set runtime path of "/home/tech/ros2/my_first_ws/install/my_package_msgs/lib/libmy_package_msgs__rosidl_typesupport_introspection_cpp.so" to ""
[1.781s] -- Installing: /home/tech/ros2/my_first_ws/install/my_package_msgs/lib/libmy_package_msgs__rosidl_typesupport_cpp.so
[1.781s] -- Set runtime path of "/home/tech/ros2/my_first_ws/install/my_package_msgs/lib/libmy_package_msgs__rosidl_typesupport_cpp.so" to ""
[1.781s] -- Installing: /home/tech/ros2/my_first_ws/install/my_package_msgs/share/my_package_msgs/environment/pythonpath.sh
[1.781s] -- Installing: /home/tech/ros2/my_first_ws/install/my_package_msgs/share/my_package_msgs/environment/pythonpath.dsv
[1.781s] -- Installing: /home/tech/ros2/my_first_ws/install/my_package_msgs/local/lib/python3.10/dist-packages/my_package_msgs-0.0.0-py3.10.egg-info
[1.781s] -- Installing: /home/tech/ros2/my_first_ws/install/my_package_msgs/local/lib/python3.10/dist-packages/my_package_msgs-0.0.0-py3.10.egg-info/dependency_links.txt
[1.781s] -- Installing: /home/tech/ros2/my_first_ws/install/my_package_msgs/local/lib/python3.10/dist-packages/my_package_msgs-0.0.0-py3.10.egg-info/SOURCES.txt
[1.781s] -- Installing: /home/tech/ros2/my_first_ws/install/my_package_msgs/local/lib/python3.10/dist-packages/my_package_msgs-0.0.0-py3.10.egg-info/PKG-INFO
[1.781s] -- Installing: /home/tech/ros2/my_first_ws/install/my_package_msgs/local/lib/python3.10/dist-packages/my_package_msgs-0.0.0-py3.10.egg-info/top_level.txt
[1.781s] -- Installing: /home/tech/ros2/my_first_ws/install/my_package_msgs/local/lib/python3.10/dist-packages/my_package_msgs
[1.781s] -- Installing: /home/tech/ros2/my_first_ws/install/my_package_msgs/local/lib/python3.10/dist-packages/my_package_msgs/_my_package_msgs_s.ep.rosidl_typesupport_c.c
[1.781s] -- Installing: /home/tech/ros2/my_first_ws/install/my_package_msgs/local/lib/python3.10/dist-packages/my_package_msgs/my_package_msgs_s__rosidl_typesupport_c.cpython-310-x86_64-linux-gnu.so
[1.781s] -- Installing: /home/tech/ros2/my_first_ws/install/my_package_msgs/local/lib/python3.10/dist-packages/my_package_msgs/_my_package_msgs_s.ep.rosidl_typesupport_fastrtps_c.c
[1.781s] -- Installing: /home/tech/ros2/my_first_ws/install/my_package_msgs/local/lib/python3.10/dist-packages/my_package_msgs/srv
[1.781s] -- Installing: /home/tech/ros2/my_first_ws/install/my_package_msgs/local/lib/python3.10/dist-packages/my_package_msgs/srv/_multi_spawn_s.c
[1.781s] -- Installing: /home/tech/ros2/my_first_ws/install/my_package_msgs/local/lib/python3.10/dist-packages/my_package_msgs/srv/__init__.py
[1.781s] -- Installing: /home/tech/ros2/my_first_ws/install/my_package_msgs/local/lib/python3.10/dist-packages/my_package_msgs/srv/_multi_spawn.py
[1.781s] -- Installing: /home/tech/ros2/my_first_ws/install/my_package_msgs/local/lib/python3.10/dist-packages/my_package_msgs/msg
[1.781s] -- Installing: /home/tech/ros2/my_first_ws/install/my_package_msgs/local/lib/python3.10/dist-packages/my_package_msgs/msg/_cmd_and_pose_vel.py
[1.781s] -- Installing: /home/tech/ros2/my_first_ws/install/my_package_msgs/local/lib/python3.10/dist-packages/my_package_msgs/msg/__init__.py
[1.781s] -- Installing: /home/tech/ros2/my_first_ws/install/my_package_msgs/local/lib/python3.10/dist-packages/my_package_msgs/msg/_cmd_and_pose_vel_s.c
[1.781s] -- Installing: /home/tech/ros2/my_first_ws/install/my_package_msgs/local/lib/python3.10/dist-packages/my_package_msgs/my_package_msgs_s__rosidl_typesupport_introspection_c.cpython-310-x86_64-linux-gnu.so
[1.781s] -- Installing: /home/tech/ros2/my_first_ws/install/my_package_msgs/local/lib/python3.10/dist-packages/my_package_msgs/_my_package_msgs_s.ep.rosidl_typesupport_introspection_c.c
[1.781s] -- Installing: /home/tech/ros2/my_first_ws/install/my_package_msgs/local/lib/python3.10/dist-packages/my_package_msgs/libmy_package_msgs__rosidl_generator_py.so
[1.781s] -- Installing: /home/tech/ros2/my_first_ws/install/my_package_msgs/local/lib/python3.10/dist-packages/my_package_msgs/__init__.py
[1.781s] -- Installing: /home/tech/ros2/my_first_ws/install/my_package_msgs/local/lib/python3.10/dist-packages/my_package_msgs/my_package_msgs_s__rosidl_typesupport_fastrtps_c.cpython-310-x86_64-linux-gnu.so
[1.802s] Listing '/home/tech/ros2/my_first_ws/install/my_package_msgs/local/lib/python3.10/dist-packages/my_package_msgs'...
[1.802s] Compiling '/home/tech/ros2/my_first_ws/install/my_package_msgs/local/lib/python3.10/dist-packages/my_package_msgs/__init__.py'...
[1.802s] Listing '/home/tech/ros2/my_first_ws/install/my_package_msgs/local/lib/python3.10/dist-packages/my_package_msgs/msg'...
[1.802s] Compiling '/home/tech/ros2/my_first_ws/install/my_package_msgs/local/lib/python3.10/dist-packages/my_package_msgs/msg/__init__.py'...
[1.802s] Compiling '/home/tech/ros2/my_first_ws/install/my_package_msgs/local/lib/python3.10/dist-packages/my_package_msgs/msg/_cmd_and_pose_vel.py'...
[1.803s] Listing '/home/tech/ros2/my_first_ws/install/my_package_msgs/local/lib/python3.10/dist-packages/my_package_msgs/srv'...
[1.803s] Compiling '/home/tech/ros2/my_first_ws/install/my_package_msgs/local/lib/python3.10/dist-packages/my_package_msgs/srv/__init__.py'...
[1.803s] Compiling '/home/tech/ros2/my_first_ws/install/my_package_msgs/local/lib/python3.10/dist-packages/my_package_msgs/srv/_multi_spawn.py'...
[1.805s] -- Installing: /home/tech/ros2/my_first_ws/install/my_package_msgs/local/lib/python3.10/dist-packages/my_package_msgs/my_package_msgs_s__rosidl_typesupport_fastrtps_c.cpython-310-x86_64-linux-gnu.so
[1.805s] -- Set runtime path of "/home/tech/ros2/my_first_ws/install/my_package_msgs/local/lib/python3.10/dist-packages/my_package_msgs/my_package_msgs_s__rosidl_typesupport_fastrtps_c.cpython-310-x86_64-linux-gnu.so" to ""
[1.806s] -- Installing: /home/tech/ros2/my_first_ws/install/my_package_msgs/local/lib/python3.10/dist-packages/my_package_msgs/my_package_msgs_s__rosidl_typesupport_introspection_c.cpython-310-x86_64-linux-gnu.so
[1.806s] -- Set runtime path of "/home/tech/ros2/my_first_ws/install/my_package_msgs/local/lib/python3.10/dist-packages/my_package_msgs/my_package_msgs_s__rosidl_typesupport_introspection_c.cpython-310-x86_64-linux-gnu.so" to ""
[1.806s] -- Installing: /home/tech/ros2/my_first_ws/install/my_package_msgs/local/lib/python3.10/dist-packages/my_package_msgs/my_package_msgs_s__rosidl_typesupport_c.cpython-310-x86_64-linux-gnu.so
[1.806s] -- Set runtime path of "/home/tech/ros2/my_first_ws/install/my_package_msgs/local/lib/python3.10/dist-packages/my_package_msgs/my_package_msgs_s__rosidl_typesupport_c.cpython-310-x86_64-linux-gnu.so" to ""
[1.806s] -- Installing: /home/tech/ros2/my_first_ws/install/my_package_msgs/lib/libmy_package_msgs__rosidl_generator_py.so
[1.806s] -- Set runtime path of "/home/tech/ros2/my_first_ws/install/my_package_msgs/lib/libmy_package_msgs__rosidl_generator_py.so" to ""
[1.807s] -- Installing: /home/tech/ros2/my_first_ws/install/my_package_msgs/share/my_package_msgs/msg/CmdAndPoseVel.idl
[1.807s] -- Installing: /home/tech/ros2/my_first_ws/install/my_package_msgs/share/my_package_msgs/srv/MultiSpawn.idl
[1.807s] -- Installing: /home/tech/ros2/my_first_ws/install/my_package_msgs/share/my_package_msgs/msg/CmdAndPoseVel.msg
[1.807s] -- Installing: /home/tech/ros2/my_first_ws/install/my_package_msgs/share/my_package_msgs/srv/MultiSpawn.srv
[1.807s] -- Installing: /home/tech/ros2/my_first_ws/install/my_package_msgs/share/my_package_msgs/srv/MultiSpawn_Request.msg
[1.807s] -- Installing: /home/tech/ros2/my_first_ws/install/my_package_msgs/share/my_package_msgs/srv/MultiSpawn_Response.msg
[1.807s] -- Installing: /home/tech/ros2/my_first_ws/install/my_package_msgs/share/ament_index/resource_index/package_run_dependencies/my_package_msgs
[1.807s] -- Installing: /home/tech/ros2/my_first_ws/install/my_package_msgs/share/ament_index/resource_index/parent_prefix_path/my_package_msgs
[1.807s] -- Installing: /home/tech/ros2/my_first_ws/install/my_package_msgs/share/my_package_msgs/environment/ament_prefix_path.sh
[1.808s] -- Installing: /home/tech/ros2/my_first_ws/install/my_package_msgs/share/my_package_msgs/environment/ament_prefix_path.dsv
[1.808s] -- Installing: /home/tech/ros2/my_first_ws/install/my_package_msgs/share/my_package_msgs/environment/path.sh
[1.808s] -- Installing: /home/tech/ros2/my_first_ws/install/my_package_msgs/share/my_package_msgs/environment/path.dsv
[1.808s] -- Installing: /home/tech/ros2/my_first_ws/install/my_package_msgs/share/my_package_msgs/local_setup.bash
[1.808s] -- Installing: /home/tech/ros2/my_first_ws/install/my_package_msgs/share/my_package_msgs/local_setup.sh
[1.808s] -- Installing: /home/tech/ros2/my_first_ws/install/my_package_msgs/share/my_package_msgs/local_setup.zsh
[1.808s] -- Installing: /home/tech/ros2/my_first_ws/install/my_package_msgs/share/my_package_msgs/local_setup.dsv
[1.808s] -- Installing: /home/tech/ros2/my_first_ws/install/my_package_msgs/share/my_package_msgs/package.dsv
[1.809s] -- Installing: /home/tech/ros2/my_first_ws/install/my_package_msgs/share/ament_index/resource_index/packages/my_package_msgs
[1.809s] -- Installing: /home/tech/ros2/my_first_ws/install/my_package_msgs/share/my_package_msgs/cmake/export_my_package_msgs__rosidl_generator_cExport.cmake
[1.809s] -- Installing: /home/tech/ros2/my_first_ws/install/my_package_msgs/share/my_package_msgs/cmake/export_my_package_msgs__rosidl_generator_cExport-noconfig.cmake
[1.809s] -- Installing: /home/tech/ros2/my_first_ws/install/my_package_msgs/share/my_package_msgs/cmake/export_my_package_msgs__rosidl_typesupport_fastrtps_cExport.cmake
[1.809s] -- Installing: /home/tech/ros2/my_first_ws/install/my_package_msgs/share/my_package_msgs/cmake/export_my_package_msgs__rosidl_typesupport_fastrtps_cExport-noconfig.cmake
[1.809s] -- Installing: /home/tech/ros2/my_first_ws/install/my_package_msgs/share/my_package_msgs/cmake/my_package_msgs__rosidl_typesupport_introspection_cExport.cmake
[1.809s] -- Installing: /home/tech/ros2/my_first_ws/install/my_package_msgs/share/my_package_msgs/cmake/my_package_msgs__rosidl_typesupport_introspection_cExport-noconfig.cmake
[1.809s] -- Installing: /home/tech/ros2/my_first_ws/install/my_package_msgs/share/my_package_msgs/cmake/my_package_msgs__rosidl_typesupport_cExport.cmake
[1.809s] -- Installing: /home/tech/ros2/my_first_ws/install/my_package_msgs/share/my_package_msgs/cmake/my_package_msgs__rosidl_typesupport_cExport-noconfig.cmake
[1.809s] -- Installing: /home/tech/ros2/my_first_ws/install/my_package_msgs/share/my_package_msgs/cmake/export_my_package_msgs__rosidl_generator_cppExport.cmake
[1.809s] -- Installing: /home/tech/ros2/my_first_ws/install/my_package_msgs/share/my_package_msgs/cmake/export_my_package_msgs__rosidl_typesupport_fastrtps_cppExport.cmake
[1.809s] -- Installing: /home/tech/ros2/my_first_ws/install/my_package_msgs/share/my_package_msgs/cmake/export_my_package_msgs__rosidl_typesupport_fastrtps_cppExport-noconfig.cmake
[1.809s] -- Installing: /home/tech/ros2/my_first_ws/install/my_package_msgs/share/my_package_msgs/cmake/my_package_msgs__rosidl_typesupport_introspection_cppExport.cmake
[1.809s] -- Installing: /home/tech/ros2/my_first_ws/install/my_package_msgs/share/my_package_msgs/cmake/my_package_msgs__rosidl_typesupport_introspection_cppExport-noconfig.cmake
[1.810s] -- Installing: /home/tech/ros2/my_first_ws/install/my_package_msgs/share/my_package_msgs/cmake/my_package_msgs__rosidl_typesupport_cppExport.cmake
[1.810s] -- Installing: /home/tech/ros2/my_first_ws/install/my_package_msgs/share/my_package_msgs/cmake/my_package_msgs__rosidl_typesupport_cppExport-noconfig.cmake
[1.810s] -- Installing: /home/tech/ros2/my_first_ws/install/my_package_msgs/share/my_package_msgs/cmake/export_my_package_msgs__rosidl_generator_pyExport.cmake
[1.810s] -- Installing: /home/tech/ros2/my_first_ws/install/my_package_msgs/share/my_package_msgs/cmake/export_my_package_msgs__rosidl_generator_pyExport-noconfig.cmake
[1.810s] -- Installing: /home/tech/ros2/my_first_ws/install/my_package_msgs/share/my_package_msgs/cmake/rosidl_cmake-extras.cmake
[1.810s] -- Installing: /home/tech/ros2/my_first_ws/install/my_package_msgs/share/my_package_msgs/cmake/ament_cmake_export_include_directories-extras.cmake
[1.810s] -- Installing: /home/tech/ros2/my_first_ws/install/my_package_msgs/share/my_package_msgs/cmake/ament_cmake_export_libraries-extras.cmake
[1.810s] -- Installing: /home/tech/ros2/my_first_ws/install/my_package_msgs/share/my_package_msgs/cmake/ament_cmake_export_targets-extras.cmake
[1.810s] -- Installing: /home/tech/ros2/my_first_ws/install/my_package_msgs/share/my_package_msgs/cmake/rosidl_cmake_export_typesupport_targets-extras.cmake
[1.810s] -- Installing: /home/tech/ros2/my_first_ws/install/my_package_msgs/share/my_package_msgs/cmake/ament_cmake_export_dependencies-extras.cmake
[1.810s] -- Installing: /home/tech/ros2/my_first_ws/install/my_package_msgs/share/my_package_msgs/cmake/rosidl_cmake_export_typesupport_libraries-extras.cmake
[1.810s] -- Installing: /home/tech/ros2/my_first_ws/install/my_package_msgs/share/my_package_msgs/cmake/my_package_msgsConfig.cmake
[1.810s] -- Installing: /home/tech/ros2/my_first_ws/install/my_package_msgs/share/my_package_msgs/cmake/my_package_msgsConfig-version.cmake
[1.810s] -- Installing: /home/tech/ros2/my_first_ws/install/my_package_msgs/share/my_package_msgs/package.xml
[1.812s] Invoked command in '/home/tech/ros2/my_first_ws/build/my_package_msgs' returned '0': CMAKE_PREFIX_PATH=/opt/ros/humble /usr/bin/cmake --install /home/tech/ros2/my_first_ws/build/my_package_msgs
