[0.243s] Invoking command in '/root/ros2/src/my_package': PYTHONPATH=/root/ros2/build/my_package/prefix_override:/usr/lib/python3/dist-packages/colcon_core/task/python/colcon_distutils_commands:/root/ros2/install/my_package/lib/python3.10/site-packages:${PYTHONPATH} /usr/bin/python3 -W ignore:setup.py install is deprecated -W ignore:easy_install command is deprecated setup.py egg_info --egg-base ../../build/my_package build --build-base /root/ros2/build/my_package/build install --record /root/ros2/build/my_package/install.log --single-version-externally-managed install_data
[0.335s] running egg_info
[0.335s] writing ../../build/my_package/my_package.egg-info/PKG-INFO
[0.335s] writing dependency_links to ../../build/my_package/my_package.egg-info/dependency_links.txt
[0.336s] writing entry points to ../../build/my_package/my_package.egg-info/entry_points.txt
[0.336s] writing requirements to ../../build/my_package/my_package.egg-info/requires.txt
[0.336s] writing top-level names to ../../build/my_package/my_package.egg-info/top_level.txt
[0.336s] reading manifest file '../../build/my_package/my_package.egg-info/SOURCES.txt'
[0.337s] adding license file 'LICENSE'
[0.337s] writing manifest file '../../build/my_package/my_package.egg-info/SOURCES.txt'
[0.337s] running build
[0.337s] running build_py
[0.337s] copying my_package/cmd_pose.py -> /root/ros2/build/my_package/build/lib/my_package
[0.337s] running install
[0.337s] running install_lib
[0.337s] copying /root/ros2/build/my_package/build/lib/my_package/cmd_pose.py -> /root/ros2/install/my_package/lib/python3.10/site-packages/my_package
[0.337s] byte-compiling /root/ros2/install/my_package/lib/python3.10/site-packages/my_package/cmd_pose.py to cmd_pose.cpython-310.pyc
[0.337s] running install_data
[0.338s] running install_egg_info
[0.338s] removing '/root/ros2/install/my_package/lib/python3.10/site-packages/my_package-0.0.0-py3.10.egg-info' (and everything under it)
[0.338s] Copying ../../build/my_package/my_package.egg-info to /root/ros2/install/my_package/lib/python3.10/site-packages/my_package-0.0.0-py3.10.egg-info
[0.339s] running install_scripts
[0.348s] Installing my_node script to /root/ros2/install/my_package/lib/my_package
[0.348s] Installing pub_node script to /root/ros2/install/my_package/lib/my_package
[0.348s] Installing sub_node script to /root/ros2/install/my_package/lib/my_package
[0.348s] Installing video_person_detection script to /root/ros2/install/my_package/lib/my_package
[0.348s] writing list of installed files to '/root/ros2/build/my_package/install.log'
[0.358s] Invoked command in '/root/ros2/src/my_package' returned '0': PYTHONPATH=/root/ros2/build/my_package/prefix_override:/usr/lib/python3/dist-packages/colcon_core/task/python/colcon_distutils_commands:/root/ros2/install/my_package/lib/python3.10/site-packages:${PYTHONPATH} /usr/bin/python3 -W ignore:setup.py install is deprecated -W ignore:easy_install command is deprecated setup.py egg_info --egg-base ../../build/my_package build --build-base /root/ros2/build/my_package/build install --record /root/ros2/build/my_package/install.log --single-version-externally-managed install_data
